CRITICAL - 2023-02-05 20:46:30 --> Undefined variable $pilihan
in APPPATH\Views\Pasien\tambah.php on line 31.
 1 APPPATH\Views\Pasien\tambah.php(31): CodeIgniter\Debug\Exceptions->errorHandler(2, 'Undefined variable $pilihan', 'APPPATH\\Views\\Pasien\\tambah.php', 31)
 2 SYSTEMPATH\View\View.php(213): include('APPPATH\\Views\\Pasien\\tambah.php')
 3 SYSTEMPATH\View\View.php(216): CodeIgniter\View\View->CodeIgniter\View\{closure}()
 4 SYSTEMPATH\Common.php(1134): CodeIgniter\View\View->render('pasien/tambah', [], true)
 5 APPPATH\Controllers\Pasien.php(33): view('pasien/tambah', [...])
 6 SYSTEMPATH\CodeIgniter.php(927): App\Controllers\Pasien->tambah()
 7 SYSTEMPATH\CodeIgniter.php(482): CodeIgniter\CodeIgniter->runController(Object(App\Controllers\Pasien))
 8 SYSTEMPATH\CodeIgniter.php(351): CodeIgniter\CodeIgniter->handleRequest(null, Object(Config\Cache), false)
 9 FCPATH\index.php(67): CodeIgniter\CodeIgniter->run()
10 SYSTEMPATH\Commands\Server\rewrite.php(46): require_once('FCPATH\\index.php')
CRITICAL - 2023-02-05 21:11:35 --> Undefined variable $pasien
in APPPATH\Views\Pasien\tambah.php on line 18.
 1 APPPATH\Views\Pasien\tambah.php(18): CodeIgniter\Debug\Exceptions->errorHandler(2, 'Undefined variable $pasien', 'APPPATH\\Views\\Pasien\\tambah.php', 18)
 2 SYSTEMPATH\View\View.php(213): include('APPPATH\\Views\\Pasien\\tambah.php')
 3 SYSTEMPATH\View\View.php(216): CodeIgniter\View\View->CodeIgniter\View\{closure}()
 4 SYSTEMPATH\Common.php(1134): CodeIgniter\View\View->render('pasien/tambah', [], true)
 5 APPPATH\Controllers\Pasien.php(33): view('pasien/tambah', [...])
 6 SYSTEMPATH\CodeIgniter.php(927): App\Controllers\Pasien->tambah()
 7 SYSTEMPATH\CodeIgniter.php(482): CodeIgniter\CodeIgniter->runController(Object(App\Controllers\Pasien))
 8 SYSTEMPATH\CodeIgniter.php(351): CodeIgniter\CodeIgniter->handleRequest(null, Object(Config\Cache), false)
 9 FCPATH\index.php(67): CodeIgniter\CodeIgniter->run()
10 SYSTEMPATH\Commands\Server\rewrite.php(46): require_once('FCPATH\\index.php')
CRITICAL - 2023-02-05 21:14:51 --> Undefined variable $pasien
in APPPATH\Views\Pasien\tambah.php on line 18.
 1 APPPATH\Views\Pasien\tambah.php(18): CodeIgniter\Debug\Exceptions->errorHandler(2, 'Undefined variable $pasien', 'APPPATH\\Views\\Pasien\\tambah.php', 18)
 2 SYSTEMPATH\View\View.php(213): include('APPPATH\\Views\\Pasien\\tambah.php')
 3 SYSTEMPATH\View\View.php(216): CodeIgniter\View\View->CodeIgniter\View\{closure}()
 4 SYSTEMPATH\Common.php(1134): CodeIgniter\View\View->render('pasien/tambah', [], true)
 5 APPPATH\Controllers\Pasien.php(35): view('pasien/tambah', [...])
 6 SYSTEMPATH\CodeIgniter.php(927): App\Controllers\Pasien->tambah()
 7 SYSTEMPATH\CodeIgniter.php(482): CodeIgniter\CodeIgniter->runController(Object(App\Controllers\Pasien))
 8 SYSTEMPATH\CodeIgniter.php(351): CodeIgniter\CodeIgniter->handleRequest(null, Object(Config\Cache), false)
 9 FCPATH\index.php(67): CodeIgniter\CodeIgniter->run()
10 SYSTEMPATH\Commands\Server\rewrite.php(46): require_once('FCPATH\\index.php')
CRITICAL - 2023-02-05 21:14:52 --> Undefined variable $pasien
in APPPATH\Views\Pasien\tambah.php on line 18.
 1 APPPATH\Views\Pasien\tambah.php(18): CodeIgniter\Debug\Exceptions->errorHandler(2, 'Undefined variable $pasien', 'APPPATH\\Views\\Pasien\\tambah.php', 18)
 2 SYSTEMPATH\View\View.php(213): include('APPPATH\\Views\\Pasien\\tambah.php')
 3 SYSTEMPATH\View\View.php(216): CodeIgniter\View\View->CodeIgniter\View\{closure}()
 4 SYSTEMPATH\Common.php(1134): CodeIgniter\View\View->render('pasien/tambah', [], true)
 5 APPPATH\Controllers\Pasien.php(35): view('pasien/tambah', [...])
 6 SYSTEMPATH\CodeIgniter.php(927): App\Controllers\Pasien->tambah()
 7 SYSTEMPATH\CodeIgniter.php(482): CodeIgniter\CodeIgniter->runController(Object(App\Controllers\Pasien))
 8 SYSTEMPATH\CodeIgniter.php(351): CodeIgniter\CodeIgniter->handleRequest(null, Object(Config\Cache), false)
 9 FCPATH\index.php(67): CodeIgniter\CodeIgniter->run()
10 SYSTEMPATH\Commands\Server\rewrite.php(46): require_once('FCPATH\\index.php')
CRITICAL - 2023-02-05 21:15:54 --> Undefined variable $pasien
in APPPATH\Views\Pasien\tambah.php on line 18.
 1 APPPATH\Views\Pasien\tambah.php(18): CodeIgniter\Debug\Exceptions->errorHandler(2, 'Undefined variable $pasien', 'APPPATH\\Views\\Pasien\\tambah.php', 18)
 2 SYSTEMPATH\View\View.php(213): include('APPPATH\\Views\\Pasien\\tambah.php')
 3 SYSTEMPATH\View\View.php(216): CodeIgniter\View\View->CodeIgniter\View\{closure}()
 4 SYSTEMPATH\Common.php(1134): CodeIgniter\View\View->render('pasien/tambah', [], true)
 5 APPPATH\Controllers\Pasien.php(35): view('pasien/tambah', [...])
 6 SYSTEMPATH\CodeIgniter.php(927): App\Controllers\Pasien->tambah()
 7 SYSTEMPATH\CodeIgniter.php(482): CodeIgniter\CodeIgniter->runController(Object(App\Controllers\Pasien))
 8 SYSTEMPATH\CodeIgniter.php(351): CodeIgniter\CodeIgniter->handleRequest(null, Object(Config\Cache), false)
 9 FCPATH\index.php(67): CodeIgniter\CodeIgniter->run()
10 SYSTEMPATH\Commands\Server\rewrite.php(46): require_once('FCPATH\\index.php')
CRITICAL - 2023-02-05 21:24:30 --> Undefined variable $pasien
in APPPATH\Views\Pasien\tambah.php on line 18.
 1 APPPATH\Views\Pasien\tambah.php(18): CodeIgniter\Debug\Exceptions->errorHandler(2, 'Undefined variable $pasien', 'APPPATH\\Views\\Pasien\\tambah.php', 18)
 2 SYSTEMPATH\View\View.php(213): include('APPPATH\\Views\\Pasien\\tambah.php')
 3 SYSTEMPATH\View\View.php(216): CodeIgniter\View\View->CodeIgniter\View\{closure}()
 4 SYSTEMPATH\Common.php(1134): CodeIgniter\View\View->render('pasien/tambah', [], true)
 5 APPPATH\Controllers\Pasien.php(35): view('pasien/tambah', [...])
 6 SYSTEMPATH\CodeIgniter.php(927): App\Controllers\Pasien->tambah()
 7 SYSTEMPATH\CodeIgniter.php(482): CodeIgniter\CodeIgniter->runController(Object(App\Controllers\Pasien))
 8 SYSTEMPATH\CodeIgniter.php(351): CodeIgniter\CodeIgniter->handleRequest(null, Object(Config\Cache), false)
 9 FCPATH\index.php(67): CodeIgniter\CodeIgniter->run()
10 SYSTEMPATH\Commands\Server\rewrite.php(46): require_once('FCPATH\\index.php')
