CRITICAL - 2023-02-23 03:04:27 --> Undefined variable $total
in APPPATH\Views\Penilaian\tambah.php on line 151.
 1 APPPATH\Views\Penilaian\tambah.php(151): CodeIgniter\Debug\Exceptions->errorHandler(2, 'Undefined variable $total', 'APPPATH\\Views\\Penilaian\\tambah.php', 151)
 2 SYSTEMPATH\View\View.php(213): include('APPPATH\\Views\\Penilaian\\tambah.php')
 3 SYSTEMPATH\View\View.php(216): CodeIgniter\View\View->CodeIgniter\View\{closure}()
 4 SYSTEMPATH\Common.php(1134): CodeIgniter\View\View->render('penilaian/tambah', [], true)
 5 APPPATH\Controllers\Penilaian.php(105): view('penilaian/tambah', [...])
 6 SYSTEMPATH\CodeIgniter.php(927): App\Controllers\Penilaian->tambah()
 7 SYSTEMPATH\CodeIgniter.php(482): CodeIgniter\CodeIgniter->runController(Object(App\Controllers\Penilaian))
 8 SYSTEMPATH\CodeIgniter.php(351): CodeIgniter\CodeIgniter->handleRequest(null, Object(Config\Cache), false)
 9 FCPATH\index.php(67): CodeIgniter\CodeIgniter->run()
10 SYSTEMPATH\Commands\Server\rewrite.php(46): require_once('FCPATH\\index.php')
CRITICAL - 2023-02-23 03:53:54 --> Undefined variable $orientasi_waktu
in APPPATH\Views\Penilaian\tambah.php on line 151.
 1 APPPATH\Views\Penilaian\tambah.php(151): CodeIgniter\Debug\Exceptions->errorHandler(2, 'Undefined variable $orientasi_waktu', 'APPPATH\\Views\\Penilaian\\tambah.php', 151)
 2 SYSTEMPATH\View\View.php(213): include('APPPATH\\Views\\Penilaian\\tambah.php')
 3 SYSTEMPATH\View\View.php(216): CodeIgniter\View\View->CodeIgniter\View\{closure}()
 4 SYSTEMPATH\Common.php(1134): CodeIgniter\View\View->render('penilaian/tambah', [], true)
 5 APPPATH\Controllers\Penilaian.php(105): view('penilaian/tambah', [...])
 6 SYSTEMPATH\CodeIgniter.php(927): App\Controllers\Penilaian->tambah()
 7 SYSTEMPATH\CodeIgniter.php(482): CodeIgniter\CodeIgniter->runController(Object(App\Controllers\Penilaian))
 8 SYSTEMPATH\CodeIgniter.php(351): CodeIgniter\CodeIgniter->handleRequest(null, Object(Config\Cache), false)
 9 FCPATH\index.php(67): CodeIgniter\CodeIgniter->run()
10 SYSTEMPATH\Commands\Server\rewrite.php(46): require_once('FCPATH\\index.php')
CRITICAL - 2023-02-23 04:00:54 --> Undefined array key "orientasi_waktu"
in APPPATH\Views\Penilaian\tambah.php on line 151.
 1 APPPATH\Views\Penilaian\tambah.php(151): CodeIgniter\Debug\Exceptions->errorHandler(2, 'Undefined array key "orientasi_waktu"', 'APPPATH\\Views\\Penilaian\\tambah.php', 151)
 2 SYSTEMPATH\View\View.php(213): include('APPPATH\\Views\\Penilaian\\tambah.php')
 3 SYSTEMPATH\View\View.php(216): CodeIgniter\View\View->CodeIgniter\View\{closure}()
 4 SYSTEMPATH\Common.php(1134): CodeIgniter\View\View->render('penilaian/tambah', [], true)
 5 APPPATH\Controllers\Penilaian.php(58): view('penilaian/tambah', [...])
 6 SYSTEMPATH\CodeIgniter.php(927): App\Controllers\Penilaian->tambah()
 7 SYSTEMPATH\CodeIgniter.php(482): CodeIgniter\CodeIgniter->runController(Object(App\Controllers\Penilaian))
 8 SYSTEMPATH\CodeIgniter.php(351): CodeIgniter\CodeIgniter->handleRequest(null, Object(Config\Cache), false)
 9 FCPATH\index.php(67): CodeIgniter\CodeIgniter->run()
10 SYSTEMPATH\Commands\Server\rewrite.php(46): require_once('FCPATH\\index.php')
CRITICAL - 2023-02-23 04:23:58 --> Undefined array key "total"
in APPPATH\Views\Penilaian\tambah.php on line 151.
 1 APPPATH\Views\Penilaian\tambah.php(151): CodeIgniter\Debug\Exceptions->errorHandler(2, 'Undefined array key "total"', 'APPPATH\\Views\\Penilaian\\tambah.php', 151)
 2 SYSTEMPATH\View\View.php(213): include('APPPATH\\Views\\Penilaian\\tambah.php')
 3 SYSTEMPATH\View\View.php(216): CodeIgniter\View\View->CodeIgniter\View\{closure}()
 4 SYSTEMPATH\Common.php(1134): CodeIgniter\View\View->render('penilaian/tambah', [], true)
 5 APPPATH\Controllers\Penilaian.php(59): view('penilaian/tambah', [...])
 6 SYSTEMPATH\CodeIgniter.php(927): App\Controllers\Penilaian->tambah()
 7 SYSTEMPATH\CodeIgniter.php(482): CodeIgniter\CodeIgniter->runController(Object(App\Controllers\Penilaian))
 8 SYSTEMPATH\CodeIgniter.php(351): CodeIgniter\CodeIgniter->handleRequest(null, Object(Config\Cache), false)
 9 FCPATH\index.php(67): CodeIgniter\CodeIgniter->run()
10 SYSTEMPATH\Commands\Server\rewrite.php(46): require_once('FCPATH\\index.php')
CRITICAL - 2023-02-23 04:24:00 --> Undefined array key "total"
in APPPATH\Views\Penilaian\tambah.php on line 151.
 1 APPPATH\Views\Penilaian\tambah.php(151): CodeIgniter\Debug\Exceptions->errorHandler(2, 'Undefined array key "total"', 'APPPATH\\Views\\Penilaian\\tambah.php', 151)
 2 SYSTEMPATH\View\View.php(213): include('APPPATH\\Views\\Penilaian\\tambah.php')
 3 SYSTEMPATH\View\View.php(216): CodeIgniter\View\View->CodeIgniter\View\{closure}()
 4 SYSTEMPATH\Common.php(1134): CodeIgniter\View\View->render('penilaian/tambah', [], true)
 5 APPPATH\Controllers\Penilaian.php(59): view('penilaian/tambah', [...])
 6 SYSTEMPATH\CodeIgniter.php(927): App\Controllers\Penilaian->tambah()
 7 SYSTEMPATH\CodeIgniter.php(482): CodeIgniter\CodeIgniter->runController(Object(App\Controllers\Penilaian))
 8 SYSTEMPATH\CodeIgniter.php(351): CodeIgniter\CodeIgniter->handleRequest(null, Object(Config\Cache), false)
 9 FCPATH\index.php(67): CodeIgniter\CodeIgniter->run()
10 SYSTEMPATH\Commands\Server\rewrite.php(46): require_once('FCPATH\\index.php')
CRITICAL - 2023-02-23 18:44:06 --> Undefined property: CodeIgniter\View\View::$cart
in APPPATH\Views\Penilaian\tambah.php on line 151.
 1 APPPATH\Views\Penilaian\tambah.php(151): CodeIgniter\Debug\Exceptions->errorHandler(2, 'Undefined property: CodeIgniter\\View\\View::$cart', 'APPPATH\\Views\\Penilaian\\tambah.php', 151)
 2 SYSTEMPATH\View\View.php(213): include('APPPATH\\Views\\Penilaian\\tambah.php')
 3 SYSTEMPATH\View\View.php(216): CodeIgniter\View\View->CodeIgniter\View\{closure}()
 4 SYSTEMPATH\Common.php(1134): CodeIgniter\View\View->render('penilaian/tambah', [], true)
 5 APPPATH\Controllers\Penilaian.php(59): view('penilaian/tambah', [...])
 6 SYSTEMPATH\CodeIgniter.php(927): App\Controllers\Penilaian->tambah()
 7 SYSTEMPATH\CodeIgniter.php(482): CodeIgniter\CodeIgniter->runController(Object(App\Controllers\Penilaian))
 8 SYSTEMPATH\CodeIgniter.php(351): CodeIgniter\CodeIgniter->handleRequest(null, Object(Config\Cache), false)
 9 FCPATH\index.php(67): CodeIgniter\CodeIgniter->run()
10 SYSTEMPATH\Commands\Server\rewrite.php(46): require_once('FCPATH\\index.php')
CRITICAL - 2023-02-23 19:00:06 --> Unsupported operand types: string + string
in APPPATH\Models\M_Penilaian.php on line 33.
 1 APPPATH\Controllers\Penilaian.php(56): App\Models\M_Penilaian->getTotal()
 2 SYSTEMPATH\CodeIgniter.php(927): App\Controllers\Penilaian->tambah()
 3 SYSTEMPATH\CodeIgniter.php(482): CodeIgniter\CodeIgniter->runController(Object(App\Controllers\Penilaian))
 4 SYSTEMPATH\CodeIgniter.php(351): CodeIgniter\CodeIgniter->handleRequest(null, Object(Config\Cache), false)
 5 FCPATH\index.php(67): CodeIgniter\CodeIgniter->run()
 6 SYSTEMPATH\Commands\Server\rewrite.php(46): require_once('FCPATH\\index.php')
ERROR - 2023-02-23 19:21:52 --> mysqli_sql_exception: Column 'total' cannot be null in C:\xampp\htdocs\demensia\system\Database\MySQLi\Connection.php:292
Stack trace:
#0 C:\xampp\htdocs\demensia\system\Database\MySQLi\Connection.php(292): mysqli->query('INSERT INTO `do...', 0)
#1 C:\xampp\htdocs\demensia\system\Database\BaseConnection.php(666): CodeIgniter\Database\MySQLi\Connection->execute('INSERT INTO `do...')
#2 C:\xampp\htdocs\demensia\system\Database\BaseConnection.php(593): CodeIgniter\Database\BaseConnection->simpleQuery('INSERT INTO `do...')
#3 C:\xampp\htdocs\demensia\system\Database\BaseBuilder.php(1916): CodeIgniter\Database\BaseConnection->query('INSERT INTO `do...', Array, false)
#4 C:\xampp\htdocs\demensia\system\Model.php(294): CodeIgniter\Database\BaseBuilder->insert()
#5 C:\xampp\htdocs\demensia\system\BaseModel.php(749): CodeIgniter\Model->doInsert(Array)
#6 C:\xampp\htdocs\demensia\system\Model.php(682): CodeIgniter\BaseModel->insert(Array, false)
#7 C:\xampp\htdocs\demensia\system\BaseModel.php(659): CodeIgniter\Model->insert(Array, false)
#8 C:\xampp\htdocs\demensia\app\Controllers\Penilaian.php(132): CodeIgniter\BaseModel->save(Array)
#9 C:\xampp\htdocs\demensia\system\CodeIgniter.php(927): App\Controllers\Penilaian->simpan()
#10 C:\xampp\htdocs\demensia\system\CodeIgniter.php(482): CodeIgniter\CodeIgniter->runController(Object(App\Controllers\Penilaian))
#11 C:\xampp\htdocs\demensia\system\CodeIgniter.php(351): CodeIgniter\CodeIgniter->handleRequest(NULL, Object(Config\Cache), false)
#12 C:\xampp\htdocs\demensia\public\index.php(67): CodeIgniter\CodeIgniter->run()
#13 C:\xampp\htdocs\demensia\system\Commands\Server\rewrite.php(46): require_once('C:\\xampp\\htdocs...')
#14 {main}
CRITICAL - 2023-02-23 19:21:52 --> Column 'total' cannot be null
in SYSTEMPATH\Database\MySQLi\Connection.php on line 292.
 1 SYSTEMPATH\Database\MySQLi\Connection.php(292): mysqli->query('INSERT INTO `dokumentasi` (`nama_pemeriksa`, `nama_pasien`, `tanggal`, `orientasi_waktu`, `orientasi_tempat`, `registrasi`, `atensi_kalkulus`, `recall`, `bahasa_benda`, `bahasa_kata`, `bahasa_perintah`, `bahasa_perintah2`, `bahasa_tulis`, `bahasa_gambar`, `total`) VALUES (\'Jinendra\', \'Aji\', \'2023-02-24\', \'5\', \'5\', \'3\', \'5\', \'3\', \'2\', \'1\', \'1\', \'1\', \'1\', \'1\', NULL)', 0)
 2 SYSTEMPATH\Database\BaseConnection.php(666): CodeIgniter\Database\MySQLi\Connection->execute('INSERT INTO `dokumentasi` (`nama_pemeriksa`, `nama_pasien`, `tanggal`, `orientasi_waktu`, `orientasi_tempat`, `registrasi`, `atensi_kalkulus`, `recall`, `bahasa_benda`, `bahasa_kata`, `bahasa_perintah`, `bahasa_perintah2`, `bahasa_tulis`, `bahasa_gambar`, `total`) VALUES (\'Jinendra\', \'Aji\', \'2023-02-24\', \'5\', \'5\', \'3\', \'5\', \'3\', \'2\', \'1\', \'1\', \'1\', \'1\', \'1\', NULL)')
 3 SYSTEMPATH\Database\BaseConnection.php(593): CodeIgniter\Database\BaseConnection->simpleQuery('INSERT INTO `dokumentasi` (`nama_pemeriksa`, `nama_pasien`, `tanggal`, `orientasi_waktu`, `orientasi_tempat`, `registrasi`, `atensi_kalkulus`, `recall`, `bahasa_benda`, `bahasa_kata`, `bahasa_perintah`, `bahasa_perintah2`, `bahasa_tulis`, `bahasa_gambar`, `total`) VALUES (\'Jinendra\', \'Aji\', \'2023-02-24\', \'5\', \'5\', \'3\', \'5\', \'3\', \'2\', \'1\', \'1\', \'1\', \'1\', \'1\', NULL)')
 4 SYSTEMPATH\Database\BaseBuilder.php(1916): CodeIgniter\Database\BaseConnection->query('INSERT INTO `dokumentasi` (`nama_pemeriksa`, `nama_pasien`, `tanggal`, `orientasi_waktu`, `orientasi_tempat`, `registrasi`, `atensi_kalkulus`, `recall`, `bahasa_benda`, `bahasa_kata`, `bahasa_perintah`, `bahasa_perintah2`, `bahasa_tulis`, `bahasa_gambar`, `total`) VALUES (:nama_pemeriksa:, :nama_pasien:, :tanggal:, :orientasi_waktu:, :orientasi_tempat:, :registrasi:, :atensi_kalkulus:, :recall:, :bahasa_benda:, :bahasa_kata:, :bahasa_perintah:, :bahasa_perintah2:, :bahasa_tulis:, :bahasa_gambar:, :total:)', [...], false)
 5 SYSTEMPATH\Model.php(294): CodeIgniter\Database\BaseBuilder->insert()
 6 SYSTEMPATH\BaseModel.php(749): CodeIgniter\Model->doInsert([...])
 7 SYSTEMPATH\Model.php(682): CodeIgniter\BaseModel->insert([...], false)
 8 SYSTEMPATH\BaseModel.php(659): CodeIgniter\Model->insert([...], false)
 9 APPPATH\Controllers\Penilaian.php(132): CodeIgniter\BaseModel->save([...])
10 SYSTEMPATH\CodeIgniter.php(927): App\Controllers\Penilaian->simpan()
11 SYSTEMPATH\CodeIgniter.php(482): CodeIgniter\CodeIgniter->runController(Object(App\Controllers\Penilaian))
12 SYSTEMPATH\CodeIgniter.php(351): CodeIgniter\CodeIgniter->handleRequest(null, Object(Config\Cache), false)
13 FCPATH\index.php(67): CodeIgniter\CodeIgniter->run()
14 SYSTEMPATH\Commands\Server\rewrite.php(46): require_once('FCPATH\\index.php')
CRITICAL - 2023-02-23 19:38:52 --> Call to undefined method CodeIgniter\View\View::getTotal()
in APPPATH\Views\Penilaian\detail.php on line 120.
 1 SYSTEMPATH\View\View.php(213): include()
 2 SYSTEMPATH\View\View.php(216): CodeIgniter\View\View->CodeIgniter\View\{closure}()
 3 SYSTEMPATH\Common.php(1134): CodeIgniter\View\View->render('penilaian/detail', [], true)
 4 APPPATH\Controllers\Penilaian.php(162): view('penilaian/detail', [...])
 5 SYSTEMPATH\CodeIgniter.php(927): App\Controllers\Penilaian->detail('16')
 6 SYSTEMPATH\CodeIgniter.php(482): CodeIgniter\CodeIgniter->runController(Object(App\Controllers\Penilaian))
 7 SYSTEMPATH\CodeIgniter.php(351): CodeIgniter\CodeIgniter->handleRequest(null, Object(Config\Cache), false)
 8 FCPATH\index.php(67): CodeIgniter\CodeIgniter->run()
 9 SYSTEMPATH\Commands\Server\rewrite.php(46): require_once('FCPATH\\index.php')
CRITICAL - 2023-02-23 19:40:22 --> Call to undefined method CodeIgniter\View\View::total()
in APPPATH\Views\Penilaian\detail.php on line 120.
 1 SYSTEMPATH\View\View.php(213): include()
 2 SYSTEMPATH\View\View.php(216): CodeIgniter\View\View->CodeIgniter\View\{closure}()
 3 SYSTEMPATH\Common.php(1134): CodeIgniter\View\View->render('penilaian/detail', [], true)
 4 APPPATH\Controllers\Penilaian.php(161): view('penilaian/detail', [...])
 5 SYSTEMPATH\CodeIgniter.php(927): App\Controllers\Penilaian->detail('16')
 6 SYSTEMPATH\CodeIgniter.php(482): CodeIgniter\CodeIgniter->runController(Object(App\Controllers\Penilaian))
 7 SYSTEMPATH\CodeIgniter.php(351): CodeIgniter\CodeIgniter->handleRequest(null, Object(Config\Cache), false)
 8 FCPATH\index.php(67): CodeIgniter\CodeIgniter->run()
 9 SYSTEMPATH\Commands\Server\rewrite.php(46): require_once('FCPATH\\index.php')
CRITICAL - 2023-02-23 19:48:32 --> Call to undefined function App\Controllers\total()
in APPPATH\Controllers\Penilaian.php on line 142.
 1 SYSTEMPATH\CodeIgniter.php(927): App\Controllers\Penilaian->detail('16')
 2 SYSTEMPATH\CodeIgniter.php(482): CodeIgniter\CodeIgniter->runController(Object(App\Controllers\Penilaian))
 3 SYSTEMPATH\CodeIgniter.php(351): CodeIgniter\CodeIgniter->handleRequest(null, Object(Config\Cache), false)
 4 FCPATH\index.php(67): CodeIgniter\CodeIgniter->run()
 5 SYSTEMPATH\Commands\Server\rewrite.php(46): require_once('FCPATH\\index.php')
CRITICAL - 2023-02-23 19:51:34 --> Undefined variable $ans
in APPPATH\Views\Penilaian\detail.php on line 120.
 1 APPPATH\Views\Penilaian\detail.php(120): CodeIgniter\Debug\Exceptions->errorHandler(2, 'Undefined variable $ans', 'APPPATH\\Views\\Penilaian\\detail.php', 120)
 2 SYSTEMPATH\View\View.php(213): include('APPPATH\\Views\\Penilaian\\detail.php')
 3 SYSTEMPATH\View\View.php(216): CodeIgniter\View\View->CodeIgniter\View\{closure}()
 4 SYSTEMPATH\Common.php(1134): CodeIgniter\View\View->render('penilaian/detail', [], true)
 5 APPPATH\Controllers\Penilaian.php(147): view('penilaian/detail', [...])
 6 SYSTEMPATH\CodeIgniter.php(927): App\Controllers\Penilaian->detail('16')
 7 SYSTEMPATH\CodeIgniter.php(482): CodeIgniter\CodeIgniter->runController(Object(App\Controllers\Penilaian))
 8 SYSTEMPATH\CodeIgniter.php(351): CodeIgniter\CodeIgniter->handleRequest(null, Object(Config\Cache), false)
 9 FCPATH\index.php(67): CodeIgniter\CodeIgniter->run()
10 SYSTEMPATH\Commands\Server\rewrite.php(46): require_once('FCPATH\\index.php')
CRITICAL - 2023-02-23 19:52:05 --> Call to undefined method CodeIgniter\View\View::total()
in APPPATH\Views\Penilaian\detail.php on line 120.
 1 SYSTEMPATH\View\View.php(213): include()
 2 SYSTEMPATH\View\View.php(216): CodeIgniter\View\View->CodeIgniter\View\{closure}()
 3 SYSTEMPATH\Common.php(1134): CodeIgniter\View\View->render('penilaian/detail', [], true)
 4 APPPATH\Controllers\Penilaian.php(147): view('penilaian/detail', [...])
 5 SYSTEMPATH\CodeIgniter.php(927): App\Controllers\Penilaian->detail('16')
 6 SYSTEMPATH\CodeIgniter.php(482): CodeIgniter\CodeIgniter->runController(Object(App\Controllers\Penilaian))
 7 SYSTEMPATH\CodeIgniter.php(351): CodeIgniter\CodeIgniter->handleRequest(null, Object(Config\Cache), false)
 8 FCPATH\index.php(67): CodeIgniter\CodeIgniter->run()
 9 SYSTEMPATH\Commands\Server\rewrite.php(46): require_once('FCPATH\\index.php')
CRITICAL - 2023-02-23 20:08:38 --> Undefined variable $total
in APPPATH\Views\Penilaian\detail.php on line 120.
 1 APPPATH\Views\Penilaian\detail.php(120): CodeIgniter\Debug\Exceptions->errorHandler(2, 'Undefined variable $total', 'APPPATH\\Views\\Penilaian\\detail.php', 120)
 2 SYSTEMPATH\View\View.php(213): include('APPPATH\\Views\\Penilaian\\detail.php')
 3 SYSTEMPATH\View\View.php(216): CodeIgniter\View\View->CodeIgniter\View\{closure}()
 4 SYSTEMPATH\Common.php(1134): CodeIgniter\View\View->render('penilaian/detail', [], true)
 5 APPPATH\Controllers\Penilaian.php(172): view('penilaian/detail', [...])
 6 SYSTEMPATH\CodeIgniter.php(927): App\Controllers\Penilaian->detail('16')
 7 SYSTEMPATH\CodeIgniter.php(482): CodeIgniter\CodeIgniter->runController(Object(App\Controllers\Penilaian))
 8 SYSTEMPATH\CodeIgniter.php(351): CodeIgniter\CodeIgniter->handleRequest(null, Object(Config\Cache), false)
 9 FCPATH\index.php(67): CodeIgniter\CodeIgniter->run()
10 SYSTEMPATH\Commands\Server\rewrite.php(46): require_once('FCPATH\\index.php')
CRITICAL - 2023-02-23 20:09:17 --> Undefined variable $total
in APPPATH\Views\Penilaian\detail.php on line 120.
 1 APPPATH\Views\Penilaian\detail.php(120): CodeIgniter\Debug\Exceptions->errorHandler(2, 'Undefined variable $total', 'APPPATH\\Views\\Penilaian\\detail.php', 120)
 2 SYSTEMPATH\View\View.php(213): include('APPPATH\\Views\\Penilaian\\detail.php')
 3 SYSTEMPATH\View\View.php(216): CodeIgniter\View\View->CodeIgniter\View\{closure}()
 4 SYSTEMPATH\Common.php(1134): CodeIgniter\View\View->render('penilaian/detail', [], true)
 5 APPPATH\Controllers\Penilaian.php(172): view('penilaian/detail', [...])
 6 SYSTEMPATH\CodeIgniter.php(927): App\Controllers\Penilaian->detail('16')
 7 SYSTEMPATH\CodeIgniter.php(482): CodeIgniter\CodeIgniter->runController(Object(App\Controllers\Penilaian))
 8 SYSTEMPATH\CodeIgniter.php(351): CodeIgniter\CodeIgniter->handleRequest(null, Object(Config\Cache), false)
 9 FCPATH\index.php(67): CodeIgniter\CodeIgniter->run()
10 SYSTEMPATH\Commands\Server\rewrite.php(46): require_once('FCPATH\\index.php')
CRITICAL - 2023-02-23 20:09:40 --> Undefined variable $total
in APPPATH\Views\Penilaian\detail.php on line 120.
 1 APPPATH\Views\Penilaian\detail.php(120): CodeIgniter\Debug\Exceptions->errorHandler(2, 'Undefined variable $total', 'APPPATH\\Views\\Penilaian\\detail.php', 120)
 2 SYSTEMPATH\View\View.php(213): include('APPPATH\\Views\\Penilaian\\detail.php')
 3 SYSTEMPATH\View\View.php(216): CodeIgniter\View\View->CodeIgniter\View\{closure}()
 4 SYSTEMPATH\Common.php(1134): CodeIgniter\View\View->render('penilaian/detail', [], true)
 5 APPPATH\Controllers\Penilaian.php(173): view('penilaian/detail', [...])
 6 SYSTEMPATH\CodeIgniter.php(927): App\Controllers\Penilaian->detail('16')
 7 SYSTEMPATH\CodeIgniter.php(482): CodeIgniter\CodeIgniter->runController(Object(App\Controllers\Penilaian))
 8 SYSTEMPATH\CodeIgniter.php(351): CodeIgniter\CodeIgniter->handleRequest(null, Object(Config\Cache), false)
 9 FCPATH\index.php(67): CodeIgniter\CodeIgniter->run()
10 SYSTEMPATH\Commands\Server\rewrite.php(46): require_once('FCPATH\\index.php')
CRITICAL - 2023-02-23 20:09:42 --> Undefined variable $total
in APPPATH\Views\Penilaian\detail.php on line 120.
 1 APPPATH\Views\Penilaian\detail.php(120): CodeIgniter\Debug\Exceptions->errorHandler(2, 'Undefined variable $total', 'APPPATH\\Views\\Penilaian\\detail.php', 120)
 2 SYSTEMPATH\View\View.php(213): include('APPPATH\\Views\\Penilaian\\detail.php')
 3 SYSTEMPATH\View\View.php(216): CodeIgniter\View\View->CodeIgniter\View\{closure}()
 4 SYSTEMPATH\Common.php(1134): CodeIgniter\View\View->render('penilaian/detail', [], true)
 5 APPPATH\Controllers\Penilaian.php(173): view('penilaian/detail', [...])
 6 SYSTEMPATH\CodeIgniter.php(927): App\Controllers\Penilaian->detail('16')
 7 SYSTEMPATH\CodeIgniter.php(482): CodeIgniter\CodeIgniter->runController(Object(App\Controllers\Penilaian))
 8 SYSTEMPATH\CodeIgniter.php(351): CodeIgniter\CodeIgniter->handleRequest(null, Object(Config\Cache), false)
 9 FCPATH\index.php(67): CodeIgniter\CodeIgniter->run()
10 SYSTEMPATH\Commands\Server\rewrite.php(46): require_once('FCPATH\\index.php')
CRITICAL - 2023-02-23 20:09:50 --> Undefined variable $total
in APPPATH\Views\Penilaian\detail.php on line 120.
 1 APPPATH\Views\Penilaian\detail.php(120): CodeIgniter\Debug\Exceptions->errorHandler(2, 'Undefined variable $total', 'APPPATH\\Views\\Penilaian\\detail.php', 120)
 2 SYSTEMPATH\View\View.php(213): include('APPPATH\\Views\\Penilaian\\detail.php')
 3 SYSTEMPATH\View\View.php(216): CodeIgniter\View\View->CodeIgniter\View\{closure}()
 4 SYSTEMPATH\Common.php(1134): CodeIgniter\View\View->render('penilaian/detail', [], true)
 5 APPPATH\Controllers\Penilaian.php(173): view('penilaian/detail', [...])
 6 SYSTEMPATH\CodeIgniter.php(927): App\Controllers\Penilaian->detail('15')
 7 SYSTEMPATH\CodeIgniter.php(482): CodeIgniter\CodeIgniter->runController(Object(App\Controllers\Penilaian))
 8 SYSTEMPATH\CodeIgniter.php(351): CodeIgniter\CodeIgniter->handleRequest(null, Object(Config\Cache), false)
 9 FCPATH\index.php(67): CodeIgniter\CodeIgniter->run()
10 SYSTEMPATH\Commands\Server\rewrite.php(46): require_once('FCPATH\\index.php')
CRITICAL - 2023-02-23 20:10:34 --> Call to a member function getVar() on null
in APPPATH\Models\M_Penilaian.php on line 44.
 1 APPPATH\Controllers\Penilaian.php(64): App\Models\M_Penilaian->jumlah(null, null, null, null, null, null, null, null, null, null, null)
 2 SYSTEMPATH\CodeIgniter.php(927): App\Controllers\Penilaian->tambah()
 3 SYSTEMPATH\CodeIgniter.php(482): CodeIgniter\CodeIgniter->runController(Object(App\Controllers\Penilaian))
 4 SYSTEMPATH\CodeIgniter.php(351): CodeIgniter\CodeIgniter->handleRequest(null, Object(Config\Cache), false)
 5 FCPATH\index.php(67): CodeIgniter\CodeIgniter->run()
 6 SYSTEMPATH\Commands\Server\rewrite.php(46): require_once('FCPATH\\index.php')
CRITICAL - 2023-02-23 20:11:34 --> Call to a member function getVar() on null
in APPPATH\Models\M_Penilaian.php on line 45.
 1 APPPATH\Controllers\Penilaian.php(64): App\Models\M_Penilaian->jumlah(null, null, null, null, null, null, null, null, null, null, null)
 2 SYSTEMPATH\CodeIgniter.php(927): App\Controllers\Penilaian->tambah()
 3 SYSTEMPATH\CodeIgniter.php(482): CodeIgniter\CodeIgniter->runController(Object(App\Controllers\Penilaian))
 4 SYSTEMPATH\CodeIgniter.php(351): CodeIgniter\CodeIgniter->handleRequest(null, Object(Config\Cache), false)
 5 FCPATH\index.php(67): CodeIgniter\CodeIgniter->run()
 6 SYSTEMPATH\Commands\Server\rewrite.php(46): require_once('FCPATH\\index.php')
