CRITICAL - 2023-02-26 19:50:34 --> Undefined property: CodeIgniter\View\View::$uri
in APPPATH\Views\templates\template.php on line 42.
 1 APPPATH\Views\templates\template.php(42): CodeIgniter\Debug\Exceptions->errorHandler(2, 'Undefined property: CodeIgniter\\View\\View::$uri', 'APPPATH\\Views\\templates\\template.php', 42)
 2 SYSTEMPATH\View\View.php(213): include('APPPATH\\Views\\templates\\template.php')
 3 SYSTEMPATH\View\View.php(216): CodeIgniter\View\View->CodeIgniter\View\{closure}()
 4 SYSTEMPATH\View\View.php(229): CodeIgniter\View\View->render('templates/template', [], true)
 5 SYSTEMPATH\Common.php(1134): CodeIgniter\View\View->render('home/index', [], true)
 6 APPPATH\Controllers\Home.php(13): view('home/index', [...])
 7 SYSTEMPATH\CodeIgniter.php(927): App\Controllers\Home->index()
 8 SYSTEMPATH\CodeIgniter.php(482): CodeIgniter\CodeIgniter->runController(Object(App\Controllers\Home))
 9 SYSTEMPATH\CodeIgniter.php(351): CodeIgniter\CodeIgniter->handleRequest(null, Object(Config\Cache), false)
10 FCPATH\index.php(67): CodeIgniter\CodeIgniter->run()
11 SYSTEMPATH\Commands\Server\rewrite.php(46): require_once('FCPATH\\index.php')
CRITICAL - 2023-02-26 20:01:32 --> Undefined variable $menu
in APPPATH\Views\templates\template.php on line 43.
 1 APPPATH\Views\templates\template.php(43): CodeIgniter\Debug\Exceptions->errorHandler(2, 'Undefined variable $menu', 'APPPATH\\Views\\templates\\template.php', 43)
 2 SYSTEMPATH\View\View.php(213): include('APPPATH\\Views\\templates\\template.php')
 3 SYSTEMPATH\View\View.php(216): CodeIgniter\View\View->CodeIgniter\View\{closure}()
 4 SYSTEMPATH\View\View.php(229): CodeIgniter\View\View->render('templates/template', [], true)
 5 SYSTEMPATH\Common.php(1134): CodeIgniter\View\View->render('penilaian/index', [], true)
 6 APPPATH\Controllers\Penilaian.php(25): view('penilaian/index', [...])
 7 SYSTEMPATH\CodeIgniter.php(927): App\Controllers\Penilaian->index()
 8 SYSTEMPATH\CodeIgniter.php(482): CodeIgniter\CodeIgniter->runController(Object(App\Controllers\Penilaian))
 9 SYSTEMPATH\CodeIgniter.php(351): CodeIgniter\CodeIgniter->handleRequest(null, Object(Config\Cache), false)
10 FCPATH\index.php(67): CodeIgniter\CodeIgniter->run()
11 SYSTEMPATH\Commands\Server\rewrite.php(46): require_once('FCPATH\\index.php')
CRITICAL - 2023-02-26 20:04:53 --> Undefined variable $menu
in APPPATH\Views\templates\template.php on line 43.
 1 APPPATH\Views\templates\template.php(43): CodeIgniter\Debug\Exceptions->errorHandler(2, 'Undefined variable $menu', 'APPPATH\\Views\\templates\\template.php', 43)
 2 SYSTEMPATH\View\View.php(213): include('APPPATH\\Views\\templates\\template.php')
 3 SYSTEMPATH\View\View.php(216): CodeIgniter\View\View->CodeIgniter\View\{closure}()
 4 SYSTEMPATH\View\View.php(229): CodeIgniter\View\View->render('templates/template', [], true)
 5 SYSTEMPATH\Common.php(1134): CodeIgniter\View\View->render('penilaian/index', [], true)
 6 APPPATH\Controllers\Penilaian.php(25): view('penilaian/index', [...])
 7 SYSTEMPATH\CodeIgniter.php(927): App\Controllers\Penilaian->index()
 8 SYSTEMPATH\CodeIgniter.php(482): CodeIgniter\CodeIgniter->runController(Object(App\Controllers\Penilaian))
 9 SYSTEMPATH\CodeIgniter.php(351): CodeIgniter\CodeIgniter->handleRequest(null, Object(Config\Cache), false)
10 FCPATH\index.php(67): CodeIgniter\CodeIgniter->run()
11 SYSTEMPATH\Commands\Server\rewrite.php(46): require_once('FCPATH\\index.php')
CRITICAL - 2023-02-26 20:23:53 --> Undefined variable $menu
in APPPATH\Views\templates\template.php on line 42.
 1 APPPATH\Views\templates\template.php(42): CodeIgniter\Debug\Exceptions->errorHandler(2, 'Undefined variable $menu', 'APPPATH\\Views\\templates\\template.php', 42)
 2 SYSTEMPATH\View\View.php(213): include('APPPATH\\Views\\templates\\template.php')
 3 SYSTEMPATH\View\View.php(216): CodeIgniter\View\View->CodeIgniter\View\{closure}()
 4 SYSTEMPATH\View\View.php(229): CodeIgniter\View\View->render('templates/template', [], true)
 5 SYSTEMPATH\Common.php(1134): CodeIgniter\View\View->render('penilaian/dokumentasi', [], true)
 6 APPPATH\Controllers\Penilaian.php(46): view('penilaian/dokumentasi', [...])
 7 SYSTEMPATH\CodeIgniter.php(927): App\Controllers\Penilaian->dokumentasi()
 8 SYSTEMPATH\CodeIgniter.php(482): CodeIgniter\CodeIgniter->runController(Object(App\Controllers\Penilaian))
 9 SYSTEMPATH\CodeIgniter.php(351): CodeIgniter\CodeIgniter->handleRequest(null, Object(Config\Cache), false)
10 FCPATH\index.php(67): CodeIgniter\CodeIgniter->run()
11 SYSTEMPATH\Commands\Server\rewrite.php(46): require_once('FCPATH\\index.php')
CRITICAL - 2023-02-26 21:52:00 --> Undefined variable $pasien
in APPPATH\Views\Penilaian\tambah.php on line 31.
 1 APPPATH\Views\Penilaian\tambah.php(31): CodeIgniter\Debug\Exceptions->errorHandler(2, 'Undefined variable $pasien', 'APPPATH\\Views\\Penilaian\\tambah.php', 31)
 2 SYSTEMPATH\View\View.php(213): include('APPPATH\\Views\\Penilaian\\tambah.php')
 3 SYSTEMPATH\View\View.php(216): CodeIgniter\View\View->CodeIgniter\View\{closure}()
 4 SYSTEMPATH\Common.php(1134): CodeIgniter\View\View->render('penilaian/tambah', [], true)
 5 APPPATH\Controllers\Penilaian.php(61): view('penilaian/tambah', [...])
 6 SYSTEMPATH\CodeIgniter.php(927): App\Controllers\Penilaian->tambah()
 7 SYSTEMPATH\CodeIgniter.php(482): CodeIgniter\CodeIgniter->runController(Object(App\Controllers\Penilaian))
 8 SYSTEMPATH\CodeIgniter.php(351): CodeIgniter\CodeIgniter->handleRequest(null, Object(Config\Cache), false)
 9 FCPATH\index.php(67): CodeIgniter\CodeIgniter->run()
10 SYSTEMPATH\Commands\Server\rewrite.php(46): require_once('FCPATH\\index.php')
CRITICAL - 2023-02-26 21:53:36 --> Undefined variable $pasien
in APPPATH\Views\Penilaian\tambah.php on line 31.
 1 APPPATH\Views\Penilaian\tambah.php(31): CodeIgniter\Debug\Exceptions->errorHandler(2, 'Undefined variable $pasien', 'APPPATH\\Views\\Penilaian\\tambah.php', 31)
 2 SYSTEMPATH\View\View.php(213): include('APPPATH\\Views\\Penilaian\\tambah.php')
 3 SYSTEMPATH\View\View.php(216): CodeIgniter\View\View->CodeIgniter\View\{closure}()
 4 SYSTEMPATH\Common.php(1134): CodeIgniter\View\View->render('penilaian/tambah', [], true)
 5 APPPATH\Controllers\Penilaian.php(62): view('penilaian/tambah', [...])
 6 SYSTEMPATH\CodeIgniter.php(927): App\Controllers\Penilaian->tambah()
 7 SYSTEMPATH\CodeIgniter.php(482): CodeIgniter\CodeIgniter->runController(Object(App\Controllers\Penilaian))
 8 SYSTEMPATH\CodeIgniter.php(351): CodeIgniter\CodeIgniter->handleRequest(null, Object(Config\Cache), false)
 9 FCPATH\index.php(67): CodeIgniter\CodeIgniter->run()
10 SYSTEMPATH\Commands\Server\rewrite.php(46): require_once('FCPATH\\index.php')
CRITICAL - 2023-02-26 21:54:57 --> Undefined variable $pasien
in APPPATH\Views\Penilaian\tambah.php on line 31.
 1 APPPATH\Views\Penilaian\tambah.php(31): CodeIgniter\Debug\Exceptions->errorHandler(2, 'Undefined variable $pasien', 'APPPATH\\Views\\Penilaian\\tambah.php', 31)
 2 SYSTEMPATH\View\View.php(213): include('APPPATH\\Views\\Penilaian\\tambah.php')
 3 SYSTEMPATH\View\View.php(216): CodeIgniter\View\View->CodeIgniter\View\{closure}()
 4 SYSTEMPATH\Common.php(1134): CodeIgniter\View\View->render('penilaian/tambah', [], true)
 5 APPPATH\Controllers\Penilaian.php(62): view('penilaian/tambah', [...])
 6 SYSTEMPATH\CodeIgniter.php(927): App\Controllers\Penilaian->tambah()
 7 SYSTEMPATH\CodeIgniter.php(482): CodeIgniter\CodeIgniter->runController(Object(App\Controllers\Penilaian))
 8 SYSTEMPATH\CodeIgniter.php(351): CodeIgniter\CodeIgniter->handleRequest(null, Object(Config\Cache), false)
 9 FCPATH\index.php(67): CodeIgniter\CodeIgniter->run()
10 SYSTEMPATH\Commands\Server\rewrite.php(46): require_once('FCPATH\\index.php')
CRITICAL - 2023-02-26 21:56:22 --> Undefined variable $pasien
in APPPATH\Views\Penilaian\tambah.php on line 31.
 1 APPPATH\Views\Penilaian\tambah.php(31): CodeIgniter\Debug\Exceptions->errorHandler(2, 'Undefined variable $pasien', 'APPPATH\\Views\\Penilaian\\tambah.php', 31)
 2 SYSTEMPATH\View\View.php(213): include('APPPATH\\Views\\Penilaian\\tambah.php')
 3 SYSTEMPATH\View\View.php(216): CodeIgniter\View\View->CodeIgniter\View\{closure}()
 4 SYSTEMPATH\Common.php(1134): CodeIgniter\View\View->render('penilaian/tambah', [], true)
 5 APPPATH\Controllers\Penilaian.php(62): view('penilaian/tambah', [...])
 6 SYSTEMPATH\CodeIgniter.php(927): App\Controllers\Penilaian->tambah()
 7 SYSTEMPATH\CodeIgniter.php(482): CodeIgniter\CodeIgniter->runController(Object(App\Controllers\Penilaian))
 8 SYSTEMPATH\CodeIgniter.php(351): CodeIgniter\CodeIgniter->handleRequest(null, Object(Config\Cache), false)
 9 FCPATH\index.php(67): CodeIgniter\CodeIgniter->run()
10 SYSTEMPATH\Commands\Server\rewrite.php(46): require_once('FCPATH\\index.php')
CRITICAL - 2023-02-26 22:26:12 --> Undefined variable $pasien
in APPPATH\Views\Penilaian\tambah.php on line 31.
 1 APPPATH\Views\Penilaian\tambah.php(31): CodeIgniter\Debug\Exceptions->errorHandler(2, 'Undefined variable $pasien', 'APPPATH\\Views\\Penilaian\\tambah.php', 31)
 2 SYSTEMPATH\View\View.php(213): include('APPPATH\\Views\\Penilaian\\tambah.php')
 3 SYSTEMPATH\View\View.php(216): CodeIgniter\View\View->CodeIgniter\View\{closure}()
 4 SYSTEMPATH\Common.php(1134): CodeIgniter\View\View->render('penilaian/tambah', [], true)
 5 APPPATH\Controllers\Penilaian.php(62): view('penilaian/tambah', [...])
 6 SYSTEMPATH\CodeIgniter.php(927): App\Controllers\Penilaian->tambah()
 7 SYSTEMPATH\CodeIgniter.php(482): CodeIgniter\CodeIgniter->runController(Object(App\Controllers\Penilaian))
 8 SYSTEMPATH\CodeIgniter.php(351): CodeIgniter\CodeIgniter->handleRequest(null, Object(Config\Cache), false)
 9 FCPATH\index.php(67): CodeIgniter\CodeIgniter->run()
10 SYSTEMPATH\Commands\Server\rewrite.php(46): require_once('FCPATH\\index.php')
CRITICAL - 2023-02-26 22:27:02 --> Undefined variable $pasien
in APPPATH\Views\Penilaian\tambah.php on line 31.
 1 APPPATH\Views\Penilaian\tambah.php(31): CodeIgniter\Debug\Exceptions->errorHandler(2, 'Undefined variable $pasien', 'APPPATH\\Views\\Penilaian\\tambah.php', 31)
 2 SYSTEMPATH\View\View.php(213): include('APPPATH\\Views\\Penilaian\\tambah.php')
 3 SYSTEMPATH\View\View.php(216): CodeIgniter\View\View->CodeIgniter\View\{closure}()
 4 SYSTEMPATH\Common.php(1134): CodeIgniter\View\View->render('penilaian/tambah', [], true)
 5 APPPATH\Controllers\Penilaian.php(62): view('penilaian/tambah', [...])
 6 SYSTEMPATH\CodeIgniter.php(927): App\Controllers\Penilaian->tambah()
 7 SYSTEMPATH\CodeIgniter.php(482): CodeIgniter\CodeIgniter->runController(Object(App\Controllers\Penilaian))
 8 SYSTEMPATH\CodeIgniter.php(351): CodeIgniter\CodeIgniter->handleRequest(null, Object(Config\Cache), false)
 9 FCPATH\index.php(67): CodeIgniter\CodeIgniter->run()
10 SYSTEMPATH\Commands\Server\rewrite.php(46): require_once('FCPATH\\index.php')
CRITICAL - 2023-02-26 22:27:11 --> Undefined variable $pasien
in APPPATH\Views\Penilaian\tambah.php on line 31.
 1 APPPATH\Views\Penilaian\tambah.php(31): CodeIgniter\Debug\Exceptions->errorHandler(2, 'Undefined variable $pasien', 'APPPATH\\Views\\Penilaian\\tambah.php', 31)
 2 SYSTEMPATH\View\View.php(213): include('APPPATH\\Views\\Penilaian\\tambah.php')
 3 SYSTEMPATH\View\View.php(216): CodeIgniter\View\View->CodeIgniter\View\{closure}()
 4 SYSTEMPATH\Common.php(1134): CodeIgniter\View\View->render('penilaian/tambah', [], true)
 5 APPPATH\Controllers\Penilaian.php(62): view('penilaian/tambah', [...])
 6 SYSTEMPATH\CodeIgniter.php(927): App\Controllers\Penilaian->tambah()
 7 SYSTEMPATH\CodeIgniter.php(482): CodeIgniter\CodeIgniter->runController(Object(App\Controllers\Penilaian))
 8 SYSTEMPATH\CodeIgniter.php(351): CodeIgniter\CodeIgniter->handleRequest(null, Object(Config\Cache), false)
 9 FCPATH\index.php(67): CodeIgniter\CodeIgniter->run()
10 SYSTEMPATH\Commands\Server\rewrite.php(46): require_once('FCPATH\\index.php')
CRITICAL - 2023-02-26 22:27:46 --> Undefined variable $data
in APPPATH\Views\Penilaian\tambah.php on line 31.
 1 APPPATH\Views\Penilaian\tambah.php(31): CodeIgniter\Debug\Exceptions->errorHandler(2, 'Undefined variable $data', 'APPPATH\\Views\\Penilaian\\tambah.php', 31)
 2 SYSTEMPATH\View\View.php(213): include('APPPATH\\Views\\Penilaian\\tambah.php')
 3 SYSTEMPATH\View\View.php(216): CodeIgniter\View\View->CodeIgniter\View\{closure}()
 4 SYSTEMPATH\Common.php(1134): CodeIgniter\View\View->render('penilaian/tambah', [], true)
 5 APPPATH\Controllers\Penilaian.php(62): view('penilaian/tambah', [...])
 6 SYSTEMPATH\CodeIgniter.php(927): App\Controllers\Penilaian->tambah()
 7 SYSTEMPATH\CodeIgniter.php(482): CodeIgniter\CodeIgniter->runController(Object(App\Controllers\Penilaian))
 8 SYSTEMPATH\CodeIgniter.php(351): CodeIgniter\CodeIgniter->handleRequest(null, Object(Config\Cache), false)
 9 FCPATH\index.php(67): CodeIgniter\CodeIgniter->run()
10 SYSTEMPATH\Commands\Server\rewrite.php(46): require_once('FCPATH\\index.php')
CRITICAL - 2023-02-26 22:28:39 --> Attempt to read property "id_pasien" on array
in APPPATH\Views\Penilaian\tambah.php on line 32.
 1 APPPATH\Views\Penilaian\tambah.php(32): CodeIgniter\Debug\Exceptions->errorHandler(2, 'Attempt to read property "id_pasien" on array', 'APPPATH\\Views\\Penilaian\\tambah.php', 32)
 2 SYSTEMPATH\View\View.php(213): include('APPPATH\\Views\\Penilaian\\tambah.php')
 3 SYSTEMPATH\View\View.php(216): CodeIgniter\View\View->CodeIgniter\View\{closure}()
 4 SYSTEMPATH\Common.php(1134): CodeIgniter\View\View->render('penilaian/tambah', [], true)
 5 APPPATH\Controllers\Penilaian.php(63): view('penilaian/tambah', [...])
 6 SYSTEMPATH\CodeIgniter.php(927): App\Controllers\Penilaian->tambah()
 7 SYSTEMPATH\CodeIgniter.php(482): CodeIgniter\CodeIgniter->runController(Object(App\Controllers\Penilaian))
 8 SYSTEMPATH\CodeIgniter.php(351): CodeIgniter\CodeIgniter->handleRequest(null, Object(Config\Cache), false)
 9 FCPATH\index.php(67): CodeIgniter\CodeIgniter->run()
10 SYSTEMPATH\Commands\Server\rewrite.php(46): require_once('FCPATH\\index.php')
CRITICAL - 2023-02-26 22:28:40 --> Attempt to read property "id_pasien" on array
in APPPATH\Views\Penilaian\tambah.php on line 32.
 1 APPPATH\Views\Penilaian\tambah.php(32): CodeIgniter\Debug\Exceptions->errorHandler(2, 'Attempt to read property "id_pasien" on array', 'APPPATH\\Views\\Penilaian\\tambah.php', 32)
 2 SYSTEMPATH\View\View.php(213): include('APPPATH\\Views\\Penilaian\\tambah.php')
 3 SYSTEMPATH\View\View.php(216): CodeIgniter\View\View->CodeIgniter\View\{closure}()
 4 SYSTEMPATH\Common.php(1134): CodeIgniter\View\View->render('penilaian/tambah', [], true)
 5 APPPATH\Controllers\Penilaian.php(63): view('penilaian/tambah', [...])
 6 SYSTEMPATH\CodeIgniter.php(927): App\Controllers\Penilaian->tambah()
 7 SYSTEMPATH\CodeIgniter.php(482): CodeIgniter\CodeIgniter->runController(Object(App\Controllers\Penilaian))
 8 SYSTEMPATH\CodeIgniter.php(351): CodeIgniter\CodeIgniter->handleRequest(null, Object(Config\Cache), false)
 9 FCPATH\index.php(67): CodeIgniter\CodeIgniter->run()
10 SYSTEMPATH\Commands\Server\rewrite.php(46): require_once('FCPATH\\index.php')
CRITICAL - 2023-02-26 22:28:41 --> Attempt to read property "id_pasien" on array
in APPPATH\Views\Penilaian\tambah.php on line 32.
 1 APPPATH\Views\Penilaian\tambah.php(32): CodeIgniter\Debug\Exceptions->errorHandler(2, 'Attempt to read property "id_pasien" on array', 'APPPATH\\Views\\Penilaian\\tambah.php', 32)
 2 SYSTEMPATH\View\View.php(213): include('APPPATH\\Views\\Penilaian\\tambah.php')
 3 SYSTEMPATH\View\View.php(216): CodeIgniter\View\View->CodeIgniter\View\{closure}()
 4 SYSTEMPATH\Common.php(1134): CodeIgniter\View\View->render('penilaian/tambah', [], true)
 5 APPPATH\Controllers\Penilaian.php(63): view('penilaian/tambah', [...])
 6 SYSTEMPATH\CodeIgniter.php(927): App\Controllers\Penilaian->tambah()
 7 SYSTEMPATH\CodeIgniter.php(482): CodeIgniter\CodeIgniter->runController(Object(App\Controllers\Penilaian))
 8 SYSTEMPATH\CodeIgniter.php(351): CodeIgniter\CodeIgniter->handleRequest(null, Object(Config\Cache), false)
 9 FCPATH\index.php(67): CodeIgniter\CodeIgniter->run()
10 SYSTEMPATH\Commands\Server\rewrite.php(46): require_once('FCPATH\\index.php')
CRITICAL - 2023-02-26 22:29:56 --> Attempt to read property "id_pasien" on array
in APPPATH\Views\Penilaian\tambah.php on line 32.
 1 APPPATH\Views\Penilaian\tambah.php(32): CodeIgniter\Debug\Exceptions->errorHandler(2, 'Attempt to read property "id_pasien" on array', 'APPPATH\\Views\\Penilaian\\tambah.php', 32)
 2 SYSTEMPATH\View\View.php(213): include('APPPATH\\Views\\Penilaian\\tambah.php')
 3 SYSTEMPATH\View\View.php(216): CodeIgniter\View\View->CodeIgniter\View\{closure}()
 4 SYSTEMPATH\Common.php(1134): CodeIgniter\View\View->render('penilaian/tambah', [], true)
 5 APPPATH\Controllers\Penilaian.php(63): view('penilaian/tambah', [...])
 6 SYSTEMPATH\CodeIgniter.php(927): App\Controllers\Penilaian->tambah()
 7 SYSTEMPATH\CodeIgniter.php(482): CodeIgniter\CodeIgniter->runController(Object(App\Controllers\Penilaian))
 8 SYSTEMPATH\CodeIgniter.php(351): CodeIgniter\CodeIgniter->handleRequest(null, Object(Config\Cache), false)
 9 FCPATH\index.php(67): CodeIgniter\CodeIgniter->run()
10 SYSTEMPATH\Commands\Server\rewrite.php(46): require_once('FCPATH\\index.php')
CRITICAL - 2023-02-26 22:29:58 --> Attempt to read property "id_pasien" on array
in APPPATH\Views\Penilaian\tambah.php on line 32.
 1 APPPATH\Views\Penilaian\tambah.php(32): CodeIgniter\Debug\Exceptions->errorHandler(2, 'Attempt to read property "id_pasien" on array', 'APPPATH\\Views\\Penilaian\\tambah.php', 32)
 2 SYSTEMPATH\View\View.php(213): include('APPPATH\\Views\\Penilaian\\tambah.php')
 3 SYSTEMPATH\View\View.php(216): CodeIgniter\View\View->CodeIgniter\View\{closure}()
 4 SYSTEMPATH\Common.php(1134): CodeIgniter\View\View->render('penilaian/tambah', [], true)
 5 APPPATH\Controllers\Penilaian.php(63): view('penilaian/tambah', [...])
 6 SYSTEMPATH\CodeIgniter.php(927): App\Controllers\Penilaian->tambah()
 7 SYSTEMPATH\CodeIgniter.php(482): CodeIgniter\CodeIgniter->runController(Object(App\Controllers\Penilaian))
 8 SYSTEMPATH\CodeIgniter.php(351): CodeIgniter\CodeIgniter->handleRequest(null, Object(Config\Cache), false)
 9 FCPATH\index.php(67): CodeIgniter\CodeIgniter->run()
10 SYSTEMPATH\Commands\Server\rewrite.php(46): require_once('FCPATH\\index.php')
CRITICAL - 2023-02-26 22:30:39 --> Attempt to read property "id_pasien" on array
in APPPATH\Views\Penilaian\tambah.php on line 32.
 1 APPPATH\Views\Penilaian\tambah.php(32): CodeIgniter\Debug\Exceptions->errorHandler(2, 'Attempt to read property "id_pasien" on array', 'APPPATH\\Views\\Penilaian\\tambah.php', 32)
 2 SYSTEMPATH\View\View.php(213): include('APPPATH\\Views\\Penilaian\\tambah.php')
 3 SYSTEMPATH\View\View.php(216): CodeIgniter\View\View->CodeIgniter\View\{closure}()
 4 SYSTEMPATH\Common.php(1134): CodeIgniter\View\View->render('penilaian/tambah', [], true)
 5 APPPATH\Controllers\Penilaian.php(63): view('penilaian/tambah', [...])
 6 SYSTEMPATH\CodeIgniter.php(927): App\Controllers\Penilaian->tambah()
 7 SYSTEMPATH\CodeIgniter.php(482): CodeIgniter\CodeIgniter->runController(Object(App\Controllers\Penilaian))
 8 SYSTEMPATH\CodeIgniter.php(351): CodeIgniter\CodeIgniter->handleRequest(null, Object(Config\Cache), false)
 9 FCPATH\index.php(67): CodeIgniter\CodeIgniter->run()
10 SYSTEMPATH\Commands\Server\rewrite.php(46): require_once('FCPATH\\index.php')
CRITICAL - 2023-02-26 22:30:41 --> Attempt to read property "id_pasien" on array
in APPPATH\Views\Penilaian\tambah.php on line 32.
 1 APPPATH\Views\Penilaian\tambah.php(32): CodeIgniter\Debug\Exceptions->errorHandler(2, 'Attempt to read property "id_pasien" on array', 'APPPATH\\Views\\Penilaian\\tambah.php', 32)
 2 SYSTEMPATH\View\View.php(213): include('APPPATH\\Views\\Penilaian\\tambah.php')
 3 SYSTEMPATH\View\View.php(216): CodeIgniter\View\View->CodeIgniter\View\{closure}()
 4 SYSTEMPATH\Common.php(1134): CodeIgniter\View\View->render('penilaian/tambah', [], true)
 5 APPPATH\Controllers\Penilaian.php(63): view('penilaian/tambah', [...])
 6 SYSTEMPATH\CodeIgniter.php(927): App\Controllers\Penilaian->tambah()
 7 SYSTEMPATH\CodeIgniter.php(482): CodeIgniter\CodeIgniter->runController(Object(App\Controllers\Penilaian))
 8 SYSTEMPATH\CodeIgniter.php(351): CodeIgniter\CodeIgniter->handleRequest(null, Object(Config\Cache), false)
 9 FCPATH\index.php(67): CodeIgniter\CodeIgniter->run()
10 SYSTEMPATH\Commands\Server\rewrite.php(46): require_once('FCPATH\\index.php')
CRITICAL - 2023-02-26 22:31:20 --> Attempt to read property "id_pasien" on array
in APPPATH\Views\Penilaian\tambah.php on line 32.
 1 APPPATH\Views\Penilaian\tambah.php(32): CodeIgniter\Debug\Exceptions->errorHandler(2, 'Attempt to read property "id_pasien" on array', 'APPPATH\\Views\\Penilaian\\tambah.php', 32)
 2 SYSTEMPATH\View\View.php(213): include('APPPATH\\Views\\Penilaian\\tambah.php')
 3 SYSTEMPATH\View\View.php(216): CodeIgniter\View\View->CodeIgniter\View\{closure}()
 4 SYSTEMPATH\Common.php(1134): CodeIgniter\View\View->render('penilaian/tambah', [], true)
 5 APPPATH\Controllers\Penilaian.php(63): view('penilaian/tambah', [...])
 6 SYSTEMPATH\CodeIgniter.php(927): App\Controllers\Penilaian->tambah()
 7 SYSTEMPATH\CodeIgniter.php(482): CodeIgniter\CodeIgniter->runController(Object(App\Controllers\Penilaian))
 8 SYSTEMPATH\CodeIgniter.php(351): CodeIgniter\CodeIgniter->handleRequest(null, Object(Config\Cache), false)
 9 FCPATH\index.php(67): CodeIgniter\CodeIgniter->run()
10 SYSTEMPATH\Commands\Server\rewrite.php(46): require_once('FCPATH\\index.php')
CRITICAL - 2023-02-26 22:31:22 --> Attempt to read property "id_pasien" on array
in APPPATH\Views\Penilaian\tambah.php on line 32.
 1 APPPATH\Views\Penilaian\tambah.php(32): CodeIgniter\Debug\Exceptions->errorHandler(2, 'Attempt to read property "id_pasien" on array', 'APPPATH\\Views\\Penilaian\\tambah.php', 32)
 2 SYSTEMPATH\View\View.php(213): include('APPPATH\\Views\\Penilaian\\tambah.php')
 3 SYSTEMPATH\View\View.php(216): CodeIgniter\View\View->CodeIgniter\View\{closure}()
 4 SYSTEMPATH\Common.php(1134): CodeIgniter\View\View->render('penilaian/tambah', [], true)
 5 APPPATH\Controllers\Penilaian.php(63): view('penilaian/tambah', [...])
 6 SYSTEMPATH\CodeIgniter.php(927): App\Controllers\Penilaian->tambah()
 7 SYSTEMPATH\CodeIgniter.php(482): CodeIgniter\CodeIgniter->runController(Object(App\Controllers\Penilaian))
 8 SYSTEMPATH\CodeIgniter.php(351): CodeIgniter\CodeIgniter->handleRequest(null, Object(Config\Cache), false)
 9 FCPATH\index.php(67): CodeIgniter\CodeIgniter->run()
10 SYSTEMPATH\Commands\Server\rewrite.php(46): require_once('FCPATH\\index.php')
CRITICAL - 2023-02-26 22:37:55 --> Attempt to read property "id_pasien" on array
in APPPATH\Views\Penilaian\tambah.php on line 32.
 1 APPPATH\Views\Penilaian\tambah.php(32): CodeIgniter\Debug\Exceptions->errorHandler(2, 'Attempt to read property "id_pasien" on array', 'APPPATH\\Views\\Penilaian\\tambah.php', 32)
 2 SYSTEMPATH\View\View.php(213): include('APPPATH\\Views\\Penilaian\\tambah.php')
 3 SYSTEMPATH\View\View.php(216): CodeIgniter\View\View->CodeIgniter\View\{closure}()
 4 SYSTEMPATH\Common.php(1134): CodeIgniter\View\View->render('penilaian/tambah', [], true)
 5 APPPATH\Controllers\Penilaian.php(63): view('penilaian/tambah', [...])
 6 SYSTEMPATH\CodeIgniter.php(927): App\Controllers\Penilaian->tambah()
 7 SYSTEMPATH\CodeIgniter.php(482): CodeIgniter\CodeIgniter->runController(Object(App\Controllers\Penilaian))
 8 SYSTEMPATH\CodeIgniter.php(351): CodeIgniter\CodeIgniter->handleRequest(null, Object(Config\Cache), false)
 9 FCPATH\index.php(67): CodeIgniter\CodeIgniter->run()
10 SYSTEMPATH\Commands\Server\rewrite.php(46): require_once('FCPATH\\index.php')
CRITICAL - 2023-02-26 22:49:16 --> Attempt to read property "id_pasien" on array
in APPPATH\Views\Penilaian\tambah.php on line 32.
 1 APPPATH\Views\Penilaian\tambah.php(32): CodeIgniter\Debug\Exceptions->errorHandler(2, 'Attempt to read property "id_pasien" on array', 'APPPATH\\Views\\Penilaian\\tambah.php', 32)
 2 SYSTEMPATH\View\View.php(213): include('APPPATH\\Views\\Penilaian\\tambah.php')
 3 SYSTEMPATH\View\View.php(216): CodeIgniter\View\View->CodeIgniter\View\{closure}()
 4 SYSTEMPATH\Common.php(1134): CodeIgniter\View\View->render('penilaian/tambah', [], true)
 5 APPPATH\Controllers\Penilaian.php(63): view('penilaian/tambah', [...])
 6 SYSTEMPATH\CodeIgniter.php(927): App\Controllers\Penilaian->tambah()
 7 SYSTEMPATH\CodeIgniter.php(482): CodeIgniter\CodeIgniter->runController(Object(App\Controllers\Penilaian))
 8 SYSTEMPATH\CodeIgniter.php(351): CodeIgniter\CodeIgniter->handleRequest(null, Object(Config\Cache), false)
 9 FCPATH\index.php(67): CodeIgniter\CodeIgniter->run()
10 SYSTEMPATH\Commands\Server\rewrite.php(46): require_once('FCPATH\\index.php')
CRITICAL - 2023-02-26 22:51:59 --> Attempt to read property "id_pasien" on array
in APPPATH\Views\Penilaian\tambah.php on line 32.
 1 APPPATH\Views\Penilaian\tambah.php(32): CodeIgniter\Debug\Exceptions->errorHandler(2, 'Attempt to read property "id_pasien" on array', 'APPPATH\\Views\\Penilaian\\tambah.php', 32)
 2 SYSTEMPATH\View\View.php(213): include('APPPATH\\Views\\Penilaian\\tambah.php')
 3 SYSTEMPATH\View\View.php(216): CodeIgniter\View\View->CodeIgniter\View\{closure}()
 4 SYSTEMPATH\Common.php(1134): CodeIgniter\View\View->render('penilaian/tambah', [], true)
 5 APPPATH\Controllers\Penilaian.php(63): view('penilaian/tambah', [...])
 6 SYSTEMPATH\CodeIgniter.php(927): App\Controllers\Penilaian->tambah()
 7 SYSTEMPATH\CodeIgniter.php(482): CodeIgniter\CodeIgniter->runController(Object(App\Controllers\Penilaian))
 8 SYSTEMPATH\CodeIgniter.php(351): CodeIgniter\CodeIgniter->handleRequest(null, Object(Config\Cache), false)
 9 FCPATH\index.php(67): CodeIgniter\CodeIgniter->run()
10 SYSTEMPATH\Commands\Server\rewrite.php(46): require_once('FCPATH\\index.php')
CRITICAL - 2023-02-26 22:52:00 --> Attempt to read property "id_pasien" on array
in APPPATH\Views\Penilaian\tambah.php on line 32.
 1 APPPATH\Views\Penilaian\tambah.php(32): CodeIgniter\Debug\Exceptions->errorHandler(2, 'Attempt to read property "id_pasien" on array', 'APPPATH\\Views\\Penilaian\\tambah.php', 32)
 2 SYSTEMPATH\View\View.php(213): include('APPPATH\\Views\\Penilaian\\tambah.php')
 3 SYSTEMPATH\View\View.php(216): CodeIgniter\View\View->CodeIgniter\View\{closure}()
 4 SYSTEMPATH\Common.php(1134): CodeIgniter\View\View->render('penilaian/tambah', [], true)
 5 APPPATH\Controllers\Penilaian.php(63): view('penilaian/tambah', [...])
 6 SYSTEMPATH\CodeIgniter.php(927): App\Controllers\Penilaian->tambah()
 7 SYSTEMPATH\CodeIgniter.php(482): CodeIgniter\CodeIgniter->runController(Object(App\Controllers\Penilaian))
 8 SYSTEMPATH\CodeIgniter.php(351): CodeIgniter\CodeIgniter->handleRequest(null, Object(Config\Cache), false)
 9 FCPATH\index.php(67): CodeIgniter\CodeIgniter->run()
10 SYSTEMPATH\Commands\Server\rewrite.php(46): require_once('FCPATH\\index.php')
CRITICAL - 2023-02-26 22:52:06 --> Attempt to read property "id_pasien" on array
in APPPATH\Views\Penilaian\tambah.php on line 32.
 1 APPPATH\Views\Penilaian\tambah.php(32): CodeIgniter\Debug\Exceptions->errorHandler(2, 'Attempt to read property "id_pasien" on array', 'APPPATH\\Views\\Penilaian\\tambah.php', 32)
 2 SYSTEMPATH\View\View.php(213): include('APPPATH\\Views\\Penilaian\\tambah.php')
 3 SYSTEMPATH\View\View.php(216): CodeIgniter\View\View->CodeIgniter\View\{closure}()
 4 SYSTEMPATH\Common.php(1134): CodeIgniter\View\View->render('penilaian/tambah', [], true)
 5 APPPATH\Controllers\Penilaian.php(63): view('penilaian/tambah', [...])
 6 SYSTEMPATH\CodeIgniter.php(927): App\Controllers\Penilaian->tambah()
 7 SYSTEMPATH\CodeIgniter.php(482): CodeIgniter\CodeIgniter->runController(Object(App\Controllers\Penilaian))
 8 SYSTEMPATH\CodeIgniter.php(351): CodeIgniter\CodeIgniter->handleRequest(null, Object(Config\Cache), false)
 9 FCPATH\index.php(67): CodeIgniter\CodeIgniter->run()
10 SYSTEMPATH\Commands\Server\rewrite.php(46): require_once('FCPATH\\index.php')
CRITICAL - 2023-02-26 22:57:24 --> Attempt to read property "id_pasien" on array
in APPPATH\Views\Penilaian\tambah.php on line 32.
 1 APPPATH\Views\Penilaian\tambah.php(32): CodeIgniter\Debug\Exceptions->errorHandler(2, 'Attempt to read property "id_pasien" on array', 'APPPATH\\Views\\Penilaian\\tambah.php', 32)
 2 SYSTEMPATH\View\View.php(213): include('APPPATH\\Views\\Penilaian\\tambah.php')
 3 SYSTEMPATH\View\View.php(216): CodeIgniter\View\View->CodeIgniter\View\{closure}()
 4 SYSTEMPATH\Common.php(1134): CodeIgniter\View\View->render('penilaian/tambah', [], true)
 5 APPPATH\Controllers\Penilaian.php(63): view('penilaian/tambah', [...])
 6 SYSTEMPATH\CodeIgniter.php(927): App\Controllers\Penilaian->tambah()
 7 SYSTEMPATH\CodeIgniter.php(482): CodeIgniter\CodeIgniter->runController(Object(App\Controllers\Penilaian))
 8 SYSTEMPATH\CodeIgniter.php(351): CodeIgniter\CodeIgniter->handleRequest(null, Object(Config\Cache), false)
 9 FCPATH\index.php(67): CodeIgniter\CodeIgniter->run()
10 SYSTEMPATH\Commands\Server\rewrite.php(46): require_once('FCPATH\\index.php')
CRITICAL - 2023-02-26 23:11:18 --> Attempt to read property "id_pasien" on array
in APPPATH\Views\Penilaian\tambah.php on line 32.
 1 APPPATH\Views\Penilaian\tambah.php(32): CodeIgniter\Debug\Exceptions->errorHandler(2, 'Attempt to read property "id_pasien" on array', 'APPPATH\\Views\\Penilaian\\tambah.php', 32)
 2 SYSTEMPATH\View\View.php(213): include('APPPATH\\Views\\Penilaian\\tambah.php')
 3 SYSTEMPATH\View\View.php(216): CodeIgniter\View\View->CodeIgniter\View\{closure}()
 4 SYSTEMPATH\Common.php(1134): CodeIgniter\View\View->render('penilaian/tambah', [], true)
 5 APPPATH\Controllers\Penilaian.php(63): view('penilaian/tambah', [...])
 6 SYSTEMPATH\CodeIgniter.php(927): App\Controllers\Penilaian->tambah()
 7 SYSTEMPATH\CodeIgniter.php(482): CodeIgniter\CodeIgniter->runController(Object(App\Controllers\Penilaian))
 8 SYSTEMPATH\CodeIgniter.php(351): CodeIgniter\CodeIgniter->handleRequest(null, Object(Config\Cache), false)
 9 FCPATH\index.php(67): CodeIgniter\CodeIgniter->run()
10 SYSTEMPATH\Commands\Server\rewrite.php(46): require_once('FCPATH\\index.php')
CRITICAL - 2023-02-26 23:14:09 --> Undefined array key "nama_pasien"
in APPPATH\Views\Penilaian\tambah.php on line 32.
 1 APPPATH\Views\Penilaian\tambah.php(32): CodeIgniter\Debug\Exceptions->errorHandler(2, 'Undefined array key "nama_pasien"', 'APPPATH\\Views\\Penilaian\\tambah.php', 32)
 2 SYSTEMPATH\View\View.php(213): include('APPPATH\\Views\\Penilaian\\tambah.php')
 3 SYSTEMPATH\View\View.php(216): CodeIgniter\View\View->CodeIgniter\View\{closure}()
 4 SYSTEMPATH\Common.php(1134): CodeIgniter\View\View->render('penilaian/tambah', [], true)
 5 APPPATH\Controllers\Penilaian.php(63): view('penilaian/tambah', [...])
 6 SYSTEMPATH\CodeIgniter.php(927): App\Controllers\Penilaian->tambah()
 7 SYSTEMPATH\CodeIgniter.php(482): CodeIgniter\CodeIgniter->runController(Object(App\Controllers\Penilaian))
 8 SYSTEMPATH\CodeIgniter.php(351): CodeIgniter\CodeIgniter->handleRequest(null, Object(Config\Cache), false)
 9 FCPATH\index.php(67): CodeIgniter\CodeIgniter->run()
10 SYSTEMPATH\Commands\Server\rewrite.php(46): require_once('FCPATH\\index.php')
CRITICAL - 2023-02-26 23:15:19 --> Undefined array key "nama_pasien"
in APPPATH\Views\Penilaian\tambah.php on line 32.
 1 APPPATH\Views\Penilaian\tambah.php(32): CodeIgniter\Debug\Exceptions->errorHandler(2, 'Undefined array key "nama_pasien"', 'APPPATH\\Views\\Penilaian\\tambah.php', 32)
 2 SYSTEMPATH\View\View.php(213): include('APPPATH\\Views\\Penilaian\\tambah.php')
 3 SYSTEMPATH\View\View.php(216): CodeIgniter\View\View->CodeIgniter\View\{closure}()
 4 SYSTEMPATH\Common.php(1134): CodeIgniter\View\View->render('penilaian/tambah', [], true)
 5 APPPATH\Controllers\Penilaian.php(63): view('penilaian/tambah', [...])
 6 SYSTEMPATH\CodeIgniter.php(927): App\Controllers\Penilaian->tambah()
 7 SYSTEMPATH\CodeIgniter.php(482): CodeIgniter\CodeIgniter->runController(Object(App\Controllers\Penilaian))
 8 SYSTEMPATH\CodeIgniter.php(351): CodeIgniter\CodeIgniter->handleRequest(null, Object(Config\Cache), false)
 9 FCPATH\index.php(67): CodeIgniter\CodeIgniter->run()
10 SYSTEMPATH\Commands\Server\rewrite.php(46): require_once('FCPATH\\index.php')
CRITICAL - 2023-02-26 23:17:32 --> Undefined array key "nama_pasien"
in APPPATH\Views\Penilaian\tambah.php on line 32.
 1 APPPATH\Views\Penilaian\tambah.php(32): CodeIgniter\Debug\Exceptions->errorHandler(2, 'Undefined array key "nama_pasien"', 'APPPATH\\Views\\Penilaian\\tambah.php', 32)
 2 SYSTEMPATH\View\View.php(213): include('APPPATH\\Views\\Penilaian\\tambah.php')
 3 SYSTEMPATH\View\View.php(216): CodeIgniter\View\View->CodeIgniter\View\{closure}()
 4 SYSTEMPATH\Common.php(1134): CodeIgniter\View\View->render('penilaian/tambah', [], true)
 5 APPPATH\Controllers\Penilaian.php(63): view('penilaian/tambah', [...])
 6 SYSTEMPATH\CodeIgniter.php(927): App\Controllers\Penilaian->tambah()
 7 SYSTEMPATH\CodeIgniter.php(482): CodeIgniter\CodeIgniter->runController(Object(App\Controllers\Penilaian))
 8 SYSTEMPATH\CodeIgniter.php(351): CodeIgniter\CodeIgniter->handleRequest(null, Object(Config\Cache), false)
 9 FCPATH\index.php(67): CodeIgniter\CodeIgniter->run()
10 SYSTEMPATH\Commands\Server\rewrite.php(46): require_once('FCPATH\\index.php')
CRITICAL - 2023-02-26 23:49:30 --> Undefined array key "nama_pasien"
in APPPATH\Views\Penilaian\dokumentasi.php on line 23.
 1 APPPATH\Views\Penilaian\dokumentasi.php(23): CodeIgniter\Debug\Exceptions->errorHandler(2, 'Undefined array key "nama_pasien"', 'APPPATH\\Views\\Penilaian\\dokumentasi.php', 23)
 2 SYSTEMPATH\View\View.php(213): include('APPPATH\\Views\\Penilaian\\dokumentasi.php')
 3 SYSTEMPATH\View\View.php(216): CodeIgniter\View\View->CodeIgniter\View\{closure}()
 4 SYSTEMPATH\Common.php(1134): CodeIgniter\View\View->render('penilaian/dokumentasi', [], true)
 5 APPPATH\Controllers\Penilaian.php(49): view('penilaian/dokumentasi', [...])
 6 SYSTEMPATH\CodeIgniter.php(927): App\Controllers\Penilaian->dokumentasi()
 7 SYSTEMPATH\CodeIgniter.php(482): CodeIgniter\CodeIgniter->runController(Object(App\Controllers\Penilaian))
 8 SYSTEMPATH\CodeIgniter.php(351): CodeIgniter\CodeIgniter->handleRequest(null, Object(Config\Cache), false)
 9 FCPATH\index.php(67): CodeIgniter\CodeIgniter->run()
10 SYSTEMPATH\Commands\Server\rewrite.php(46): require_once('FCPATH\\index.php')
