CRITICAL - 2022-12-07 03:03:58 --> Cannot use object of type mysqli as array
in APPPATH\Views\Pasien\index.php on line 33.
 1 SYSTEMPATH\View\View.php(213): include()
 2 SYSTEMPATH\View\View.php(216): CodeIgniter\View\View->CodeIgniter\View\{closure}()
 3 SYSTEMPATH\Common.php(1134): CodeIgniter\View\View->render('pasien/index', [], true)
 4 APPPATH\Controllers\Pasien.php(25): view('pasien/index', [...])
 5 SYSTEMPATH\CodeIgniter.php(927): App\Controllers\Pasien->index()
 6 SYSTEMPATH\CodeIgniter.php(482): CodeIgniter\CodeIgniter->runController(Object(App\Controllers\Pasien))
 7 SYSTEMPATH\CodeIgniter.php(351): CodeIgniter\CodeIgniter->handleRequest(null, Object(Config\Cache), false)
 8 FCPATH\index.php(67): CodeIgniter\CodeIgniter->run()
 9 SYSTEMPATH\Commands\Server\rewrite.php(46): require_once('FCPATH\\index.php')
CRITICAL - 2022-12-07 03:05:05 --> Cannot use object of type mysqli as array
in APPPATH\Views\Pasien\index.php on line 33.
 1 SYSTEMPATH\View\View.php(213): include()
 2 SYSTEMPATH\View\View.php(216): CodeIgniter\View\View->CodeIgniter\View\{closure}()
 3 SYSTEMPATH\Common.php(1134): CodeIgniter\View\View->render('pasien/index', [], true)
 4 APPPATH\Controllers\Pasien.php(25): view('pasien/index', [...])
 5 SYSTEMPATH\CodeIgniter.php(927): App\Controllers\Pasien->index()
 6 SYSTEMPATH\CodeIgniter.php(482): CodeIgniter\CodeIgniter->runController(Object(App\Controllers\Pasien))
 7 SYSTEMPATH\CodeIgniter.php(351): CodeIgniter\CodeIgniter->handleRequest(null, Object(Config\Cache), false)
 8 FCPATH\index.php(67): CodeIgniter\CodeIgniter->run()
 9 SYSTEMPATH\Commands\Server\rewrite.php(46): require_once('FCPATH\\index.php')
CRITICAL - 2022-12-07 03:06:16 --> Undefined property: CodeIgniter\Database\MySQLi\Result::$getDataArray
in APPPATH\Models\M_Pasien.php on line 16.
 1 APPPATH\Models\M_Pasien.php(16): CodeIgniter\Debug\Exceptions->errorHandler(2, 'Undefined property: CodeIgniter\\Database\\MySQLi\\Result::$getDataArray', 'APPPATH\\Models\\M_Pasien.php', 16)
 2 APPPATH\Controllers\Pasien.php(19): App\Models\M_Pasien->getAllData()
 3 SYSTEMPATH\CodeIgniter.php(927): App\Controllers\Pasien->index()
 4 SYSTEMPATH\CodeIgniter.php(482): CodeIgniter\CodeIgniter->runController(Object(App\Controllers\Pasien))
 5 SYSTEMPATH\CodeIgniter.php(351): CodeIgniter\CodeIgniter->handleRequest(null, Object(Config\Cache), false)
 6 FCPATH\index.php(67): CodeIgniter\CodeIgniter->run()
 7 SYSTEMPATH\Commands\Server\rewrite.php(46): require_once('FCPATH\\index.php')
ERROR - 2022-12-07 03:09:01 --> mysqli_sql_exception: Column 'jenis_kelamin' cannot be null in C:\xampp\htdocs\demensia\system\Database\MySQLi\Connection.php:292
Stack trace:
#0 C:\xampp\htdocs\demensia\system\Database\MySQLi\Connection.php(292): mysqli->query('INSERT INTO `pa...', 0)
#1 C:\xampp\htdocs\demensia\system\Database\BaseConnection.php(666): CodeIgniter\Database\MySQLi\Connection->execute('INSERT INTO `pa...')
#2 C:\xampp\htdocs\demensia\system\Database\BaseConnection.php(593): CodeIgniter\Database\BaseConnection->simpleQuery('INSERT INTO `pa...')
#3 C:\xampp\htdocs\demensia\system\Database\BaseBuilder.php(1916): CodeIgniter\Database\BaseConnection->query('INSERT INTO `pa...', Array, false)
#4 C:\xampp\htdocs\demensia\app\Models\M_Pasien.php(21): CodeIgniter\Database\BaseBuilder->insert(Array)
#5 C:\xampp\htdocs\demensia\app\Controllers\Pasien.php(41): App\Models\M_Pasien->tambah(Array)
#6 C:\xampp\htdocs\demensia\system\CodeIgniter.php(927): App\Controllers\Pasien->tambah()
#7 C:\xampp\htdocs\demensia\system\CodeIgniter.php(482): CodeIgniter\CodeIgniter->runController(Object(App\Controllers\Pasien))
#8 C:\xampp\htdocs\demensia\system\CodeIgniter.php(351): CodeIgniter\CodeIgniter->handleRequest(NULL, Object(Config\Cache), false)
#9 C:\xampp\htdocs\demensia\public\index.php(67): CodeIgniter\CodeIgniter->run()
#10 C:\xampp\htdocs\demensia\system\Commands\Server\rewrite.php(46): require_once('C:\\xampp\\htdocs...')
#11 {main}
CRITICAL - 2022-12-07 03:09:01 --> Column 'jenis_kelamin' cannot be null
in SYSTEMPATH\Database\MySQLi\Connection.php on line 292.
 1 SYSTEMPATH\Database\MySQLi\Connection.php(292): mysqli->query('INSERT INTO `pasien` (`nama`, `jenis_kelamin`, `umur`, `pendidikan`, `pekerjaan`, `riwayat_penyakit`) VALUES (\'Yuli\', NULL, \'67\', NULL, \'Ibu Rumah Tangga\', NULL)', 0)
 2 SYSTEMPATH\Database\BaseConnection.php(666): CodeIgniter\Database\MySQLi\Connection->execute('INSERT INTO `pasien` (`nama`, `jenis_kelamin`, `umur`, `pendidikan`, `pekerjaan`, `riwayat_penyakit`) VALUES (\'Yuli\', NULL, \'67\', NULL, \'Ibu Rumah Tangga\', NULL)')
 3 SYSTEMPATH\Database\BaseConnection.php(593): CodeIgniter\Database\BaseConnection->simpleQuery('INSERT INTO `pasien` (`nama`, `jenis_kelamin`, `umur`, `pendidikan`, `pekerjaan`, `riwayat_penyakit`) VALUES (\'Yuli\', NULL, \'67\', NULL, \'Ibu Rumah Tangga\', NULL)')
 4 SYSTEMPATH\Database\BaseBuilder.php(1916): CodeIgniter\Database\BaseConnection->query('INSERT INTO `pasien` (`nama`, `jenis_kelamin`, `umur`, `pendidikan`, `pekerjaan`, `riwayat_penyakit`) VALUES (:nama:, :jenis_kelamin:, :umur:, :pendidikan:, :pekerjaan:, :riwayat_penyakit:)', [...], false)
 5 APPPATH\Models\M_Pasien.php(21): CodeIgniter\Database\BaseBuilder->insert([...])
 6 APPPATH\Controllers\Pasien.php(41): App\Models\M_Pasien->tambah([...])
 7 SYSTEMPATH\CodeIgniter.php(927): App\Controllers\Pasien->tambah()
 8 SYSTEMPATH\CodeIgniter.php(482): CodeIgniter\CodeIgniter->runController(Object(App\Controllers\Pasien))
 9 SYSTEMPATH\CodeIgniter.php(351): CodeIgniter\CodeIgniter->handleRequest(null, Object(Config\Cache), false)
10 FCPATH\index.php(67): CodeIgniter\CodeIgniter->run()
11 SYSTEMPATH\Commands\Server\rewrite.php(46): require_once('FCPATH\\index.php')
ERROR - 2022-12-07 03:10:08 --> mysqli_sql_exception: Column 'jenis_kelamin' cannot be null in C:\xampp\htdocs\demensia\system\Database\MySQLi\Connection.php:292
Stack trace:
#0 C:\xampp\htdocs\demensia\system\Database\MySQLi\Connection.php(292): mysqli->query('INSERT INTO `pa...', 0)
#1 C:\xampp\htdocs\demensia\system\Database\BaseConnection.php(666): CodeIgniter\Database\MySQLi\Connection->execute('INSERT INTO `pa...')
#2 C:\xampp\htdocs\demensia\system\Database\BaseConnection.php(593): CodeIgniter\Database\BaseConnection->simpleQuery('INSERT INTO `pa...')
#3 C:\xampp\htdocs\demensia\system\Database\BaseBuilder.php(1916): CodeIgniter\Database\BaseConnection->query('INSERT INTO `pa...', Array, false)
#4 C:\xampp\htdocs\demensia\app\Models\M_Pasien.php(21): CodeIgniter\Database\BaseBuilder->insert(Array)
#5 C:\xampp\htdocs\demensia\app\Controllers\Pasien.php(41): App\Models\M_Pasien->tambah(Array)
#6 C:\xampp\htdocs\demensia\system\CodeIgniter.php(927): App\Controllers\Pasien->tambah()
#7 C:\xampp\htdocs\demensia\system\CodeIgniter.php(482): CodeIgniter\CodeIgniter->runController(Object(App\Controllers\Pasien))
#8 C:\xampp\htdocs\demensia\system\CodeIgniter.php(351): CodeIgniter\CodeIgniter->handleRequest(NULL, Object(Config\Cache), false)
#9 C:\xampp\htdocs\demensia\public\index.php(67): CodeIgniter\CodeIgniter->run()
#10 C:\xampp\htdocs\demensia\system\Commands\Server\rewrite.php(46): require_once('C:\\xampp\\htdocs...')
#11 {main}
CRITICAL - 2022-12-07 03:10:08 --> Column 'jenis_kelamin' cannot be null
in SYSTEMPATH\Database\MySQLi\Connection.php on line 292.
 1 SYSTEMPATH\Database\MySQLi\Connection.php(292): mysqli->query('INSERT INTO `pasien` (`nama`, `jenis_kelamin`, `umur`, `pendidikan`, `pekerjaan`, `riwayat_penyakit`) VALUES (\'Yuli\', NULL, \'67\', NULL, \'Ibu Rumah Tangga\', NULL)', 0)
 2 SYSTEMPATH\Database\BaseConnection.php(666): CodeIgniter\Database\MySQLi\Connection->execute('INSERT INTO `pasien` (`nama`, `jenis_kelamin`, `umur`, `pendidikan`, `pekerjaan`, `riwayat_penyakit`) VALUES (\'Yuli\', NULL, \'67\', NULL, \'Ibu Rumah Tangga\', NULL)')
 3 SYSTEMPATH\Database\BaseConnection.php(593): CodeIgniter\Database\BaseConnection->simpleQuery('INSERT INTO `pasien` (`nama`, `jenis_kelamin`, `umur`, `pendidikan`, `pekerjaan`, `riwayat_penyakit`) VALUES (\'Yuli\', NULL, \'67\', NULL, \'Ibu Rumah Tangga\', NULL)')
 4 SYSTEMPATH\Database\BaseBuilder.php(1916): CodeIgniter\Database\BaseConnection->query('INSERT INTO `pasien` (`nama`, `jenis_kelamin`, `umur`, `pendidikan`, `pekerjaan`, `riwayat_penyakit`) VALUES (:nama:, :jenis_kelamin:, :umur:, :pendidikan:, :pekerjaan:, :riwayat_penyakit:)', [...], false)
 5 APPPATH\Models\M_Pasien.php(21): CodeIgniter\Database\BaseBuilder->insert([...])
 6 APPPATH\Controllers\Pasien.php(41): App\Models\M_Pasien->tambah([...])
 7 SYSTEMPATH\CodeIgniter.php(927): App\Controllers\Pasien->tambah()
 8 SYSTEMPATH\CodeIgniter.php(482): CodeIgniter\CodeIgniter->runController(Object(App\Controllers\Pasien))
 9 SYSTEMPATH\CodeIgniter.php(351): CodeIgniter\CodeIgniter->handleRequest(null, Object(Config\Cache), false)
10 FCPATH\index.php(67): CodeIgniter\CodeIgniter->run()
11 SYSTEMPATH\Commands\Server\rewrite.php(46): require_once('FCPATH\\index.php')
ERROR - 2022-12-07 03:14:10 --> mysqli_sql_exception: Column 'jenis_kelamin' cannot be null in C:\xampp\htdocs\demensia\system\Database\MySQLi\Connection.php:292
Stack trace:
#0 C:\xampp\htdocs\demensia\system\Database\MySQLi\Connection.php(292): mysqli->query('INSERT INTO `pa...', 0)
#1 C:\xampp\htdocs\demensia\system\Database\BaseConnection.php(666): CodeIgniter\Database\MySQLi\Connection->execute('INSERT INTO `pa...')
#2 C:\xampp\htdocs\demensia\system\Database\BaseConnection.php(593): CodeIgniter\Database\BaseConnection->simpleQuery('INSERT INTO `pa...')
#3 C:\xampp\htdocs\demensia\system\Database\BaseBuilder.php(1916): CodeIgniter\Database\BaseConnection->query('INSERT INTO `pa...', Array, false)
#4 C:\xampp\htdocs\demensia\app\Models\M_Pasien.php(21): CodeIgniter\Database\BaseBuilder->insert(Array)
#5 C:\xampp\htdocs\demensia\app\Controllers\Pasien.php(41): App\Models\M_Pasien->tambah(Array)
#6 C:\xampp\htdocs\demensia\system\CodeIgniter.php(927): App\Controllers\Pasien->tambah()
#7 C:\xampp\htdocs\demensia\system\CodeIgniter.php(482): CodeIgniter\CodeIgniter->runController(Object(App\Controllers\Pasien))
#8 C:\xampp\htdocs\demensia\system\CodeIgniter.php(351): CodeIgniter\CodeIgniter->handleRequest(NULL, Object(Config\Cache), false)
#9 C:\xampp\htdocs\demensia\public\index.php(67): CodeIgniter\CodeIgniter->run()
#10 C:\xampp\htdocs\demensia\system\Commands\Server\rewrite.php(46): require_once('C:\\xampp\\htdocs...')
#11 {main}
CRITICAL - 2022-12-07 03:14:10 --> Column 'jenis_kelamin' cannot be null
in SYSTEMPATH\Database\MySQLi\Connection.php on line 292.
 1 SYSTEMPATH\Database\MySQLi\Connection.php(292): mysqli->query('INSERT INTO `pasien` (`nama`, `jenis_kelamin`, `umur`, `pendidikan`, `pekerjaan`, `riwayat_penyakit`) VALUES (\'Yuli\', NULL, \'67\', NULL, \'Ibu Rumah Tangga\', NULL)', 0)
 2 SYSTEMPATH\Database\BaseConnection.php(666): CodeIgniter\Database\MySQLi\Connection->execute('INSERT INTO `pasien` (`nama`, `jenis_kelamin`, `umur`, `pendidikan`, `pekerjaan`, `riwayat_penyakit`) VALUES (\'Yuli\', NULL, \'67\', NULL, \'Ibu Rumah Tangga\', NULL)')
 3 SYSTEMPATH\Database\BaseConnection.php(593): CodeIgniter\Database\BaseConnection->simpleQuery('INSERT INTO `pasien` (`nama`, `jenis_kelamin`, `umur`, `pendidikan`, `pekerjaan`, `riwayat_penyakit`) VALUES (\'Yuli\', NULL, \'67\', NULL, \'Ibu Rumah Tangga\', NULL)')
 4 SYSTEMPATH\Database\BaseBuilder.php(1916): CodeIgniter\Database\BaseConnection->query('INSERT INTO `pasien` (`nama`, `jenis_kelamin`, `umur`, `pendidikan`, `pekerjaan`, `riwayat_penyakit`) VALUES (:nama:, :jenis_kelamin:, :umur:, :pendidikan:, :pekerjaan:, :riwayat_penyakit:)', [...], false)
 5 APPPATH\Models\M_Pasien.php(21): CodeIgniter\Database\BaseBuilder->insert([...])
 6 APPPATH\Controllers\Pasien.php(41): App\Models\M_Pasien->tambah([...])
 7 SYSTEMPATH\CodeIgniter.php(927): App\Controllers\Pasien->tambah()
 8 SYSTEMPATH\CodeIgniter.php(482): CodeIgniter\CodeIgniter->runController(Object(App\Controllers\Pasien))
 9 SYSTEMPATH\CodeIgniter.php(351): CodeIgniter\CodeIgniter->handleRequest(null, Object(Config\Cache), false)
10 FCPATH\index.php(67): CodeIgniter\CodeIgniter->run()
11 SYSTEMPATH\Commands\Server\rewrite.php(46): require_once('FCPATH\\index.php')
ERROR - 2022-12-07 03:17:33 --> mysqli_sql_exception: Column 'jenis_kelamin' cannot be null in C:\xampp\htdocs\demensia\system\Database\MySQLi\Connection.php:292
Stack trace:
#0 C:\xampp\htdocs\demensia\system\Database\MySQLi\Connection.php(292): mysqli->query('INSERT INTO `pa...', 0)
#1 C:\xampp\htdocs\demensia\system\Database\BaseConnection.php(666): CodeIgniter\Database\MySQLi\Connection->execute('INSERT INTO `pa...')
#2 C:\xampp\htdocs\demensia\system\Database\BaseConnection.php(593): CodeIgniter\Database\BaseConnection->simpleQuery('INSERT INTO `pa...')
#3 C:\xampp\htdocs\demensia\system\Database\BaseBuilder.php(1916): CodeIgniter\Database\BaseConnection->query('INSERT INTO `pa...', Array, false)
#4 C:\xampp\htdocs\demensia\app\Models\M_Pasien.php(21): CodeIgniter\Database\BaseBuilder->insert(Array)
#5 C:\xampp\htdocs\demensia\app\Controllers\Pasien.php(41): App\Models\M_Pasien->tambah(Array)
#6 C:\xampp\htdocs\demensia\system\CodeIgniter.php(927): App\Controllers\Pasien->tambah()
#7 C:\xampp\htdocs\demensia\system\CodeIgniter.php(482): CodeIgniter\CodeIgniter->runController(Object(App\Controllers\Pasien))
#8 C:\xampp\htdocs\demensia\system\CodeIgniter.php(351): CodeIgniter\CodeIgniter->handleRequest(NULL, Object(Config\Cache), false)
#9 C:\xampp\htdocs\demensia\public\index.php(67): CodeIgniter\CodeIgniter->run()
#10 C:\xampp\htdocs\demensia\system\Commands\Server\rewrite.php(46): require_once('C:\\xampp\\htdocs...')
#11 {main}
CRITICAL - 2022-12-07 03:17:33 --> Column 'jenis_kelamin' cannot be null
in SYSTEMPATH\Database\MySQLi\Connection.php on line 292.
 1 SYSTEMPATH\Database\MySQLi\Connection.php(292): mysqli->query('INSERT INTO `pasien` (`nama`, `jenis_kelamin`, `umur`, `pendidikan`, `pekerjaan`, `riwayat_penyakit`) VALUES (\'Yuli\', NULL, \'67\', NULL, \'Ibu Rumah Tangga\', NULL)', 0)
 2 SYSTEMPATH\Database\BaseConnection.php(666): CodeIgniter\Database\MySQLi\Connection->execute('INSERT INTO `pasien` (`nama`, `jenis_kelamin`, `umur`, `pendidikan`, `pekerjaan`, `riwayat_penyakit`) VALUES (\'Yuli\', NULL, \'67\', NULL, \'Ibu Rumah Tangga\', NULL)')
 3 SYSTEMPATH\Database\BaseConnection.php(593): CodeIgniter\Database\BaseConnection->simpleQuery('INSERT INTO `pasien` (`nama`, `jenis_kelamin`, `umur`, `pendidikan`, `pekerjaan`, `riwayat_penyakit`) VALUES (\'Yuli\', NULL, \'67\', NULL, \'Ibu Rumah Tangga\', NULL)')
 4 SYSTEMPATH\Database\BaseBuilder.php(1916): CodeIgniter\Database\BaseConnection->query('INSERT INTO `pasien` (`nama`, `jenis_kelamin`, `umur`, `pendidikan`, `pekerjaan`, `riwayat_penyakit`) VALUES (:nama:, :jenis_kelamin:, :umur:, :pendidikan:, :pekerjaan:, :riwayat_penyakit:)', [...], false)
 5 APPPATH\Models\M_Pasien.php(21): CodeIgniter\Database\BaseBuilder->insert([...])
 6 APPPATH\Controllers\Pasien.php(41): App\Models\M_Pasien->tambah([...])
 7 SYSTEMPATH\CodeIgniter.php(927): App\Controllers\Pasien->tambah()
 8 SYSTEMPATH\CodeIgniter.php(482): CodeIgniter\CodeIgniter->runController(Object(App\Controllers\Pasien))
 9 SYSTEMPATH\CodeIgniter.php(351): CodeIgniter\CodeIgniter->handleRequest(null, Object(Config\Cache), false)
10 FCPATH\index.php(67): CodeIgniter\CodeIgniter->run()
11 SYSTEMPATH\Commands\Server\rewrite.php(46): require_once('FCPATH\\index.php')
CRITICAL - 2022-12-07 03:51:12 --> Call to undefined function set_select()
in APPPATH\Views\Pasien\index.php on line 77.
 1 SYSTEMPATH\View\View.php(213): include()
 2 SYSTEMPATH\View\View.php(216): CodeIgniter\View\View->CodeIgniter\View\{closure}()
 3 SYSTEMPATH\Common.php(1134): CodeIgniter\View\View->render('pasien/index', [], true)
 4 APPPATH\Controllers\Pasien.php(25): view('pasien/index', [...])
 5 SYSTEMPATH\CodeIgniter.php(927): App\Controllers\Pasien->index()
 6 SYSTEMPATH\CodeIgniter.php(482): CodeIgniter\CodeIgniter->runController(Object(App\Controllers\Pasien))
 7 SYSTEMPATH\CodeIgniter.php(351): CodeIgniter\CodeIgniter->handleRequest(null, Object(Config\Cache), false)
 8 FCPATH\index.php(67): CodeIgniter\CodeIgniter->run()
 9 SYSTEMPATH\Commands\Server\rewrite.php(46): require_once('FCPATH\\index.php')
CRITICAL - 2022-12-07 03:52:53 --> Call to undefined function set_select()
in APPPATH\Views\Pasien\index.php on line 77.
 1 SYSTEMPATH\View\View.php(213): include()
 2 SYSTEMPATH\View\View.php(216): CodeIgniter\View\View->CodeIgniter\View\{closure}()
 3 SYSTEMPATH\Common.php(1134): CodeIgniter\View\View->render('pasien/index', [], true)
 4 APPPATH\Controllers\Pasien.php(25): view('pasien/index', [...])
 5 SYSTEMPATH\CodeIgniter.php(927): App\Controllers\Pasien->index()
 6 SYSTEMPATH\CodeIgniter.php(482): CodeIgniter\CodeIgniter->runController(Object(App\Controllers\Pasien))
 7 SYSTEMPATH\CodeIgniter.php(351): CodeIgniter\CodeIgniter->handleRequest(null, Object(Config\Cache), false)
 8 FCPATH\index.php(67): CodeIgniter\CodeIgniter->run()
 9 SYSTEMPATH\Commands\Server\rewrite.php(46): require_once('FCPATH\\index.php')
CRITICAL - 2022-12-07 03:53:02 --> Call to undefined function set_select()
in APPPATH\Views\Pasien\index.php on line 77.
 1 SYSTEMPATH\View\View.php(213): include()
 2 SYSTEMPATH\View\View.php(216): CodeIgniter\View\View->CodeIgniter\View\{closure}()
 3 SYSTEMPATH\Common.php(1134): CodeIgniter\View\View->render('pasien/index', [], true)
 4 APPPATH\Controllers\Pasien.php(25): view('pasien/index', [...])
 5 SYSTEMPATH\CodeIgniter.php(927): App\Controllers\Pasien->index()
 6 SYSTEMPATH\CodeIgniter.php(482): CodeIgniter\CodeIgniter->runController(Object(App\Controllers\Pasien))
 7 SYSTEMPATH\CodeIgniter.php(351): CodeIgniter\CodeIgniter->handleRequest(null, Object(Config\Cache), false)
 8 FCPATH\index.php(67): CodeIgniter\CodeIgniter->run()
 9 SYSTEMPATH\Commands\Server\rewrite.php(46): require_once('FCPATH\\index.php')
