CRITICAL - 2023-03-24 00:00:41 --> Undefined property: CodeIgniter\View\View::$db
in APPPATH\Views\templates\template.php on line 314.
 1 APPPATH\Views\templates\template.php(314): CodeIgniter\Debug\Exceptions->errorHandler(2, 'Undefined property: CodeIgniter\\View\\View::$db', 'APPPATH\\Views\\templates\\template.php', 314)
 2 SYSTEMPATH\View\View.php(213): include('APPPATH\\Views\\templates\\template.php')
 3 SYSTEMPATH\View\View.php(216): CodeIgniter\View\View->CodeIgniter\View\{closure}()
 4 SYSTEMPATH\View\View.php(229): CodeIgniter\View\View->render('templates/template', [], true)
 5 SYSTEMPATH\Common.php(1134): CodeIgniter\View\View->render('pemeriksa/index', [], true)
 6 APPPATH\Controllers\Pemeriksa.php(27): view('pemeriksa/index', [...])
 7 SYSTEMPATH\CodeIgniter.php(927): App\Controllers\Pemeriksa->index()
 8 SYSTEMPATH\CodeIgniter.php(482): CodeIgniter\CodeIgniter->runController(Object(App\Controllers\Pemeriksa))
 9 SYSTEMPATH\CodeIgniter.php(351): CodeIgniter\CodeIgniter->handleRequest(null, Object(Config\Cache), false)
10 FCPATH\index.php(67): CodeIgniter\CodeIgniter->run()
11 SYSTEMPATH\Commands\Server\rewrite.php(46): require_once('FCPATH\\index.php')
CRITICAL - 2023-03-24 00:02:03 --> Undefined variable $db
in APPPATH\Views\templates\template.php on line 314.
 1 APPPATH\Views\templates\template.php(314): CodeIgniter\Debug\Exceptions->errorHandler(2, 'Undefined variable $db', 'APPPATH\\Views\\templates\\template.php', 314)
 2 SYSTEMPATH\View\View.php(213): include('APPPATH\\Views\\templates\\template.php')
 3 SYSTEMPATH\View\View.php(216): CodeIgniter\View\View->CodeIgniter\View\{closure}()
 4 SYSTEMPATH\View\View.php(229): CodeIgniter\View\View->render('templates/template', [], true)
 5 SYSTEMPATH\Common.php(1134): CodeIgniter\View\View->render('pemeriksa/index', [], true)
 6 APPPATH\Controllers\Pemeriksa.php(27): view('pemeriksa/index', [...])
 7 SYSTEMPATH\CodeIgniter.php(927): App\Controllers\Pemeriksa->index()
 8 SYSTEMPATH\CodeIgniter.php(482): CodeIgniter\CodeIgniter->runController(Object(App\Controllers\Pemeriksa))
 9 SYSTEMPATH\CodeIgniter.php(351): CodeIgniter\CodeIgniter->handleRequest(null, Object(Config\Cache), false)
10 FCPATH\index.php(67): CodeIgniter\CodeIgniter->run()
11 SYSTEMPATH\Commands\Server\rewrite.php(46): require_once('FCPATH\\index.php')
CRITICAL - 2023-03-24 00:03:40 --> Undefined variable $db
in APPPATH\Views\templates\template.php on line 316.
 1 APPPATH\Views\templates\template.php(316): CodeIgniter\Debug\Exceptions->errorHandler(2, 'Undefined variable $db', 'APPPATH\\Views\\templates\\template.php', 316)
 2 SYSTEMPATH\View\View.php(213): include('APPPATH\\Views\\templates\\template.php')
 3 SYSTEMPATH\View\View.php(216): CodeIgniter\View\View->CodeIgniter\View\{closure}()
 4 SYSTEMPATH\View\View.php(229): CodeIgniter\View\View->render('templates/template', [], true)
 5 SYSTEMPATH\Common.php(1134): CodeIgniter\View\View->render('pemeriksa/index', [], true)
 6 APPPATH\Controllers\Pemeriksa.php(27): view('pemeriksa/index', [...])
 7 SYSTEMPATH\CodeIgniter.php(927): App\Controllers\Pemeriksa->index()
 8 SYSTEMPATH\CodeIgniter.php(482): CodeIgniter\CodeIgniter->runController(Object(App\Controllers\Pemeriksa))
 9 SYSTEMPATH\CodeIgniter.php(351): CodeIgniter\CodeIgniter->handleRequest(null, Object(Config\Cache), false)
10 FCPATH\index.php(67): CodeIgniter\CodeIgniter->run()
11 SYSTEMPATH\Commands\Server\rewrite.php(46): require_once('FCPATH\\index.php')
CRITICAL - 2023-03-24 00:03:42 --> Undefined variable $db
in APPPATH\Views\templates\template.php on line 316.
 1 APPPATH\Views\templates\template.php(316): CodeIgniter\Debug\Exceptions->errorHandler(2, 'Undefined variable $db', 'APPPATH\\Views\\templates\\template.php', 316)
 2 SYSTEMPATH\View\View.php(213): include('APPPATH\\Views\\templates\\template.php')
 3 SYSTEMPATH\View\View.php(216): CodeIgniter\View\View->CodeIgniter\View\{closure}()
 4 SYSTEMPATH\View\View.php(229): CodeIgniter\View\View->render('templates/template', [], true)
 5 SYSTEMPATH\Common.php(1134): CodeIgniter\View\View->render('pemeriksa/index', [], true)
 6 APPPATH\Controllers\Pemeriksa.php(27): view('pemeriksa/index', [...])
 7 SYSTEMPATH\CodeIgniter.php(927): App\Controllers\Pemeriksa->index()
 8 SYSTEMPATH\CodeIgniter.php(482): CodeIgniter\CodeIgniter->runController(Object(App\Controllers\Pemeriksa))
 9 SYSTEMPATH\CodeIgniter.php(351): CodeIgniter\CodeIgniter->handleRequest(null, Object(Config\Cache), false)
10 FCPATH\index.php(67): CodeIgniter\CodeIgniter->run()
11 SYSTEMPATH\Commands\Server\rewrite.php(46): require_once('FCPATH\\index.php')
CRITICAL - 2023-03-24 00:19:52 --> Undefined property: CodeIgniter\View\View::$db
in APPPATH\Views\templates\template.php on line 314.
 1 APPPATH\Views\templates\template.php(314): CodeIgniter\Debug\Exceptions->errorHandler(2, 'Undefined property: CodeIgniter\\View\\View::$db', 'APPPATH\\Views\\templates\\template.php', 314)
 2 SYSTEMPATH\View\View.php(213): include('APPPATH\\Views\\templates\\template.php')
 3 SYSTEMPATH\View\View.php(216): CodeIgniter\View\View->CodeIgniter\View\{closure}()
 4 SYSTEMPATH\View\View.php(229): CodeIgniter\View\View->render('templates/template', [], true)
 5 SYSTEMPATH\Common.php(1134): CodeIgniter\View\View->render('pemeriksa/index', [], true)
 6 APPPATH\Controllers\Pemeriksa.php(27): view('pemeriksa/index', [...])
 7 SYSTEMPATH\CodeIgniter.php(927): App\Controllers\Pemeriksa->index()
 8 SYSTEMPATH\CodeIgniter.php(482): CodeIgniter\CodeIgniter->runController(Object(App\Controllers\Pemeriksa))
 9 SYSTEMPATH\CodeIgniter.php(351): CodeIgniter\CodeIgniter->handleRequest(null, Object(Config\Cache), false)
10 FCPATH\index.php(67): CodeIgniter\CodeIgniter->run()
11 SYSTEMPATH\Commands\Server\rewrite.php(46): require_once('FCPATH\\index.php')
CRITICAL - 2023-03-24 00:25:36 --> Undefined property: CodeIgniter\View\View::$M_Pasien
in APPPATH\Views\templates\template.php on line 314.
 1 APPPATH\Views\templates\template.php(314): CodeIgniter\Debug\Exceptions->errorHandler(2, 'Undefined property: CodeIgniter\\View\\View::$M_Pasien', 'APPPATH\\Views\\templates\\template.php', 314)
 2 SYSTEMPATH\View\View.php(213): include('APPPATH\\Views\\templates\\template.php')
 3 SYSTEMPATH\View\View.php(216): CodeIgniter\View\View->CodeIgniter\View\{closure}()
 4 SYSTEMPATH\View\View.php(229): CodeIgniter\View\View->render('templates/template', [], true)
 5 SYSTEMPATH\Common.php(1134): CodeIgniter\View\View->render('pemeriksa/index', [], true)
 6 APPPATH\Controllers\Pemeriksa.php(27): view('pemeriksa/index', [...])
 7 SYSTEMPATH\CodeIgniter.php(927): App\Controllers\Pemeriksa->index()
 8 SYSTEMPATH\CodeIgniter.php(482): CodeIgniter\CodeIgniter->runController(Object(App\Controllers\Pemeriksa))
 9 SYSTEMPATH\CodeIgniter.php(351): CodeIgniter\CodeIgniter->handleRequest(null, Object(Config\Cache), false)
10 FCPATH\index.php(67): CodeIgniter\CodeIgniter->run()
11 SYSTEMPATH\Commands\Server\rewrite.php(46): require_once('FCPATH\\index.php')
CRITICAL - 2023-03-24 00:25:38 --> Undefined property: CodeIgniter\View\View::$M_Pasien
in APPPATH\Views\templates\template.php on line 314.
 1 APPPATH\Views\templates\template.php(314): CodeIgniter\Debug\Exceptions->errorHandler(2, 'Undefined property: CodeIgniter\\View\\View::$M_Pasien', 'APPPATH\\Views\\templates\\template.php', 314)
 2 SYSTEMPATH\View\View.php(213): include('APPPATH\\Views\\templates\\template.php')
 3 SYSTEMPATH\View\View.php(216): CodeIgniter\View\View->CodeIgniter\View\{closure}()
 4 SYSTEMPATH\View\View.php(229): CodeIgniter\View\View->render('templates/template', [], true)
 5 SYSTEMPATH\Common.php(1134): CodeIgniter\View\View->render('pemeriksa/index', [], true)
 6 APPPATH\Controllers\Pemeriksa.php(27): view('pemeriksa/index', [...])
 7 SYSTEMPATH\CodeIgniter.php(927): App\Controllers\Pemeriksa->index()
 8 SYSTEMPATH\CodeIgniter.php(482): CodeIgniter\CodeIgniter->runController(Object(App\Controllers\Pemeriksa))
 9 SYSTEMPATH\CodeIgniter.php(351): CodeIgniter\CodeIgniter->handleRequest(null, Object(Config\Cache), false)
10 FCPATH\index.php(67): CodeIgniter\CodeIgniter->run()
11 SYSTEMPATH\Commands\Server\rewrite.php(46): require_once('FCPATH\\index.php')
CRITICAL - 2023-03-24 00:30:14 --> Undefined property: CodeIgniter\View\View::$db
in APPPATH\Views\templates\template.php on line 314.
 1 APPPATH\Views\templates\template.php(314): CodeIgniter\Debug\Exceptions->errorHandler(2, 'Undefined property: CodeIgniter\\View\\View::$db', 'APPPATH\\Views\\templates\\template.php', 314)
 2 SYSTEMPATH\View\View.php(213): include('APPPATH\\Views\\templates\\template.php')
 3 SYSTEMPATH\View\View.php(216): CodeIgniter\View\View->CodeIgniter\View\{closure}()
 4 SYSTEMPATH\View\View.php(229): CodeIgniter\View\View->render('templates/template', [], true)
 5 SYSTEMPATH\Common.php(1134): CodeIgniter\View\View->render('pemeriksa/index', [], true)
 6 APPPATH\Controllers\Pemeriksa.php(27): view('pemeriksa/index', [...])
 7 SYSTEMPATH\CodeIgniter.php(927): App\Controllers\Pemeriksa->index()
 8 SYSTEMPATH\CodeIgniter.php(482): CodeIgniter\CodeIgniter->runController(Object(App\Controllers\Pemeriksa))
 9 SYSTEMPATH\CodeIgniter.php(351): CodeIgniter\CodeIgniter->handleRequest(null, Object(Config\Cache), false)
10 FCPATH\index.php(67): CodeIgniter\CodeIgniter->run()
11 SYSTEMPATH\Commands\Server\rewrite.php(46): require_once('FCPATH\\index.php')
CRITICAL - 2023-03-24 00:47:46 --> Undefined property: CodeIgniter\View\View::$db
in APPPATH\Views\templates\template.php on line 314.
 1 APPPATH\Views\templates\template.php(314): CodeIgniter\Debug\Exceptions->errorHandler(2, 'Undefined property: CodeIgniter\\View\\View::$db', 'APPPATH\\Views\\templates\\template.php', 314)
 2 SYSTEMPATH\View\View.php(213): include('APPPATH\\Views\\templates\\template.php')
 3 SYSTEMPATH\View\View.php(216): CodeIgniter\View\View->CodeIgniter\View\{closure}()
 4 SYSTEMPATH\View\View.php(229): CodeIgniter\View\View->render('templates/template', [], true)
 5 SYSTEMPATH\Common.php(1134): CodeIgniter\View\View->render('pemeriksa/index', [], true)
 6 APPPATH\Controllers\Pemeriksa.php(27): view('pemeriksa/index', [...])
 7 SYSTEMPATH\CodeIgniter.php(927): App\Controllers\Pemeriksa->index()
 8 SYSTEMPATH\CodeIgniter.php(482): CodeIgniter\CodeIgniter->runController(Object(App\Controllers\Pemeriksa))
 9 SYSTEMPATH\CodeIgniter.php(351): CodeIgniter\CodeIgniter->handleRequest(null, Object(Config\Cache), false)
10 FCPATH\index.php(67): CodeIgniter\CodeIgniter->run()
11 SYSTEMPATH\Commands\Server\rewrite.php(46): require_once('FCPATH\\index.php')
CRITICAL - 2023-03-24 01:10:02 --> Undefined property: CodeIgniter\View\View::$db
in APPPATH\Views\templates\template.php on line 314.
 1 APPPATH\Views\templates\template.php(314): CodeIgniter\Debug\Exceptions->errorHandler(2, 'Undefined property: CodeIgniter\\View\\View::$db', 'APPPATH\\Views\\templates\\template.php', 314)
 2 SYSTEMPATH\View\View.php(213): include('APPPATH\\Views\\templates\\template.php')
 3 SYSTEMPATH\View\View.php(216): CodeIgniter\View\View->CodeIgniter\View\{closure}()
 4 SYSTEMPATH\View\View.php(229): CodeIgniter\View\View->render('templates/template', [], true)
 5 SYSTEMPATH\Common.php(1134): CodeIgniter\View\View->render('pemeriksa/index', [], true)
 6 APPPATH\Controllers\Pemeriksa.php(27): view('pemeriksa/index', [...])
 7 SYSTEMPATH\CodeIgniter.php(927): App\Controllers\Pemeriksa->index()
 8 SYSTEMPATH\CodeIgniter.php(482): CodeIgniter\CodeIgniter->runController(Object(App\Controllers\Pemeriksa))
 9 SYSTEMPATH\CodeIgniter.php(351): CodeIgniter\CodeIgniter->handleRequest(null, Object(Config\Cache), false)
10 FCPATH\index.php(67): CodeIgniter\CodeIgniter->run()
11 SYSTEMPATH\Commands\Server\rewrite.php(46): require_once('FCPATH\\index.php')
CRITICAL - 2023-03-24 01:11:44 --> Undefined variable $pas
in APPPATH\Views\templates\template.php on line 308.
 1 APPPATH\Views\templates\template.php(308): CodeIgniter\Debug\Exceptions->errorHandler(2, 'Undefined variable $pas', 'APPPATH\\Views\\templates\\template.php', 308)
 2 SYSTEMPATH\View\View.php(213): include('APPPATH\\Views\\templates\\template.php')
 3 SYSTEMPATH\View\View.php(216): CodeIgniter\View\View->CodeIgniter\View\{closure}()
 4 SYSTEMPATH\View\View.php(229): CodeIgniter\View\View->render('templates/template', [], true)
 5 SYSTEMPATH\Common.php(1134): CodeIgniter\View\View->render('penilaian/dokumentasi', [], true)
 6 APPPATH\Controllers\Penilaian.php(45): view('penilaian/dokumentasi', [...])
 7 SYSTEMPATH\CodeIgniter.php(927): App\Controllers\Penilaian->dokumentasi()
 8 SYSTEMPATH\CodeIgniter.php(482): CodeIgniter\CodeIgniter->runController(Object(App\Controllers\Penilaian))
 9 SYSTEMPATH\CodeIgniter.php(351): CodeIgniter\CodeIgniter->handleRequest(null, Object(Config\Cache), false)
10 FCPATH\index.php(67): CodeIgniter\CodeIgniter->run()
11 SYSTEMPATH\Commands\Server\rewrite.php(46): require_once('FCPATH\\index.php')
