CRITICAL - 2023-03-01 00:26:37 --> Undefined variable $menu
in APPPATH\Views\templates\template.php on line 45.
 1 APPPATH\Views\templates\template.php(45): CodeIgniter\Debug\Exceptions->errorHandler(2, 'Undefined variable $menu', 'APPPATH\\Views\\templates\\template.php', 45)
 2 SYSTEMPATH\View\View.php(213): include('APPPATH\\Views\\templates\\template.php')
 3 SYSTEMPATH\View\View.php(216): CodeIgniter\View\View->CodeIgniter\View\{closure}()
 4 SYSTEMPATH\View\View.php(229): CodeIgniter\View\View->render('templates/template', [], true)
 5 SYSTEMPATH\Common.php(1134): CodeIgniter\View\View->render('profil/index', [], true)
 6 APPPATH\Controllers\Profil.php(24): view('profil/index', [...])
 7 SYSTEMPATH\CodeIgniter.php(927): App\Controllers\Profil->index()
 8 SYSTEMPATH\CodeIgniter.php(482): CodeIgniter\CodeIgniter->runController(Object(App\Controllers\Profil))
 9 SYSTEMPATH\CodeIgniter.php(351): CodeIgniter\CodeIgniter->handleRequest(null, Object(Config\Cache), false)
10 FCPATH\index.php(67): CodeIgniter\CodeIgniter->run()
11 SYSTEMPATH\Commands\Server\rewrite.php(46): require_once('FCPATH\\index.php')
CRITICAL - 2023-03-01 00:28:19 --> Undefined variable $menu
in APPPATH\Views\templates\template.php on line 45.
 1 APPPATH\Views\templates\template.php(45): CodeIgniter\Debug\Exceptions->errorHandler(2, 'Undefined variable $menu', 'APPPATH\\Views\\templates\\template.php', 45)
 2 SYSTEMPATH\View\View.php(213): include('APPPATH\\Views\\templates\\template.php')
 3 SYSTEMPATH\View\View.php(216): CodeIgniter\View\View->CodeIgniter\View\{closure}()
 4 SYSTEMPATH\View\View.php(229): CodeIgniter\View\View->render('templates/template', [], true)
 5 SYSTEMPATH\Common.php(1134): CodeIgniter\View\View->render('penilaian/dokumentasi', [], true)
 6 APPPATH\Controllers\Penilaian.php(42): view('penilaian/dokumentasi', [...])
 7 SYSTEMPATH\CodeIgniter.php(927): App\Controllers\Penilaian->dokumentasi()
 8 SYSTEMPATH\CodeIgniter.php(482): CodeIgniter\CodeIgniter->runController(Object(App\Controllers\Penilaian))
 9 SYSTEMPATH\CodeIgniter.php(351): CodeIgniter\CodeIgniter->handleRequest(null, Object(Config\Cache), false)
10 FCPATH\index.php(67): CodeIgniter\CodeIgniter->run()
11 SYSTEMPATH\Commands\Server\rewrite.php(46): require_once('FCPATH\\index.php')
CRITICAL - 2023-03-01 01:04:04 --> Undefined variable $menu
in APPPATH\Views\templates\template.php on line 45.
 1 APPPATH\Views\templates\template.php(45): CodeIgniter\Debug\Exceptions->errorHandler(2, 'Undefined variable $menu', 'APPPATH\\Views\\templates\\template.php', 45)
 2 SYSTEMPATH\View\View.php(213): include('APPPATH\\Views\\templates\\template.php')
 3 SYSTEMPATH\View\View.php(216): CodeIgniter\View\View->CodeIgniter\View\{closure}()
 4 SYSTEMPATH\View\View.php(229): CodeIgniter\View\View->render('templates/template', [], true)
 5 SYSTEMPATH\Common.php(1134): CodeIgniter\View\View->render('pasien/ubah', [], true)
 6 APPPATH\Controllers\Pasien.php(97): view('pasien/ubah', [...])
 7 SYSTEMPATH\CodeIgniter.php(927): App\Controllers\Pasien->ubah('8')
 8 SYSTEMPATH\CodeIgniter.php(482): CodeIgniter\CodeIgniter->runController(Object(App\Controllers\Pasien))
 9 SYSTEMPATH\CodeIgniter.php(351): CodeIgniter\CodeIgniter->handleRequest(null, Object(Config\Cache), false)
10 FCPATH\index.php(67): CodeIgniter\CodeIgniter->run()
11 SYSTEMPATH\Commands\Server\rewrite.php(46): require_once('FCPATH\\index.php')
CRITICAL - 2023-03-01 01:04:43 --> Undefined variable $menu
in APPPATH\Views\templates\template.php on line 45.
 1 APPPATH\Views\templates\template.php(45): CodeIgniter\Debug\Exceptions->errorHandler(2, 'Undefined variable $menu', 'APPPATH\\Views\\templates\\template.php', 45)
 2 SYSTEMPATH\View\View.php(213): include('APPPATH\\Views\\templates\\template.php')
 3 SYSTEMPATH\View\View.php(216): CodeIgniter\View\View->CodeIgniter\View\{closure}()
 4 SYSTEMPATH\View\View.php(229): CodeIgniter\View\View->render('templates/template', [], true)
 5 SYSTEMPATH\Common.php(1134): CodeIgniter\View\View->render('penilaian/tambah', [], true)
 6 APPPATH\Controllers\Penilaian.php(57): view('penilaian/tambah', [...])
 7 SYSTEMPATH\CodeIgniter.php(927): App\Controllers\Penilaian->tambah()
 8 SYSTEMPATH\CodeIgniter.php(482): CodeIgniter\CodeIgniter->runController(Object(App\Controllers\Penilaian))
 9 SYSTEMPATH\CodeIgniter.php(351): CodeIgniter\CodeIgniter->handleRequest(null, Object(Config\Cache), false)
10 FCPATH\index.php(67): CodeIgniter\CodeIgniter->run()
11 SYSTEMPATH\Commands\Server\rewrite.php(46): require_once('FCPATH\\index.php')
CRITICAL - 2023-03-01 01:05:42 --> Undefined variable $menu
in APPPATH\Views\templates\template.php on line 45.
 1 APPPATH\Views\templates\template.php(45): CodeIgniter\Debug\Exceptions->errorHandler(2, 'Undefined variable $menu', 'APPPATH\\Views\\templates\\template.php', 45)
 2 SYSTEMPATH\View\View.php(213): include('APPPATH\\Views\\templates\\template.php')
 3 SYSTEMPATH\View\View.php(216): CodeIgniter\View\View->CodeIgniter\View\{closure}()
 4 SYSTEMPATH\View\View.php(229): CodeIgniter\View\View->render('templates/template', [], true)
 5 SYSTEMPATH\Common.php(1134): CodeIgniter\View\View->render('penilaian/tambah', [], true)
 6 APPPATH\Controllers\Penilaian.php(57): view('penilaian/tambah', [...])
 7 SYSTEMPATH\CodeIgniter.php(927): App\Controllers\Penilaian->tambah()
 8 SYSTEMPATH\CodeIgniter.php(482): CodeIgniter\CodeIgniter->runController(Object(App\Controllers\Penilaian))
 9 SYSTEMPATH\CodeIgniter.php(351): CodeIgniter\CodeIgniter->handleRequest(null, Object(Config\Cache), false)
10 FCPATH\index.php(67): CodeIgniter\CodeIgniter->run()
11 SYSTEMPATH\Commands\Server\rewrite.php(46): require_once('FCPATH\\index.php')
CRITICAL - 2023-03-01 22:37:26 --> syntax error, unexpected token "/"
in APPPATH\Views\Penilaian\detail.php on line 62.
 1 SYSTEMPATH\View\View.php(216): CodeIgniter\View\View->CodeIgniter\View\{closure}()
 2 SYSTEMPATH\Common.php(1134): CodeIgniter\View\View->render('penilaian/detail', [], true)
 3 APPPATH\Controllers\Penilaian.php(151): view('penilaian/detail', [...])
 4 SYSTEMPATH\CodeIgniter.php(927): App\Controllers\Penilaian->detail('20')
 5 SYSTEMPATH\CodeIgniter.php(482): CodeIgniter\CodeIgniter->runController(Object(App\Controllers\Penilaian))
 6 SYSTEMPATH\CodeIgniter.php(351): CodeIgniter\CodeIgniter->handleRequest(null, Object(Config\Cache), false)
 7 FCPATH\index.php(67): CodeIgniter\CodeIgniter->run()
 8 SYSTEMPATH\Commands\Server\rewrite.php(46): require_once('FCPATH\\index.php')
CRITICAL - 2023-03-01 22:53:33 --> Undefined variable $pasien
in APPPATH\Views\Penilaian\detail.php on line 47.
 1 APPPATH\Views\Penilaian\detail.php(47): CodeIgniter\Debug\Exceptions->errorHandler(2, 'Undefined variable $pasien', 'APPPATH\\Views\\Penilaian\\detail.php', 47)
 2 SYSTEMPATH\View\View.php(213): include('APPPATH\\Views\\Penilaian\\detail.php')
 3 SYSTEMPATH\View\View.php(216): CodeIgniter\View\View->CodeIgniter\View\{closure}()
 4 SYSTEMPATH\Common.php(1134): CodeIgniter\View\View->render('penilaian/detail', [], true)
 5 APPPATH\Controllers\Penilaian.php(151): view('penilaian/detail', [...])
 6 SYSTEMPATH\CodeIgniter.php(927): App\Controllers\Penilaian->detail('20')
 7 SYSTEMPATH\CodeIgniter.php(482): CodeIgniter\CodeIgniter->runController(Object(App\Controllers\Penilaian))
 8 SYSTEMPATH\CodeIgniter.php(351): CodeIgniter\CodeIgniter->handleRequest(null, Object(Config\Cache), false)
 9 FCPATH\index.php(67): CodeIgniter\CodeIgniter->run()
10 SYSTEMPATH\Commands\Server\rewrite.php(46): require_once('FCPATH\\index.php')
