ERROR - 2022-12-09 08:52:12 --> mysqli_sql_exception: Column 'jenis_kelamin' cannot be null in C:\xampp\htdocs\demensia\system\Database\MySQLi\Connection.php:292
Stack trace:
#0 C:\xampp\htdocs\demensia\system\Database\MySQLi\Connection.php(292): mysqli->query('INSERT INTO `pa...', 0)
#1 C:\xampp\htdocs\demensia\system\Database\BaseConnection.php(666): CodeIgniter\Database\MySQLi\Connection->execute('INSERT INTO `pa...')
#2 C:\xampp\htdocs\demensia\system\Database\BaseConnection.php(593): CodeIgniter\Database\BaseConnection->simpleQuery('INSERT INTO `pa...')
#3 C:\xampp\htdocs\demensia\system\Database\BaseBuilder.php(1916): CodeIgniter\Database\BaseConnection->query('INSERT INTO `pa...', Array, false)
#4 C:\xampp\htdocs\demensia\app\Models\M_Pasien.php(21): CodeIgniter\Database\BaseBuilder->insert(Array)
#5 C:\xampp\htdocs\demensia\app\Controllers\Pasien.php(41): App\Models\M_Pasien->tambah(Array)
#6 C:\xampp\htdocs\demensia\system\CodeIgniter.php(927): App\Controllers\Pasien->tambah()
#7 C:\xampp\htdocs\demensia\system\CodeIgniter.php(482): CodeIgniter\CodeIgniter->runController(Object(App\Controllers\Pasien))
#8 C:\xampp\htdocs\demensia\system\CodeIgniter.php(351): CodeIgniter\CodeIgniter->handleRequest(NULL, Object(Config\Cache), false)
#9 C:\xampp\htdocs\demensia\public\index.php(67): CodeIgniter\CodeIgniter->run()
#10 C:\xampp\htdocs\demensia\system\Commands\Server\rewrite.php(46): require_once('C:\\xampp\\htdocs...')
#11 {main}
CRITICAL - 2022-12-09 08:52:12 --> Column 'jenis_kelamin' cannot be null
in SYSTEMPATH\Database\MySQLi\Connection.php on line 292.
 1 SYSTEMPATH\Database\MySQLi\Connection.php(292): mysqli->query('INSERT INTO `pasien` (`nama`, `jenis_kelamin`, `umur`, `pendidikan`, `pekerjaan`, `riwayat_penyakit`) VALUES (\'ayu\', NULL, \'67\', NULL, \'Ibu Rumah Tangga\', NULL)', 0)
 2 SYSTEMPATH\Database\BaseConnection.php(666): CodeIgniter\Database\MySQLi\Connection->execute('INSERT INTO `pasien` (`nama`, `jenis_kelamin`, `umur`, `pendidikan`, `pekerjaan`, `riwayat_penyakit`) VALUES (\'ayu\', NULL, \'67\', NULL, \'Ibu Rumah Tangga\', NULL)')
 3 SYSTEMPATH\Database\BaseConnection.php(593): CodeIgniter\Database\BaseConnection->simpleQuery('INSERT INTO `pasien` (`nama`, `jenis_kelamin`, `umur`, `pendidikan`, `pekerjaan`, `riwayat_penyakit`) VALUES (\'ayu\', NULL, \'67\', NULL, \'Ibu Rumah Tangga\', NULL)')
 4 SYSTEMPATH\Database\BaseBuilder.php(1916): CodeIgniter\Database\BaseConnection->query('INSERT INTO `pasien` (`nama`, `jenis_kelamin`, `umur`, `pendidikan`, `pekerjaan`, `riwayat_penyakit`) VALUES (:nama:, :jenis_kelamin:, :umur:, :pendidikan:, :pekerjaan:, :riwayat_penyakit:)', [...], false)
 5 APPPATH\Models\M_Pasien.php(21): CodeIgniter\Database\BaseBuilder->insert([...])
 6 APPPATH\Controllers\Pasien.php(41): App\Models\M_Pasien->tambah([...])
 7 SYSTEMPATH\CodeIgniter.php(927): App\Controllers\Pasien->tambah()
 8 SYSTEMPATH\CodeIgniter.php(482): CodeIgniter\CodeIgniter->runController(Object(App\Controllers\Pasien))
 9 SYSTEMPATH\CodeIgniter.php(351): CodeIgniter\CodeIgniter->handleRequest(null, Object(Config\Cache), false)
10 FCPATH\index.php(67): CodeIgniter\CodeIgniter->run()
11 SYSTEMPATH\Commands\Server\rewrite.php(46): require_once('FCPATH\\index.php')
ERROR - 2022-12-09 08:52:21 --> mysqli_sql_exception: Column 'jenis_kelamin' cannot be null in C:\xampp\htdocs\demensia\system\Database\MySQLi\Connection.php:292
Stack trace:
#0 C:\xampp\htdocs\demensia\system\Database\MySQLi\Connection.php(292): mysqli->query('INSERT INTO `pa...', 0)
#1 C:\xampp\htdocs\demensia\system\Database\BaseConnection.php(666): CodeIgniter\Database\MySQLi\Connection->execute('INSERT INTO `pa...')
#2 C:\xampp\htdocs\demensia\system\Database\BaseConnection.php(593): CodeIgniter\Database\BaseConnection->simpleQuery('INSERT INTO `pa...')
#3 C:\xampp\htdocs\demensia\system\Database\BaseBuilder.php(1916): CodeIgniter\Database\BaseConnection->query('INSERT INTO `pa...', Array, false)
#4 C:\xampp\htdocs\demensia\app\Models\M_Pasien.php(21): CodeIgniter\Database\BaseBuilder->insert(Array)
#5 C:\xampp\htdocs\demensia\app\Controllers\Pasien.php(41): App\Models\M_Pasien->tambah(Array)
#6 C:\xampp\htdocs\demensia\system\CodeIgniter.php(927): App\Controllers\Pasien->tambah()
#7 C:\xampp\htdocs\demensia\system\CodeIgniter.php(482): CodeIgniter\CodeIgniter->runController(Object(App\Controllers\Pasien))
#8 C:\xampp\htdocs\demensia\system\CodeIgniter.php(351): CodeIgniter\CodeIgniter->handleRequest(NULL, Object(Config\Cache), false)
#9 C:\xampp\htdocs\demensia\public\index.php(67): CodeIgniter\CodeIgniter->run()
#10 C:\xampp\htdocs\demensia\system\Commands\Server\rewrite.php(46): require_once('C:\\xampp\\htdocs...')
#11 {main}
CRITICAL - 2022-12-09 08:52:21 --> Column 'jenis_kelamin' cannot be null
in SYSTEMPATH\Database\MySQLi\Connection.php on line 292.
 1 SYSTEMPATH\Database\MySQLi\Connection.php(292): mysqli->query('INSERT INTO `pasien` (`nama`, `jenis_kelamin`, `umur`, `pendidikan`, `pekerjaan`, `riwayat_penyakit`) VALUES (\'ayu\', NULL, \'67\', NULL, \'Ibu Rumah Tangga\', NULL)', 0)
 2 SYSTEMPATH\Database\BaseConnection.php(666): CodeIgniter\Database\MySQLi\Connection->execute('INSERT INTO `pasien` (`nama`, `jenis_kelamin`, `umur`, `pendidikan`, `pekerjaan`, `riwayat_penyakit`) VALUES (\'ayu\', NULL, \'67\', NULL, \'Ibu Rumah Tangga\', NULL)')
 3 SYSTEMPATH\Database\BaseConnection.php(593): CodeIgniter\Database\BaseConnection->simpleQuery('INSERT INTO `pasien` (`nama`, `jenis_kelamin`, `umur`, `pendidikan`, `pekerjaan`, `riwayat_penyakit`) VALUES (\'ayu\', NULL, \'67\', NULL, \'Ibu Rumah Tangga\', NULL)')
 4 SYSTEMPATH\Database\BaseBuilder.php(1916): CodeIgniter\Database\BaseConnection->query('INSERT INTO `pasien` (`nama`, `jenis_kelamin`, `umur`, `pendidikan`, `pekerjaan`, `riwayat_penyakit`) VALUES (:nama:, :jenis_kelamin:, :umur:, :pendidikan:, :pekerjaan:, :riwayat_penyakit:)', [...], false)
 5 APPPATH\Models\M_Pasien.php(21): CodeIgniter\Database\BaseBuilder->insert([...])
 6 APPPATH\Controllers\Pasien.php(41): App\Models\M_Pasien->tambah([...])
 7 SYSTEMPATH\CodeIgniter.php(927): App\Controllers\Pasien->tambah()
 8 SYSTEMPATH\CodeIgniter.php(482): CodeIgniter\CodeIgniter->runController(Object(App\Controllers\Pasien))
 9 SYSTEMPATH\CodeIgniter.php(351): CodeIgniter\CodeIgniter->handleRequest(null, Object(Config\Cache), false)
10 FCPATH\index.php(67): CodeIgniter\CodeIgniter->run()
11 SYSTEMPATH\Commands\Server\rewrite.php(46): require_once('FCPATH\\index.php')
CRITICAL - 2022-12-09 09:20:15 --> Undefined property: App\Controllers\Pasien::$load
in APPPATH\Controllers\Pasien.php on line 18.
 1 APPPATH\Controllers\Pasien.php(18): CodeIgniter\Debug\Exceptions->errorHandler(2, 'Undefined property: App\\Controllers\\Pasien::$load', 'APPPATH\\Controllers\\Pasien.php', 18)
 2 SYSTEMPATH\CodeIgniter.php(927): App\Controllers\Pasien->index()
 3 SYSTEMPATH\CodeIgniter.php(482): CodeIgniter\CodeIgniter->runController(Object(App\Controllers\Pasien))
 4 SYSTEMPATH\CodeIgniter.php(351): CodeIgniter\CodeIgniter->handleRequest(null, Object(Config\Cache), false)
 5 FCPATH\index.php(67): CodeIgniter\CodeIgniter->run()
 6 SYSTEMPATH\Commands\Server\rewrite.php(46): require_once('FCPATH\\index.php')
CRITICAL - 2022-12-09 09:20:17 --> Undefined property: App\Controllers\Pasien::$load
in APPPATH\Controllers\Pasien.php on line 18.
 1 APPPATH\Controllers\Pasien.php(18): CodeIgniter\Debug\Exceptions->errorHandler(2, 'Undefined property: App\\Controllers\\Pasien::$load', 'APPPATH\\Controllers\\Pasien.php', 18)
 2 SYSTEMPATH\CodeIgniter.php(927): App\Controllers\Pasien->index()
 3 SYSTEMPATH\CodeIgniter.php(482): CodeIgniter\CodeIgniter->runController(Object(App\Controllers\Pasien))
 4 SYSTEMPATH\CodeIgniter.php(351): CodeIgniter\CodeIgniter->handleRequest(null, Object(Config\Cache), false)
 5 FCPATH\index.php(67): CodeIgniter\CodeIgniter->run()
 6 SYSTEMPATH\Commands\Server\rewrite.php(46): require_once('FCPATH\\index.php')
CRITICAL - 2022-12-09 09:31:30 --> Undefined property: App\Controllers\Pasien::$load
in APPPATH\Controllers\Pasien.php on line 18.
 1 APPPATH\Controllers\Pasien.php(18): CodeIgniter\Debug\Exceptions->errorHandler(2, 'Undefined property: App\\Controllers\\Pasien::$load', 'APPPATH\\Controllers\\Pasien.php', 18)
 2 SYSTEMPATH\CodeIgniter.php(927): App\Controllers\Pasien->index()
 3 SYSTEMPATH\CodeIgniter.php(482): CodeIgniter\CodeIgniter->runController(Object(App\Controllers\Pasien))
 4 SYSTEMPATH\CodeIgniter.php(351): CodeIgniter\CodeIgniter->handleRequest(null, Object(Config\Cache), false)
 5 FCPATH\index.php(67): CodeIgniter\CodeIgniter->run()
 6 SYSTEMPATH\Commands\Server\rewrite.php(46): require_once('FCPATH\\index.php')
CRITICAL - 2022-12-09 09:31:41 --> Call to undefined function set_select()
in APPPATH\Views\Pasien\index.php on line 77.
 1 SYSTEMPATH\View\View.php(213): include()
 2 SYSTEMPATH\View\View.php(216): CodeIgniter\View\View->CodeIgniter\View\{closure}()
 3 SYSTEMPATH\Common.php(1134): CodeIgniter\View\View->render('pasien/index', [], true)
 4 APPPATH\Controllers\Pasien.php(25): view('pasien/index', [...])
 5 SYSTEMPATH\CodeIgniter.php(927): App\Controllers\Pasien->index()
 6 SYSTEMPATH\CodeIgniter.php(482): CodeIgniter\CodeIgniter->runController(Object(App\Controllers\Pasien))
 7 SYSTEMPATH\CodeIgniter.php(351): CodeIgniter\CodeIgniter->handleRequest(null, Object(Config\Cache), false)
 8 FCPATH\index.php(67): CodeIgniter\CodeIgniter->run()
 9 SYSTEMPATH\Commands\Server\rewrite.php(46): require_once('FCPATH\\index.php')
CRITICAL - 2022-12-09 09:57:43 --> Undefined property: App\Controllers\Pasien::$M_Pasien
in APPPATH\Controllers\Pasien.php on line 17.
 1 APPPATH\Controllers\Pasien.php(17): CodeIgniter\Debug\Exceptions->errorHandler(2, 'Undefined property: App\\Controllers\\Pasien::$M_Pasien', 'APPPATH\\Controllers\\Pasien.php', 17)
 2 SYSTEMPATH\CodeIgniter.php(927): App\Controllers\Pasien->index()
 3 SYSTEMPATH\CodeIgniter.php(482): CodeIgniter\CodeIgniter->runController(Object(App\Controllers\Pasien))
 4 SYSTEMPATH\CodeIgniter.php(351): CodeIgniter\CodeIgniter->handleRequest(null, Object(Config\Cache), false)
 5 FCPATH\index.php(67): CodeIgniter\CodeIgniter->run()
 6 SYSTEMPATH\Commands\Server\rewrite.php(46): require_once('FCPATH\\index.php')
CRITICAL - 2022-12-09 09:58:47 --> Call to undefined function set_select()
in APPPATH\Views\Pasien\index.php on line 77.
 1 SYSTEMPATH\View\View.php(213): include()
 2 SYSTEMPATH\View\View.php(216): CodeIgniter\View\View->CodeIgniter\View\{closure}()
 3 SYSTEMPATH\Common.php(1134): CodeIgniter\View\View->render('pasien/index', [], true)
 4 APPPATH\Controllers\Pasien.php(25): view('pasien/index', [...])
 5 SYSTEMPATH\CodeIgniter.php(927): App\Controllers\Pasien->index()
 6 SYSTEMPATH\CodeIgniter.php(482): CodeIgniter\CodeIgniter->runController(Object(App\Controllers\Pasien))
 7 SYSTEMPATH\CodeIgniter.php(351): CodeIgniter\CodeIgniter->handleRequest(null, Object(Config\Cache), false)
 8 FCPATH\index.php(67): CodeIgniter\CodeIgniter->run()
 9 SYSTEMPATH\Commands\Server\rewrite.php(46): require_once('FCPATH\\index.php')
CRITICAL - 2022-12-09 10:30:36 --> Undefined property: App\Controllers\Pasien::$M_Pasien
in APPPATH\Controllers\Pasien.php on line 18.
 1 APPPATH\Controllers\Pasien.php(18): CodeIgniter\Debug\Exceptions->errorHandler(2, 'Undefined property: App\\Controllers\\Pasien::$M_Pasien', 'APPPATH\\Controllers\\Pasien.php', 18)
 2 SYSTEMPATH\CodeIgniter.php(927): App\Controllers\Pasien->index()
 3 SYSTEMPATH\CodeIgniter.php(482): CodeIgniter\CodeIgniter->runController(Object(App\Controllers\Pasien))
 4 SYSTEMPATH\CodeIgniter.php(351): CodeIgniter\CodeIgniter->handleRequest(null, Object(Config\Cache), false)
 5 FCPATH\index.php(67): CodeIgniter\CodeIgniter->run()
 6 SYSTEMPATH\Commands\Server\rewrite.php(46): require_once('FCPATH\\index.php')
CRITICAL - 2022-12-09 10:32:40 --> Undefined property: App\Controllers\Pasien::$M_Pasien
in APPPATH\Controllers\Pasien.php on line 18.
 1 APPPATH\Controllers\Pasien.php(18): CodeIgniter\Debug\Exceptions->errorHandler(2, 'Undefined property: App\\Controllers\\Pasien::$M_Pasien', 'APPPATH\\Controllers\\Pasien.php', 18)
 2 SYSTEMPATH\CodeIgniter.php(927): App\Controllers\Pasien->index()
 3 SYSTEMPATH\CodeIgniter.php(482): CodeIgniter\CodeIgniter->runController(Object(App\Controllers\Pasien))
 4 SYSTEMPATH\CodeIgniter.php(351): CodeIgniter\CodeIgniter->handleRequest(null, Object(Config\Cache), false)
 5 FCPATH\index.php(67): CodeIgniter\CodeIgniter->run()
 6 SYSTEMPATH\Commands\Server\rewrite.php(46): require_once('FCPATH\\index.php')
CRITICAL - 2022-12-09 10:34:25 --> Call to undefined function set_select()
in APPPATH\Views\Pasien\index.php on line 77.
 1 SYSTEMPATH\View\View.php(213): include()
 2 SYSTEMPATH\View\View.php(216): CodeIgniter\View\View->CodeIgniter\View\{closure}()
 3 SYSTEMPATH\Common.php(1134): CodeIgniter\View\View->render('pasien/index', [], true)
 4 APPPATH\Controllers\Pasien.php(25): view('pasien/index', [...])
 5 SYSTEMPATH\CodeIgniter.php(927): App\Controllers\Pasien->index()
 6 SYSTEMPATH\CodeIgniter.php(482): CodeIgniter\CodeIgniter->runController(Object(App\Controllers\Pasien))
 7 SYSTEMPATH\CodeIgniter.php(351): CodeIgniter\CodeIgniter->handleRequest(null, Object(Config\Cache), false)
 8 FCPATH\index.php(67): CodeIgniter\CodeIgniter->run()
 9 SYSTEMPATH\Commands\Server\rewrite.php(46): require_once('FCPATH\\index.php')
