CRITICAL - 2023-02-16 01:16:49 --> filteradmin filter must have a matching alias defined.
in SYSTEMPATH\Filters\Filters.php on line 493.
 1 SYSTEMPATH\Filters\Filters.php(493): CodeIgniter\Filters\Exceptions\FilterException::forNoAlias('filteradmin')
 2 SYSTEMPATH\Filters\Filters.php(244): CodeIgniter\Filters\Filters->processAliasesToClass('after')
 3 SYSTEMPATH\Filters\Filters.php(163): CodeIgniter\Filters\Filters->initialize('auth/cek_login')
 4 SYSTEMPATH\CodeIgniter.php(455): CodeIgniter\Filters\Filters->run('auth/cek_login', 'before')
 5 SYSTEMPATH\CodeIgniter.php(351): CodeIgniter\CodeIgniter->handleRequest(null, Object(Config\Cache), false)
 6 FCPATH\index.php(67): CodeIgniter\CodeIgniter->run()
 7 SYSTEMPATH\Commands\Server\rewrite.php(46): require_once('FCPATH\\index.php')
CRITICAL - 2023-02-16 01:17:23 --> strpos(): Passing null to parameter #1 ($haystack) of type string is deprecated
in SYSTEMPATH\Debug\Toolbar.php on line 419.
 1 [internal function]: CodeIgniter\Debug\Exceptions->errorHandler(8192, 'strpos(): Passing null to parameter #1 ($haystack) of type string is deprecated', 'SYSTEMPATH\\Debug\\Toolbar.php', 419)
 2 SYSTEMPATH\Debug\Toolbar.php(419): strpos(null, '<head>')
 3 SYSTEMPATH\Filters\DebugToolbar.php(40): CodeIgniter\Debug\Toolbar->prepare(Object(CodeIgniter\HTTP\IncomingRequest), Object(CodeIgniter\HTTP\RedirectResponse))
 4 SYSTEMPATH\Filters\Filters.php(196): CodeIgniter\Filters\DebugToolbar->after(Object(CodeIgniter\HTTP\IncomingRequest), Object(CodeIgniter\HTTP\RedirectResponse), null)
 5 SYSTEMPATH\CodeIgniter.php(502): CodeIgniter\Filters\Filters->run('C:\\', 'after')
 6 SYSTEMPATH\CodeIgniter.php(351): CodeIgniter\CodeIgniter->handleRequest(null, Object(Config\Cache), false)
 7 FCPATH\index.php(67): CodeIgniter\CodeIgniter->run()
 8 SYSTEMPATH\Commands\Server\rewrite.php(46): require_once('FCPATH\\index.php')
CRITICAL - 2023-02-16 01:17:43 --> strpos(): Passing null to parameter #1 ($haystack) of type string is deprecated
in SYSTEMPATH\Debug\Toolbar.php on line 419.
 1 [internal function]: CodeIgniter\Debug\Exceptions->errorHandler(8192, 'strpos(): Passing null to parameter #1 ($haystack) of type string is deprecated', 'SYSTEMPATH\\Debug\\Toolbar.php', 419)
 2 SYSTEMPATH\Debug\Toolbar.php(419): strpos(null, '<head>')
 3 SYSTEMPATH\Filters\DebugToolbar.php(40): CodeIgniter\Debug\Toolbar->prepare(Object(CodeIgniter\HTTP\IncomingRequest), Object(CodeIgniter\HTTP\RedirectResponse))
 4 SYSTEMPATH\Filters\Filters.php(196): CodeIgniter\Filters\DebugToolbar->after(Object(CodeIgniter\HTTP\IncomingRequest), Object(CodeIgniter\HTTP\RedirectResponse), null)
 5 SYSTEMPATH\CodeIgniter.php(502): CodeIgniter\Filters\Filters->run('penilaian', 'after')
 6 SYSTEMPATH\CodeIgniter.php(351): CodeIgniter\CodeIgniter->handleRequest(null, Object(Config\Cache), false)
 7 FCPATH\index.php(67): CodeIgniter\CodeIgniter->run()
 8 SYSTEMPATH\Commands\Server\rewrite.php(46): require_once('FCPATH\\index.php')
CRITICAL - 2023-02-16 01:22:08 --> Undefined array key "alamat"
in APPPATH\Views\Pengguna\index.php on line 43.
 1 APPPATH\Views\Pengguna\index.php(43): CodeIgniter\Debug\Exceptions->errorHandler(2, 'Undefined array key "alamat"', 'APPPATH\\Views\\Pengguna\\index.php', 43)
 2 SYSTEMPATH\View\View.php(213): include('APPPATH\\Views\\Pengguna\\index.php')
 3 SYSTEMPATH\View\View.php(216): CodeIgniter\View\View->CodeIgniter\View\{closure}()
 4 SYSTEMPATH\Common.php(1134): CodeIgniter\View\View->render('pengguna/index', [], true)
 5 APPPATH\Controllers\Pengguna.php(36): view('pengguna/index', [...])
 6 SYSTEMPATH\CodeIgniter.php(927): App\Controllers\Pengguna->index()
 7 SYSTEMPATH\CodeIgniter.php(482): CodeIgniter\CodeIgniter->runController(Object(App\Controllers\Pengguna))
 8 SYSTEMPATH\CodeIgniter.php(351): CodeIgniter\CodeIgniter->handleRequest(null, Object(Config\Cache), false)
 9 FCPATH\index.php(67): CodeIgniter\CodeIgniter->run()
10 SYSTEMPATH\Commands\Server\rewrite.php(46): require_once('FCPATH\\index.php')
CRITICAL - 2023-02-16 01:23:13 --> Undefined array key "alamat"
in APPPATH\Views\Pengguna\index.php on line 43.
 1 APPPATH\Views\Pengguna\index.php(43): CodeIgniter\Debug\Exceptions->errorHandler(2, 'Undefined array key "alamat"', 'APPPATH\\Views\\Pengguna\\index.php', 43)
 2 SYSTEMPATH\View\View.php(213): include('APPPATH\\Views\\Pengguna\\index.php')
 3 SYSTEMPATH\View\View.php(216): CodeIgniter\View\View->CodeIgniter\View\{closure}()
 4 SYSTEMPATH\Common.php(1134): CodeIgniter\View\View->render('pengguna/index', [], true)
 5 APPPATH\Controllers\Pengguna.php(36): view('pengguna/index', [...])
 6 SYSTEMPATH\CodeIgniter.php(927): App\Controllers\Pengguna->index()
 7 SYSTEMPATH\CodeIgniter.php(482): CodeIgniter\CodeIgniter->runController(Object(App\Controllers\Pengguna))
 8 SYSTEMPATH\CodeIgniter.php(351): CodeIgniter\CodeIgniter->handleRequest(null, Object(Config\Cache), false)
 9 FCPATH\index.php(67): CodeIgniter\CodeIgniter->run()
10 SYSTEMPATH\Commands\Server\rewrite.php(46): require_once('FCPATH\\index.php')
CRITICAL - 2023-02-16 01:23:14 --> Undefined array key "alamat"
in APPPATH\Views\Pengguna\index.php on line 43.
 1 APPPATH\Views\Pengguna\index.php(43): CodeIgniter\Debug\Exceptions->errorHandler(2, 'Undefined array key "alamat"', 'APPPATH\\Views\\Pengguna\\index.php', 43)
 2 SYSTEMPATH\View\View.php(213): include('APPPATH\\Views\\Pengguna\\index.php')
 3 SYSTEMPATH\View\View.php(216): CodeIgniter\View\View->CodeIgniter\View\{closure}()
 4 SYSTEMPATH\Common.php(1134): CodeIgniter\View\View->render('pengguna/index', [], true)
 5 APPPATH\Controllers\Pengguna.php(36): view('pengguna/index', [...])
 6 SYSTEMPATH\CodeIgniter.php(927): App\Controllers\Pengguna->index()
 7 SYSTEMPATH\CodeIgniter.php(482): CodeIgniter\CodeIgniter->runController(Object(App\Controllers\Pengguna))
 8 SYSTEMPATH\CodeIgniter.php(351): CodeIgniter\CodeIgniter->handleRequest(null, Object(Config\Cache), false)
 9 FCPATH\index.php(67): CodeIgniter\CodeIgniter->run()
10 SYSTEMPATH\Commands\Server\rewrite.php(46): require_once('FCPATH\\index.php')
CRITICAL - 2023-02-16 01:42:29 --> Undefined variable $value
in APPPATH\Views\Penggunaa\ubah.php on line 18.
 1 APPPATH\Views\Penggunaa\ubah.php(18): CodeIgniter\Debug\Exceptions->errorHandler(2, 'Undefined variable $value', 'APPPATH\\Views\\Penggunaa\\ubah.php', 18)
 2 SYSTEMPATH\View\View.php(213): include('APPPATH\\Views\\Penggunaa\\ubah.php')
 3 SYSTEMPATH\View\View.php(216): CodeIgniter\View\View->CodeIgniter\View\{closure}()
 4 SYSTEMPATH\Common.php(1134): CodeIgniter\View\View->render('penggunaa/ubah', [], true)
 5 APPPATH\Controllers\Penggunaa.php(104): view('penggunaa/ubah', [...])
 6 SYSTEMPATH\CodeIgniter.php(927): App\Controllers\Penggunaa->ubah('4')
 7 SYSTEMPATH\CodeIgniter.php(482): CodeIgniter\CodeIgniter->runController(Object(App\Controllers\Penggunaa))
 8 SYSTEMPATH\CodeIgniter.php(351): CodeIgniter\CodeIgniter->handleRequest(null, Object(Config\Cache), false)
 9 FCPATH\index.php(67): CodeIgniter\CodeIgniter->run()
10 SYSTEMPATH\Commands\Server\rewrite.php(46): require_once('FCPATH\\index.php')
CRITICAL - 2023-02-16 01:43:06 --> Undefined variable $pengguna
in APPPATH\Views\Penggunaa\ubah.php on line 18.
 1 APPPATH\Views\Penggunaa\ubah.php(18): CodeIgniter\Debug\Exceptions->errorHandler(2, 'Undefined variable $pengguna', 'APPPATH\\Views\\Penggunaa\\ubah.php', 18)
 2 SYSTEMPATH\View\View.php(213): include('APPPATH\\Views\\Penggunaa\\ubah.php')
 3 SYSTEMPATH\View\View.php(216): CodeIgniter\View\View->CodeIgniter\View\{closure}()
 4 SYSTEMPATH\Common.php(1134): CodeIgniter\View\View->render('penggunaa/ubah', [], true)
 5 APPPATH\Controllers\Penggunaa.php(104): view('penggunaa/ubah', [...])
 6 SYSTEMPATH\CodeIgniter.php(927): App\Controllers\Penggunaa->ubah('4')
 7 SYSTEMPATH\CodeIgniter.php(482): CodeIgniter\CodeIgniter->runController(Object(App\Controllers\Penggunaa))
 8 SYSTEMPATH\CodeIgniter.php(351): CodeIgniter\CodeIgniter->handleRequest(null, Object(Config\Cache), false)
 9 FCPATH\index.php(67): CodeIgniter\CodeIgniter->run()
10 SYSTEMPATH\Commands\Server\rewrite.php(46): require_once('FCPATH\\index.php')
CRITICAL - 2023-02-16 01:45:27 --> Undefined variable $pengguna
in APPPATH\Views\Penggunaa\ubah.php on line 18.
 1 APPPATH\Views\Penggunaa\ubah.php(18): CodeIgniter\Debug\Exceptions->errorHandler(2, 'Undefined variable $pengguna', 'APPPATH\\Views\\Penggunaa\\ubah.php', 18)
 2 SYSTEMPATH\View\View.php(213): include('APPPATH\\Views\\Penggunaa\\ubah.php')
 3 SYSTEMPATH\View\View.php(216): CodeIgniter\View\View->CodeIgniter\View\{closure}()
 4 SYSTEMPATH\Common.php(1134): CodeIgniter\View\View->render('penggunaa/ubah', [], true)
 5 APPPATH\Controllers\Penggunaa.php(104): view('penggunaa/ubah', [...])
 6 SYSTEMPATH\CodeIgniter.php(927): App\Controllers\Penggunaa->ubah('4')
 7 SYSTEMPATH\CodeIgniter.php(482): CodeIgniter\CodeIgniter->runController(Object(App\Controllers\Penggunaa))
 8 SYSTEMPATH\CodeIgniter.php(351): CodeIgniter\CodeIgniter->handleRequest(null, Object(Config\Cache), false)
 9 FCPATH\index.php(67): CodeIgniter\CodeIgniter->run()
10 SYSTEMPATH\Commands\Server\rewrite.php(46): require_once('FCPATH\\index.php')
CRITICAL - 2023-02-16 01:47:34 --> Undefined array key "id"
in APPPATH\Views\Pasien\index.php on line 51.
 1 APPPATH\Views\Pasien\index.php(51): CodeIgniter\Debug\Exceptions->errorHandler(2, 'Undefined array key "id"', 'APPPATH\\Views\\Pasien\\index.php', 51)
 2 SYSTEMPATH\View\View.php(213): include('APPPATH\\Views\\Pasien\\index.php')
 3 SYSTEMPATH\View\View.php(216): CodeIgniter\View\View->CodeIgniter\View\{closure}()
 4 SYSTEMPATH\Common.php(1134): CodeIgniter\View\View->render('pasien/index', [], true)
 5 APPPATH\Controllers\Pasien.php(34): view('pasien/index', [...])
 6 SYSTEMPATH\CodeIgniter.php(927): App\Controllers\Pasien->index('11')
 7 SYSTEMPATH\CodeIgniter.php(482): CodeIgniter\CodeIgniter->runController(Object(App\Controllers\Pasien))
 8 SYSTEMPATH\CodeIgniter.php(351): CodeIgniter\CodeIgniter->handleRequest(null, Object(Config\Cache), false)
 9 FCPATH\index.php(67): CodeIgniter\CodeIgniter->run()
10 SYSTEMPATH\Commands\Server\rewrite.php(46): require_once('FCPATH\\index.php')
CRITICAL - 2023-02-16 01:49:38 --> Undefined variable $pengguna
in APPPATH\Views\Penggunaa\ubah.php on line 18.
 1 APPPATH\Views\Penggunaa\ubah.php(18): CodeIgniter\Debug\Exceptions->errorHandler(2, 'Undefined variable $pengguna', 'APPPATH\\Views\\Penggunaa\\ubah.php', 18)
 2 SYSTEMPATH\View\View.php(213): include('APPPATH\\Views\\Penggunaa\\ubah.php')
 3 SYSTEMPATH\View\View.php(216): CodeIgniter\View\View->CodeIgniter\View\{closure}()
 4 SYSTEMPATH\Common.php(1134): CodeIgniter\View\View->render('penggunaa/ubah', [], true)
 5 APPPATH\Controllers\Penggunaa.php(104): view('penggunaa/ubah', [...])
 6 SYSTEMPATH\CodeIgniter.php(927): App\Controllers\Penggunaa->ubah('4')
 7 SYSTEMPATH\CodeIgniter.php(482): CodeIgniter\CodeIgniter->runController(Object(App\Controllers\Penggunaa))
 8 SYSTEMPATH\CodeIgniter.php(351): CodeIgniter\CodeIgniter->handleRequest(null, Object(Config\Cache), false)
 9 FCPATH\index.php(67): CodeIgniter\CodeIgniter->run()
10 SYSTEMPATH\Commands\Server\rewrite.php(46): require_once('FCPATH\\index.php')
CRITICAL - 2023-02-16 01:51:29 --> Undefined variable $value
in APPPATH\Views\Penggunaa\ubah.php on line 23.
 1 APPPATH\Views\Penggunaa\ubah.php(23): CodeIgniter\Debug\Exceptions->errorHandler(2, 'Undefined variable $value', 'APPPATH\\Views\\Penggunaa\\ubah.php', 23)
 2 SYSTEMPATH\View\View.php(213): include('APPPATH\\Views\\Penggunaa\\ubah.php')
 3 SYSTEMPATH\View\View.php(216): CodeIgniter\View\View->CodeIgniter\View\{closure}()
 4 SYSTEMPATH\Common.php(1134): CodeIgniter\View\View->render('penggunaa/ubah', [], true)
 5 APPPATH\Controllers\Penggunaa.php(104): view('penggunaa/ubah', [...])
 6 SYSTEMPATH\CodeIgniter.php(927): App\Controllers\Penggunaa->ubah('4')
 7 SYSTEMPATH\CodeIgniter.php(482): CodeIgniter\CodeIgniter->runController(Object(App\Controllers\Penggunaa))
 8 SYSTEMPATH\CodeIgniter.php(351): CodeIgniter\CodeIgniter->handleRequest(null, Object(Config\Cache), false)
 9 FCPATH\index.php(67): CodeIgniter\CodeIgniter->run()
10 SYSTEMPATH\Commands\Server\rewrite.php(46): require_once('FCPATH\\index.php')
CRITICAL - 2023-02-16 01:52:25 --> Undefined variable $value
in APPPATH\Views\Penggunaa\ubah.php on line 49.
 1 APPPATH\Views\Penggunaa\ubah.php(49): CodeIgniter\Debug\Exceptions->errorHandler(2, 'Undefined variable $value', 'APPPATH\\Views\\Penggunaa\\ubah.php', 49)
 2 SYSTEMPATH\View\View.php(213): include('APPPATH\\Views\\Penggunaa\\ubah.php')
 3 SYSTEMPATH\View\View.php(216): CodeIgniter\View\View->CodeIgniter\View\{closure}()
 4 SYSTEMPATH\Common.php(1134): CodeIgniter\View\View->render('penggunaa/ubah', [], true)
 5 APPPATH\Controllers\Penggunaa.php(104): view('penggunaa/ubah', [...])
 6 SYSTEMPATH\CodeIgniter.php(927): App\Controllers\Penggunaa->ubah('4')
 7 SYSTEMPATH\CodeIgniter.php(482): CodeIgniter\CodeIgniter->runController(Object(App\Controllers\Penggunaa))
 8 SYSTEMPATH\CodeIgniter.php(351): CodeIgniter\CodeIgniter->handleRequest(null, Object(Config\Cache), false)
 9 FCPATH\index.php(67): CodeIgniter\CodeIgniter->run()
10 SYSTEMPATH\Commands\Server\rewrite.php(46): require_once('FCPATH\\index.php')
ERROR - 2023-02-16 01:55:25 --> mysqli_sql_exception: Table 'demensia.login' doesn't exist in C:\xampp\htdocs\demensia\system\Database\MySQLi\Connection.php:292
Stack trace:
#0 C:\xampp\htdocs\demensia\system\Database\MySQLi\Connection.php(292): mysqli->query('SELECT *\nFROM `...', 0)
#1 C:\xampp\htdocs\demensia\system\Database\BaseConnection.php(666): CodeIgniter\Database\MySQLi\Connection->execute('SELECT *\nFROM `...')
#2 C:\xampp\htdocs\demensia\system\Database\BaseConnection.php(593): CodeIgniter\Database\BaseConnection->simpleQuery('SELECT *\nFROM `...')
#3 C:\xampp\htdocs\demensia\system\Database\BaseBuilder.php(1585): CodeIgniter\Database\BaseConnection->query('SELECT *\nFROM `...', Array, false)
#4 C:\xampp\htdocs\demensia\system\Model.php(238): CodeIgniter\Database\BaseBuilder->get()
#5 C:\xampp\htdocs\demensia\system\BaseModel.php(585): CodeIgniter\Model->doFindAll(0, 0)
#6 C:\xampp\htdocs\demensia\app\Controllers\Profil.php(18): CodeIgniter\BaseModel->findAll()
#7 C:\xampp\htdocs\demensia\system\CodeIgniter.php(927): App\Controllers\Profil->index()
#8 C:\xampp\htdocs\demensia\system\CodeIgniter.php(482): CodeIgniter\CodeIgniter->runController(Object(App\Controllers\Profil))
#9 C:\xampp\htdocs\demensia\system\CodeIgniter.php(351): CodeIgniter\CodeIgniter->handleRequest(NULL, Object(Config\Cache), false)
#10 C:\xampp\htdocs\demensia\public\index.php(67): CodeIgniter\CodeIgniter->run()
#11 C:\xampp\htdocs\demensia\system\Commands\Server\rewrite.php(46): require_once('C:\\xampp\\htdocs...')
#12 {main}
CRITICAL - 2023-02-16 01:55:25 --> Table 'demensia.login' doesn't exist
in SYSTEMPATH\Database\MySQLi\Connection.php on line 292.
 1 SYSTEMPATH\Database\MySQLi\Connection.php(292): mysqli->query('SELECT *
FROM `login`', 0)
 2 SYSTEMPATH\Database\BaseConnection.php(666): CodeIgniter\Database\MySQLi\Connection->execute('SELECT *
FROM `login`')
 3 SYSTEMPATH\Database\BaseConnection.php(593): CodeIgniter\Database\BaseConnection->simpleQuery('SELECT *
FROM `login`')
 4 SYSTEMPATH\Database\BaseBuilder.php(1585): CodeIgniter\Database\BaseConnection->query('SELECT *
FROM `login`', [], false)
 5 SYSTEMPATH\Model.php(238): CodeIgniter\Database\BaseBuilder->get()
 6 SYSTEMPATH\BaseModel.php(585): CodeIgniter\Model->doFindAll(0, 0)
 7 APPPATH\Controllers\Profil.php(18): CodeIgniter\BaseModel->findAll()
 8 SYSTEMPATH\CodeIgniter.php(927): App\Controllers\Profil->index()
 9 SYSTEMPATH\CodeIgniter.php(482): CodeIgniter\CodeIgniter->runController(Object(App\Controllers\Profil))
10 SYSTEMPATH\CodeIgniter.php(351): CodeIgniter\CodeIgniter->handleRequest(null, Object(Config\Cache), false)
11 FCPATH\index.php(67): CodeIgniter\CodeIgniter->run()
12 SYSTEMPATH\Commands\Server\rewrite.php(46): require_once('FCPATH\\index.php')
CRITICAL - 2023-02-16 02:41:34 --> Unclosed '[' on line 66 does not match ')'
in APPPATH\Controllers\Penggunaa.php on line 72.
 1 SYSTEMPATH\Autoloader\Autoloader.php(259): CodeIgniter\Autoloader\Autoloader->includeFile('APPPATH\\Controllers\\Penggunaa.php')
 2 SYSTEMPATH\Autoloader\Autoloader.php(237): CodeIgniter\Autoloader\Autoloader->loadInNamespace('App\\Controllers\\Penggunaa')
 3 [internal function]: CodeIgniter\Autoloader\Autoloader->loadClass('App\\Controllers\\Penggunaa')
 4 SYSTEMPATH\CodeIgniter.php(877): class_exists('\\App\\Controllers\\Penggunaa', true)
 5 SYSTEMPATH\CodeIgniter.php(469): CodeIgniter\CodeIgniter->startController()
 6 SYSTEMPATH\CodeIgniter.php(351): CodeIgniter\CodeIgniter->handleRequest(null, Object(Config\Cache), false)
 7 FCPATH\index.php(67): CodeIgniter\CodeIgniter->run()
 8 SYSTEMPATH\Commands\Server\rewrite.php(46): require_once('FCPATH\\index.php')
CRITICAL - 2023-02-16 02:41:57 --> Unclosed '[' on line 49 does not match ')'
in APPPATH\Controllers\Penggunaa.php on line 72.
 1 SYSTEMPATH\Autoloader\Autoloader.php(259): CodeIgniter\Autoloader\Autoloader->includeFile('APPPATH\\Controllers\\Penggunaa.php')
 2 SYSTEMPATH\Autoloader\Autoloader.php(237): CodeIgniter\Autoloader\Autoloader->loadInNamespace('App\\Controllers\\Penggunaa')
 3 [internal function]: CodeIgniter\Autoloader\Autoloader->loadClass('App\\Controllers\\Penggunaa')
 4 SYSTEMPATH\CodeIgniter.php(877): class_exists('\\App\\Controllers\\Penggunaa', true)
 5 SYSTEMPATH\CodeIgniter.php(469): CodeIgniter\CodeIgniter->startController()
 6 SYSTEMPATH\CodeIgniter.php(351): CodeIgniter\CodeIgniter->handleRequest(null, Object(Config\Cache), false)
 7 FCPATH\index.php(67): CodeIgniter\CodeIgniter->run()
 8 SYSTEMPATH\Commands\Server\rewrite.php(46): require_once('FCPATH\\index.php')
