CRITICAL - 2023-02-21 20:27:01 --> Undefined variable $jawaban
in APPPATH\Controllers\Penilaian.php on line 50.
 1 APPPATH\Controllers\Penilaian.php(50): CodeIgniter\Debug\Exceptions->errorHandler(2, 'Undefined variable $jawaban', 'APPPATH\\Controllers\\Penilaian.php', 50)
 2 SYSTEMPATH\CodeIgniter.php(927): App\Controllers\Penilaian->total()
 3 SYSTEMPATH\CodeIgniter.php(482): CodeIgniter\CodeIgniter->runController(Object(App\Controllers\Penilaian))
 4 SYSTEMPATH\CodeIgniter.php(351): CodeIgniter\CodeIgniter->handleRequest(null, Object(Config\Cache), false)
 5 FCPATH\index.php(67): CodeIgniter\CodeIgniter->run()
 6 SYSTEMPATH\Commands\Server\rewrite.php(46): require_once('FCPATH\\index.php')
CRITICAL - 2023-02-21 20:30:02 --> Undefined variable $jawaban
in APPPATH\Controllers\Penilaian.php on line 50.
 1 APPPATH\Controllers\Penilaian.php(50): CodeIgniter\Debug\Exceptions->errorHandler(2, 'Undefined variable $jawaban', 'APPPATH\\Controllers\\Penilaian.php', 50)
 2 SYSTEMPATH\CodeIgniter.php(927): App\Controllers\Penilaian->total()
 3 SYSTEMPATH\CodeIgniter.php(482): CodeIgniter\CodeIgniter->runController(Object(App\Controllers\Penilaian))
 4 SYSTEMPATH\CodeIgniter.php(351): CodeIgniter\CodeIgniter->handleRequest(null, Object(Config\Cache), false)
 5 FCPATH\index.php(67): CodeIgniter\CodeIgniter->run()
 6 SYSTEMPATH\Commands\Server\rewrite.php(46): require_once('FCPATH\\index.php')
CRITICAL - 2023-02-21 20:32:07 --> Undefined variable $jawaban
in APPPATH\Controllers\Penilaian.php on line 50.
 1 APPPATH\Controllers\Penilaian.php(50): CodeIgniter\Debug\Exceptions->errorHandler(2, 'Undefined variable $jawaban', 'APPPATH\\Controllers\\Penilaian.php', 50)
 2 SYSTEMPATH\CodeIgniter.php(927): App\Controllers\Penilaian->dokumentasi()
 3 SYSTEMPATH\CodeIgniter.php(482): CodeIgniter\CodeIgniter->runController(Object(App\Controllers\Penilaian))
 4 SYSTEMPATH\CodeIgniter.php(351): CodeIgniter\CodeIgniter->handleRequest(null, Object(Config\Cache), false)
 5 FCPATH\index.php(67): CodeIgniter\CodeIgniter->run()
 6 SYSTEMPATH\Commands\Server\rewrite.php(46): require_once('FCPATH\\index.php')
CRITICAL - 2023-02-21 20:33:30 --> Undefined variable $jawaban
in APPPATH\Views\Penilaian\index.php on line 141.
 1 APPPATH\Views\Penilaian\index.php(141): CodeIgniter\Debug\Exceptions->errorHandler(2, 'Undefined variable $jawaban', 'APPPATH\\Views\\Penilaian\\index.php', 141)
 2 SYSTEMPATH\View\View.php(213): include('APPPATH\\Views\\Penilaian\\index.php')
 3 SYSTEMPATH\View\View.php(216): CodeIgniter\View\View->CodeIgniter\View\{closure}()
 4 SYSTEMPATH\Common.php(1134): CodeIgniter\View\View->render('penilaian/index', [], true)
 5 APPPATH\Controllers\Penilaian.php(25): view('penilaian/index', [...])
 6 SYSTEMPATH\CodeIgniter.php(927): App\Controllers\Penilaian->index()
 7 SYSTEMPATH\CodeIgniter.php(482): CodeIgniter\CodeIgniter->runController(Object(App\Controllers\Penilaian))
 8 SYSTEMPATH\CodeIgniter.php(351): CodeIgniter\CodeIgniter->handleRequest(null, Object(Config\Cache), false)
 9 FCPATH\index.php(67): CodeIgniter\CodeIgniter->run()
10 SYSTEMPATH\Commands\Server\rewrite.php(46): require_once('FCPATH\\index.php')
CRITICAL - 2023-02-21 20:34:08 --> Undefined variable $jawaban
in APPPATH\Controllers\Penilaian.php on line 50.
 1 APPPATH\Controllers\Penilaian.php(50): CodeIgniter\Debug\Exceptions->errorHandler(2, 'Undefined variable $jawaban', 'APPPATH\\Controllers\\Penilaian.php', 50)
 2 SYSTEMPATH\CodeIgniter.php(927): App\Controllers\Penilaian->dokumentasi()
 3 SYSTEMPATH\CodeIgniter.php(482): CodeIgniter\CodeIgniter->runController(Object(App\Controllers\Penilaian))
 4 SYSTEMPATH\CodeIgniter.php(351): CodeIgniter\CodeIgniter->handleRequest(null, Object(Config\Cache), false)
 5 FCPATH\index.php(67): CodeIgniter\CodeIgniter->run()
 6 SYSTEMPATH\Commands\Server\rewrite.php(46): require_once('FCPATH\\index.php')
CRITICAL - 2023-02-21 20:36:03 --> Invalid file: dokumentasi.php
in SYSTEMPATH\Exceptions\FrameworkException.php on line 33.
 1 SYSTEMPATH\View\View.php(201): CodeIgniter\Exceptions\FrameworkException::forInvalidFile('dokumentasi.php')
 2 SYSTEMPATH\Common.php(1134): CodeIgniter\View\View->render('dokumentasi', [], true)
 3 APPPATH\Controllers\Penilaian.php(55): view('dokumentasi', [...])
 4 SYSTEMPATH\CodeIgniter.php(927): App\Controllers\Penilaian->dokumentasi()
 5 SYSTEMPATH\CodeIgniter.php(482): CodeIgniter\CodeIgniter->runController(Object(App\Controllers\Penilaian))
 6 SYSTEMPATH\CodeIgniter.php(351): CodeIgniter\CodeIgniter->handleRequest(null, Object(Config\Cache), false)
 7 FCPATH\index.php(67): CodeIgniter\CodeIgniter->run()
 8 SYSTEMPATH\Commands\Server\rewrite.php(46): require_once('FCPATH\\index.php')
CRITICAL - 2023-02-21 20:36:27 --> Invalid file: dokumentasi.php
in SYSTEMPATH\Exceptions\FrameworkException.php on line 33.
 1 SYSTEMPATH\View\View.php(201): CodeIgniter\Exceptions\FrameworkException::forInvalidFile('dokumentasi.php')
 2 SYSTEMPATH\Common.php(1134): CodeIgniter\View\View->render('dokumentasi', [], true)
 3 APPPATH\Controllers\Penilaian.php(55): view('dokumentasi', [...])
 4 SYSTEMPATH\CodeIgniter.php(927): App\Controllers\Penilaian->dokumentasi()
 5 SYSTEMPATH\CodeIgniter.php(482): CodeIgniter\CodeIgniter->runController(Object(App\Controllers\Penilaian))
 6 SYSTEMPATH\CodeIgniter.php(351): CodeIgniter\CodeIgniter->handleRequest(null, Object(Config\Cache), false)
 7 FCPATH\index.php(67): CodeIgniter\CodeIgniter->run()
 8 SYSTEMPATH\Commands\Server\rewrite.php(46): require_once('FCPATH\\index.php')
CRITICAL - 2023-02-21 20:36:58 --> Invalid file: dokumentasi.php
in SYSTEMPATH\Exceptions\FrameworkException.php on line 33.
 1 SYSTEMPATH\View\View.php(201): CodeIgniter\Exceptions\FrameworkException::forInvalidFile('dokumentasi.php')
 2 SYSTEMPATH\Common.php(1134): CodeIgniter\View\View->render('dokumentasi', [], true)
 3 APPPATH\Controllers\Penilaian.php(55): view('dokumentasi', [...])
 4 SYSTEMPATH\CodeIgniter.php(927): App\Controllers\Penilaian->dokumentasi()
 5 SYSTEMPATH\CodeIgniter.php(482): CodeIgniter\CodeIgniter->runController(Object(App\Controllers\Penilaian))
 6 SYSTEMPATH\CodeIgniter.php(351): CodeIgniter\CodeIgniter->handleRequest(null, Object(Config\Cache), false)
 7 FCPATH\index.php(67): CodeIgniter\CodeIgniter->run()
 8 SYSTEMPATH\Commands\Server\rewrite.php(46): require_once('FCPATH\\index.php')
ERROR - 2023-02-21 20:42:39 --> mysqli_sql_exception: Cannot add or update a child row: a foreign key constraint fails (`demensia`.`dokumentasi`, CONSTRAINT `id_pemeriksa` FOREIGN KEY (`id_pemeriksa`) REFERENCES `pemeriksa` (`id_pemeriksa`) ON DELETE CASCADE ON UPDATE CASCADE) in C:\xampp\htdocs\demensia\system\Database\MySQLi\Connection.php:292
Stack trace:
#0 C:\xampp\htdocs\demensia\system\Database\MySQLi\Connection.php(292): mysqli->query('INSERT INTO `do...', 0)
#1 C:\xampp\htdocs\demensia\system\Database\BaseConnection.php(666): CodeIgniter\Database\MySQLi\Connection->execute('INSERT INTO `do...')
#2 C:\xampp\htdocs\demensia\system\Database\BaseConnection.php(593): CodeIgniter\Database\BaseConnection->simpleQuery('INSERT INTO `do...')
#3 C:\xampp\htdocs\demensia\system\Database\BaseBuilder.php(1916): CodeIgniter\Database\BaseConnection->query('INSERT INTO `do...', Array, false)
#4 C:\xampp\htdocs\demensia\system\Model.php(294): CodeIgniter\Database\BaseBuilder->insert()
#5 C:\xampp\htdocs\demensia\system\BaseModel.php(749): CodeIgniter\Model->doInsert(Array)
#6 C:\xampp\htdocs\demensia\system\Model.php(682): CodeIgniter\BaseModel->insert(Array, false)
#7 C:\xampp\htdocs\demensia\system\BaseModel.php(659): CodeIgniter\Model->insert(Array, false)
#8 C:\xampp\htdocs\demensia\app\Controllers\Penilaian.php(122): CodeIgniter\BaseModel->save(Array)
#9 C:\xampp\htdocs\demensia\system\CodeIgniter.php(927): App\Controllers\Penilaian->simpan()
#10 C:\xampp\htdocs\demensia\system\CodeIgniter.php(482): CodeIgniter\CodeIgniter->runController(Object(App\Controllers\Penilaian))
#11 C:\xampp\htdocs\demensia\system\CodeIgniter.php(351): CodeIgniter\CodeIgniter->handleRequest(NULL, Object(Config\Cache), false)
#12 C:\xampp\htdocs\demensia\public\index.php(67): CodeIgniter\CodeIgniter->run()
#13 C:\xampp\htdocs\demensia\system\Commands\Server\rewrite.php(46): require_once('C:\\xampp\\htdocs...')
#14 {main}
CRITICAL - 2023-02-21 20:42:39 --> Cannot add or update a child row: a foreign key constraint fails (`demensia`.`dokumentasi`, CONSTRAINT `id_pemeriksa` FOREIGN KEY (`id_pemeriksa`) REFERENCES `pemeriksa` (`id_pemeriksa`) ON DELETE CASCADE ON UPDATE CASCADE)
in SYSTEMPATH\Database\MySQLi\Connection.php on line 292.
 1 SYSTEMPATH\Database\MySQLi\Connection.php(292): mysqli->query('INSERT INTO `dokumentasi` (`orientasi_waktu`, `orientasi_tempat`, `registrasi`, `atensi_kalkulus`, `recall`, `bahasa_benda`, `bahasa_kata`, `bahasa_perintah`, `bahasa_tulis`, `bahasa_gambar`, `total`) VALUES (\'1\', \'1\', \'1\', \'1\', \'1\', \'1\', \'1\', \'1\', \'1\', \'1\', \'\')', 0)
 2 SYSTEMPATH\Database\BaseConnection.php(666): CodeIgniter\Database\MySQLi\Connection->execute('INSERT INTO `dokumentasi` (`orientasi_waktu`, `orientasi_tempat`, `registrasi`, `atensi_kalkulus`, `recall`, `bahasa_benda`, `bahasa_kata`, `bahasa_perintah`, `bahasa_tulis`, `bahasa_gambar`, `total`) VALUES (\'1\', \'1\', \'1\', \'1\', \'1\', \'1\', \'1\', \'1\', \'1\', \'1\', \'\')')
 3 SYSTEMPATH\Database\BaseConnection.php(593): CodeIgniter\Database\BaseConnection->simpleQuery('INSERT INTO `dokumentasi` (`orientasi_waktu`, `orientasi_tempat`, `registrasi`, `atensi_kalkulus`, `recall`, `bahasa_benda`, `bahasa_kata`, `bahasa_perintah`, `bahasa_tulis`, `bahasa_gambar`, `total`) VALUES (\'1\', \'1\', \'1\', \'1\', \'1\', \'1\', \'1\', \'1\', \'1\', \'1\', \'\')')
 4 SYSTEMPATH\Database\BaseBuilder.php(1916): CodeIgniter\Database\BaseConnection->query('INSERT INTO `dokumentasi` (`orientasi_waktu`, `orientasi_tempat`, `registrasi`, `atensi_kalkulus`, `recall`, `bahasa_benda`, `bahasa_kata`, `bahasa_perintah`, `bahasa_tulis`, `bahasa_gambar`, `total`) VALUES (:orientasi_waktu:, :orientasi_tempat:, :registrasi:, :atensi_kalkulus:, :recall:, :bahasa_benda:, :bahasa_kata:, :bahasa_perintah:, :bahasa_tulis:, :bahasa_gambar:, :total:)', [...], false)
 5 SYSTEMPATH\Model.php(294): CodeIgniter\Database\BaseBuilder->insert()
 6 SYSTEMPATH\BaseModel.php(749): CodeIgniter\Model->doInsert([...])
 7 SYSTEMPATH\Model.php(682): CodeIgniter\BaseModel->insert([...], false)
 8 SYSTEMPATH\BaseModel.php(659): CodeIgniter\Model->insert([...], false)
 9 APPPATH\Controllers\Penilaian.php(122): CodeIgniter\BaseModel->save([...])
10 SYSTEMPATH\CodeIgniter.php(927): App\Controllers\Penilaian->simpan()
11 SYSTEMPATH\CodeIgniter.php(482): CodeIgniter\CodeIgniter->runController(Object(App\Controllers\Penilaian))
12 SYSTEMPATH\CodeIgniter.php(351): CodeIgniter\CodeIgniter->handleRequest(null, Object(Config\Cache), false)
13 FCPATH\index.php(67): CodeIgniter\CodeIgniter->run()
14 SYSTEMPATH\Commands\Server\rewrite.php(46): require_once('FCPATH\\index.php')
CRITICAL - 2023-02-21 21:11:47 --> Invalid file: dokumentasi.php
in SYSTEMPATH\Exceptions\FrameworkException.php on line 33.
 1 SYSTEMPATH\View\View.php(201): CodeIgniter\Exceptions\FrameworkException::forInvalidFile('dokumentasi.php')
 2 SYSTEMPATH\Common.php(1134): CodeIgniter\View\View->render('dokumentasi', [], true)
 3 APPPATH\Controllers\Penilaian.php(55): view('dokumentasi', [...])
 4 SYSTEMPATH\CodeIgniter.php(927): App\Controllers\Penilaian->dokumentasi()
 5 SYSTEMPATH\CodeIgniter.php(482): CodeIgniter\CodeIgniter->runController(Object(App\Controllers\Penilaian))
 6 SYSTEMPATH\CodeIgniter.php(351): CodeIgniter\CodeIgniter->handleRequest(null, Object(Config\Cache), false)
 7 FCPATH\index.php(67): CodeIgniter\CodeIgniter->run()
 8 SYSTEMPATH\Commands\Server\rewrite.php(46): require_once('FCPATH\\index.php')
CRITICAL - 2023-02-21 21:40:06 --> Invalid file: dokumentasi.php
in SYSTEMPATH\Exceptions\FrameworkException.php on line 33.
 1 SYSTEMPATH\View\View.php(201): CodeIgniter\Exceptions\FrameworkException::forInvalidFile('dokumentasi.php')
 2 SYSTEMPATH\Common.php(1134): CodeIgniter\View\View->render('dokumentasi', [], true)
 3 APPPATH\Controllers\Penilaian.php(55): view('dokumentasi', [...])
 4 SYSTEMPATH\CodeIgniter.php(927): App\Controllers\Penilaian->dokumentasi()
 5 SYSTEMPATH\CodeIgniter.php(482): CodeIgniter\CodeIgniter->runController(Object(App\Controllers\Penilaian))
 6 SYSTEMPATH\CodeIgniter.php(351): CodeIgniter\CodeIgniter->handleRequest(null, Object(Config\Cache), false)
 7 FCPATH\index.php(67): CodeIgniter\CodeIgniter->run()
 8 SYSTEMPATH\Commands\Server\rewrite.php(46): require_once('FCPATH\\index.php')
ERROR - 2023-02-21 21:50:59 --> mysqli_sql_exception: Column 'nama_pemeriksa' cannot be null in C:\xampp\htdocs\demensia\system\Database\MySQLi\Connection.php:292
Stack trace:
#0 C:\xampp\htdocs\demensia\system\Database\MySQLi\Connection.php(292): mysqli->query('INSERT INTO `do...', 0)
#1 C:\xampp\htdocs\demensia\system\Database\BaseConnection.php(666): CodeIgniter\Database\MySQLi\Connection->execute('INSERT INTO `do...')
#2 C:\xampp\htdocs\demensia\system\Database\BaseConnection.php(593): CodeIgniter\Database\BaseConnection->simpleQuery('INSERT INTO `do...')
#3 C:\xampp\htdocs\demensia\system\Database\BaseBuilder.php(1916): CodeIgniter\Database\BaseConnection->query('INSERT INTO `do...', Array, false)
#4 C:\xampp\htdocs\demensia\system\Model.php(294): CodeIgniter\Database\BaseBuilder->insert()
#5 C:\xampp\htdocs\demensia\system\BaseModel.php(749): CodeIgniter\Model->doInsert(Array)
#6 C:\xampp\htdocs\demensia\system\Model.php(682): CodeIgniter\BaseModel->insert(Array, false)
#7 C:\xampp\htdocs\demensia\system\BaseModel.php(659): CodeIgniter\Model->insert(Array, false)
#8 C:\xampp\htdocs\demensia\app\Controllers\Penilaian.php(120): CodeIgniter\BaseModel->save(Array)
#9 C:\xampp\htdocs\demensia\system\CodeIgniter.php(927): App\Controllers\Penilaian->simpan()
#10 C:\xampp\htdocs\demensia\system\CodeIgniter.php(482): CodeIgniter\CodeIgniter->runController(Object(App\Controllers\Penilaian))
#11 C:\xampp\htdocs\demensia\system\CodeIgniter.php(351): CodeIgniter\CodeIgniter->handleRequest(NULL, Object(Config\Cache), false)
#12 C:\xampp\htdocs\demensia\public\index.php(67): CodeIgniter\CodeIgniter->run()
#13 C:\xampp\htdocs\demensia\system\Commands\Server\rewrite.php(46): require_once('C:\\xampp\\htdocs...')
#14 {main}
CRITICAL - 2023-02-21 21:50:59 --> Column 'nama_pemeriksa' cannot be null
in SYSTEMPATH\Database\MySQLi\Connection.php on line 292.
 1 SYSTEMPATH\Database\MySQLi\Connection.php(292): mysqli->query('INSERT INTO `dokumentasi` (`nama_pemeriksa`, `nama_pasien`, `tanggal`, `orientasi_waktu`, `orientasi_tempat`, `registrasi`, `atensi_kalkulus`, `recall`, `bahasa_benda`, `bahasa_kata`, `bahasa_perintah`, `bahasa_tulis`, `bahasa_gambar`, `total`) VALUES (NULL, \'August Juang\', NULL, \'1\', \'1\', \'1\', \'1\', \'1\', \'1\', \'1\', \'1\', \'1\', \'1\', \'\')', 0)
 2 SYSTEMPATH\Database\BaseConnection.php(666): CodeIgniter\Database\MySQLi\Connection->execute('INSERT INTO `dokumentasi` (`nama_pemeriksa`, `nama_pasien`, `tanggal`, `orientasi_waktu`, `orientasi_tempat`, `registrasi`, `atensi_kalkulus`, `recall`, `bahasa_benda`, `bahasa_kata`, `bahasa_perintah`, `bahasa_tulis`, `bahasa_gambar`, `total`) VALUES (NULL, \'August Juang\', NULL, \'1\', \'1\', \'1\', \'1\', \'1\', \'1\', \'1\', \'1\', \'1\', \'1\', \'\')')
 3 SYSTEMPATH\Database\BaseConnection.php(593): CodeIgniter\Database\BaseConnection->simpleQuery('INSERT INTO `dokumentasi` (`nama_pemeriksa`, `nama_pasien`, `tanggal`, `orientasi_waktu`, `orientasi_tempat`, `registrasi`, `atensi_kalkulus`, `recall`, `bahasa_benda`, `bahasa_kata`, `bahasa_perintah`, `bahasa_tulis`, `bahasa_gambar`, `total`) VALUES (NULL, \'August Juang\', NULL, \'1\', \'1\', \'1\', \'1\', \'1\', \'1\', \'1\', \'1\', \'1\', \'1\', \'\')')
 4 SYSTEMPATH\Database\BaseBuilder.php(1916): CodeIgniter\Database\BaseConnection->query('INSERT INTO `dokumentasi` (`nama_pemeriksa`, `nama_pasien`, `tanggal`, `orientasi_waktu`, `orientasi_tempat`, `registrasi`, `atensi_kalkulus`, `recall`, `bahasa_benda`, `bahasa_kata`, `bahasa_perintah`, `bahasa_tulis`, `bahasa_gambar`, `total`) VALUES (:nama_pemeriksa:, :nama_pasien:, :tanggal:, :orientasi_waktu:, :orientasi_tempat:, :registrasi:, :atensi_kalkulus:, :recall:, :bahasa_benda:, :bahasa_kata:, :bahasa_perintah:, :bahasa_tulis:, :bahasa_gambar:, :total:)', [...], false)
 5 SYSTEMPATH\Model.php(294): CodeIgniter\Database\BaseBuilder->insert()
 6 SYSTEMPATH\BaseModel.php(749): CodeIgniter\Model->doInsert([...])
 7 SYSTEMPATH\Model.php(682): CodeIgniter\BaseModel->insert([...], false)
 8 SYSTEMPATH\BaseModel.php(659): CodeIgniter\Model->insert([...], false)
 9 APPPATH\Controllers\Penilaian.php(120): CodeIgniter\BaseModel->save([...])
10 SYSTEMPATH\CodeIgniter.php(927): App\Controllers\Penilaian->simpan()
11 SYSTEMPATH\CodeIgniter.php(482): CodeIgniter\CodeIgniter->runController(Object(App\Controllers\Penilaian))
12 SYSTEMPATH\CodeIgniter.php(351): CodeIgniter\CodeIgniter->handleRequest(null, Object(Config\Cache), false)
13 FCPATH\index.php(67): CodeIgniter\CodeIgniter->run()
14 SYSTEMPATH\Commands\Server\rewrite.php(46): require_once('FCPATH\\index.php')
ERROR - 2023-02-21 21:52:35 --> mysqli_sql_exception: Column 'nama_pemeriksa' cannot be null in C:\xampp\htdocs\demensia\system\Database\MySQLi\Connection.php:292
Stack trace:
#0 C:\xampp\htdocs\demensia\system\Database\MySQLi\Connection.php(292): mysqli->query('INSERT INTO `do...', 0)
#1 C:\xampp\htdocs\demensia\system\Database\BaseConnection.php(666): CodeIgniter\Database\MySQLi\Connection->execute('INSERT INTO `do...')
#2 C:\xampp\htdocs\demensia\system\Database\BaseConnection.php(593): CodeIgniter\Database\BaseConnection->simpleQuery('INSERT INTO `do...')
#3 C:\xampp\htdocs\demensia\system\Database\BaseBuilder.php(1916): CodeIgniter\Database\BaseConnection->query('INSERT INTO `do...', Array, false)
#4 C:\xampp\htdocs\demensia\system\Model.php(294): CodeIgniter\Database\BaseBuilder->insert()
#5 C:\xampp\htdocs\demensia\system\BaseModel.php(749): CodeIgniter\Model->doInsert(Array)
#6 C:\xampp\htdocs\demensia\system\Model.php(682): CodeIgniter\BaseModel->insert(Array, false)
#7 C:\xampp\htdocs\demensia\system\BaseModel.php(659): CodeIgniter\Model->insert(Array, false)
#8 C:\xampp\htdocs\demensia\app\Controllers\Penilaian.php(120): CodeIgniter\BaseModel->save(Array)
#9 C:\xampp\htdocs\demensia\system\CodeIgniter.php(927): App\Controllers\Penilaian->simpan()
#10 C:\xampp\htdocs\demensia\system\CodeIgniter.php(482): CodeIgniter\CodeIgniter->runController(Object(App\Controllers\Penilaian))
#11 C:\xampp\htdocs\demensia\system\CodeIgniter.php(351): CodeIgniter\CodeIgniter->handleRequest(NULL, Object(Config\Cache), false)
#12 C:\xampp\htdocs\demensia\public\index.php(67): CodeIgniter\CodeIgniter->run()
#13 C:\xampp\htdocs\demensia\system\Commands\Server\rewrite.php(46): require_once('C:\\xampp\\htdocs...')
#14 {main}
CRITICAL - 2023-02-21 21:52:35 --> Column 'nama_pemeriksa' cannot be null
in SYSTEMPATH\Database\MySQLi\Connection.php on line 292.
 1 SYSTEMPATH\Database\MySQLi\Connection.php(292): mysqli->query('INSERT INTO `dokumentasi` (`nama_pemeriksa`, `nama_pasien`, `tanggal`, `orientasi_waktu`, `orientasi_tempat`, `registrasi`, `atensi_kalkulus`, `recall`, `bahasa_benda`, `bahasa_kata`, `bahasa_perintah`, `bahasa_tulis`, `bahasa_gambar`, `total`) VALUES (NULL, \'August Juang\', NULL, \'1\', \'1\', \'1\', \'1\', \'1\', \'1\', \'1\', \'1\', \'1\', \'1\', \'\')', 0)
 2 SYSTEMPATH\Database\BaseConnection.php(666): CodeIgniter\Database\MySQLi\Connection->execute('INSERT INTO `dokumentasi` (`nama_pemeriksa`, `nama_pasien`, `tanggal`, `orientasi_waktu`, `orientasi_tempat`, `registrasi`, `atensi_kalkulus`, `recall`, `bahasa_benda`, `bahasa_kata`, `bahasa_perintah`, `bahasa_tulis`, `bahasa_gambar`, `total`) VALUES (NULL, \'August Juang\', NULL, \'1\', \'1\', \'1\', \'1\', \'1\', \'1\', \'1\', \'1\', \'1\', \'1\', \'\')')
 3 SYSTEMPATH\Database\BaseConnection.php(593): CodeIgniter\Database\BaseConnection->simpleQuery('INSERT INTO `dokumentasi` (`nama_pemeriksa`, `nama_pasien`, `tanggal`, `orientasi_waktu`, `orientasi_tempat`, `registrasi`, `atensi_kalkulus`, `recall`, `bahasa_benda`, `bahasa_kata`, `bahasa_perintah`, `bahasa_tulis`, `bahasa_gambar`, `total`) VALUES (NULL, \'August Juang\', NULL, \'1\', \'1\', \'1\', \'1\', \'1\', \'1\', \'1\', \'1\', \'1\', \'1\', \'\')')
 4 SYSTEMPATH\Database\BaseBuilder.php(1916): CodeIgniter\Database\BaseConnection->query('INSERT INTO `dokumentasi` (`nama_pemeriksa`, `nama_pasien`, `tanggal`, `orientasi_waktu`, `orientasi_tempat`, `registrasi`, `atensi_kalkulus`, `recall`, `bahasa_benda`, `bahasa_kata`, `bahasa_perintah`, `bahasa_tulis`, `bahasa_gambar`, `total`) VALUES (:nama_pemeriksa:, :nama_pasien:, :tanggal:, :orientasi_waktu:, :orientasi_tempat:, :registrasi:, :atensi_kalkulus:, :recall:, :bahasa_benda:, :bahasa_kata:, :bahasa_perintah:, :bahasa_tulis:, :bahasa_gambar:, :total:)', [...], false)
 5 SYSTEMPATH\Model.php(294): CodeIgniter\Database\BaseBuilder->insert()
 6 SYSTEMPATH\BaseModel.php(749): CodeIgniter\Model->doInsert([...])
 7 SYSTEMPATH\Model.php(682): CodeIgniter\BaseModel->insert([...], false)
 8 SYSTEMPATH\BaseModel.php(659): CodeIgniter\Model->insert([...], false)
 9 APPPATH\Controllers\Penilaian.php(120): CodeIgniter\BaseModel->save([...])
10 SYSTEMPATH\CodeIgniter.php(927): App\Controllers\Penilaian->simpan()
11 SYSTEMPATH\CodeIgniter.php(482): CodeIgniter\CodeIgniter->runController(Object(App\Controllers\Penilaian))
12 SYSTEMPATH\CodeIgniter.php(351): CodeIgniter\CodeIgniter->handleRequest(null, Object(Config\Cache), false)
13 FCPATH\index.php(67): CodeIgniter\CodeIgniter->run()
14 SYSTEMPATH\Commands\Server\rewrite.php(46): require_once('FCPATH\\index.php')
ERROR - 2023-02-21 21:53:20 --> mysqli_sql_exception: Column 'tanggal' cannot be null in C:\xampp\htdocs\demensia\system\Database\MySQLi\Connection.php:292
Stack trace:
#0 C:\xampp\htdocs\demensia\system\Database\MySQLi\Connection.php(292): mysqli->query('INSERT INTO `do...', 0)
#1 C:\xampp\htdocs\demensia\system\Database\BaseConnection.php(666): CodeIgniter\Database\MySQLi\Connection->execute('INSERT INTO `do...')
#2 C:\xampp\htdocs\demensia\system\Database\BaseConnection.php(593): CodeIgniter\Database\BaseConnection->simpleQuery('INSERT INTO `do...')
#3 C:\xampp\htdocs\demensia\system\Database\BaseBuilder.php(1916): CodeIgniter\Database\BaseConnection->query('INSERT INTO `do...', Array, false)
#4 C:\xampp\htdocs\demensia\system\Model.php(294): CodeIgniter\Database\BaseBuilder->insert()
#5 C:\xampp\htdocs\demensia\system\BaseModel.php(749): CodeIgniter\Model->doInsert(Array)
#6 C:\xampp\htdocs\demensia\system\Model.php(682): CodeIgniter\BaseModel->insert(Array, false)
#7 C:\xampp\htdocs\demensia\system\BaseModel.php(659): CodeIgniter\Model->insert(Array, false)
#8 C:\xampp\htdocs\demensia\app\Controllers\Penilaian.php(120): CodeIgniter\BaseModel->save(Array)
#9 C:\xampp\htdocs\demensia\system\CodeIgniter.php(927): App\Controllers\Penilaian->simpan()
#10 C:\xampp\htdocs\demensia\system\CodeIgniter.php(482): CodeIgniter\CodeIgniter->runController(Object(App\Controllers\Penilaian))
#11 C:\xampp\htdocs\demensia\system\CodeIgniter.php(351): CodeIgniter\CodeIgniter->handleRequest(NULL, Object(Config\Cache), false)
#12 C:\xampp\htdocs\demensia\public\index.php(67): CodeIgniter\CodeIgniter->run()
#13 C:\xampp\htdocs\demensia\system\Commands\Server\rewrite.php(46): require_once('C:\\xampp\\htdocs...')
#14 {main}
CRITICAL - 2023-02-21 21:53:20 --> Column 'tanggal' cannot be null
in SYSTEMPATH\Database\MySQLi\Connection.php on line 292.
 1 SYSTEMPATH\Database\MySQLi\Connection.php(292): mysqli->query('INSERT INTO `dokumentasi` (`nama_pemeriksa`, `nama_pasien`, `tanggal`, `orientasi_waktu`, `orientasi_tempat`, `registrasi`, `atensi_kalkulus`, `recall`, `bahasa_benda`, `bahasa_kata`, `bahasa_perintah`, `bahasa_tulis`, `bahasa_gambar`, `total`) VALUES (\'Wahyu Agustina\', \'August Juang\', NULL, \'1\', \'1\', \'1\', \'1\', \'1\', \'1\', \'1\', \'1\', \'1\', \'1\', \'\')', 0)
 2 SYSTEMPATH\Database\BaseConnection.php(666): CodeIgniter\Database\MySQLi\Connection->execute('INSERT INTO `dokumentasi` (`nama_pemeriksa`, `nama_pasien`, `tanggal`, `orientasi_waktu`, `orientasi_tempat`, `registrasi`, `atensi_kalkulus`, `recall`, `bahasa_benda`, `bahasa_kata`, `bahasa_perintah`, `bahasa_tulis`, `bahasa_gambar`, `total`) VALUES (\'Wahyu Agustina\', \'August Juang\', NULL, \'1\', \'1\', \'1\', \'1\', \'1\', \'1\', \'1\', \'1\', \'1\', \'1\', \'\')')
 3 SYSTEMPATH\Database\BaseConnection.php(593): CodeIgniter\Database\BaseConnection->simpleQuery('INSERT INTO `dokumentasi` (`nama_pemeriksa`, `nama_pasien`, `tanggal`, `orientasi_waktu`, `orientasi_tempat`, `registrasi`, `atensi_kalkulus`, `recall`, `bahasa_benda`, `bahasa_kata`, `bahasa_perintah`, `bahasa_tulis`, `bahasa_gambar`, `total`) VALUES (\'Wahyu Agustina\', \'August Juang\', NULL, \'1\', \'1\', \'1\', \'1\', \'1\', \'1\', \'1\', \'1\', \'1\', \'1\', \'\')')
 4 SYSTEMPATH\Database\BaseBuilder.php(1916): CodeIgniter\Database\BaseConnection->query('INSERT INTO `dokumentasi` (`nama_pemeriksa`, `nama_pasien`, `tanggal`, `orientasi_waktu`, `orientasi_tempat`, `registrasi`, `atensi_kalkulus`, `recall`, `bahasa_benda`, `bahasa_kata`, `bahasa_perintah`, `bahasa_tulis`, `bahasa_gambar`, `total`) VALUES (:nama_pemeriksa:, :nama_pasien:, :tanggal:, :orientasi_waktu:, :orientasi_tempat:, :registrasi:, :atensi_kalkulus:, :recall:, :bahasa_benda:, :bahasa_kata:, :bahasa_perintah:, :bahasa_tulis:, :bahasa_gambar:, :total:)', [...], false)
 5 SYSTEMPATH\Model.php(294): CodeIgniter\Database\BaseBuilder->insert()
 6 SYSTEMPATH\BaseModel.php(749): CodeIgniter\Model->doInsert([...])
 7 SYSTEMPATH\Model.php(682): CodeIgniter\BaseModel->insert([...], false)
 8 SYSTEMPATH\BaseModel.php(659): CodeIgniter\Model->insert([...], false)
 9 APPPATH\Controllers\Penilaian.php(120): CodeIgniter\BaseModel->save([...])
10 SYSTEMPATH\CodeIgniter.php(927): App\Controllers\Penilaian->simpan()
11 SYSTEMPATH\CodeIgniter.php(482): CodeIgniter\CodeIgniter->runController(Object(App\Controllers\Penilaian))
12 SYSTEMPATH\CodeIgniter.php(351): CodeIgniter\CodeIgniter->handleRequest(null, Object(Config\Cache), false)
13 FCPATH\index.php(67): CodeIgniter\CodeIgniter->run()
14 SYSTEMPATH\Commands\Server\rewrite.php(46): require_once('FCPATH\\index.php')
ERROR - 2023-02-21 21:53:50 --> mysqli_sql_exception: Column 'tanggal' cannot be null in C:\xampp\htdocs\demensia\system\Database\MySQLi\Connection.php:292
Stack trace:
#0 C:\xampp\htdocs\demensia\system\Database\MySQLi\Connection.php(292): mysqli->query('INSERT INTO `do...', 0)
#1 C:\xampp\htdocs\demensia\system\Database\BaseConnection.php(666): CodeIgniter\Database\MySQLi\Connection->execute('INSERT INTO `do...')
#2 C:\xampp\htdocs\demensia\system\Database\BaseConnection.php(593): CodeIgniter\Database\BaseConnection->simpleQuery('INSERT INTO `do...')
#3 C:\xampp\htdocs\demensia\system\Database\BaseBuilder.php(1916): CodeIgniter\Database\BaseConnection->query('INSERT INTO `do...', Array, false)
#4 C:\xampp\htdocs\demensia\system\Model.php(294): CodeIgniter\Database\BaseBuilder->insert()
#5 C:\xampp\htdocs\demensia\system\BaseModel.php(749): CodeIgniter\Model->doInsert(Array)
#6 C:\xampp\htdocs\demensia\system\Model.php(682): CodeIgniter\BaseModel->insert(Array, false)
#7 C:\xampp\htdocs\demensia\system\BaseModel.php(659): CodeIgniter\Model->insert(Array, false)
#8 C:\xampp\htdocs\demensia\app\Controllers\Penilaian.php(120): CodeIgniter\BaseModel->save(Array)
#9 C:\xampp\htdocs\demensia\system\CodeIgniter.php(927): App\Controllers\Penilaian->simpan()
#10 C:\xampp\htdocs\demensia\system\CodeIgniter.php(482): CodeIgniter\CodeIgniter->runController(Object(App\Controllers\Penilaian))
#11 C:\xampp\htdocs\demensia\system\CodeIgniter.php(351): CodeIgniter\CodeIgniter->handleRequest(NULL, Object(Config\Cache), false)
#12 C:\xampp\htdocs\demensia\public\index.php(67): CodeIgniter\CodeIgniter->run()
#13 C:\xampp\htdocs\demensia\system\Commands\Server\rewrite.php(46): require_once('C:\\xampp\\htdocs...')
#14 {main}
CRITICAL - 2023-02-21 21:53:50 --> Column 'tanggal' cannot be null
in SYSTEMPATH\Database\MySQLi\Connection.php on line 292.
 1 SYSTEMPATH\Database\MySQLi\Connection.php(292): mysqli->query('INSERT INTO `dokumentasi` (`nama_pemeriksa`, `nama_pasien`, `tanggal`, `orientasi_waktu`, `orientasi_tempat`, `registrasi`, `atensi_kalkulus`, `recall`, `bahasa_benda`, `bahasa_kata`, `bahasa_perintah`, `bahasa_tulis`, `bahasa_gambar`, `total`) VALUES (\'Wahyu Agustina\', \'August Juang\', NULL, \'1\', \'1\', \'1\', \'1\', \'1\', \'1\', \'1\', \'1\', \'1\', \'1\', \'\')', 0)
 2 SYSTEMPATH\Database\BaseConnection.php(666): CodeIgniter\Database\MySQLi\Connection->execute('INSERT INTO `dokumentasi` (`nama_pemeriksa`, `nama_pasien`, `tanggal`, `orientasi_waktu`, `orientasi_tempat`, `registrasi`, `atensi_kalkulus`, `recall`, `bahasa_benda`, `bahasa_kata`, `bahasa_perintah`, `bahasa_tulis`, `bahasa_gambar`, `total`) VALUES (\'Wahyu Agustina\', \'August Juang\', NULL, \'1\', \'1\', \'1\', \'1\', \'1\', \'1\', \'1\', \'1\', \'1\', \'1\', \'\')')
 3 SYSTEMPATH\Database\BaseConnection.php(593): CodeIgniter\Database\BaseConnection->simpleQuery('INSERT INTO `dokumentasi` (`nama_pemeriksa`, `nama_pasien`, `tanggal`, `orientasi_waktu`, `orientasi_tempat`, `registrasi`, `atensi_kalkulus`, `recall`, `bahasa_benda`, `bahasa_kata`, `bahasa_perintah`, `bahasa_tulis`, `bahasa_gambar`, `total`) VALUES (\'Wahyu Agustina\', \'August Juang\', NULL, \'1\', \'1\', \'1\', \'1\', \'1\', \'1\', \'1\', \'1\', \'1\', \'1\', \'\')')
 4 SYSTEMPATH\Database\BaseBuilder.php(1916): CodeIgniter\Database\BaseConnection->query('INSERT INTO `dokumentasi` (`nama_pemeriksa`, `nama_pasien`, `tanggal`, `orientasi_waktu`, `orientasi_tempat`, `registrasi`, `atensi_kalkulus`, `recall`, `bahasa_benda`, `bahasa_kata`, `bahasa_perintah`, `bahasa_tulis`, `bahasa_gambar`, `total`) VALUES (:nama_pemeriksa:, :nama_pasien:, :tanggal:, :orientasi_waktu:, :orientasi_tempat:, :registrasi:, :atensi_kalkulus:, :recall:, :bahasa_benda:, :bahasa_kata:, :bahasa_perintah:, :bahasa_tulis:, :bahasa_gambar:, :total:)', [...], false)
 5 SYSTEMPATH\Model.php(294): CodeIgniter\Database\BaseBuilder->insert()
 6 SYSTEMPATH\BaseModel.php(749): CodeIgniter\Model->doInsert([...])
 7 SYSTEMPATH\Model.php(682): CodeIgniter\BaseModel->insert([...], false)
 8 SYSTEMPATH\BaseModel.php(659): CodeIgniter\Model->insert([...], false)
 9 APPPATH\Controllers\Penilaian.php(120): CodeIgniter\BaseModel->save([...])
10 SYSTEMPATH\CodeIgniter.php(927): App\Controllers\Penilaian->simpan()
11 SYSTEMPATH\CodeIgniter.php(482): CodeIgniter\CodeIgniter->runController(Object(App\Controllers\Penilaian))
12 SYSTEMPATH\CodeIgniter.php(351): CodeIgniter\CodeIgniter->handleRequest(null, Object(Config\Cache), false)
13 FCPATH\index.php(67): CodeIgniter\CodeIgniter->run()
14 SYSTEMPATH\Commands\Server\rewrite.php(46): require_once('FCPATH\\index.php')
ERROR - 2023-02-21 21:53:58 --> mysqli_sql_exception: Column 'tanggal' cannot be null in C:\xampp\htdocs\demensia\system\Database\MySQLi\Connection.php:292
Stack trace:
#0 C:\xampp\htdocs\demensia\system\Database\MySQLi\Connection.php(292): mysqli->query('INSERT INTO `do...', 0)
#1 C:\xampp\htdocs\demensia\system\Database\BaseConnection.php(666): CodeIgniter\Database\MySQLi\Connection->execute('INSERT INTO `do...')
#2 C:\xampp\htdocs\demensia\system\Database\BaseConnection.php(593): CodeIgniter\Database\BaseConnection->simpleQuery('INSERT INTO `do...')
#3 C:\xampp\htdocs\demensia\system\Database\BaseBuilder.php(1916): CodeIgniter\Database\BaseConnection->query('INSERT INTO `do...', Array, false)
#4 C:\xampp\htdocs\demensia\system\Model.php(294): CodeIgniter\Database\BaseBuilder->insert()
#5 C:\xampp\htdocs\demensia\system\BaseModel.php(749): CodeIgniter\Model->doInsert(Array)
#6 C:\xampp\htdocs\demensia\system\Model.php(682): CodeIgniter\BaseModel->insert(Array, false)
#7 C:\xampp\htdocs\demensia\system\BaseModel.php(659): CodeIgniter\Model->insert(Array, false)
#8 C:\xampp\htdocs\demensia\app\Controllers\Penilaian.php(120): CodeIgniter\BaseModel->save(Array)
#9 C:\xampp\htdocs\demensia\system\CodeIgniter.php(927): App\Controllers\Penilaian->simpan()
#10 C:\xampp\htdocs\demensia\system\CodeIgniter.php(482): CodeIgniter\CodeIgniter->runController(Object(App\Controllers\Penilaian))
#11 C:\xampp\htdocs\demensia\system\CodeIgniter.php(351): CodeIgniter\CodeIgniter->handleRequest(NULL, Object(Config\Cache), false)
#12 C:\xampp\htdocs\demensia\public\index.php(67): CodeIgniter\CodeIgniter->run()
#13 C:\xampp\htdocs\demensia\system\Commands\Server\rewrite.php(46): require_once('C:\\xampp\\htdocs...')
#14 {main}
CRITICAL - 2023-02-21 21:53:58 --> Column 'tanggal' cannot be null
in SYSTEMPATH\Database\MySQLi\Connection.php on line 292.
 1 SYSTEMPATH\Database\MySQLi\Connection.php(292): mysqli->query('INSERT INTO `dokumentasi` (`nama_pemeriksa`, `nama_pasien`, `tanggal`, `orientasi_waktu`, `orientasi_tempat`, `registrasi`, `atensi_kalkulus`, `recall`, `bahasa_benda`, `bahasa_kata`, `bahasa_perintah`, `bahasa_tulis`, `bahasa_gambar`, `total`) VALUES (\'Wahyu Agustina\', \'August Juang\', NULL, \'1\', \'1\', \'1\', \'1\', \'1\', \'1\', \'1\', \'1\', \'1\', \'1\', \'\')', 0)
 2 SYSTEMPATH\Database\BaseConnection.php(666): CodeIgniter\Database\MySQLi\Connection->execute('INSERT INTO `dokumentasi` (`nama_pemeriksa`, `nama_pasien`, `tanggal`, `orientasi_waktu`, `orientasi_tempat`, `registrasi`, `atensi_kalkulus`, `recall`, `bahasa_benda`, `bahasa_kata`, `bahasa_perintah`, `bahasa_tulis`, `bahasa_gambar`, `total`) VALUES (\'Wahyu Agustina\', \'August Juang\', NULL, \'1\', \'1\', \'1\', \'1\', \'1\', \'1\', \'1\', \'1\', \'1\', \'1\', \'\')')
 3 SYSTEMPATH\Database\BaseConnection.php(593): CodeIgniter\Database\BaseConnection->simpleQuery('INSERT INTO `dokumentasi` (`nama_pemeriksa`, `nama_pasien`, `tanggal`, `orientasi_waktu`, `orientasi_tempat`, `registrasi`, `atensi_kalkulus`, `recall`, `bahasa_benda`, `bahasa_kata`, `bahasa_perintah`, `bahasa_tulis`, `bahasa_gambar`, `total`) VALUES (\'Wahyu Agustina\', \'August Juang\', NULL, \'1\', \'1\', \'1\', \'1\', \'1\', \'1\', \'1\', \'1\', \'1\', \'1\', \'\')')
 4 SYSTEMPATH\Database\BaseBuilder.php(1916): CodeIgniter\Database\BaseConnection->query('INSERT INTO `dokumentasi` (`nama_pemeriksa`, `nama_pasien`, `tanggal`, `orientasi_waktu`, `orientasi_tempat`, `registrasi`, `atensi_kalkulus`, `recall`, `bahasa_benda`, `bahasa_kata`, `bahasa_perintah`, `bahasa_tulis`, `bahasa_gambar`, `total`) VALUES (:nama_pemeriksa:, :nama_pasien:, :tanggal:, :orientasi_waktu:, :orientasi_tempat:, :registrasi:, :atensi_kalkulus:, :recall:, :bahasa_benda:, :bahasa_kata:, :bahasa_perintah:, :bahasa_tulis:, :bahasa_gambar:, :total:)', [...], false)
 5 SYSTEMPATH\Model.php(294): CodeIgniter\Database\BaseBuilder->insert()
 6 SYSTEMPATH\BaseModel.php(749): CodeIgniter\Model->doInsert([...])
 7 SYSTEMPATH\Model.php(682): CodeIgniter\BaseModel->insert([...], false)
 8 SYSTEMPATH\BaseModel.php(659): CodeIgniter\Model->insert([...], false)
 9 APPPATH\Controllers\Penilaian.php(120): CodeIgniter\BaseModel->save([...])
10 SYSTEMPATH\CodeIgniter.php(927): App\Controllers\Penilaian->simpan()
11 SYSTEMPATH\CodeIgniter.php(482): CodeIgniter\CodeIgniter->runController(Object(App\Controllers\Penilaian))
12 SYSTEMPATH\CodeIgniter.php(351): CodeIgniter\CodeIgniter->handleRequest(null, Object(Config\Cache), false)
13 FCPATH\index.php(67): CodeIgniter\CodeIgniter->run()
14 SYSTEMPATH\Commands\Server\rewrite.php(46): require_once('FCPATH\\index.php')
ERROR - 2023-02-21 21:54:25 --> mysqli_sql_exception: Column 'tanggal' cannot be null in C:\xampp\htdocs\demensia\system\Database\MySQLi\Connection.php:292
Stack trace:
#0 C:\xampp\htdocs\demensia\system\Database\MySQLi\Connection.php(292): mysqli->query('INSERT INTO `do...', 0)
#1 C:\xampp\htdocs\demensia\system\Database\BaseConnection.php(666): CodeIgniter\Database\MySQLi\Connection->execute('INSERT INTO `do...')
#2 C:\xampp\htdocs\demensia\system\Database\BaseConnection.php(593): CodeIgniter\Database\BaseConnection->simpleQuery('INSERT INTO `do...')
#3 C:\xampp\htdocs\demensia\system\Database\BaseBuilder.php(1916): CodeIgniter\Database\BaseConnection->query('INSERT INTO `do...', Array, false)
#4 C:\xampp\htdocs\demensia\system\Model.php(294): CodeIgniter\Database\BaseBuilder->insert()
#5 C:\xampp\htdocs\demensia\system\BaseModel.php(749): CodeIgniter\Model->doInsert(Array)
#6 C:\xampp\htdocs\demensia\system\Model.php(682): CodeIgniter\BaseModel->insert(Array, false)
#7 C:\xampp\htdocs\demensia\system\BaseModel.php(659): CodeIgniter\Model->insert(Array, false)
#8 C:\xampp\htdocs\demensia\app\Controllers\Penilaian.php(120): CodeIgniter\BaseModel->save(Array)
#9 C:\xampp\htdocs\demensia\system\CodeIgniter.php(927): App\Controllers\Penilaian->simpan()
#10 C:\xampp\htdocs\demensia\system\CodeIgniter.php(482): CodeIgniter\CodeIgniter->runController(Object(App\Controllers\Penilaian))
#11 C:\xampp\htdocs\demensia\system\CodeIgniter.php(351): CodeIgniter\CodeIgniter->handleRequest(NULL, Object(Config\Cache), false)
#12 C:\xampp\htdocs\demensia\public\index.php(67): CodeIgniter\CodeIgniter->run()
#13 C:\xampp\htdocs\demensia\system\Commands\Server\rewrite.php(46): require_once('C:\\xampp\\htdocs...')
#14 {main}
CRITICAL - 2023-02-21 21:54:25 --> Column 'tanggal' cannot be null
in SYSTEMPATH\Database\MySQLi\Connection.php on line 292.
 1 SYSTEMPATH\Database\MySQLi\Connection.php(292): mysqli->query('INSERT INTO `dokumentasi` (`nama_pemeriksa`, `nama_pasien`, `tanggal`, `orientasi_waktu`, `orientasi_tempat`, `registrasi`, `atensi_kalkulus`, `recall`, `bahasa_benda`, `bahasa_kata`, `bahasa_perintah`, `bahasa_tulis`, `bahasa_gambar`, `total`) VALUES (\'Wahyu Agustina\', \'August Juang\', NULL, \'1\', \'1\', \'1\', \'1\', \'1\', \'1\', \'1\', \'1\', \'1\', \'1\', \'\')', 0)
 2 SYSTEMPATH\Database\BaseConnection.php(666): CodeIgniter\Database\MySQLi\Connection->execute('INSERT INTO `dokumentasi` (`nama_pemeriksa`, `nama_pasien`, `tanggal`, `orientasi_waktu`, `orientasi_tempat`, `registrasi`, `atensi_kalkulus`, `recall`, `bahasa_benda`, `bahasa_kata`, `bahasa_perintah`, `bahasa_tulis`, `bahasa_gambar`, `total`) VALUES (\'Wahyu Agustina\', \'August Juang\', NULL, \'1\', \'1\', \'1\', \'1\', \'1\', \'1\', \'1\', \'1\', \'1\', \'1\', \'\')')
 3 SYSTEMPATH\Database\BaseConnection.php(593): CodeIgniter\Database\BaseConnection->simpleQuery('INSERT INTO `dokumentasi` (`nama_pemeriksa`, `nama_pasien`, `tanggal`, `orientasi_waktu`, `orientasi_tempat`, `registrasi`, `atensi_kalkulus`, `recall`, `bahasa_benda`, `bahasa_kata`, `bahasa_perintah`, `bahasa_tulis`, `bahasa_gambar`, `total`) VALUES (\'Wahyu Agustina\', \'August Juang\', NULL, \'1\', \'1\', \'1\', \'1\', \'1\', \'1\', \'1\', \'1\', \'1\', \'1\', \'\')')
 4 SYSTEMPATH\Database\BaseBuilder.php(1916): CodeIgniter\Database\BaseConnection->query('INSERT INTO `dokumentasi` (`nama_pemeriksa`, `nama_pasien`, `tanggal`, `orientasi_waktu`, `orientasi_tempat`, `registrasi`, `atensi_kalkulus`, `recall`, `bahasa_benda`, `bahasa_kata`, `bahasa_perintah`, `bahasa_tulis`, `bahasa_gambar`, `total`) VALUES (:nama_pemeriksa:, :nama_pasien:, :tanggal:, :orientasi_waktu:, :orientasi_tempat:, :registrasi:, :atensi_kalkulus:, :recall:, :bahasa_benda:, :bahasa_kata:, :bahasa_perintah:, :bahasa_tulis:, :bahasa_gambar:, :total:)', [...], false)
 5 SYSTEMPATH\Model.php(294): CodeIgniter\Database\BaseBuilder->insert()
 6 SYSTEMPATH\BaseModel.php(749): CodeIgniter\Model->doInsert([...])
 7 SYSTEMPATH\Model.php(682): CodeIgniter\BaseModel->insert([...], false)
 8 SYSTEMPATH\BaseModel.php(659): CodeIgniter\Model->insert([...], false)
 9 APPPATH\Controllers\Penilaian.php(120): CodeIgniter\BaseModel->save([...])
10 SYSTEMPATH\CodeIgniter.php(927): App\Controllers\Penilaian->simpan()
11 SYSTEMPATH\CodeIgniter.php(482): CodeIgniter\CodeIgniter->runController(Object(App\Controllers\Penilaian))
12 SYSTEMPATH\CodeIgniter.php(351): CodeIgniter\CodeIgniter->handleRequest(null, Object(Config\Cache), false)
13 FCPATH\index.php(67): CodeIgniter\CodeIgniter->run()
14 SYSTEMPATH\Commands\Server\rewrite.php(46): require_once('FCPATH\\index.php')
ERROR - 2023-02-21 21:54:28 --> mysqli_sql_exception: Cannot add or update a child row: a foreign key constraint fails (`demensia`.`dokumentasi`, CONSTRAINT `id_pemeriksa` FOREIGN KEY (`id_pemeriksa`) REFERENCES `pemeriksa` (`id_pemeriksa`) ON DELETE CASCADE ON UPDATE CASCADE) in C:\xampp\htdocs\demensia\system\Database\MySQLi\Connection.php:292
Stack trace:
#0 C:\xampp\htdocs\demensia\system\Database\MySQLi\Connection.php(292): mysqli->query('INSERT INTO `do...', 0)
#1 C:\xampp\htdocs\demensia\system\Database\BaseConnection.php(666): CodeIgniter\Database\MySQLi\Connection->execute('INSERT INTO `do...')
#2 C:\xampp\htdocs\demensia\system\Database\BaseConnection.php(593): CodeIgniter\Database\BaseConnection->simpleQuery('INSERT INTO `do...')
#3 C:\xampp\htdocs\demensia\system\Database\BaseBuilder.php(1916): CodeIgniter\Database\BaseConnection->query('INSERT INTO `do...', Array, false)
#4 C:\xampp\htdocs\demensia\system\Model.php(294): CodeIgniter\Database\BaseBuilder->insert()
#5 C:\xampp\htdocs\demensia\system\BaseModel.php(749): CodeIgniter\Model->doInsert(Array)
#6 C:\xampp\htdocs\demensia\system\Model.php(682): CodeIgniter\BaseModel->insert(Array, false)
#7 C:\xampp\htdocs\demensia\system\BaseModel.php(659): CodeIgniter\Model->insert(Array, false)
#8 C:\xampp\htdocs\demensia\app\Controllers\Penilaian.php(120): CodeIgniter\BaseModel->save(Array)
#9 C:\xampp\htdocs\demensia\system\CodeIgniter.php(927): App\Controllers\Penilaian->simpan()
#10 C:\xampp\htdocs\demensia\system\CodeIgniter.php(482): CodeIgniter\CodeIgniter->runController(Object(App\Controllers\Penilaian))
#11 C:\xampp\htdocs\demensia\system\CodeIgniter.php(351): CodeIgniter\CodeIgniter->handleRequest(NULL, Object(Config\Cache), false)
#12 C:\xampp\htdocs\demensia\public\index.php(67): CodeIgniter\CodeIgniter->run()
#13 C:\xampp\htdocs\demensia\system\Commands\Server\rewrite.php(46): require_once('C:\\xampp\\htdocs...')
#14 {main}
CRITICAL - 2023-02-21 21:54:28 --> Cannot add or update a child row: a foreign key constraint fails (`demensia`.`dokumentasi`, CONSTRAINT `id_pemeriksa` FOREIGN KEY (`id_pemeriksa`) REFERENCES `pemeriksa` (`id_pemeriksa`) ON DELETE CASCADE ON UPDATE CASCADE)
in SYSTEMPATH\Database\MySQLi\Connection.php on line 292.
 1 SYSTEMPATH\Database\MySQLi\Connection.php(292): mysqli->query('INSERT INTO `dokumentasi` (`nama_pemeriksa`, `nama_pasien`, `tanggal`, `orientasi_waktu`, `orientasi_tempat`, `registrasi`, `atensi_kalkulus`, `recall`, `bahasa_benda`, `bahasa_kata`, `bahasa_perintah`, `bahasa_tulis`, `bahasa_gambar`, `total`) VALUES (\'Wahyu Agustina\', \'August Juang\', \'2023-02-21\', \'1\', \'1\', \'1\', \'1\', \'1\', \'1\', \'1\', \'1\', \'1\', \'1\', \'\')', 0)
 2 SYSTEMPATH\Database\BaseConnection.php(666): CodeIgniter\Database\MySQLi\Connection->execute('INSERT INTO `dokumentasi` (`nama_pemeriksa`, `nama_pasien`, `tanggal`, `orientasi_waktu`, `orientasi_tempat`, `registrasi`, `atensi_kalkulus`, `recall`, `bahasa_benda`, `bahasa_kata`, `bahasa_perintah`, `bahasa_tulis`, `bahasa_gambar`, `total`) VALUES (\'Wahyu Agustina\', \'August Juang\', \'2023-02-21\', \'1\', \'1\', \'1\', \'1\', \'1\', \'1\', \'1\', \'1\', \'1\', \'1\', \'\')')
 3 SYSTEMPATH\Database\BaseConnection.php(593): CodeIgniter\Database\BaseConnection->simpleQuery('INSERT INTO `dokumentasi` (`nama_pemeriksa`, `nama_pasien`, `tanggal`, `orientasi_waktu`, `orientasi_tempat`, `registrasi`, `atensi_kalkulus`, `recall`, `bahasa_benda`, `bahasa_kata`, `bahasa_perintah`, `bahasa_tulis`, `bahasa_gambar`, `total`) VALUES (\'Wahyu Agustina\', \'August Juang\', \'2023-02-21\', \'1\', \'1\', \'1\', \'1\', \'1\', \'1\', \'1\', \'1\', \'1\', \'1\', \'\')')
 4 SYSTEMPATH\Database\BaseBuilder.php(1916): CodeIgniter\Database\BaseConnection->query('INSERT INTO `dokumentasi` (`nama_pemeriksa`, `nama_pasien`, `tanggal`, `orientasi_waktu`, `orientasi_tempat`, `registrasi`, `atensi_kalkulus`, `recall`, `bahasa_benda`, `bahasa_kata`, `bahasa_perintah`, `bahasa_tulis`, `bahasa_gambar`, `total`) VALUES (:nama_pemeriksa:, :nama_pasien:, :tanggal:, :orientasi_waktu:, :orientasi_tempat:, :registrasi:, :atensi_kalkulus:, :recall:, :bahasa_benda:, :bahasa_kata:, :bahasa_perintah:, :bahasa_tulis:, :bahasa_gambar:, :total:)', [...], false)
 5 SYSTEMPATH\Model.php(294): CodeIgniter\Database\BaseBuilder->insert()
 6 SYSTEMPATH\BaseModel.php(749): CodeIgniter\Model->doInsert([...])
 7 SYSTEMPATH\Model.php(682): CodeIgniter\BaseModel->insert([...], false)
 8 SYSTEMPATH\BaseModel.php(659): CodeIgniter\Model->insert([...], false)
 9 APPPATH\Controllers\Penilaian.php(120): CodeIgniter\BaseModel->save([...])
10 SYSTEMPATH\CodeIgniter.php(927): App\Controllers\Penilaian->simpan()
11 SYSTEMPATH\CodeIgniter.php(482): CodeIgniter\CodeIgniter->runController(Object(App\Controllers\Penilaian))
12 SYSTEMPATH\CodeIgniter.php(351): CodeIgniter\CodeIgniter->handleRequest(null, Object(Config\Cache), false)
13 FCPATH\index.php(67): CodeIgniter\CodeIgniter->run()
14 SYSTEMPATH\Commands\Server\rewrite.php(46): require_once('FCPATH\\index.php')
ERROR - 2023-02-21 21:57:13 --> mysqli_sql_exception: Cannot add or update a child row: a foreign key constraint fails (`demensia`.`dokumentasi`, CONSTRAINT `id_pasien` FOREIGN KEY (`id_pasien`) REFERENCES `pasien` (`id_pasien`) ON DELETE CASCADE ON UPDATE CASCADE) in C:\xampp\htdocs\demensia\system\Database\MySQLi\Connection.php:292
Stack trace:
#0 C:\xampp\htdocs\demensia\system\Database\MySQLi\Connection.php(292): mysqli->query('INSERT INTO `do...', 0)
#1 C:\xampp\htdocs\demensia\system\Database\BaseConnection.php(666): CodeIgniter\Database\MySQLi\Connection->execute('INSERT INTO `do...')
#2 C:\xampp\htdocs\demensia\system\Database\BaseConnection.php(593): CodeIgniter\Database\BaseConnection->simpleQuery('INSERT INTO `do...')
#3 C:\xampp\htdocs\demensia\system\Database\BaseBuilder.php(1916): CodeIgniter\Database\BaseConnection->query('INSERT INTO `do...', Array, false)
#4 C:\xampp\htdocs\demensia\system\Model.php(294): CodeIgniter\Database\BaseBuilder->insert()
#5 C:\xampp\htdocs\demensia\system\BaseModel.php(749): CodeIgniter\Model->doInsert(Array)
#6 C:\xampp\htdocs\demensia\system\Model.php(682): CodeIgniter\BaseModel->insert(Array, false)
#7 C:\xampp\htdocs\demensia\system\BaseModel.php(659): CodeIgniter\Model->insert(Array, false)
#8 C:\xampp\htdocs\demensia\app\Controllers\Penilaian.php(120): CodeIgniter\BaseModel->save(Array)
#9 C:\xampp\htdocs\demensia\system\CodeIgniter.php(927): App\Controllers\Penilaian->simpan()
#10 C:\xampp\htdocs\demensia\system\CodeIgniter.php(482): CodeIgniter\CodeIgniter->runController(Object(App\Controllers\Penilaian))
#11 C:\xampp\htdocs\demensia\system\CodeIgniter.php(351): CodeIgniter\CodeIgniter->handleRequest(NULL, Object(Config\Cache), false)
#12 C:\xampp\htdocs\demensia\public\index.php(67): CodeIgniter\CodeIgniter->run()
#13 C:\xampp\htdocs\demensia\system\Commands\Server\rewrite.php(46): require_once('C:\\xampp\\htdocs...')
#14 {main}
CRITICAL - 2023-02-21 21:57:13 --> Cannot add or update a child row: a foreign key constraint fails (`demensia`.`dokumentasi`, CONSTRAINT `id_pasien` FOREIGN KEY (`id_pasien`) REFERENCES `pasien` (`id_pasien`) ON DELETE CASCADE ON UPDATE CASCADE)
in SYSTEMPATH\Database\MySQLi\Connection.php on line 292.
 1 SYSTEMPATH\Database\MySQLi\Connection.php(292): mysqli->query('INSERT INTO `dokumentasi` (`nama_pemeriksa`, `nama_pasien`, `tanggal`, `orientasi_waktu`, `orientasi_tempat`, `registrasi`, `atensi_kalkulus`, `recall`, `bahasa_benda`, `bahasa_kata`, `bahasa_perintah`, `bahasa_tulis`, `bahasa_gambar`, `total`) VALUES (\'Wahyu Agustina\', \'August Juang\', \'2023-02-21\', \'1\', \'1\', \'1\', \'1\', \'1\', \'1\', \'1\', \'1\', \'1\', \'1\', \'\')', 0)
 2 SYSTEMPATH\Database\BaseConnection.php(666): CodeIgniter\Database\MySQLi\Connection->execute('INSERT INTO `dokumentasi` (`nama_pemeriksa`, `nama_pasien`, `tanggal`, `orientasi_waktu`, `orientasi_tempat`, `registrasi`, `atensi_kalkulus`, `recall`, `bahasa_benda`, `bahasa_kata`, `bahasa_perintah`, `bahasa_tulis`, `bahasa_gambar`, `total`) VALUES (\'Wahyu Agustina\', \'August Juang\', \'2023-02-21\', \'1\', \'1\', \'1\', \'1\', \'1\', \'1\', \'1\', \'1\', \'1\', \'1\', \'\')')
 3 SYSTEMPATH\Database\BaseConnection.php(593): CodeIgniter\Database\BaseConnection->simpleQuery('INSERT INTO `dokumentasi` (`nama_pemeriksa`, `nama_pasien`, `tanggal`, `orientasi_waktu`, `orientasi_tempat`, `registrasi`, `atensi_kalkulus`, `recall`, `bahasa_benda`, `bahasa_kata`, `bahasa_perintah`, `bahasa_tulis`, `bahasa_gambar`, `total`) VALUES (\'Wahyu Agustina\', \'August Juang\', \'2023-02-21\', \'1\', \'1\', \'1\', \'1\', \'1\', \'1\', \'1\', \'1\', \'1\', \'1\', \'\')')
 4 SYSTEMPATH\Database\BaseBuilder.php(1916): CodeIgniter\Database\BaseConnection->query('INSERT INTO `dokumentasi` (`nama_pemeriksa`, `nama_pasien`, `tanggal`, `orientasi_waktu`, `orientasi_tempat`, `registrasi`, `atensi_kalkulus`, `recall`, `bahasa_benda`, `bahasa_kata`, `bahasa_perintah`, `bahasa_tulis`, `bahasa_gambar`, `total`) VALUES (:nama_pemeriksa:, :nama_pasien:, :tanggal:, :orientasi_waktu:, :orientasi_tempat:, :registrasi:, :atensi_kalkulus:, :recall:, :bahasa_benda:, :bahasa_kata:, :bahasa_perintah:, :bahasa_tulis:, :bahasa_gambar:, :total:)', [...], false)
 5 SYSTEMPATH\Model.php(294): CodeIgniter\Database\BaseBuilder->insert()
 6 SYSTEMPATH\BaseModel.php(749): CodeIgniter\Model->doInsert([...])
 7 SYSTEMPATH\Model.php(682): CodeIgniter\BaseModel->insert([...], false)
 8 SYSTEMPATH\BaseModel.php(659): CodeIgniter\Model->insert([...], false)
 9 APPPATH\Controllers\Penilaian.php(120): CodeIgniter\BaseModel->save([...])
10 SYSTEMPATH\CodeIgniter.php(927): App\Controllers\Penilaian->simpan()
11 SYSTEMPATH\CodeIgniter.php(482): CodeIgniter\CodeIgniter->runController(Object(App\Controllers\Penilaian))
12 SYSTEMPATH\CodeIgniter.php(351): CodeIgniter\CodeIgniter->handleRequest(null, Object(Config\Cache), false)
13 FCPATH\index.php(67): CodeIgniter\CodeIgniter->run()
14 SYSTEMPATH\Commands\Server\rewrite.php(46): require_once('FCPATH\\index.php')
ERROR - 2023-02-21 21:57:17 --> mysqli_sql_exception: Cannot add or update a child row: a foreign key constraint fails (`demensia`.`dokumentasi`, CONSTRAINT `id_pasien` FOREIGN KEY (`id_pasien`) REFERENCES `pasien` (`id_pasien`) ON DELETE CASCADE ON UPDATE CASCADE) in C:\xampp\htdocs\demensia\system\Database\MySQLi\Connection.php:292
Stack trace:
#0 C:\xampp\htdocs\demensia\system\Database\MySQLi\Connection.php(292): mysqli->query('INSERT INTO `do...', 0)
#1 C:\xampp\htdocs\demensia\system\Database\BaseConnection.php(666): CodeIgniter\Database\MySQLi\Connection->execute('INSERT INTO `do...')
#2 C:\xampp\htdocs\demensia\system\Database\BaseConnection.php(593): CodeIgniter\Database\BaseConnection->simpleQuery('INSERT INTO `do...')
#3 C:\xampp\htdocs\demensia\system\Database\BaseBuilder.php(1916): CodeIgniter\Database\BaseConnection->query('INSERT INTO `do...', Array, false)
#4 C:\xampp\htdocs\demensia\system\Model.php(294): CodeIgniter\Database\BaseBuilder->insert()
#5 C:\xampp\htdocs\demensia\system\BaseModel.php(749): CodeIgniter\Model->doInsert(Array)
#6 C:\xampp\htdocs\demensia\system\Model.php(682): CodeIgniter\BaseModel->insert(Array, false)
#7 C:\xampp\htdocs\demensia\system\BaseModel.php(659): CodeIgniter\Model->insert(Array, false)
#8 C:\xampp\htdocs\demensia\app\Controllers\Penilaian.php(120): CodeIgniter\BaseModel->save(Array)
#9 C:\xampp\htdocs\demensia\system\CodeIgniter.php(927): App\Controllers\Penilaian->simpan()
#10 C:\xampp\htdocs\demensia\system\CodeIgniter.php(482): CodeIgniter\CodeIgniter->runController(Object(App\Controllers\Penilaian))
#11 C:\xampp\htdocs\demensia\system\CodeIgniter.php(351): CodeIgniter\CodeIgniter->handleRequest(NULL, Object(Config\Cache), false)
#12 C:\xampp\htdocs\demensia\public\index.php(67): CodeIgniter\CodeIgniter->run()
#13 C:\xampp\htdocs\demensia\system\Commands\Server\rewrite.php(46): require_once('C:\\xampp\\htdocs...')
#14 {main}
CRITICAL - 2023-02-21 21:57:17 --> Cannot add or update a child row: a foreign key constraint fails (`demensia`.`dokumentasi`, CONSTRAINT `id_pasien` FOREIGN KEY (`id_pasien`) REFERENCES `pasien` (`id_pasien`) ON DELETE CASCADE ON UPDATE CASCADE)
in SYSTEMPATH\Database\MySQLi\Connection.php on line 292.
 1 SYSTEMPATH\Database\MySQLi\Connection.php(292): mysqli->query('INSERT INTO `dokumentasi` (`nama_pemeriksa`, `nama_pasien`, `tanggal`, `orientasi_waktu`, `orientasi_tempat`, `registrasi`, `atensi_kalkulus`, `recall`, `bahasa_benda`, `bahasa_kata`, `bahasa_perintah`, `bahasa_tulis`, `bahasa_gambar`, `total`) VALUES (\'Wahyu Agustina\', \'August Juang\', \'2023-02-21\', \'1\', \'1\', \'1\', \'1\', \'1\', \'1\', \'1\', \'1\', \'1\', \'1\', \'\')', 0)
 2 SYSTEMPATH\Database\BaseConnection.php(666): CodeIgniter\Database\MySQLi\Connection->execute('INSERT INTO `dokumentasi` (`nama_pemeriksa`, `nama_pasien`, `tanggal`, `orientasi_waktu`, `orientasi_tempat`, `registrasi`, `atensi_kalkulus`, `recall`, `bahasa_benda`, `bahasa_kata`, `bahasa_perintah`, `bahasa_tulis`, `bahasa_gambar`, `total`) VALUES (\'Wahyu Agustina\', \'August Juang\', \'2023-02-21\', \'1\', \'1\', \'1\', \'1\', \'1\', \'1\', \'1\', \'1\', \'1\', \'1\', \'\')')
 3 SYSTEMPATH\Database\BaseConnection.php(593): CodeIgniter\Database\BaseConnection->simpleQuery('INSERT INTO `dokumentasi` (`nama_pemeriksa`, `nama_pasien`, `tanggal`, `orientasi_waktu`, `orientasi_tempat`, `registrasi`, `atensi_kalkulus`, `recall`, `bahasa_benda`, `bahasa_kata`, `bahasa_perintah`, `bahasa_tulis`, `bahasa_gambar`, `total`) VALUES (\'Wahyu Agustina\', \'August Juang\', \'2023-02-21\', \'1\', \'1\', \'1\', \'1\', \'1\', \'1\', \'1\', \'1\', \'1\', \'1\', \'\')')
 4 SYSTEMPATH\Database\BaseBuilder.php(1916): CodeIgniter\Database\BaseConnection->query('INSERT INTO `dokumentasi` (`nama_pemeriksa`, `nama_pasien`, `tanggal`, `orientasi_waktu`, `orientasi_tempat`, `registrasi`, `atensi_kalkulus`, `recall`, `bahasa_benda`, `bahasa_kata`, `bahasa_perintah`, `bahasa_tulis`, `bahasa_gambar`, `total`) VALUES (:nama_pemeriksa:, :nama_pasien:, :tanggal:, :orientasi_waktu:, :orientasi_tempat:, :registrasi:, :atensi_kalkulus:, :recall:, :bahasa_benda:, :bahasa_kata:, :bahasa_perintah:, :bahasa_tulis:, :bahasa_gambar:, :total:)', [...], false)
 5 SYSTEMPATH\Model.php(294): CodeIgniter\Database\BaseBuilder->insert()
 6 SYSTEMPATH\BaseModel.php(749): CodeIgniter\Model->doInsert([...])
 7 SYSTEMPATH\Model.php(682): CodeIgniter\BaseModel->insert([...], false)
 8 SYSTEMPATH\BaseModel.php(659): CodeIgniter\Model->insert([...], false)
 9 APPPATH\Controllers\Penilaian.php(120): CodeIgniter\BaseModel->save([...])
10 SYSTEMPATH\CodeIgniter.php(927): App\Controllers\Penilaian->simpan()
11 SYSTEMPATH\CodeIgniter.php(482): CodeIgniter\CodeIgniter->runController(Object(App\Controllers\Penilaian))
12 SYSTEMPATH\CodeIgniter.php(351): CodeIgniter\CodeIgniter->handleRequest(null, Object(Config\Cache), false)
13 FCPATH\index.php(67): CodeIgniter\CodeIgniter->run()
14 SYSTEMPATH\Commands\Server\rewrite.php(46): require_once('FCPATH\\index.php')
ERROR - 2023-02-21 21:57:40 --> mysqli_sql_exception: Cannot add or update a child row: a foreign key constraint fails (`demensia`.`dokumentasi`, CONSTRAINT `id_pasien` FOREIGN KEY (`id_pasien`) REFERENCES `pasien` (`id_pasien`) ON DELETE CASCADE ON UPDATE CASCADE) in C:\xampp\htdocs\demensia\system\Database\MySQLi\Connection.php:292
Stack trace:
#0 C:\xampp\htdocs\demensia\system\Database\MySQLi\Connection.php(292): mysqli->query('INSERT INTO `do...', 0)
#1 C:\xampp\htdocs\demensia\system\Database\BaseConnection.php(666): CodeIgniter\Database\MySQLi\Connection->execute('INSERT INTO `do...')
#2 C:\xampp\htdocs\demensia\system\Database\BaseConnection.php(593): CodeIgniter\Database\BaseConnection->simpleQuery('INSERT INTO `do...')
#3 C:\xampp\htdocs\demensia\system\Database\BaseBuilder.php(1916): CodeIgniter\Database\BaseConnection->query('INSERT INTO `do...', Array, false)
#4 C:\xampp\htdocs\demensia\system\Model.php(294): CodeIgniter\Database\BaseBuilder->insert()
#5 C:\xampp\htdocs\demensia\system\BaseModel.php(749): CodeIgniter\Model->doInsert(Array)
#6 C:\xampp\htdocs\demensia\system\Model.php(682): CodeIgniter\BaseModel->insert(Array, false)
#7 C:\xampp\htdocs\demensia\system\BaseModel.php(659): CodeIgniter\Model->insert(Array, false)
#8 C:\xampp\htdocs\demensia\app\Controllers\Penilaian.php(120): CodeIgniter\BaseModel->save(Array)
#9 C:\xampp\htdocs\demensia\system\CodeIgniter.php(927): App\Controllers\Penilaian->simpan()
#10 C:\xampp\htdocs\demensia\system\CodeIgniter.php(482): CodeIgniter\CodeIgniter->runController(Object(App\Controllers\Penilaian))
#11 C:\xampp\htdocs\demensia\system\CodeIgniter.php(351): CodeIgniter\CodeIgniter->handleRequest(NULL, Object(Config\Cache), false)
#12 C:\xampp\htdocs\demensia\public\index.php(67): CodeIgniter\CodeIgniter->run()
#13 C:\xampp\htdocs\demensia\system\Commands\Server\rewrite.php(46): require_once('C:\\xampp\\htdocs...')
#14 {main}
CRITICAL - 2023-02-21 21:57:40 --> Cannot add or update a child row: a foreign key constraint fails (`demensia`.`dokumentasi`, CONSTRAINT `id_pasien` FOREIGN KEY (`id_pasien`) REFERENCES `pasien` (`id_pasien`) ON DELETE CASCADE ON UPDATE CASCADE)
in SYSTEMPATH\Database\MySQLi\Connection.php on line 292.
 1 SYSTEMPATH\Database\MySQLi\Connection.php(292): mysqli->query('INSERT INTO `dokumentasi` (`nama_pemeriksa`, `nama_pasien`, `tanggal`, `orientasi_waktu`, `orientasi_tempat`, `registrasi`, `atensi_kalkulus`, `recall`, `bahasa_benda`, `bahasa_kata`, `bahasa_perintah`, `bahasa_tulis`, `bahasa_gambar`) VALUES (\'Wahyu Agustina\', \'August Juang\', \'2023-02-21\', \'1\', \'1\', \'1\', \'1\', \'1\', \'1\', \'1\', \'1\', \'1\', \'1\')', 0)
 2 SYSTEMPATH\Database\BaseConnection.php(666): CodeIgniter\Database\MySQLi\Connection->execute('INSERT INTO `dokumentasi` (`nama_pemeriksa`, `nama_pasien`, `tanggal`, `orientasi_waktu`, `orientasi_tempat`, `registrasi`, `atensi_kalkulus`, `recall`, `bahasa_benda`, `bahasa_kata`, `bahasa_perintah`, `bahasa_tulis`, `bahasa_gambar`) VALUES (\'Wahyu Agustina\', \'August Juang\', \'2023-02-21\', \'1\', \'1\', \'1\', \'1\', \'1\', \'1\', \'1\', \'1\', \'1\', \'1\')')
 3 SYSTEMPATH\Database\BaseConnection.php(593): CodeIgniter\Database\BaseConnection->simpleQuery('INSERT INTO `dokumentasi` (`nama_pemeriksa`, `nama_pasien`, `tanggal`, `orientasi_waktu`, `orientasi_tempat`, `registrasi`, `atensi_kalkulus`, `recall`, `bahasa_benda`, `bahasa_kata`, `bahasa_perintah`, `bahasa_tulis`, `bahasa_gambar`) VALUES (\'Wahyu Agustina\', \'August Juang\', \'2023-02-21\', \'1\', \'1\', \'1\', \'1\', \'1\', \'1\', \'1\', \'1\', \'1\', \'1\')')
 4 SYSTEMPATH\Database\BaseBuilder.php(1916): CodeIgniter\Database\BaseConnection->query('INSERT INTO `dokumentasi` (`nama_pemeriksa`, `nama_pasien`, `tanggal`, `orientasi_waktu`, `orientasi_tempat`, `registrasi`, `atensi_kalkulus`, `recall`, `bahasa_benda`, `bahasa_kata`, `bahasa_perintah`, `bahasa_tulis`, `bahasa_gambar`) VALUES (:nama_pemeriksa:, :nama_pasien:, :tanggal:, :orientasi_waktu:, :orientasi_tempat:, :registrasi:, :atensi_kalkulus:, :recall:, :bahasa_benda:, :bahasa_kata:, :bahasa_perintah:, :bahasa_tulis:, :bahasa_gambar:)', [...], false)
 5 SYSTEMPATH\Model.php(294): CodeIgniter\Database\BaseBuilder->insert()
 6 SYSTEMPATH\BaseModel.php(749): CodeIgniter\Model->doInsert([...])
 7 SYSTEMPATH\Model.php(682): CodeIgniter\BaseModel->insert([...], false)
 8 SYSTEMPATH\BaseModel.php(659): CodeIgniter\Model->insert([...], false)
 9 APPPATH\Controllers\Penilaian.php(120): CodeIgniter\BaseModel->save([...])
10 SYSTEMPATH\CodeIgniter.php(927): App\Controllers\Penilaian->simpan()
11 SYSTEMPATH\CodeIgniter.php(482): CodeIgniter\CodeIgniter->runController(Object(App\Controllers\Penilaian))
12 SYSTEMPATH\CodeIgniter.php(351): CodeIgniter\CodeIgniter->handleRequest(null, Object(Config\Cache), false)
13 FCPATH\index.php(67): CodeIgniter\CodeIgniter->run()
14 SYSTEMPATH\Commands\Server\rewrite.php(46): require_once('FCPATH\\index.php')
ERROR - 2023-02-21 21:57:44 --> mysqli_sql_exception: Cannot add or update a child row: a foreign key constraint fails (`demensia`.`dokumentasi`, CONSTRAINT `id_pasien` FOREIGN KEY (`id_pasien`) REFERENCES `pasien` (`id_pasien`) ON DELETE CASCADE ON UPDATE CASCADE) in C:\xampp\htdocs\demensia\system\Database\MySQLi\Connection.php:292
Stack trace:
#0 C:\xampp\htdocs\demensia\system\Database\MySQLi\Connection.php(292): mysqli->query('INSERT INTO `do...', 0)
#1 C:\xampp\htdocs\demensia\system\Database\BaseConnection.php(666): CodeIgniter\Database\MySQLi\Connection->execute('INSERT INTO `do...')
#2 C:\xampp\htdocs\demensia\system\Database\BaseConnection.php(593): CodeIgniter\Database\BaseConnection->simpleQuery('INSERT INTO `do...')
#3 C:\xampp\htdocs\demensia\system\Database\BaseBuilder.php(1916): CodeIgniter\Database\BaseConnection->query('INSERT INTO `do...', Array, false)
#4 C:\xampp\htdocs\demensia\system\Model.php(294): CodeIgniter\Database\BaseBuilder->insert()
#5 C:\xampp\htdocs\demensia\system\BaseModel.php(749): CodeIgniter\Model->doInsert(Array)
#6 C:\xampp\htdocs\demensia\system\Model.php(682): CodeIgniter\BaseModel->insert(Array, false)
#7 C:\xampp\htdocs\demensia\system\BaseModel.php(659): CodeIgniter\Model->insert(Array, false)
#8 C:\xampp\htdocs\demensia\app\Controllers\Penilaian.php(120): CodeIgniter\BaseModel->save(Array)
#9 C:\xampp\htdocs\demensia\system\CodeIgniter.php(927): App\Controllers\Penilaian->simpan()
#10 C:\xampp\htdocs\demensia\system\CodeIgniter.php(482): CodeIgniter\CodeIgniter->runController(Object(App\Controllers\Penilaian))
#11 C:\xampp\htdocs\demensia\system\CodeIgniter.php(351): CodeIgniter\CodeIgniter->handleRequest(NULL, Object(Config\Cache), false)
#12 C:\xampp\htdocs\demensia\public\index.php(67): CodeIgniter\CodeIgniter->run()
#13 C:\xampp\htdocs\demensia\system\Commands\Server\rewrite.php(46): require_once('C:\\xampp\\htdocs...')
#14 {main}
CRITICAL - 2023-02-21 21:57:44 --> Cannot add or update a child row: a foreign key constraint fails (`demensia`.`dokumentasi`, CONSTRAINT `id_pasien` FOREIGN KEY (`id_pasien`) REFERENCES `pasien` (`id_pasien`) ON DELETE CASCADE ON UPDATE CASCADE)
in SYSTEMPATH\Database\MySQLi\Connection.php on line 292.
 1 SYSTEMPATH\Database\MySQLi\Connection.php(292): mysqli->query('INSERT INTO `dokumentasi` (`nama_pemeriksa`, `nama_pasien`, `tanggal`, `orientasi_waktu`, `orientasi_tempat`, `registrasi`, `atensi_kalkulus`, `recall`, `bahasa_benda`, `bahasa_kata`, `bahasa_perintah`, `bahasa_tulis`, `bahasa_gambar`) VALUES (\'Wahyu Agustina\', \'August Juang\', \'2023-02-21\', \'1\', \'1\', \'1\', \'1\', \'1\', \'1\', \'1\', \'1\', \'1\', \'1\')', 0)
 2 SYSTEMPATH\Database\BaseConnection.php(666): CodeIgniter\Database\MySQLi\Connection->execute('INSERT INTO `dokumentasi` (`nama_pemeriksa`, `nama_pasien`, `tanggal`, `orientasi_waktu`, `orientasi_tempat`, `registrasi`, `atensi_kalkulus`, `recall`, `bahasa_benda`, `bahasa_kata`, `bahasa_perintah`, `bahasa_tulis`, `bahasa_gambar`) VALUES (\'Wahyu Agustina\', \'August Juang\', \'2023-02-21\', \'1\', \'1\', \'1\', \'1\', \'1\', \'1\', \'1\', \'1\', \'1\', \'1\')')
 3 SYSTEMPATH\Database\BaseConnection.php(593): CodeIgniter\Database\BaseConnection->simpleQuery('INSERT INTO `dokumentasi` (`nama_pemeriksa`, `nama_pasien`, `tanggal`, `orientasi_waktu`, `orientasi_tempat`, `registrasi`, `atensi_kalkulus`, `recall`, `bahasa_benda`, `bahasa_kata`, `bahasa_perintah`, `bahasa_tulis`, `bahasa_gambar`) VALUES (\'Wahyu Agustina\', \'August Juang\', \'2023-02-21\', \'1\', \'1\', \'1\', \'1\', \'1\', \'1\', \'1\', \'1\', \'1\', \'1\')')
 4 SYSTEMPATH\Database\BaseBuilder.php(1916): CodeIgniter\Database\BaseConnection->query('INSERT INTO `dokumentasi` (`nama_pemeriksa`, `nama_pasien`, `tanggal`, `orientasi_waktu`, `orientasi_tempat`, `registrasi`, `atensi_kalkulus`, `recall`, `bahasa_benda`, `bahasa_kata`, `bahasa_perintah`, `bahasa_tulis`, `bahasa_gambar`) VALUES (:nama_pemeriksa:, :nama_pasien:, :tanggal:, :orientasi_waktu:, :orientasi_tempat:, :registrasi:, :atensi_kalkulus:, :recall:, :bahasa_benda:, :bahasa_kata:, :bahasa_perintah:, :bahasa_tulis:, :bahasa_gambar:)', [...], false)
 5 SYSTEMPATH\Model.php(294): CodeIgniter\Database\BaseBuilder->insert()
 6 SYSTEMPATH\BaseModel.php(749): CodeIgniter\Model->doInsert([...])
 7 SYSTEMPATH\Model.php(682): CodeIgniter\BaseModel->insert([...], false)
 8 SYSTEMPATH\BaseModel.php(659): CodeIgniter\Model->insert([...], false)
 9 APPPATH\Controllers\Penilaian.php(120): CodeIgniter\BaseModel->save([...])
10 SYSTEMPATH\CodeIgniter.php(927): App\Controllers\Penilaian->simpan()
11 SYSTEMPATH\CodeIgniter.php(482): CodeIgniter\CodeIgniter->runController(Object(App\Controllers\Penilaian))
12 SYSTEMPATH\CodeIgniter.php(351): CodeIgniter\CodeIgniter->handleRequest(null, Object(Config\Cache), false)
13 FCPATH\index.php(67): CodeIgniter\CodeIgniter->run()
14 SYSTEMPATH\Commands\Server\rewrite.php(46): require_once('FCPATH\\index.php')
CRITICAL - 2023-02-21 22:02:51 --> Attempt to read property "tanggal" on array
in APPPATH\Views\Penilaian\dokumentasi.php on line 27.
 1 APPPATH\Views\Penilaian\dokumentasi.php(27): CodeIgniter\Debug\Exceptions->errorHandler(2, 'Attempt to read property "tanggal" on array', 'APPPATH\\Views\\Penilaian\\dokumentasi.php', 27)
 2 SYSTEMPATH\View\View.php(213): include('APPPATH\\Views\\Penilaian\\dokumentasi.php')
 3 SYSTEMPATH\View\View.php(216): CodeIgniter\View\View->CodeIgniter\View\{closure}()
 4 SYSTEMPATH\Common.php(1134): CodeIgniter\View\View->render('penilaian/dokumentasi', [], true)
 5 APPPATH\Controllers\Penilaian.php(37): view('penilaian/dokumentasi', [...])
 6 SYSTEMPATH\CodeIgniter.php(927): App\Controllers\Penilaian->dokumentasi()
 7 SYSTEMPATH\CodeIgniter.php(482): CodeIgniter\CodeIgniter->runController(Object(App\Controllers\Penilaian))
 8 SYSTEMPATH\CodeIgniter.php(351): CodeIgniter\CodeIgniter->handleRequest(null, Object(Config\Cache), false)
 9 FCPATH\index.php(67): CodeIgniter\CodeIgniter->run()
10 SYSTEMPATH\Commands\Server\rewrite.php(46): require_once('FCPATH\\index.php')
CRITICAL - 2023-02-21 22:13:09 --> Undefined variable $nama_pemeriksa
in APPPATH\Views\Penilaian\dokumentasi.php on line 12.
 1 APPPATH\Views\Penilaian\dokumentasi.php(12): CodeIgniter\Debug\Exceptions->errorHandler(2, 'Undefined variable $nama_pemeriksa', 'APPPATH\\Views\\Penilaian\\dokumentasi.php', 12)
 2 SYSTEMPATH\View\View.php(213): include('APPPATH\\Views\\Penilaian\\dokumentasi.php')
 3 SYSTEMPATH\View\View.php(216): CodeIgniter\View\View->CodeIgniter\View\{closure}()
 4 SYSTEMPATH\Common.php(1134): CodeIgniter\View\View->render('penilaian/dokumentasi', [], true)
 5 APPPATH\Controllers\Penilaian.php(37): view('penilaian/dokumentasi', [...])
 6 SYSTEMPATH\CodeIgniter.php(927): App\Controllers\Penilaian->dokumentasi()
 7 SYSTEMPATH\CodeIgniter.php(482): CodeIgniter\CodeIgniter->runController(Object(App\Controllers\Penilaian))
 8 SYSTEMPATH\CodeIgniter.php(351): CodeIgniter\CodeIgniter->handleRequest(null, Object(Config\Cache), false)
 9 FCPATH\index.php(67): CodeIgniter\CodeIgniter->run()
10 SYSTEMPATH\Commands\Server\rewrite.php(46): require_once('FCPATH\\index.php')
CRITICAL - 2023-02-21 22:15:10 --> Undefined variable $p
in APPPATH\Views\Penilaian\dokumentasi.php on line 12.
 1 APPPATH\Views\Penilaian\dokumentasi.php(12): CodeIgniter\Debug\Exceptions->errorHandler(2, 'Undefined variable $p', 'APPPATH\\Views\\Penilaian\\dokumentasi.php', 12)
 2 SYSTEMPATH\View\View.php(213): include('APPPATH\\Views\\Penilaian\\dokumentasi.php')
 3 SYSTEMPATH\View\View.php(216): CodeIgniter\View\View->CodeIgniter\View\{closure}()
 4 SYSTEMPATH\Common.php(1134): CodeIgniter\View\View->render('penilaian/dokumentasi', [], true)
 5 APPPATH\Controllers\Penilaian.php(37): view('penilaian/dokumentasi', [...])
 6 SYSTEMPATH\CodeIgniter.php(927): App\Controllers\Penilaian->dokumentasi()
 7 SYSTEMPATH\CodeIgniter.php(482): CodeIgniter\CodeIgniter->runController(Object(App\Controllers\Penilaian))
 8 SYSTEMPATH\CodeIgniter.php(351): CodeIgniter\CodeIgniter->handleRequest(null, Object(Config\Cache), false)
 9 FCPATH\index.php(67): CodeIgniter\CodeIgniter->run()
10 SYSTEMPATH\Commands\Server\rewrite.php(46): require_once('FCPATH\\index.php')
CRITICAL - 2023-02-21 22:15:35 --> syntax error, unexpected token "echo"
in APPPATH\Views\Penilaian\dokumentasi.php on line 12.
 1 SYSTEMPATH\View\View.php(216): CodeIgniter\View\View->CodeIgniter\View\{closure}()
 2 SYSTEMPATH\Common.php(1134): CodeIgniter\View\View->render('penilaian/dokumentasi', [], true)
 3 APPPATH\Controllers\Penilaian.php(37): view('penilaian/dokumentasi', [...])
 4 SYSTEMPATH\CodeIgniter.php(927): App\Controllers\Penilaian->dokumentasi()
 5 SYSTEMPATH\CodeIgniter.php(482): CodeIgniter\CodeIgniter->runController(Object(App\Controllers\Penilaian))
 6 SYSTEMPATH\CodeIgniter.php(351): CodeIgniter\CodeIgniter->handleRequest(null, Object(Config\Cache), false)
 7 FCPATH\index.php(67): CodeIgniter\CodeIgniter->run()
 8 SYSTEMPATH\Commands\Server\rewrite.php(46): require_once('FCPATH\\index.php')
CRITICAL - 2023-02-21 22:15:48 --> Undefined array key "nama_pemeriksa"
in APPPATH\Views\Penilaian\dokumentasi.php on line 12.
 1 APPPATH\Views\Penilaian\dokumentasi.php(12): CodeIgniter\Debug\Exceptions->errorHandler(2, 'Undefined array key "nama_pemeriksa"', 'APPPATH\\Views\\Penilaian\\dokumentasi.php', 12)
 2 SYSTEMPATH\View\View.php(213): include('APPPATH\\Views\\Penilaian\\dokumentasi.php')
 3 SYSTEMPATH\View\View.php(216): CodeIgniter\View\View->CodeIgniter\View\{closure}()
 4 SYSTEMPATH\Common.php(1134): CodeIgniter\View\View->render('penilaian/dokumentasi', [], true)
 5 APPPATH\Controllers\Penilaian.php(37): view('penilaian/dokumentasi', [...])
 6 SYSTEMPATH\CodeIgniter.php(927): App\Controllers\Penilaian->dokumentasi()
 7 SYSTEMPATH\CodeIgniter.php(482): CodeIgniter\CodeIgniter->runController(Object(App\Controllers\Penilaian))
 8 SYSTEMPATH\CodeIgniter.php(351): CodeIgniter\CodeIgniter->handleRequest(null, Object(Config\Cache), false)
 9 FCPATH\index.php(67): CodeIgniter\CodeIgniter->run()
10 SYSTEMPATH\Commands\Server\rewrite.php(46): require_once('FCPATH\\index.php')
CRITICAL - 2023-02-21 22:16:07 --> Undefined array key "nama_pemeriksa"
in APPPATH\Views\Penilaian\dokumentasi.php on line 12.
 1 APPPATH\Views\Penilaian\dokumentasi.php(12): CodeIgniter\Debug\Exceptions->errorHandler(2, 'Undefined array key "nama_pemeriksa"', 'APPPATH\\Views\\Penilaian\\dokumentasi.php', 12)
 2 SYSTEMPATH\View\View.php(213): include('APPPATH\\Views\\Penilaian\\dokumentasi.php')
 3 SYSTEMPATH\View\View.php(216): CodeIgniter\View\View->CodeIgniter\View\{closure}()
 4 SYSTEMPATH\Common.php(1134): CodeIgniter\View\View->render('penilaian/dokumentasi', [], true)
 5 APPPATH\Controllers\Penilaian.php(37): view('penilaian/dokumentasi', [...])
 6 SYSTEMPATH\CodeIgniter.php(927): App\Controllers\Penilaian->dokumentasi()
 7 SYSTEMPATH\CodeIgniter.php(482): CodeIgniter\CodeIgniter->runController(Object(App\Controllers\Penilaian))
 8 SYSTEMPATH\CodeIgniter.php(351): CodeIgniter\CodeIgniter->handleRequest(null, Object(Config\Cache), false)
 9 FCPATH\index.php(67): CodeIgniter\CodeIgniter->run()
10 SYSTEMPATH\Commands\Server\rewrite.php(46): require_once('FCPATH\\index.php')
CRITICAL - 2023-02-21 22:16:08 --> Undefined array key "nama_pemeriksa"
in APPPATH\Views\Penilaian\dokumentasi.php on line 12.
 1 APPPATH\Views\Penilaian\dokumentasi.php(12): CodeIgniter\Debug\Exceptions->errorHandler(2, 'Undefined array key "nama_pemeriksa"', 'APPPATH\\Views\\Penilaian\\dokumentasi.php', 12)
 2 SYSTEMPATH\View\View.php(213): include('APPPATH\\Views\\Penilaian\\dokumentasi.php')
 3 SYSTEMPATH\View\View.php(216): CodeIgniter\View\View->CodeIgniter\View\{closure}()
 4 SYSTEMPATH\Common.php(1134): CodeIgniter\View\View->render('penilaian/dokumentasi', [], true)
 5 APPPATH\Controllers\Penilaian.php(37): view('penilaian/dokumentasi', [...])
 6 SYSTEMPATH\CodeIgniter.php(927): App\Controllers\Penilaian->dokumentasi()
 7 SYSTEMPATH\CodeIgniter.php(482): CodeIgniter\CodeIgniter->runController(Object(App\Controllers\Penilaian))
 8 SYSTEMPATH\CodeIgniter.php(351): CodeIgniter\CodeIgniter->handleRequest(null, Object(Config\Cache), false)
 9 FCPATH\index.php(67): CodeIgniter\CodeIgniter->run()
10 SYSTEMPATH\Commands\Server\rewrite.php(46): require_once('FCPATH\\index.php')
CRITICAL - 2023-02-21 22:19:04 --> Undefined array key "nama_pemeriksa"
in APPPATH\Views\Penilaian\dokumentasi.php on line 12.
 1 APPPATH\Views\Penilaian\dokumentasi.php(12): CodeIgniter\Debug\Exceptions->errorHandler(2, 'Undefined array key "nama_pemeriksa"', 'APPPATH\\Views\\Penilaian\\dokumentasi.php', 12)
 2 SYSTEMPATH\View\View.php(213): include('APPPATH\\Views\\Penilaian\\dokumentasi.php')
 3 SYSTEMPATH\View\View.php(216): CodeIgniter\View\View->CodeIgniter\View\{closure}()
 4 SYSTEMPATH\Common.php(1134): CodeIgniter\View\View->render('penilaian/dokumentasi', [], true)
 5 APPPATH\Controllers\Penilaian.php(37): view('penilaian/dokumentasi', [...])
 6 SYSTEMPATH\CodeIgniter.php(927): App\Controllers\Penilaian->dokumentasi()
 7 SYSTEMPATH\CodeIgniter.php(482): CodeIgniter\CodeIgniter->runController(Object(App\Controllers\Penilaian))
 8 SYSTEMPATH\CodeIgniter.php(351): CodeIgniter\CodeIgniter->handleRequest(null, Object(Config\Cache), false)
 9 FCPATH\index.php(67): CodeIgniter\CodeIgniter->run()
10 SYSTEMPATH\Commands\Server\rewrite.php(46): require_once('FCPATH\\index.php')
CRITICAL - 2023-02-21 22:20:54 --> Cannot use object of type App\Models\M_Penilaian as array
in APPPATH\Views\Penilaian\dokumentasi.php on line 12.
 1 SYSTEMPATH\View\View.php(213): include()
 2 SYSTEMPATH\View\View.php(216): CodeIgniter\View\View->CodeIgniter\View\{closure}()
 3 SYSTEMPATH\Common.php(1134): CodeIgniter\View\View->render('penilaian/dokumentasi', [], true)
 4 APPPATH\Controllers\Penilaian.php(37): view('penilaian/dokumentasi', [...])
 5 SYSTEMPATH\CodeIgniter.php(927): App\Controllers\Penilaian->dokumentasi()
 6 SYSTEMPATH\CodeIgniter.php(482): CodeIgniter\CodeIgniter->runController(Object(App\Controllers\Penilaian))
 7 SYSTEMPATH\CodeIgniter.php(351): CodeIgniter\CodeIgniter->handleRequest(null, Object(Config\Cache), false)
 8 FCPATH\index.php(67): CodeIgniter\CodeIgniter->run()
 9 SYSTEMPATH\Commands\Server\rewrite.php(46): require_once('FCPATH\\index.php')
CRITICAL - 2023-02-21 22:21:04 --> Undefined array key "nama_pemeriksa"
in APPPATH\Views\Penilaian\dokumentasi.php on line 12.
 1 APPPATH\Views\Penilaian\dokumentasi.php(12): CodeIgniter\Debug\Exceptions->errorHandler(2, 'Undefined array key "nama_pemeriksa"', 'APPPATH\\Views\\Penilaian\\dokumentasi.php', 12)
 2 SYSTEMPATH\View\View.php(213): include('APPPATH\\Views\\Penilaian\\dokumentasi.php')
 3 SYSTEMPATH\View\View.php(216): CodeIgniter\View\View->CodeIgniter\View\{closure}()
 4 SYSTEMPATH\Common.php(1134): CodeIgniter\View\View->render('penilaian/dokumentasi', [], true)
 5 APPPATH\Controllers\Penilaian.php(37): view('penilaian/dokumentasi', [...])
 6 SYSTEMPATH\CodeIgniter.php(927): App\Controllers\Penilaian->dokumentasi()
 7 SYSTEMPATH\CodeIgniter.php(482): CodeIgniter\CodeIgniter->runController(Object(App\Controllers\Penilaian))
 8 SYSTEMPATH\CodeIgniter.php(351): CodeIgniter\CodeIgniter->handleRequest(null, Object(Config\Cache), false)
 9 FCPATH\index.php(67): CodeIgniter\CodeIgniter->run()
10 SYSTEMPATH\Commands\Server\rewrite.php(46): require_once('FCPATH\\index.php')
