CRITICAL - 2023-02-22 19:46:05 --> Undefined variable $pageIni
in APPPATH\Views\Penilaian\dokumentasi.php on line 29.
 1 APPPATH\Views\Penilaian\dokumentasi.php(29): CodeIgniter\Debug\Exceptions->errorHandler(2, 'Undefined variable $pageIni', 'APPPATH\\Views\\Penilaian\\dokumentasi.php', 29)
 2 SYSTEMPATH\View\View.php(213): include('APPPATH\\Views\\Penilaian\\dokumentasi.php')
 3 SYSTEMPATH\View\View.php(216): CodeIgniter\View\View->CodeIgniter\View\{closure}()
 4 SYSTEMPATH\Common.php(1134): CodeIgniter\View\View->render('penilaian/dokumentasi', [], true)
 5 APPPATH\Controllers\Penilaian.php(37): view('penilaian/dokumentasi', [...])
 6 SYSTEMPATH\CodeIgniter.php(927): App\Controllers\Penilaian->dokumentasi()
 7 SYSTEMPATH\CodeIgniter.php(482): CodeIgniter\CodeIgniter->runController(Object(App\Controllers\Penilaian))
 8 SYSTEMPATH\CodeIgniter.php(351): CodeIgniter\CodeIgniter->handleRequest(null, Object(Config\Cache), false)
 9 FCPATH\index.php(67): CodeIgniter\CodeIgniter->run()
10 SYSTEMPATH\Commands\Server\rewrite.php(46): require_once('FCPATH\\index.php')
CRITICAL - 2023-02-22 19:58:52 --> dokumentasi_pagination is not a valid Pager template.
in SYSTEMPATH\Pager\Pager.php on line 120.
 1 SYSTEMPATH\Pager\Pager.php(120): CodeIgniter\Pager\Exceptions\PagerException::forInvalidTemplate('dokumentasi_pagination')
 2 SYSTEMPATH\Pager\Pager.php(83): CodeIgniter\Pager\Pager->displayLinks('dokumentasi', 'dokumentasi_pagination')
 3 APPPATH\Views\Penilaian\dokumentasi.php(36): CodeIgniter\Pager\Pager->links('dokumentasi', 'dokumentasi_pagination')
 4 SYSTEMPATH\View\View.php(213): include('APPPATH\\Views\\Penilaian\\dokumentasi.php')
 5 SYSTEMPATH\View\View.php(216): CodeIgniter\View\View->CodeIgniter\View\{closure}()
 6 SYSTEMPATH\Common.php(1134): CodeIgniter\View\View->render('penilaian/dokumentasi', [], true)
 7 APPPATH\Controllers\Penilaian.php(46): view('penilaian/dokumentasi', [...])
 8 SYSTEMPATH\CodeIgniter.php(927): App\Controllers\Penilaian->dokumentasi()
 9 SYSTEMPATH\CodeIgniter.php(482): CodeIgniter\CodeIgniter->runController(Object(App\Controllers\Penilaian))
10 SYSTEMPATH\CodeIgniter.php(351): CodeIgniter\CodeIgniter->handleRequest(null, Object(Config\Cache), false)
11 FCPATH\index.php(67): CodeIgniter\CodeIgniter->run()
12 SYSTEMPATH\Commands\Server\rewrite.php(46): require_once('FCPATH\\index.php')
CRITICAL - 2023-02-22 20:00:20 --> dokumentasi_pagination is not a valid Pager template.
in SYSTEMPATH\Pager\Pager.php on line 120.
 1 SYSTEMPATH\Pager\Pager.php(120): CodeIgniter\Pager\Exceptions\PagerException::forInvalidTemplate('dokumentasi_pagination')
 2 SYSTEMPATH\Pager\Pager.php(83): CodeIgniter\Pager\Pager->displayLinks('dokumentasi', 'dokumentasi_pagination')
 3 APPPATH\Views\Penilaian\dokumentasi.php(36): CodeIgniter\Pager\Pager->links('dokumentasi', 'dokumentasi_pagination')
 4 SYSTEMPATH\View\View.php(213): include('APPPATH\\Views\\Penilaian\\dokumentasi.php')
 5 SYSTEMPATH\View\View.php(216): CodeIgniter\View\View->CodeIgniter\View\{closure}()
 6 SYSTEMPATH\Common.php(1134): CodeIgniter\View\View->render('penilaian/dokumentasi', [], true)
 7 APPPATH\Controllers\Penilaian.php(46): view('penilaian/dokumentasi', [...])
 8 SYSTEMPATH\CodeIgniter.php(927): App\Controllers\Penilaian->dokumentasi()
 9 SYSTEMPATH\CodeIgniter.php(482): CodeIgniter\CodeIgniter->runController(Object(App\Controllers\Penilaian))
10 SYSTEMPATH\CodeIgniter.php(351): CodeIgniter\CodeIgniter->handleRequest(null, Object(Config\Cache), false)
11 FCPATH\index.php(67): CodeIgniter\CodeIgniter->run()
12 SYSTEMPATH\Commands\Server\rewrite.php(46): require_once('FCPATH\\index.php')
CRITICAL - 2023-02-22 20:01:52 --> dokumentasi_pagination is not a valid Pager template.
in SYSTEMPATH\Pager\Pager.php on line 120.
 1 SYSTEMPATH\Pager\Pager.php(120): CodeIgniter\Pager\Exceptions\PagerException::forInvalidTemplate('dokumentasi_pagination')
 2 SYSTEMPATH\Pager\Pager.php(83): CodeIgniter\Pager\Pager->displayLinks('dokumentasi', 'dokumentasi_pagination')
 3 APPPATH\Views\Penilaian\dokumentasi.php(36): CodeIgniter\Pager\Pager->links('dokumentasi', 'dokumentasi_pagination')
 4 SYSTEMPATH\View\View.php(213): include('APPPATH\\Views\\Penilaian\\dokumentasi.php')
 5 SYSTEMPATH\View\View.php(216): CodeIgniter\View\View->CodeIgniter\View\{closure}()
 6 SYSTEMPATH\Common.php(1134): CodeIgniter\View\View->render('penilaian/dokumentasi', [], true)
 7 APPPATH\Controllers\Penilaian.php(46): view('penilaian/dokumentasi', [...])
 8 SYSTEMPATH\CodeIgniter.php(927): App\Controllers\Penilaian->dokumentasi()
 9 SYSTEMPATH\CodeIgniter.php(482): CodeIgniter\CodeIgniter->runController(Object(App\Controllers\Penilaian))
10 SYSTEMPATH\CodeIgniter.php(351): CodeIgniter\CodeIgniter->handleRequest(null, Object(Config\Cache), false)
11 FCPATH\index.php(67): CodeIgniter\CodeIgniter->run()
12 SYSTEMPATH\Commands\Server\rewrite.php(46): require_once('FCPATH\\index.php')
CRITICAL - 2023-02-22 20:26:13 --> Invalid file: detail.php
in SYSTEMPATH\Exceptions\FrameworkException.php on line 33.
 1 SYSTEMPATH\View\View.php(201): CodeIgniter\Exceptions\FrameworkException::forInvalidFile('detail.php')
 2 SYSTEMPATH\Common.php(1134): CodeIgniter\View\View->render('detail', [], true)
 3 APPPATH\Controllers\Penilaian.php(191): view('detail', [...])
 4 SYSTEMPATH\CodeIgniter.php(927): App\Controllers\Penilaian->detail()
 5 SYSTEMPATH\CodeIgniter.php(482): CodeIgniter\CodeIgniter->runController(Object(App\Controllers\Penilaian))
 6 SYSTEMPATH\CodeIgniter.php(351): CodeIgniter\CodeIgniter->handleRequest(null, Object(Config\Cache), false)
 7 FCPATH\index.php(67): CodeIgniter\CodeIgniter->run()
 8 SYSTEMPATH\Commands\Server\rewrite.php(46): require_once('FCPATH\\index.php')
CRITICAL - 2023-02-22 20:27:06 --> Invalid file: detail.php
in SYSTEMPATH\Exceptions\FrameworkException.php on line 33.
 1 SYSTEMPATH\View\View.php(201): CodeIgniter\Exceptions\FrameworkException::forInvalidFile('detail.php')
 2 SYSTEMPATH\Common.php(1134): CodeIgniter\View\View->render('detail', [], true)
 3 APPPATH\Controllers\Penilaian.php(191): view('detail', [...])
 4 SYSTEMPATH\CodeIgniter.php(927): App\Controllers\Penilaian->detail()
 5 SYSTEMPATH\CodeIgniter.php(482): CodeIgniter\CodeIgniter->runController(Object(App\Controllers\Penilaian))
 6 SYSTEMPATH\CodeIgniter.php(351): CodeIgniter\CodeIgniter->handleRequest(null, Object(Config\Cache), false)
 7 FCPATH\index.php(67): CodeIgniter\CodeIgniter->run()
 8 SYSTEMPATH\Commands\Server\rewrite.php(46): require_once('FCPATH\\index.php')
CRITICAL - 2023-02-22 20:27:18 --> Invalid file: detail.php
in SYSTEMPATH\Exceptions\FrameworkException.php on line 33.
 1 SYSTEMPATH\View\View.php(201): CodeIgniter\Exceptions\FrameworkException::forInvalidFile('detail.php')
 2 SYSTEMPATH\Common.php(1134): CodeIgniter\View\View->render('detail', [], true)
 3 APPPATH\Controllers\Penilaian.php(191): view('detail', [...])
 4 SYSTEMPATH\CodeIgniter.php(927): App\Controllers\Penilaian->detail()
 5 SYSTEMPATH\CodeIgniter.php(482): CodeIgniter\CodeIgniter->runController(Object(App\Controllers\Penilaian))
 6 SYSTEMPATH\CodeIgniter.php(351): CodeIgniter\CodeIgniter->handleRequest(null, Object(Config\Cache), false)
 7 FCPATH\index.php(67): CodeIgniter\CodeIgniter->run()
 8 SYSTEMPATH\Commands\Server\rewrite.php(46): require_once('FCPATH\\index.php')
CRITICAL - 2023-02-22 20:59:36 --> Undefined variable $tanggal
in APPPATH\Views\Penilaian\detail.php on line 14.
 1 APPPATH\Views\Penilaian\detail.php(14): CodeIgniter\Debug\Exceptions->errorHandler(2, 'Undefined variable $tanggal', 'APPPATH\\Views\\Penilaian\\detail.php', 14)
 2 SYSTEMPATH\View\View.php(213): include('APPPATH\\Views\\Penilaian\\detail.php')
 3 SYSTEMPATH\View\View.php(216): CodeIgniter\View\View->CodeIgniter\View\{closure}()
 4 SYSTEMPATH\Common.php(1134): CodeIgniter\View\View->render('penilaian/detail', [], true)
 5 APPPATH\Controllers\Penilaian.php(191): view('penilaian/detail', [...])
 6 SYSTEMPATH\CodeIgniter.php(927): App\Controllers\Penilaian->detail()
 7 SYSTEMPATH\CodeIgniter.php(482): CodeIgniter\CodeIgniter->runController(Object(App\Controllers\Penilaian))
 8 SYSTEMPATH\CodeIgniter.php(351): CodeIgniter\CodeIgniter->handleRequest(null, Object(Config\Cache), false)
 9 FCPATH\index.php(67): CodeIgniter\CodeIgniter->run()
10 SYSTEMPATH\Commands\Server\rewrite.php(46): require_once('FCPATH\\index.php')
