CRITICAL - 2023-03-03 19:07:12 --> Creation of dynamic property App\Controllers\Penilaian::$data is deprecated
in APPPATH\Controllers\Penilaian.php on line 159.
 1 APPPATH\Controllers\Penilaian.php(159): CodeIgniter\Debug\Exceptions->errorHandler(8192, 'Creation of dynamic property App\\Controllers\\Penilaian::$data is deprecated', 'APPPATH\\Controllers\\Penilaian.php', 159)
 2 SYSTEMPATH\CodeIgniter.php(927): App\Controllers\Penilaian->viewPdf()
 3 SYSTEMPATH\CodeIgniter.php(482): CodeIgniter\CodeIgniter->runController(Object(App\Controllers\Penilaian))
 4 SYSTEMPATH\CodeIgniter.php(351): CodeIgniter\CodeIgniter->handleRequest(null, Object(Config\Cache), false)
 5 FCPATH\index.php(67): CodeIgniter\CodeIgniter->run()
 6 SYSTEMPATH\Commands\Server\rewrite.php(46): require_once('FCPATH\\index.php')
CRITICAL - 2023-03-03 19:09:49 --> Invalid file: hasil_pdf.php
in SYSTEMPATH\Exceptions\FrameworkException.php on line 33.
 1 SYSTEMPATH\View\View.php(201): CodeIgniter\Exceptions\FrameworkException::forInvalidFile('hasil_pdf.php')
 2 SYSTEMPATH\Common.php(1134): CodeIgniter\View\View->render('hasil_pdf', [], true)
 3 APPPATH\Controllers\Penilaian.php(170): view('hasil_pdf', [...])
 4 SYSTEMPATH\CodeIgniter.php(927): App\Controllers\Penilaian->viewPdf()
 5 SYSTEMPATH\CodeIgniter.php(482): CodeIgniter\CodeIgniter->runController(Object(App\Controllers\Penilaian))
 6 SYSTEMPATH\CodeIgniter.php(351): CodeIgniter\CodeIgniter->handleRequest(null, Object(Config\Cache), false)
 7 FCPATH\index.php(67): CodeIgniter\CodeIgniter->run()
 8 SYSTEMPATH\Commands\Server\rewrite.php(46): require_once('FCPATH\\index.php')
CRITICAL - 2023-03-03 19:12:20 --> Invalid file: hasilpdf.php
in SYSTEMPATH\Exceptions\FrameworkException.php on line 33.
 1 SYSTEMPATH\View\View.php(201): CodeIgniter\Exceptions\FrameworkException::forInvalidFile('hasilpdf.php')
 2 SYSTEMPATH\Common.php(1134): CodeIgniter\View\View->render('hasilpdf', [], true)
 3 APPPATH\Controllers\Penilaian.php(170): view('hasilpdf', [...])
 4 SYSTEMPATH\CodeIgniter.php(927): App\Controllers\Penilaian->viewPdf()
 5 SYSTEMPATH\CodeIgniter.php(482): CodeIgniter\CodeIgniter->runController(Object(App\Controllers\Penilaian))
 6 SYSTEMPATH\CodeIgniter.php(351): CodeIgniter\CodeIgniter->handleRequest(null, Object(Config\Cache), false)
 7 FCPATH\index.php(67): CodeIgniter\CodeIgniter->run()
 8 SYSTEMPATH\Commands\Server\rewrite.php(46): require_once('FCPATH\\index.php')
CRITICAL - 2023-03-03 19:13:41 --> Invalid file: hasilpdf.php
in SYSTEMPATH\Exceptions\FrameworkException.php on line 33.
 1 SYSTEMPATH\View\View.php(201): CodeIgniter\Exceptions\FrameworkException::forInvalidFile('hasilpdf.php')
 2 SYSTEMPATH\Common.php(1134): CodeIgniter\View\View->render('hasilpdf', [], true)
 3 APPPATH\Controllers\Penilaian.php(170): view('hasilpdf', [...])
 4 SYSTEMPATH\CodeIgniter.php(927): App\Controllers\Penilaian->viewPdf()
 5 SYSTEMPATH\CodeIgniter.php(482): CodeIgniter\CodeIgniter->runController(Object(App\Controllers\Penilaian))
 6 SYSTEMPATH\CodeIgniter.php(351): CodeIgniter\CodeIgniter->handleRequest(null, Object(Config\Cache), false)
 7 FCPATH\index.php(67): CodeIgniter\CodeIgniter->run()
 8 SYSTEMPATH\Commands\Server\rewrite.php(46): require_once('FCPATH\\index.php')
CRITICAL - 2023-03-03 19:17:35 --> Invalid file: hasilpdf.php
in SYSTEMPATH\Exceptions\FrameworkException.php on line 33.
 1 SYSTEMPATH\View\View.php(201): CodeIgniter\Exceptions\FrameworkException::forInvalidFile('hasilpdf.php')
 2 SYSTEMPATH\Common.php(1134): CodeIgniter\View\View->render('hasilpdf', [], true)
 3 APPPATH\Controllers\Penilaian.php(170): view('hasilpdf', [...])
 4 SYSTEMPATH\CodeIgniter.php(927): App\Controllers\Penilaian->viewPdf()
 5 SYSTEMPATH\CodeIgniter.php(482): CodeIgniter\CodeIgniter->runController(Object(App\Controllers\Penilaian))
 6 SYSTEMPATH\CodeIgniter.php(351): CodeIgniter\CodeIgniter->handleRequest(null, Object(Config\Cache), false)
 7 FCPATH\index.php(67): CodeIgniter\CodeIgniter->run()
 8 SYSTEMPATH\Commands\Server\rewrite.php(46): require_once('FCPATH\\index.php')
CRITICAL - 2023-03-03 19:25:12 --> Invalid file: hasilpdf.php
in SYSTEMPATH\Exceptions\FrameworkException.php on line 33.
 1 SYSTEMPATH\View\View.php(201): CodeIgniter\Exceptions\FrameworkException::forInvalidFile('hasilpdf.php')
 2 SYSTEMPATH\Common.php(1134): CodeIgniter\View\View->render('hasilpdf', [], true)
 3 APPPATH\Controllers\Penilaian.php(170): view('hasilpdf', [...])
 4 SYSTEMPATH\CodeIgniter.php(927): App\Controllers\Penilaian->viewPdf()
 5 SYSTEMPATH\CodeIgniter.php(482): CodeIgniter\CodeIgniter->runController(Object(App\Controllers\Penilaian))
 6 SYSTEMPATH\CodeIgniter.php(351): CodeIgniter\CodeIgniter->handleRequest(null, Object(Config\Cache), false)
 7 FCPATH\index.php(67): CodeIgniter\CodeIgniter->run()
 8 SYSTEMPATH\Commands\Server\rewrite.php(46): require_once('FCPATH\\index.php')
CRITICAL - 2023-03-03 19:25:17 --> Invalid file: hasilpdf.php
in SYSTEMPATH\Exceptions\FrameworkException.php on line 33.
 1 SYSTEMPATH\View\View.php(201): CodeIgniter\Exceptions\FrameworkException::forInvalidFile('hasilpdf.php')
 2 SYSTEMPATH\Common.php(1134): CodeIgniter\View\View->render('hasilpdf', [], true)
 3 APPPATH\Controllers\Penilaian.php(170): view('hasilpdf', [...])
 4 SYSTEMPATH\CodeIgniter.php(927): App\Controllers\Penilaian->viewPdf()
 5 SYSTEMPATH\CodeIgniter.php(482): CodeIgniter\CodeIgniter->runController(Object(App\Controllers\Penilaian))
 6 SYSTEMPATH\CodeIgniter.php(351): CodeIgniter\CodeIgniter->handleRequest(null, Object(Config\Cache), false)
 7 FCPATH\index.php(67): CodeIgniter\CodeIgniter->run()
 8 SYSTEMPATH\Commands\Server\rewrite.php(46): require_once('FCPATH\\index.php')
CRITICAL - 2023-03-03 19:28:19 --> Invalid file: hasilpdf.php
in SYSTEMPATH\Exceptions\FrameworkException.php on line 33.
 1 SYSTEMPATH\View\View.php(201): CodeIgniter\Exceptions\FrameworkException::forInvalidFile('hasilpdf.php')
 2 SYSTEMPATH\Common.php(1134): CodeIgniter\View\View->render('hasilpdf', [], true)
 3 APPPATH\Controllers\Penilaian.php(170): view('hasilpdf', [...])
 4 SYSTEMPATH\CodeIgniter.php(927): App\Controllers\Penilaian->view_pdf()
 5 SYSTEMPATH\CodeIgniter.php(482): CodeIgniter\CodeIgniter->runController(Object(App\Controllers\Penilaian))
 6 SYSTEMPATH\CodeIgniter.php(351): CodeIgniter\CodeIgniter->handleRequest(null, Object(Config\Cache), false)
 7 FCPATH\index.php(67): CodeIgniter\CodeIgniter->run()
 8 SYSTEMPATH\Commands\Server\rewrite.php(46): require_once('FCPATH\\index.php')
CRITICAL - 2023-03-03 19:29:00 --> Invalid file: hasilpdf.php
in SYSTEMPATH\Exceptions\FrameworkException.php on line 33.
 1 SYSTEMPATH\View\View.php(201): CodeIgniter\Exceptions\FrameworkException::forInvalidFile('hasilpdf.php')
 2 SYSTEMPATH\Common.php(1134): CodeIgniter\View\View->render('hasilpdf', [], true)
 3 APPPATH\Controllers\Penilaian.php(170): view('hasilpdf', [...])
 4 SYSTEMPATH\CodeIgniter.php(927): App\Controllers\Penilaian->view_pdf()
 5 SYSTEMPATH\CodeIgniter.php(482): CodeIgniter\CodeIgniter->runController(Object(App\Controllers\Penilaian))
 6 SYSTEMPATH\CodeIgniter.php(351): CodeIgniter\CodeIgniter->handleRequest(null, Object(Config\Cache), false)
 7 FCPATH\index.php(67): CodeIgniter\CodeIgniter->run()
 8 SYSTEMPATH\Commands\Server\rewrite.php(46): require_once('FCPATH\\index.php')
CRITICAL - 2023-03-03 19:29:02 --> Invalid file: hasilpdf.php
in SYSTEMPATH\Exceptions\FrameworkException.php on line 33.
 1 SYSTEMPATH\View\View.php(201): CodeIgniter\Exceptions\FrameworkException::forInvalidFile('hasilpdf.php')
 2 SYSTEMPATH\Common.php(1134): CodeIgniter\View\View->render('hasilpdf', [], true)
 3 APPPATH\Controllers\Penilaian.php(170): view('hasilpdf', [...])
 4 SYSTEMPATH\CodeIgniter.php(927): App\Controllers\Penilaian->view_pdf()
 5 SYSTEMPATH\CodeIgniter.php(482): CodeIgniter\CodeIgniter->runController(Object(App\Controllers\Penilaian))
 6 SYSTEMPATH\CodeIgniter.php(351): CodeIgniter\CodeIgniter->handleRequest(null, Object(Config\Cache), false)
 7 FCPATH\index.php(67): CodeIgniter\CodeIgniter->run()
 8 SYSTEMPATH\Commands\Server\rewrite.php(46): require_once('FCPATH\\index.php')
CRITICAL - 2023-03-03 19:29:03 --> Invalid file: hasilpdf.php
in SYSTEMPATH\Exceptions\FrameworkException.php on line 33.
 1 SYSTEMPATH\View\View.php(201): CodeIgniter\Exceptions\FrameworkException::forInvalidFile('hasilpdf.php')
 2 SYSTEMPATH\Common.php(1134): CodeIgniter\View\View->render('hasilpdf', [], true)
 3 APPPATH\Controllers\Penilaian.php(170): view('hasilpdf', [...])
 4 SYSTEMPATH\CodeIgniter.php(927): App\Controllers\Penilaian->view_pdf()
 5 SYSTEMPATH\CodeIgniter.php(482): CodeIgniter\CodeIgniter->runController(Object(App\Controllers\Penilaian))
 6 SYSTEMPATH\CodeIgniter.php(351): CodeIgniter\CodeIgniter->handleRequest(null, Object(Config\Cache), false)
 7 FCPATH\index.php(67): CodeIgniter\CodeIgniter->run()
 8 SYSTEMPATH\Commands\Server\rewrite.php(46): require_once('FCPATH\\index.php')
CRITICAL - 2023-03-03 19:29:07 --> Invalid file: hasilpdf.php
in SYSTEMPATH\Exceptions\FrameworkException.php on line 33.
 1 SYSTEMPATH\View\View.php(201): CodeIgniter\Exceptions\FrameworkException::forInvalidFile('hasilpdf.php')
 2 SYSTEMPATH\Common.php(1134): CodeIgniter\View\View->render('hasilpdf', [], true)
 3 APPPATH\Controllers\Penilaian.php(170): view('hasilpdf', [...])
 4 SYSTEMPATH\CodeIgniter.php(927): App\Controllers\Penilaian->view_pdf()
 5 SYSTEMPATH\CodeIgniter.php(482): CodeIgniter\CodeIgniter->runController(Object(App\Controllers\Penilaian))
 6 SYSTEMPATH\CodeIgniter.php(351): CodeIgniter\CodeIgniter->handleRequest(null, Object(Config\Cache), false)
 7 FCPATH\index.php(67): CodeIgniter\CodeIgniter->run()
 8 SYSTEMPATH\Commands\Server\rewrite.php(46): require_once('FCPATH\\index.php')
CRITICAL - 2023-03-03 19:36:10 --> Invalid file: hasilpdf.php
in SYSTEMPATH\Exceptions\FrameworkException.php on line 33.
 1 SYSTEMPATH\View\View.php(201): CodeIgniter\Exceptions\FrameworkException::forInvalidFile('hasilpdf.php')
 2 SYSTEMPATH\Common.php(1134): CodeIgniter\View\View->render('hasilpdf', [], true)
 3 APPPATH\Controllers\Penilaian.php(170): view('hasilpdf', [...])
 4 SYSTEMPATH\CodeIgniter.php(927): App\Controllers\Penilaian->view_pdf()
 5 SYSTEMPATH\CodeIgniter.php(482): CodeIgniter\CodeIgniter->runController(Object(App\Controllers\Penilaian))
 6 SYSTEMPATH\CodeIgniter.php(351): CodeIgniter\CodeIgniter->handleRequest(null, Object(Config\Cache), false)
 7 FCPATH\index.php(67): CodeIgniter\CodeIgniter->run()
 8 SYSTEMPATH\Commands\Server\rewrite.php(46): require_once('FCPATH\\index.php')
CRITICAL - 2023-03-03 19:39:26 --> Invalid file: hasilpdf.php
in SYSTEMPATH\Exceptions\FrameworkException.php on line 33.
 1 SYSTEMPATH\View\View.php(201): CodeIgniter\Exceptions\FrameworkException::forInvalidFile('hasilpdf.php')
 2 SYSTEMPATH\Common.php(1134): CodeIgniter\View\View->render('hasilpdf', [], true)
 3 APPPATH\Controllers\Penilaian.php(170): view('hasilpdf', [...])
 4 SYSTEMPATH\CodeIgniter.php(927): App\Controllers\Penilaian->view_pdf()
 5 SYSTEMPATH\CodeIgniter.php(482): CodeIgniter\CodeIgniter->runController(Object(App\Controllers\Penilaian))
 6 SYSTEMPATH\CodeIgniter.php(351): CodeIgniter\CodeIgniter->handleRequest(null, Object(Config\Cache), false)
 7 FCPATH\index.php(67): CodeIgniter\CodeIgniter->run()
 8 SYSTEMPATH\Commands\Server\rewrite.php(46): require_once('FCPATH\\index.php')
CRITICAL - 2023-03-03 20:40:47 --> Call to a member function isLoggedIn() on null
in APPPATH\Filters\AuthFilter.php on line 15.
 1 SYSTEMPATH\Filters\Filters.php(173): App\Filters\AuthFilter->before(Object(CodeIgniter\HTTP\IncomingRequest), null)
 2 SYSTEMPATH\CodeIgniter.php(455): CodeIgniter\Filters\Filters->run('home', 'before')
 3 SYSTEMPATH\CodeIgniter.php(351): CodeIgniter\CodeIgniter->handleRequest(null, Object(Config\Cache), false)
 4 FCPATH\index.php(67): CodeIgniter\CodeIgniter->run()
 5 SYSTEMPATH\Commands\Server\rewrite.php(46): require_once('FCPATH\\index.php')
