CRITICAL - 2023-02-02 19:27:11 --> Undefined constant "CodeIgniter\Debug\VENDORPATH"
in SYSTEMPATH\Debug\Exceptions.php on line 177.
 1 SYSTEMPATH\Debug\Exceptions.php(157): CodeIgniter\Debug\Exceptions->isFakerDeprecationError(8192, 'Creation of dynamic property App\\Controllers\\Pasien::$model is deprecated', 'APPPATH\\Controllers\\Pasien.php', 12)
 2 APPPATH\Controllers\Pasien.php(12): CodeIgniter\Debug\Exceptions->errorHandler(8192, 'Creation of dynamic property App\\Controllers\\Pasien::$model is deprecated', 'APPPATH\\Controllers\\Pasien.php', 12)
 3 SYSTEMPATH\CodeIgniter.php(889): App\Controllers\Pasien->__construct()
 4 SYSTEMPATH\CodeIgniter.php(473): CodeIgniter\CodeIgniter->createController()
 5 SYSTEMPATH\CodeIgniter.php(351): CodeIgniter\CodeIgniter->handleRequest(null, Object(Config\Cache), false)
 6 FCPATH\index.php(67): CodeIgniter\CodeIgniter->run()
 7 SYSTEMPATH\Commands\Server\rewrite.php(46): require_once('FCPATH\\index.php')
CRITICAL - 2023-02-02 19:48:43 --> Undefined constant "CodeIgniter\Debug\VENDORPATH"
in SYSTEMPATH\Debug\Exceptions.php on line 177.
 1 SYSTEMPATH\Debug\Exceptions.php(157): CodeIgniter\Debug\Exceptions->isFakerDeprecationError(8192, 'Creation of dynamic property App\\Controllers\\Pasien::$model is deprecated', 'APPPATH\\Controllers\\Pasien.php', 12)
 2 APPPATH\Controllers\Pasien.php(12): CodeIgniter\Debug\Exceptions->errorHandler(8192, 'Creation of dynamic property App\\Controllers\\Pasien::$model is deprecated', 'APPPATH\\Controllers\\Pasien.php', 12)
 3 SYSTEMPATH\CodeIgniter.php(889): App\Controllers\Pasien->__construct()
 4 SYSTEMPATH\CodeIgniter.php(473): CodeIgniter\CodeIgniter->createController()
 5 SYSTEMPATH\CodeIgniter.php(351): CodeIgniter\CodeIgniter->handleRequest(null, Object(Config\Cache), false)
 6 FCPATH\index.php(67): CodeIgniter\CodeIgniter->run()
 7 SYSTEMPATH\Commands\Server\rewrite.php(46): require_once('FCPATH\\index.php')
CRITICAL - 2023-02-02 19:48:45 --> Undefined constant "CodeIgniter\Debug\VENDORPATH"
in SYSTEMPATH\Debug\Exceptions.php on line 177.
 1 SYSTEMPATH\Debug\Exceptions.php(157): CodeIgniter\Debug\Exceptions->isFakerDeprecationError(8192, 'Creation of dynamic property App\\Controllers\\Pasien::$model is deprecated', 'APPPATH\\Controllers\\Pasien.php', 12)
 2 APPPATH\Controllers\Pasien.php(12): CodeIgniter\Debug\Exceptions->errorHandler(8192, 'Creation of dynamic property App\\Controllers\\Pasien::$model is deprecated', 'APPPATH\\Controllers\\Pasien.php', 12)
 3 SYSTEMPATH\CodeIgniter.php(889): App\Controllers\Pasien->__construct()
 4 SYSTEMPATH\CodeIgniter.php(473): CodeIgniter\CodeIgniter->createController()
 5 SYSTEMPATH\CodeIgniter.php(351): CodeIgniter\CodeIgniter->handleRequest(null, Object(Config\Cache), false)
 6 FCPATH\index.php(67): CodeIgniter\CodeIgniter->run()
 7 SYSTEMPATH\Commands\Server\rewrite.php(46): require_once('FCPATH\\index.php')
CRITICAL - 2023-02-02 19:48:48 --> Undefined constant "CodeIgniter\Debug\VENDORPATH"
in SYSTEMPATH\Debug\Exceptions.php on line 177.
 1 SYSTEMPATH\Debug\Exceptions.php(157): CodeIgniter\Debug\Exceptions->isFakerDeprecationError(8192, 'Creation of dynamic property App\\Controllers\\Pasien::$model is deprecated', 'APPPATH\\Controllers\\Pasien.php', 12)
 2 APPPATH\Controllers\Pasien.php(12): CodeIgniter\Debug\Exceptions->errorHandler(8192, 'Creation of dynamic property App\\Controllers\\Pasien::$model is deprecated', 'APPPATH\\Controllers\\Pasien.php', 12)
 3 SYSTEMPATH\CodeIgniter.php(889): App\Controllers\Pasien->__construct()
 4 SYSTEMPATH\CodeIgniter.php(473): CodeIgniter\CodeIgniter->createController()
 5 SYSTEMPATH\CodeIgniter.php(351): CodeIgniter\CodeIgniter->handleRequest(null, Object(Config\Cache), false)
 6 FCPATH\index.php(67): CodeIgniter\CodeIgniter->run()
 7 SYSTEMPATH\Commands\Server\rewrite.php(46): require_once('FCPATH\\index.php')
CRITICAL - 2023-02-02 19:49:01 --> Undefined constant "CodeIgniter\Debug\VENDORPATH"
in SYSTEMPATH\Debug\Exceptions.php on line 177.
 1 SYSTEMPATH\Debug\Exceptions.php(157): CodeIgniter\Debug\Exceptions->isFakerDeprecationError(8192, 'Creation of dynamic property App\\Controllers\\Pasien::$model is deprecated', 'APPPATH\\Controllers\\Pasien.php', 12)
 2 APPPATH\Controllers\Pasien.php(12): CodeIgniter\Debug\Exceptions->errorHandler(8192, 'Creation of dynamic property App\\Controllers\\Pasien::$model is deprecated', 'APPPATH\\Controllers\\Pasien.php', 12)
 3 SYSTEMPATH\CodeIgniter.php(889): App\Controllers\Pasien->__construct()
 4 SYSTEMPATH\CodeIgniter.php(473): CodeIgniter\CodeIgniter->createController()
 5 SYSTEMPATH\CodeIgniter.php(351): CodeIgniter\CodeIgniter->handleRequest(null, Object(Config\Cache), false)
 6 FCPATH\index.php(67): CodeIgniter\CodeIgniter->run()
 7 SYSTEMPATH\Commands\Server\rewrite.php(46): require_once('FCPATH\\index.php')
CRITICAL - 2023-02-02 19:49:15 --> Undefined constant "CodeIgniter\Debug\VENDORPATH"
in SYSTEMPATH\Debug\Exceptions.php on line 177.
 1 SYSTEMPATH\Debug\Exceptions.php(157): CodeIgniter\Debug\Exceptions->isFakerDeprecationError(8192, 'Creation of dynamic property App\\Controllers\\Pasien::$model is deprecated', 'APPPATH\\Controllers\\Pasien.php', 12)
 2 APPPATH\Controllers\Pasien.php(12): CodeIgniter\Debug\Exceptions->errorHandler(8192, 'Creation of dynamic property App\\Controllers\\Pasien::$model is deprecated', 'APPPATH\\Controllers\\Pasien.php', 12)
 3 SYSTEMPATH\CodeIgniter.php(889): App\Controllers\Pasien->__construct()
 4 SYSTEMPATH\CodeIgniter.php(473): CodeIgniter\CodeIgniter->createController()
 5 SYSTEMPATH\CodeIgniter.php(351): CodeIgniter\CodeIgniter->handleRequest(null, Object(Config\Cache), false)
 6 FCPATH\index.php(67): CodeIgniter\CodeIgniter->run()
 7 SYSTEMPATH\Commands\Server\rewrite.php(46): require_once('FCPATH\\index.php')
CRITICAL - 2023-02-02 20:04:21 --> Undefined constant "CodeIgniter\Debug\VENDORPATH"
in SYSTEMPATH\Debug\Exceptions.php on line 177.
 1 SYSTEMPATH\Debug\Exceptions.php(157): CodeIgniter\Debug\Exceptions->isFakerDeprecationError(8192, 'Creation of dynamic property App\\Controllers\\Pasien::$model is deprecated', 'APPPATH\\Controllers\\Pasien.php', 12)
 2 APPPATH\Controllers\Pasien.php(12): CodeIgniter\Debug\Exceptions->errorHandler(8192, 'Creation of dynamic property App\\Controllers\\Pasien::$model is deprecated', 'APPPATH\\Controllers\\Pasien.php', 12)
 3 SYSTEMPATH\CodeIgniter.php(889): App\Controllers\Pasien->__construct()
 4 SYSTEMPATH\CodeIgniter.php(473): CodeIgniter\CodeIgniter->createController()
 5 SYSTEMPATH\CodeIgniter.php(351): CodeIgniter\CodeIgniter->handleRequest(null, Object(Config\Cache), false)
 6 FCPATH\index.php(67): CodeIgniter\CodeIgniter->run()
 7 SYSTEMPATH\Commands\Server\rewrite.php(46): require_once('FCPATH\\index.php')
CRITICAL - 2023-02-02 20:07:26 --> Undefined property: App\Controllers\Pasien::$model
in APPPATH\Controllers\Pasien.php on line 19.
 1 APPPATH\Controllers\Pasien.php(19): CodeIgniter\Debug\Exceptions->errorHandler(2, 'Undefined property: App\\Controllers\\Pasien::$model', 'APPPATH\\Controllers\\Pasien.php', 19)
 2 SYSTEMPATH\CodeIgniter.php(927): App\Controllers\Pasien->index()
 3 SYSTEMPATH\CodeIgniter.php(482): CodeIgniter\CodeIgniter->runController(Object(App\Controllers\Pasien))
 4 SYSTEMPATH\CodeIgniter.php(351): CodeIgniter\CodeIgniter->handleRequest(null, Object(Config\Cache), false)
 5 FCPATH\index.php(67): CodeIgniter\CodeIgniter->run()
 6 SYSTEMPATH\Commands\Server\rewrite.php(46): require_once('FCPATH\\index.php')
CRITICAL - 2023-02-02 20:07:56 --> Undefined property: App\Controllers\Pasien::$model
in APPPATH\Controllers\Pasien.php on line 19.
 1 APPPATH\Controllers\Pasien.php(19): CodeIgniter\Debug\Exceptions->errorHandler(2, 'Undefined property: App\\Controllers\\Pasien::$model', 'APPPATH\\Controllers\\Pasien.php', 19)
 2 SYSTEMPATH\CodeIgniter.php(927): App\Controllers\Pasien->index()
 3 SYSTEMPATH\CodeIgniter.php(482): CodeIgniter\CodeIgniter->runController(Object(App\Controllers\Pasien))
 4 SYSTEMPATH\CodeIgniter.php(351): CodeIgniter\CodeIgniter->handleRequest(null, Object(Config\Cache), false)
 5 FCPATH\index.php(67): CodeIgniter\CodeIgniter->run()
 6 SYSTEMPATH\Commands\Server\rewrite.php(46): require_once('FCPATH\\index.php')
CRITICAL - 2023-02-02 20:08:39 --> Undefined property: App\Controllers\Pasien::$model
in APPPATH\Controllers\Pasien.php on line 19.
 1 APPPATH\Controllers\Pasien.php(19): CodeIgniter\Debug\Exceptions->errorHandler(2, 'Undefined property: App\\Controllers\\Pasien::$model', 'APPPATH\\Controllers\\Pasien.php', 19)
 2 SYSTEMPATH\CodeIgniter.php(927): App\Controllers\Pasien->index()
 3 SYSTEMPATH\CodeIgniter.php(482): CodeIgniter\CodeIgniter->runController(Object(App\Controllers\Pasien))
 4 SYSTEMPATH\CodeIgniter.php(351): CodeIgniter\CodeIgniter->handleRequest(null, Object(Config\Cache), false)
 5 FCPATH\index.php(67): CodeIgniter\CodeIgniter->run()
 6 SYSTEMPATH\Commands\Server\rewrite.php(46): require_once('FCPATH\\index.php')
CRITICAL - 2023-02-02 20:09:30 --> Undefined variable $M_Pasien
in APPPATH\Controllers\Pasien.php on line 19.
 1 APPPATH\Controllers\Pasien.php(19): CodeIgniter\Debug\Exceptions->errorHandler(2, 'Undefined variable $M_Pasien', 'APPPATH\\Controllers\\Pasien.php', 19)
 2 SYSTEMPATH\CodeIgniter.php(927): App\Controllers\Pasien->index()
 3 SYSTEMPATH\CodeIgniter.php(482): CodeIgniter\CodeIgniter->runController(Object(App\Controllers\Pasien))
 4 SYSTEMPATH\CodeIgniter.php(351): CodeIgniter\CodeIgniter->handleRequest(null, Object(Config\Cache), false)
 5 FCPATH\index.php(67): CodeIgniter\CodeIgniter->run()
 6 SYSTEMPATH\Commands\Server\rewrite.php(46): require_once('FCPATH\\index.php')
CRITICAL - 2023-02-02 20:11:31 --> Call to a member function getAllData() on null
in APPPATH\Controllers\Pasien.php on line 20.
 1 SYSTEMPATH\CodeIgniter.php(927): App\Controllers\Pasien->index()
 2 SYSTEMPATH\CodeIgniter.php(482): CodeIgniter\CodeIgniter->runController(Object(App\Controllers\Pasien))
 3 SYSTEMPATH\CodeIgniter.php(351): CodeIgniter\CodeIgniter->handleRequest(null, Object(Config\Cache), false)
 4 FCPATH\index.php(67): CodeIgniter\CodeIgniter->run()
 5 SYSTEMPATH\Commands\Server\rewrite.php(46): require_once('FCPATH\\index.php')
CRITICAL - 2023-02-02 20:11:33 --> Call to a member function getAllData() on null
in APPPATH\Controllers\Pasien.php on line 20.
 1 SYSTEMPATH\CodeIgniter.php(927): App\Controllers\Pasien->index()
 2 SYSTEMPATH\CodeIgniter.php(482): CodeIgniter\CodeIgniter->runController(Object(App\Controllers\Pasien))
 3 SYSTEMPATH\CodeIgniter.php(351): CodeIgniter\CodeIgniter->handleRequest(null, Object(Config\Cache), false)
 4 FCPATH\index.php(67): CodeIgniter\CodeIgniter->run()
 5 SYSTEMPATH\Commands\Server\rewrite.php(46): require_once('FCPATH\\index.php')
CRITICAL - 2023-02-02 20:12:33 --> Call to a member function getAllData() on null
in APPPATH\Controllers\Pasien.php on line 20.
 1 SYSTEMPATH\CodeIgniter.php(927): App\Controllers\Pasien->index()
 2 SYSTEMPATH\CodeIgniter.php(482): CodeIgniter\CodeIgniter->runController(Object(App\Controllers\Pasien))
 3 SYSTEMPATH\CodeIgniter.php(351): CodeIgniter\CodeIgniter->handleRequest(null, Object(Config\Cache), false)
 4 FCPATH\index.php(67): CodeIgniter\CodeIgniter->run()
 5 SYSTEMPATH\Commands\Server\rewrite.php(46): require_once('FCPATH\\index.php')
CRITICAL - 2023-02-02 20:14:58 --> Call to a member function findAll() on null
in APPPATH\Controllers\Pasien.php on line 20.
 1 SYSTEMPATH\CodeIgniter.php(927): App\Controllers\Pasien->index()
 2 SYSTEMPATH\CodeIgniter.php(482): CodeIgniter\CodeIgniter->runController(Object(App\Controllers\Pasien))
 3 SYSTEMPATH\CodeIgniter.php(351): CodeIgniter\CodeIgniter->handleRequest(null, Object(Config\Cache), false)
 4 FCPATH\index.php(67): CodeIgniter\CodeIgniter->run()
 5 SYSTEMPATH\Commands\Server\rewrite.php(46): require_once('FCPATH\\index.php')
CRITICAL - 2023-02-02 20:15:00 --> Call to a member function findAll() on null
in APPPATH\Controllers\Pasien.php on line 20.
 1 SYSTEMPATH\CodeIgniter.php(927): App\Controllers\Pasien->index()
 2 SYSTEMPATH\CodeIgniter.php(482): CodeIgniter\CodeIgniter->runController(Object(App\Controllers\Pasien))
 3 SYSTEMPATH\CodeIgniter.php(351): CodeIgniter\CodeIgniter->handleRequest(null, Object(Config\Cache), false)
 4 FCPATH\index.php(67): CodeIgniter\CodeIgniter->run()
 5 SYSTEMPATH\Commands\Server\rewrite.php(46): require_once('FCPATH\\index.php')
CRITICAL - 2023-02-02 20:33:02 --> Call to a member function getAllData() on null
in APPPATH\Controllers\Pasien.php on line 20.
 1 SYSTEMPATH\CodeIgniter.php(927): App\Controllers\Pasien->index()
 2 SYSTEMPATH\CodeIgniter.php(482): CodeIgniter\CodeIgniter->runController(Object(App\Controllers\Pasien))
 3 SYSTEMPATH\CodeIgniter.php(351): CodeIgniter\CodeIgniter->handleRequest(null, Object(Config\Cache), false)
 4 FCPATH\index.php(67): CodeIgniter\CodeIgniter->run()
 5 SYSTEMPATH\Commands\Server\rewrite.php(46): require_once('FCPATH\\index.php')
CRITICAL - 2023-02-02 20:35:51 --> Call to a member function getAllData() on null
in APPPATH\Controllers\Pasien.php on line 20.
 1 SYSTEMPATH\CodeIgniter.php(927): App\Controllers\Pasien->index()
 2 SYSTEMPATH\CodeIgniter.php(482): CodeIgniter\CodeIgniter->runController(Object(App\Controllers\Pasien))
 3 SYSTEMPATH\CodeIgniter.php(351): CodeIgniter\CodeIgniter->handleRequest(null, Object(Config\Cache), false)
 4 FCPATH\index.php(67): CodeIgniter\CodeIgniter->run()
 5 SYSTEMPATH\Commands\Server\rewrite.php(46): require_once('FCPATH\\index.php')
CRITICAL - 2023-02-02 20:36:35 --> Call to a member function getAllData() on null
in APPPATH\Controllers\Pasien.php on line 20.
 1 SYSTEMPATH\CodeIgniter.php(927): App\Controllers\Pasien->index()
 2 SYSTEMPATH\CodeIgniter.php(482): CodeIgniter\CodeIgniter->runController(Object(App\Controllers\Pasien))
 3 SYSTEMPATH\CodeIgniter.php(351): CodeIgniter\CodeIgniter->handleRequest(null, Object(Config\Cache), false)
 4 FCPATH\index.php(67): CodeIgniter\CodeIgniter->run()
 5 SYSTEMPATH\Commands\Server\rewrite.php(46): require_once('FCPATH\\index.php')
CRITICAL - 2023-02-02 20:36:37 --> Call to a member function getAllData() on null
in APPPATH\Controllers\Pasien.php on line 20.
 1 SYSTEMPATH\CodeIgniter.php(927): App\Controllers\Pasien->index()
 2 SYSTEMPATH\CodeIgniter.php(482): CodeIgniter\CodeIgniter->runController(Object(App\Controllers\Pasien))
 3 SYSTEMPATH\CodeIgniter.php(351): CodeIgniter\CodeIgniter->handleRequest(null, Object(Config\Cache), false)
 4 FCPATH\index.php(67): CodeIgniter\CodeIgniter->run()
 5 SYSTEMPATH\Commands\Server\rewrite.php(46): require_once('FCPATH\\index.php')
CRITICAL - 2023-02-02 20:36:39 --> Call to a member function getAllData() on null
in APPPATH\Controllers\Pasien.php on line 20.
 1 SYSTEMPATH\CodeIgniter.php(927): App\Controllers\Pasien->index()
 2 SYSTEMPATH\CodeIgniter.php(482): CodeIgniter\CodeIgniter->runController(Object(App\Controllers\Pasien))
 3 SYSTEMPATH\CodeIgniter.php(351): CodeIgniter\CodeIgniter->handleRequest(null, Object(Config\Cache), false)
 4 FCPATH\index.php(67): CodeIgniter\CodeIgniter->run()
 5 SYSTEMPATH\Commands\Server\rewrite.php(46): require_once('FCPATH\\index.php')
CRITICAL - 2023-02-02 20:38:06 --> Call to a member function getAllData() on null
in APPPATH\Controllers\Pasien.php on line 20.
 1 SYSTEMPATH\CodeIgniter.php(927): App\Controllers\Pasien->index()
 2 SYSTEMPATH\CodeIgniter.php(482): CodeIgniter\CodeIgniter->runController(Object(App\Controllers\Pasien))
 3 SYSTEMPATH\CodeIgniter.php(351): CodeIgniter\CodeIgniter->handleRequest(null, Object(Config\Cache), false)
 4 FCPATH\index.php(67): CodeIgniter\CodeIgniter->run()
 5 SYSTEMPATH\Commands\Server\rewrite.php(46): require_once('FCPATH\\index.php')
CRITICAL - 2023-02-02 20:38:07 --> Call to a member function getAllData() on null
in APPPATH\Controllers\Pasien.php on line 20.
 1 SYSTEMPATH\CodeIgniter.php(927): App\Controllers\Pasien->index()
 2 SYSTEMPATH\CodeIgniter.php(482): CodeIgniter\CodeIgniter->runController(Object(App\Controllers\Pasien))
 3 SYSTEMPATH\CodeIgniter.php(351): CodeIgniter\CodeIgniter->handleRequest(null, Object(Config\Cache), false)
 4 FCPATH\index.php(67): CodeIgniter\CodeIgniter->run()
 5 SYSTEMPATH\Commands\Server\rewrite.php(46): require_once('FCPATH\\index.php')
CRITICAL - 2023-02-02 20:48:05 --> Call to a member function getAllData() on null
in APPPATH\Controllers\Pasien.php on line 29.
 1 SYSTEMPATH\CodeIgniter.php(927): App\Controllers\Pasien->index()
 2 SYSTEMPATH\CodeIgniter.php(482): CodeIgniter\CodeIgniter->runController(Object(App\Controllers\Pasien))
 3 SYSTEMPATH\CodeIgniter.php(351): CodeIgniter\CodeIgniter->handleRequest(null, Object(Config\Cache), false)
 4 FCPATH\index.php(67): CodeIgniter\CodeIgniter->run()
 5 SYSTEMPATH\Commands\Server\rewrite.php(46): require_once('FCPATH\\index.php')
CRITICAL - 2023-02-02 20:48:06 --> Call to a member function getAllData() on null
in APPPATH\Controllers\Pasien.php on line 29.
 1 SYSTEMPATH\CodeIgniter.php(927): App\Controllers\Pasien->index()
 2 SYSTEMPATH\CodeIgniter.php(482): CodeIgniter\CodeIgniter->runController(Object(App\Controllers\Pasien))
 3 SYSTEMPATH\CodeIgniter.php(351): CodeIgniter\CodeIgniter->handleRequest(null, Object(Config\Cache), false)
 4 FCPATH\index.php(67): CodeIgniter\CodeIgniter->run()
 5 SYSTEMPATH\Commands\Server\rewrite.php(46): require_once('FCPATH\\index.php')
CRITICAL - 2023-02-02 21:13:44 --> foreach() argument must be of type array|object, string given
in APPPATH\Views\Pasien\index.php on line 52.
 1 APPPATH\Views\Pasien\index.php(52): CodeIgniter\Debug\Exceptions->errorHandler(2, 'foreach() argument must be of type array|object, string given', 'APPPATH\\Views\\Pasien\\index.php', 52)
 2 SYSTEMPATH\View\View.php(213): include('APPPATH\\Views\\Pasien\\index.php')
 3 SYSTEMPATH\View\View.php(216): CodeIgniter\View\View->CodeIgniter\View\{closure}()
 4 SYSTEMPATH\Common.php(1134): CodeIgniter\View\View->render('pasien/index', [], true)
 5 APPPATH\Controllers\Pasien.php(26): view('pasien/index', [...])
 6 SYSTEMPATH\CodeIgniter.php(927): App\Controllers\Pasien->index()
 7 SYSTEMPATH\CodeIgniter.php(482): CodeIgniter\CodeIgniter->runController(Object(App\Controllers\Pasien))
 8 SYSTEMPATH\CodeIgniter.php(351): CodeIgniter\CodeIgniter->handleRequest(null, Object(Config\Cache), false)
 9 FCPATH\index.php(67): CodeIgniter\CodeIgniter->run()
10 SYSTEMPATH\Commands\Server\rewrite.php(46): require_once('FCPATH\\index.php')
CRITICAL - 2023-02-02 21:13:55 --> foreach() argument must be of type array|object, string given
in APPPATH\Views\Pasien\index.php on line 52.
 1 APPPATH\Views\Pasien\index.php(52): CodeIgniter\Debug\Exceptions->errorHandler(2, 'foreach() argument must be of type array|object, string given', 'APPPATH\\Views\\Pasien\\index.php', 52)
 2 SYSTEMPATH\View\View.php(213): include('APPPATH\\Views\\Pasien\\index.php')
 3 SYSTEMPATH\View\View.php(216): CodeIgniter\View\View->CodeIgniter\View\{closure}()
 4 SYSTEMPATH\Common.php(1134): CodeIgniter\View\View->render('pasien/index', [], true)
 5 APPPATH\Controllers\Pasien.php(26): view('pasien/index', [...])
 6 SYSTEMPATH\CodeIgniter.php(927): App\Controllers\Pasien->index()
 7 SYSTEMPATH\CodeIgniter.php(482): CodeIgniter\CodeIgniter->runController(Object(App\Controllers\Pasien))
 8 SYSTEMPATH\CodeIgniter.php(351): CodeIgniter\CodeIgniter->handleRequest(null, Object(Config\Cache), false)
 9 FCPATH\index.php(67): CodeIgniter\CodeIgniter->run()
10 SYSTEMPATH\Commands\Server\rewrite.php(46): require_once('FCPATH\\index.php')
CRITICAL - 2023-02-02 21:14:45 --> Call to a member function getResultArray() on string
in APPPATH\Views\Pasien\index.php on line 52.
 1 SYSTEMPATH\View\View.php(213): include()
 2 SYSTEMPATH\View\View.php(216): CodeIgniter\View\View->CodeIgniter\View\{closure}()
 3 SYSTEMPATH\Common.php(1134): CodeIgniter\View\View->render('pasien/index', [], true)
 4 APPPATH\Controllers\Pasien.php(26): view('pasien/index', [...])
 5 SYSTEMPATH\CodeIgniter.php(927): App\Controllers\Pasien->index()
 6 SYSTEMPATH\CodeIgniter.php(482): CodeIgniter\CodeIgniter->runController(Object(App\Controllers\Pasien))
 7 SYSTEMPATH\CodeIgniter.php(351): CodeIgniter\CodeIgniter->handleRequest(null, Object(Config\Cache), false)
 8 FCPATH\index.php(67): CodeIgniter\CodeIgniter->run()
 9 SYSTEMPATH\Commands\Server\rewrite.php(46): require_once('FCPATH\\index.php')
CRITICAL - 2023-02-02 21:14:47 --> Call to a member function getResultArray() on string
in APPPATH\Views\Pasien\index.php on line 52.
 1 SYSTEMPATH\View\View.php(213): include()
 2 SYSTEMPATH\View\View.php(216): CodeIgniter\View\View->CodeIgniter\View\{closure}()
 3 SYSTEMPATH\Common.php(1134): CodeIgniter\View\View->render('pasien/index', [], true)
 4 APPPATH\Controllers\Pasien.php(26): view('pasien/index', [...])
 5 SYSTEMPATH\CodeIgniter.php(927): App\Controllers\Pasien->index()
 6 SYSTEMPATH\CodeIgniter.php(482): CodeIgniter\CodeIgniter->runController(Object(App\Controllers\Pasien))
 7 SYSTEMPATH\CodeIgniter.php(351): CodeIgniter\CodeIgniter->handleRequest(null, Object(Config\Cache), false)
 8 FCPATH\index.php(67): CodeIgniter\CodeIgniter->run()
 9 SYSTEMPATH\Commands\Server\rewrite.php(46): require_once('FCPATH\\index.php')
CRITICAL - 2023-02-02 21:15:01 --> foreach() argument must be of type array|object, string given
in APPPATH\Views\Pasien\index.php on line 52.
 1 APPPATH\Views\Pasien\index.php(52): CodeIgniter\Debug\Exceptions->errorHandler(2, 'foreach() argument must be of type array|object, string given', 'APPPATH\\Views\\Pasien\\index.php', 52)
 2 SYSTEMPATH\View\View.php(213): include('APPPATH\\Views\\Pasien\\index.php')
 3 SYSTEMPATH\View\View.php(216): CodeIgniter\View\View->CodeIgniter\View\{closure}()
 4 SYSTEMPATH\Common.php(1134): CodeIgniter\View\View->render('pasien/index', [], true)
 5 APPPATH\Controllers\Pasien.php(26): view('pasien/index', [...])
 6 SYSTEMPATH\CodeIgniter.php(927): App\Controllers\Pasien->index()
 7 SYSTEMPATH\CodeIgniter.php(482): CodeIgniter\CodeIgniter->runController(Object(App\Controllers\Pasien))
 8 SYSTEMPATH\CodeIgniter.php(351): CodeIgniter\CodeIgniter->handleRequest(null, Object(Config\Cache), false)
 9 FCPATH\index.php(67): CodeIgniter\CodeIgniter->run()
10 SYSTEMPATH\Commands\Server\rewrite.php(46): require_once('FCPATH\\index.php')
CRITICAL - 2023-02-02 21:18:03 --> Call to a member function getAllData() on null
in APPPATH\Controllers\Pasien.php on line 22.
 1 SYSTEMPATH\CodeIgniter.php(927): App\Controllers\Pasien->index()
 2 SYSTEMPATH\CodeIgniter.php(482): CodeIgniter\CodeIgniter->runController(Object(App\Controllers\Pasien))
 3 SYSTEMPATH\CodeIgniter.php(351): CodeIgniter\CodeIgniter->handleRequest(null, Object(Config\Cache), false)
 4 FCPATH\index.php(67): CodeIgniter\CodeIgniter->run()
 5 SYSTEMPATH\Commands\Server\rewrite.php(46): require_once('FCPATH\\index.php')
CRITICAL - 2023-02-02 21:18:41 --> Undefined constant "App\Controllers\pasien"
in APPPATH\Controllers\Pasien.php on line 22.
 1 SYSTEMPATH\CodeIgniter.php(927): App\Controllers\Pasien->index()
 2 SYSTEMPATH\CodeIgniter.php(482): CodeIgniter\CodeIgniter->runController(Object(App\Controllers\Pasien))
 3 SYSTEMPATH\CodeIgniter.php(351): CodeIgniter\CodeIgniter->handleRequest(null, Object(Config\Cache), false)
 4 FCPATH\index.php(67): CodeIgniter\CodeIgniter->run()
 5 SYSTEMPATH\Commands\Server\rewrite.php(46): require_once('FCPATH\\index.php')
CRITICAL - 2023-02-02 21:18:52 --> foreach() argument must be of type array|object, string given
in APPPATH\Views\Pasien\index.php on line 52.
 1 APPPATH\Views\Pasien\index.php(52): CodeIgniter\Debug\Exceptions->errorHandler(2, 'foreach() argument must be of type array|object, string given', 'APPPATH\\Views\\Pasien\\index.php', 52)
 2 SYSTEMPATH\View\View.php(213): include('APPPATH\\Views\\Pasien\\index.php')
 3 SYSTEMPATH\View\View.php(216): CodeIgniter\View\View->CodeIgniter\View\{closure}()
 4 SYSTEMPATH\Common.php(1134): CodeIgniter\View\View->render('pasien/index', [], true)
 5 APPPATH\Controllers\Pasien.php(26): view('pasien/index', [...])
 6 SYSTEMPATH\CodeIgniter.php(927): App\Controllers\Pasien->index()
 7 SYSTEMPATH\CodeIgniter.php(482): CodeIgniter\CodeIgniter->runController(Object(App\Controllers\Pasien))
 8 SYSTEMPATH\CodeIgniter.php(351): CodeIgniter\CodeIgniter->handleRequest(null, Object(Config\Cache), false)
 9 FCPATH\index.php(67): CodeIgniter\CodeIgniter->run()
10 SYSTEMPATH\Commands\Server\rewrite.php(46): require_once('FCPATH\\index.php')
CRITICAL - 2023-02-02 21:20:04 --> foreach() argument must be of type array|object, string given
in APPPATH\Views\Pasien\index.php on line 52.
 1 APPPATH\Views\Pasien\index.php(52): CodeIgniter\Debug\Exceptions->errorHandler(2, 'foreach() argument must be of type array|object, string given', 'APPPATH\\Views\\Pasien\\index.php', 52)
 2 SYSTEMPATH\View\View.php(213): include('APPPATH\\Views\\Pasien\\index.php')
 3 SYSTEMPATH\View\View.php(216): CodeIgniter\View\View->CodeIgniter\View\{closure}()
 4 SYSTEMPATH\Common.php(1134): CodeIgniter\View\View->render('pasien/index', [], true)
 5 APPPATH\Controllers\Pasien.php(26): view('pasien/index', [...])
 6 SYSTEMPATH\CodeIgniter.php(927): App\Controllers\Pasien->index()
 7 SYSTEMPATH\CodeIgniter.php(482): CodeIgniter\CodeIgniter->runController(Object(App\Controllers\Pasien))
 8 SYSTEMPATH\CodeIgniter.php(351): CodeIgniter\CodeIgniter->handleRequest(null, Object(Config\Cache), false)
 9 FCPATH\index.php(67): CodeIgniter\CodeIgniter->run()
10 SYSTEMPATH\Commands\Server\rewrite.php(46): require_once('FCPATH\\index.php')
CRITICAL - 2023-02-02 21:20:05 --> foreach() argument must be of type array|object, string given
in APPPATH\Views\Pasien\index.php on line 52.
 1 APPPATH\Views\Pasien\index.php(52): CodeIgniter\Debug\Exceptions->errorHandler(2, 'foreach() argument must be of type array|object, string given', 'APPPATH\\Views\\Pasien\\index.php', 52)
 2 SYSTEMPATH\View\View.php(213): include('APPPATH\\Views\\Pasien\\index.php')
 3 SYSTEMPATH\View\View.php(216): CodeIgniter\View\View->CodeIgniter\View\{closure}()
 4 SYSTEMPATH\Common.php(1134): CodeIgniter\View\View->render('pasien/index', [], true)
 5 APPPATH\Controllers\Pasien.php(26): view('pasien/index', [...])
 6 SYSTEMPATH\CodeIgniter.php(927): App\Controllers\Pasien->index()
 7 SYSTEMPATH\CodeIgniter.php(482): CodeIgniter\CodeIgniter->runController(Object(App\Controllers\Pasien))
 8 SYSTEMPATH\CodeIgniter.php(351): CodeIgniter\CodeIgniter->handleRequest(null, Object(Config\Cache), false)
 9 FCPATH\index.php(67): CodeIgniter\CodeIgniter->run()
10 SYSTEMPATH\Commands\Server\rewrite.php(46): require_once('FCPATH\\index.php')
CRITICAL - 2023-02-02 21:20:41 --> foreach() argument must be of type array|object, string given
in APPPATH\Views\Pasien\index.php on line 52.
 1 APPPATH\Views\Pasien\index.php(52): CodeIgniter\Debug\Exceptions->errorHandler(2, 'foreach() argument must be of type array|object, string given', 'APPPATH\\Views\\Pasien\\index.php', 52)
 2 SYSTEMPATH\View\View.php(213): include('APPPATH\\Views\\Pasien\\index.php')
 3 SYSTEMPATH\View\View.php(216): CodeIgniter\View\View->CodeIgniter\View\{closure}()
 4 SYSTEMPATH\Common.php(1134): CodeIgniter\View\View->render('pasien/index', [], true)
 5 APPPATH\Controllers\Pasien.php(26): view('pasien/index', [...])
 6 SYSTEMPATH\CodeIgniter.php(927): App\Controllers\Pasien->index()
 7 SYSTEMPATH\CodeIgniter.php(482): CodeIgniter\CodeIgniter->runController(Object(App\Controllers\Pasien))
 8 SYSTEMPATH\CodeIgniter.php(351): CodeIgniter\CodeIgniter->handleRequest(null, Object(Config\Cache), false)
 9 FCPATH\index.php(67): CodeIgniter\CodeIgniter->run()
10 SYSTEMPATH\Commands\Server\rewrite.php(46): require_once('FCPATH\\index.php')
CRITICAL - 2023-02-02 21:24:15 --> Call to a member function pasien() on string
in APPPATH\Views\Pasien\index.php on line 52.
 1 SYSTEMPATH\View\View.php(213): include()
 2 SYSTEMPATH\View\View.php(216): CodeIgniter\View\View->CodeIgniter\View\{closure}()
 3 SYSTEMPATH\Common.php(1134): CodeIgniter\View\View->render('pasien/index', [], true)
 4 APPPATH\Controllers\Pasien.php(26): view('pasien/index', [...])
 5 SYSTEMPATH\CodeIgniter.php(927): App\Controllers\Pasien->index()
 6 SYSTEMPATH\CodeIgniter.php(482): CodeIgniter\CodeIgniter->runController(Object(App\Controllers\Pasien))
 7 SYSTEMPATH\CodeIgniter.php(351): CodeIgniter\CodeIgniter->handleRequest(null, Object(Config\Cache), false)
 8 FCPATH\index.php(67): CodeIgniter\CodeIgniter->run()
 9 SYSTEMPATH\Commands\Server\rewrite.php(46): require_once('FCPATH\\index.php')
CRITICAL - 2023-02-02 21:24:47 --> Call to a member function getAllData() on string
in APPPATH\Views\Pasien\index.php on line 52.
 1 SYSTEMPATH\View\View.php(213): include()
 2 SYSTEMPATH\View\View.php(216): CodeIgniter\View\View->CodeIgniter\View\{closure}()
 3 SYSTEMPATH\Common.php(1134): CodeIgniter\View\View->render('pasien/index', [], true)
 4 APPPATH\Controllers\Pasien.php(26): view('pasien/index', [...])
 5 SYSTEMPATH\CodeIgniter.php(927): App\Controllers\Pasien->index()
 6 SYSTEMPATH\CodeIgniter.php(482): CodeIgniter\CodeIgniter->runController(Object(App\Controllers\Pasien))
 7 SYSTEMPATH\CodeIgniter.php(351): CodeIgniter\CodeIgniter->handleRequest(null, Object(Config\Cache), false)
 8 FCPATH\index.php(67): CodeIgniter\CodeIgniter->run()
 9 SYSTEMPATH\Commands\Server\rewrite.php(46): require_once('FCPATH\\index.php')
CRITICAL - 2023-02-02 21:26:27 --> Call to a member function data() on string
in APPPATH\Views\Pasien\index.php on line 52.
 1 SYSTEMPATH\View\View.php(213): include()
 2 SYSTEMPATH\View\View.php(216): CodeIgniter\View\View->CodeIgniter\View\{closure}()
 3 SYSTEMPATH\Common.php(1134): CodeIgniter\View\View->render('pasien/index', [], true)
 4 APPPATH\Controllers\Pasien.php(26): view('pasien/index', [...])
 5 SYSTEMPATH\CodeIgniter.php(927): App\Controllers\Pasien->index()
 6 SYSTEMPATH\CodeIgniter.php(482): CodeIgniter\CodeIgniter->runController(Object(App\Controllers\Pasien))
 7 SYSTEMPATH\CodeIgniter.php(351): CodeIgniter\CodeIgniter->handleRequest(null, Object(Config\Cache), false)
 8 FCPATH\index.php(67): CodeIgniter\CodeIgniter->run()
 9 SYSTEMPATH\Commands\Server\rewrite.php(46): require_once('FCPATH\\index.php')
CRITICAL - 2023-02-02 21:28:24 --> Call to a member function getResultArray() on string
in APPPATH\Views\Pasien\index.php on line 52.
 1 SYSTEMPATH\View\View.php(213): include()
 2 SYSTEMPATH\View\View.php(216): CodeIgniter\View\View->CodeIgniter\View\{closure}()
 3 SYSTEMPATH\Common.php(1134): CodeIgniter\View\View->render('pasien/index', [], true)
 4 APPPATH\Controllers\Pasien.php(26): view('pasien/index', [...])
 5 SYSTEMPATH\CodeIgniter.php(927): App\Controllers\Pasien->index()
 6 SYSTEMPATH\CodeIgniter.php(482): CodeIgniter\CodeIgniter->runController(Object(App\Controllers\Pasien))
 7 SYSTEMPATH\CodeIgniter.php(351): CodeIgniter\CodeIgniter->handleRequest(null, Object(Config\Cache), false)
 8 FCPATH\index.php(67): CodeIgniter\CodeIgniter->run()
 9 SYSTEMPATH\Commands\Server\rewrite.php(46): require_once('FCPATH\\index.php')
CRITICAL - 2023-02-02 21:28:26 --> Call to a member function getResultArray() on string
in APPPATH\Views\Pasien\index.php on line 52.
 1 SYSTEMPATH\View\View.php(213): include()
 2 SYSTEMPATH\View\View.php(216): CodeIgniter\View\View->CodeIgniter\View\{closure}()
 3 SYSTEMPATH\Common.php(1134): CodeIgniter\View\View->render('pasien/index', [], true)
 4 APPPATH\Controllers\Pasien.php(26): view('pasien/index', [...])
 5 SYSTEMPATH\CodeIgniter.php(927): App\Controllers\Pasien->index()
 6 SYSTEMPATH\CodeIgniter.php(482): CodeIgniter\CodeIgniter->runController(Object(App\Controllers\Pasien))
 7 SYSTEMPATH\CodeIgniter.php(351): CodeIgniter\CodeIgniter->handleRequest(null, Object(Config\Cache), false)
 8 FCPATH\index.php(67): CodeIgniter\CodeIgniter->run()
 9 SYSTEMPATH\Commands\Server\rewrite.php(46): require_once('FCPATH\\index.php')
CRITICAL - 2023-02-02 21:29:12 --> foreach() argument must be of type array|object, string given
in APPPATH\Views\Pasien\index.php on line 52.
 1 APPPATH\Views\Pasien\index.php(52): CodeIgniter\Debug\Exceptions->errorHandler(2, 'foreach() argument must be of type array|object, string given', 'APPPATH\\Views\\Pasien\\index.php', 52)
 2 SYSTEMPATH\View\View.php(213): include('APPPATH\\Views\\Pasien\\index.php')
 3 SYSTEMPATH\View\View.php(216): CodeIgniter\View\View->CodeIgniter\View\{closure}()
 4 SYSTEMPATH\Common.php(1134): CodeIgniter\View\View->render('pasien/index', [], true)
 5 APPPATH\Controllers\Pasien.php(26): view('pasien/index', [...])
 6 SYSTEMPATH\CodeIgniter.php(927): App\Controllers\Pasien->index()
 7 SYSTEMPATH\CodeIgniter.php(482): CodeIgniter\CodeIgniter->runController(Object(App\Controllers\Pasien))
 8 SYSTEMPATH\CodeIgniter.php(351): CodeIgniter\CodeIgniter->handleRequest(null, Object(Config\Cache), false)
 9 FCPATH\index.php(67): CodeIgniter\CodeIgniter->run()
10 SYSTEMPATH\Commands\Server\rewrite.php(46): require_once('FCPATH\\index.php')
CRITICAL - 2023-02-02 22:17:18 --> foreach() argument must be of type array|object, string given
in APPPATH\Views\Pasien\index.php on line 52.
 1 APPPATH\Views\Pasien\index.php(52): CodeIgniter\Debug\Exceptions->errorHandler(2, 'foreach() argument must be of type array|object, string given', 'APPPATH\\Views\\Pasien\\index.php', 52)
 2 SYSTEMPATH\View\View.php(213): include('APPPATH\\Views\\Pasien\\index.php')
 3 SYSTEMPATH\View\View.php(216): CodeIgniter\View\View->CodeIgniter\View\{closure}()
 4 SYSTEMPATH\Common.php(1134): CodeIgniter\View\View->render('pasien/index', [], true)
 5 APPPATH\Controllers\Pasien.php(26): view('pasien/index', [...])
 6 SYSTEMPATH\CodeIgniter.php(927): App\Controllers\Pasien->index()
 7 SYSTEMPATH\CodeIgniter.php(482): CodeIgniter\CodeIgniter->runController(Object(App\Controllers\Pasien))
 8 SYSTEMPATH\CodeIgniter.php(351): CodeIgniter\CodeIgniter->handleRequest(null, Object(Config\Cache), false)
 9 FCPATH\index.php(67): CodeIgniter\CodeIgniter->run()
10 SYSTEMPATH\Commands\Server\rewrite.php(46): require_once('FCPATH\\index.php')
CRITICAL - 2023-02-02 22:23:19 --> foreach() argument must be of type array|object, string given
in APPPATH\Views\Pasien\index.php on line 52.
 1 APPPATH\Views\Pasien\index.php(52): CodeIgniter\Debug\Exceptions->errorHandler(2, 'foreach() argument must be of type array|object, string given', 'APPPATH\\Views\\Pasien\\index.php', 52)
 2 SYSTEMPATH\View\View.php(213): include('APPPATH\\Views\\Pasien\\index.php')
 3 SYSTEMPATH\View\View.php(216): CodeIgniter\View\View->CodeIgniter\View\{closure}()
 4 SYSTEMPATH\Common.php(1134): CodeIgniter\View\View->render('pasien/index', [], true)
 5 APPPATH\Controllers\Pasien.php(26): view('pasien/index', [...])
 6 SYSTEMPATH\CodeIgniter.php(927): App\Controllers\Pasien->index()
 7 SYSTEMPATH\CodeIgniter.php(482): CodeIgniter\CodeIgniter->runController(Object(App\Controllers\Pasien))
 8 SYSTEMPATH\CodeIgniter.php(351): CodeIgniter\CodeIgniter->handleRequest(null, Object(Config\Cache), false)
 9 FCPATH\index.php(67): CodeIgniter\CodeIgniter->run()
10 SYSTEMPATH\Commands\Server\rewrite.php(46): require_once('FCPATH\\index.php')
CRITICAL - 2023-02-02 22:33:18 --> foreach() argument must be of type array|object, string given
in APPPATH\Views\Pasien\index.php on line 52.
 1 APPPATH\Views\Pasien\index.php(52): CodeIgniter\Debug\Exceptions->errorHandler(2, 'foreach() argument must be of type array|object, string given', 'APPPATH\\Views\\Pasien\\index.php', 52)
 2 SYSTEMPATH\View\View.php(213): include('APPPATH\\Views\\Pasien\\index.php')
 3 SYSTEMPATH\View\View.php(216): CodeIgniter\View\View->CodeIgniter\View\{closure}()
 4 SYSTEMPATH\Common.php(1134): CodeIgniter\View\View->render('pasien/index', [], true)
 5 APPPATH\Controllers\Pasien.php(26): view('pasien/index', [...])
 6 SYSTEMPATH\CodeIgniter.php(927): App\Controllers\Pasien->index()
 7 SYSTEMPATH\CodeIgniter.php(482): CodeIgniter\CodeIgniter->runController(Object(App\Controllers\Pasien))
 8 SYSTEMPATH\CodeIgniter.php(351): CodeIgniter\CodeIgniter->handleRequest(null, Object(Config\Cache), false)
 9 FCPATH\index.php(67): CodeIgniter\CodeIgniter->run()
10 SYSTEMPATH\Commands\Server\rewrite.php(46): require_once('FCPATH\\index.php')
CRITICAL - 2023-02-02 22:33:20 --> foreach() argument must be of type array|object, string given
in APPPATH\Views\Pasien\index.php on line 52.
 1 APPPATH\Views\Pasien\index.php(52): CodeIgniter\Debug\Exceptions->errorHandler(2, 'foreach() argument must be of type array|object, string given', 'APPPATH\\Views\\Pasien\\index.php', 52)
 2 SYSTEMPATH\View\View.php(213): include('APPPATH\\Views\\Pasien\\index.php')
 3 SYSTEMPATH\View\View.php(216): CodeIgniter\View\View->CodeIgniter\View\{closure}()
 4 SYSTEMPATH\Common.php(1134): CodeIgniter\View\View->render('pasien/index', [], true)
 5 APPPATH\Controllers\Pasien.php(26): view('pasien/index', [...])
 6 SYSTEMPATH\CodeIgniter.php(927): App\Controllers\Pasien->index()
 7 SYSTEMPATH\CodeIgniter.php(482): CodeIgniter\CodeIgniter->runController(Object(App\Controllers\Pasien))
 8 SYSTEMPATH\CodeIgniter.php(351): CodeIgniter\CodeIgniter->handleRequest(null, Object(Config\Cache), false)
 9 FCPATH\index.php(67): CodeIgniter\CodeIgniter->run()
10 SYSTEMPATH\Commands\Server\rewrite.php(46): require_once('FCPATH\\index.php')
CRITICAL - 2023-02-02 22:33:49 --> foreach() argument must be of type array|object, string given
in APPPATH\Views\Pasien\index.php on line 52.
 1 APPPATH\Views\Pasien\index.php(52): CodeIgniter\Debug\Exceptions->errorHandler(2, 'foreach() argument must be of type array|object, string given', 'APPPATH\\Views\\Pasien\\index.php', 52)
 2 SYSTEMPATH\View\View.php(213): include('APPPATH\\Views\\Pasien\\index.php')
 3 SYSTEMPATH\View\View.php(216): CodeIgniter\View\View->CodeIgniter\View\{closure}()
 4 SYSTEMPATH\Common.php(1134): CodeIgniter\View\View->render('pasien/index', [], true)
 5 APPPATH\Controllers\Pasien.php(26): view('pasien/index', [...])
 6 SYSTEMPATH\CodeIgniter.php(927): App\Controllers\Pasien->index()
 7 SYSTEMPATH\CodeIgniter.php(482): CodeIgniter\CodeIgniter->runController(Object(App\Controllers\Pasien))
 8 SYSTEMPATH\CodeIgniter.php(351): CodeIgniter\CodeIgniter->handleRequest(null, Object(Config\Cache), false)
 9 FCPATH\index.php(67): CodeIgniter\CodeIgniter->run()
10 SYSTEMPATH\Commands\Server\rewrite.php(46): require_once('FCPATH\\index.php')
CRITICAL - 2023-02-02 22:33:53 --> foreach() argument must be of type array|object, string given
in APPPATH\Views\Pasien\index.php on line 52.
 1 APPPATH\Views\Pasien\index.php(52): CodeIgniter\Debug\Exceptions->errorHandler(2, 'foreach() argument must be of type array|object, string given', 'APPPATH\\Views\\Pasien\\index.php', 52)
 2 SYSTEMPATH\View\View.php(213): include('APPPATH\\Views\\Pasien\\index.php')
 3 SYSTEMPATH\View\View.php(216): CodeIgniter\View\View->CodeIgniter\View\{closure}()
 4 SYSTEMPATH\Common.php(1134): CodeIgniter\View\View->render('pasien/index', [], true)
 5 APPPATH\Controllers\Pasien.php(26): view('pasien/index', [...])
 6 SYSTEMPATH\CodeIgniter.php(927): App\Controllers\Pasien->index()
 7 SYSTEMPATH\CodeIgniter.php(482): CodeIgniter\CodeIgniter->runController(Object(App\Controllers\Pasien))
 8 SYSTEMPATH\CodeIgniter.php(351): CodeIgniter\CodeIgniter->handleRequest(null, Object(Config\Cache), false)
 9 FCPATH\index.php(67): CodeIgniter\CodeIgniter->run()
10 SYSTEMPATH\Commands\Server\rewrite.php(46): require_once('FCPATH\\index.php')
CRITICAL - 2023-02-02 22:37:44 --> Call to a member function getResultArray() on string
in APPPATH\Views\Pasien\index.php on line 52.
 1 SYSTEMPATH\View\View.php(213): include()
 2 SYSTEMPATH\View\View.php(216): CodeIgniter\View\View->CodeIgniter\View\{closure}()
 3 SYSTEMPATH\Common.php(1134): CodeIgniter\View\View->render('pasien/index', [], true)
 4 APPPATH\Controllers\Pasien.php(26): view('pasien/index', [...])
 5 SYSTEMPATH\CodeIgniter.php(927): App\Controllers\Pasien->index()
 6 SYSTEMPATH\CodeIgniter.php(482): CodeIgniter\CodeIgniter->runController(Object(App\Controllers\Pasien))
 7 SYSTEMPATH\CodeIgniter.php(351): CodeIgniter\CodeIgniter->handleRequest(null, Object(Config\Cache), false)
 8 FCPATH\index.php(67): CodeIgniter\CodeIgniter->run()
 9 SYSTEMPATH\Commands\Server\rewrite.php(46): require_once('FCPATH\\index.php')
CRITICAL - 2023-02-02 22:37:45 --> Call to a member function getResultArray() on string
in APPPATH\Views\Pasien\index.php on line 52.
 1 SYSTEMPATH\View\View.php(213): include()
 2 SYSTEMPATH\View\View.php(216): CodeIgniter\View\View->CodeIgniter\View\{closure}()
 3 SYSTEMPATH\Common.php(1134): CodeIgniter\View\View->render('pasien/index', [], true)
 4 APPPATH\Controllers\Pasien.php(26): view('pasien/index', [...])
 5 SYSTEMPATH\CodeIgniter.php(927): App\Controllers\Pasien->index()
 6 SYSTEMPATH\CodeIgniter.php(482): CodeIgniter\CodeIgniter->runController(Object(App\Controllers\Pasien))
 7 SYSTEMPATH\CodeIgniter.php(351): CodeIgniter\CodeIgniter->handleRequest(null, Object(Config\Cache), false)
 8 FCPATH\index.php(67): CodeIgniter\CodeIgniter->run()
 9 SYSTEMPATH\Commands\Server\rewrite.php(46): require_once('FCPATH\\index.php')
CRITICAL - 2023-02-02 22:40:10 --> Call to a member function getResultArray() on string
in APPPATH\Views\Pasien\index.php on line 52.
 1 SYSTEMPATH\View\View.php(213): include()
 2 SYSTEMPATH\View\View.php(216): CodeIgniter\View\View->CodeIgniter\View\{closure}()
 3 SYSTEMPATH\Common.php(1134): CodeIgniter\View\View->render('pasien/index', [], true)
 4 APPPATH\Controllers\Pasien.php(26): view('pasien/index', [...])
 5 SYSTEMPATH\CodeIgniter.php(927): App\Controllers\Pasien->index()
 6 SYSTEMPATH\CodeIgniter.php(482): CodeIgniter\CodeIgniter->runController(Object(App\Controllers\Pasien))
 7 SYSTEMPATH\CodeIgniter.php(351): CodeIgniter\CodeIgniter->handleRequest(null, Object(Config\Cache), false)
 8 FCPATH\index.php(67): CodeIgniter\CodeIgniter->run()
 9 SYSTEMPATH\Commands\Server\rewrite.php(46): require_once('FCPATH\\index.php')
CRITICAL - 2023-02-02 22:40:11 --> Call to a member function getResultArray() on string
in APPPATH\Views\Pasien\index.php on line 52.
 1 SYSTEMPATH\View\View.php(213): include()
 2 SYSTEMPATH\View\View.php(216): CodeIgniter\View\View->CodeIgniter\View\{closure}()
 3 SYSTEMPATH\Common.php(1134): CodeIgniter\View\View->render('pasien/index', [], true)
 4 APPPATH\Controllers\Pasien.php(26): view('pasien/index', [...])
 5 SYSTEMPATH\CodeIgniter.php(927): App\Controllers\Pasien->index()
 6 SYSTEMPATH\CodeIgniter.php(482): CodeIgniter\CodeIgniter->runController(Object(App\Controllers\Pasien))
 7 SYSTEMPATH\CodeIgniter.php(351): CodeIgniter\CodeIgniter->handleRequest(null, Object(Config\Cache), false)
 8 FCPATH\index.php(67): CodeIgniter\CodeIgniter->run()
 9 SYSTEMPATH\Commands\Server\rewrite.php(46): require_once('FCPATH\\index.php')
CRITICAL - 2023-02-02 22:40:12 --> Call to a member function getResultArray() on string
in APPPATH\Views\Pasien\index.php on line 52.
 1 SYSTEMPATH\View\View.php(213): include()
 2 SYSTEMPATH\View\View.php(216): CodeIgniter\View\View->CodeIgniter\View\{closure}()
 3 SYSTEMPATH\Common.php(1134): CodeIgniter\View\View->render('pasien/index', [], true)
 4 APPPATH\Controllers\Pasien.php(26): view('pasien/index', [...])
 5 SYSTEMPATH\CodeIgniter.php(927): App\Controllers\Pasien->index()
 6 SYSTEMPATH\CodeIgniter.php(482): CodeIgniter\CodeIgniter->runController(Object(App\Controllers\Pasien))
 7 SYSTEMPATH\CodeIgniter.php(351): CodeIgniter\CodeIgniter->handleRequest(null, Object(Config\Cache), false)
 8 FCPATH\index.php(67): CodeIgniter\CodeIgniter->run()
 9 SYSTEMPATH\Commands\Server\rewrite.php(46): require_once('FCPATH\\index.php')
CRITICAL - 2023-02-02 22:40:14 --> Call to a member function getResultArray() on string
in APPPATH\Views\Pasien\index.php on line 52.
 1 SYSTEMPATH\View\View.php(213): include()
 2 SYSTEMPATH\View\View.php(216): CodeIgniter\View\View->CodeIgniter\View\{closure}()
 3 SYSTEMPATH\Common.php(1134): CodeIgniter\View\View->render('pasien/index', [], true)
 4 APPPATH\Controllers\Pasien.php(26): view('pasien/index', [...])
 5 SYSTEMPATH\CodeIgniter.php(927): App\Controllers\Pasien->index()
 6 SYSTEMPATH\CodeIgniter.php(482): CodeIgniter\CodeIgniter->runController(Object(App\Controllers\Pasien))
 7 SYSTEMPATH\CodeIgniter.php(351): CodeIgniter\CodeIgniter->handleRequest(null, Object(Config\Cache), false)
 8 FCPATH\index.php(67): CodeIgniter\CodeIgniter->run()
 9 SYSTEMPATH\Commands\Server\rewrite.php(46): require_once('FCPATH\\index.php')
CRITICAL - 2023-02-02 22:40:53 --> foreach() argument must be of type array|object, string given
in APPPATH\Views\Pasien\index.php on line 52.
 1 APPPATH\Views\Pasien\index.php(52): CodeIgniter\Debug\Exceptions->errorHandler(2, 'foreach() argument must be of type array|object, string given', 'APPPATH\\Views\\Pasien\\index.php', 52)
 2 SYSTEMPATH\View\View.php(213): include('APPPATH\\Views\\Pasien\\index.php')
 3 SYSTEMPATH\View\View.php(216): CodeIgniter\View\View->CodeIgniter\View\{closure}()
 4 SYSTEMPATH\Common.php(1134): CodeIgniter\View\View->render('pasien/index', [], true)
 5 APPPATH\Controllers\Pasien.php(26): view('pasien/index', [...])
 6 SYSTEMPATH\CodeIgniter.php(927): App\Controllers\Pasien->index()
 7 SYSTEMPATH\CodeIgniter.php(482): CodeIgniter\CodeIgniter->runController(Object(App\Controllers\Pasien))
 8 SYSTEMPATH\CodeIgniter.php(351): CodeIgniter\CodeIgniter->handleRequest(null, Object(Config\Cache), false)
 9 FCPATH\index.php(67): CodeIgniter\CodeIgniter->run()
10 SYSTEMPATH\Commands\Server\rewrite.php(46): require_once('FCPATH\\index.php')
CRITICAL - 2023-02-02 22:40:59 --> foreach() argument must be of type array|object, string given
in APPPATH\Views\Pasien\index.php on line 52.
 1 APPPATH\Views\Pasien\index.php(52): CodeIgniter\Debug\Exceptions->errorHandler(2, 'foreach() argument must be of type array|object, string given', 'APPPATH\\Views\\Pasien\\index.php', 52)
 2 SYSTEMPATH\View\View.php(213): include('APPPATH\\Views\\Pasien\\index.php')
 3 SYSTEMPATH\View\View.php(216): CodeIgniter\View\View->CodeIgniter\View\{closure}()
 4 SYSTEMPATH\Common.php(1134): CodeIgniter\View\View->render('pasien/index', [], true)
 5 APPPATH\Controllers\Pasien.php(26): view('pasien/index', [...])
 6 SYSTEMPATH\CodeIgniter.php(927): App\Controllers\Pasien->index()
 7 SYSTEMPATH\CodeIgniter.php(482): CodeIgniter\CodeIgniter->runController(Object(App\Controllers\Pasien))
 8 SYSTEMPATH\CodeIgniter.php(351): CodeIgniter\CodeIgniter->handleRequest(null, Object(Config\Cache), false)
 9 FCPATH\index.php(67): CodeIgniter\CodeIgniter->run()
10 SYSTEMPATH\Commands\Server\rewrite.php(46): require_once('FCPATH\\index.php')
CRITICAL - 2023-02-02 22:44:57 --> foreach() argument must be of type array|object, string given
in APPPATH\Views\Pasien\index.php on line 52.
 1 APPPATH\Views\Pasien\index.php(52): CodeIgniter\Debug\Exceptions->errorHandler(2, 'foreach() argument must be of type array|object, string given', 'APPPATH\\Views\\Pasien\\index.php', 52)
 2 SYSTEMPATH\View\View.php(213): include('APPPATH\\Views\\Pasien\\index.php')
 3 SYSTEMPATH\View\View.php(216): CodeIgniter\View\View->CodeIgniter\View\{closure}()
 4 SYSTEMPATH\Common.php(1134): CodeIgniter\View\View->render('pasien/index', [], true)
 5 APPPATH\Controllers\Pasien.php(26): view('pasien/index', [...])
 6 SYSTEMPATH\CodeIgniter.php(927): App\Controllers\Pasien->index()
 7 SYSTEMPATH\CodeIgniter.php(482): CodeIgniter\CodeIgniter->runController(Object(App\Controllers\Pasien))
 8 SYSTEMPATH\CodeIgniter.php(351): CodeIgniter\CodeIgniter->handleRequest(null, Object(Config\Cache), false)
 9 FCPATH\index.php(67): CodeIgniter\CodeIgniter->run()
10 SYSTEMPATH\Commands\Server\rewrite.php(46): require_once('FCPATH\\index.php')
CRITICAL - 2023-02-02 22:44:58 --> foreach() argument must be of type array|object, string given
in APPPATH\Views\Pasien\index.php on line 52.
 1 APPPATH\Views\Pasien\index.php(52): CodeIgniter\Debug\Exceptions->errorHandler(2, 'foreach() argument must be of type array|object, string given', 'APPPATH\\Views\\Pasien\\index.php', 52)
 2 SYSTEMPATH\View\View.php(213): include('APPPATH\\Views\\Pasien\\index.php')
 3 SYSTEMPATH\View\View.php(216): CodeIgniter\View\View->CodeIgniter\View\{closure}()
 4 SYSTEMPATH\Common.php(1134): CodeIgniter\View\View->render('pasien/index', [], true)
 5 APPPATH\Controllers\Pasien.php(26): view('pasien/index', [...])
 6 SYSTEMPATH\CodeIgniter.php(927): App\Controllers\Pasien->index()
 7 SYSTEMPATH\CodeIgniter.php(482): CodeIgniter\CodeIgniter->runController(Object(App\Controllers\Pasien))
 8 SYSTEMPATH\CodeIgniter.php(351): CodeIgniter\CodeIgniter->handleRequest(null, Object(Config\Cache), false)
 9 FCPATH\index.php(67): CodeIgniter\CodeIgniter->run()
10 SYSTEMPATH\Commands\Server\rewrite.php(46): require_once('FCPATH\\index.php')
CRITICAL - 2023-02-02 22:45:00 --> foreach() argument must be of type array|object, string given
in APPPATH\Views\Pasien\index.php on line 52.
 1 APPPATH\Views\Pasien\index.php(52): CodeIgniter\Debug\Exceptions->errorHandler(2, 'foreach() argument must be of type array|object, string given', 'APPPATH\\Views\\Pasien\\index.php', 52)
 2 SYSTEMPATH\View\View.php(213): include('APPPATH\\Views\\Pasien\\index.php')
 3 SYSTEMPATH\View\View.php(216): CodeIgniter\View\View->CodeIgniter\View\{closure}()
 4 SYSTEMPATH\Common.php(1134): CodeIgniter\View\View->render('pasien/index', [], true)
 5 APPPATH\Controllers\Pasien.php(26): view('pasien/index', [...])
 6 SYSTEMPATH\CodeIgniter.php(927): App\Controllers\Pasien->index()
 7 SYSTEMPATH\CodeIgniter.php(482): CodeIgniter\CodeIgniter->runController(Object(App\Controllers\Pasien))
 8 SYSTEMPATH\CodeIgniter.php(351): CodeIgniter\CodeIgniter->handleRequest(null, Object(Config\Cache), false)
 9 FCPATH\index.php(67): CodeIgniter\CodeIgniter->run()
10 SYSTEMPATH\Commands\Server\rewrite.php(46): require_once('FCPATH\\index.php')
CRITICAL - 2023-02-02 22:49:28 --> foreach() argument must be of type array|object, string given
in APPPATH\Views\Pasien\index.php on line 52.
 1 APPPATH\Views\Pasien\index.php(52): CodeIgniter\Debug\Exceptions->errorHandler(2, 'foreach() argument must be of type array|object, string given', 'APPPATH\\Views\\Pasien\\index.php', 52)
 2 SYSTEMPATH\View\View.php(213): include('APPPATH\\Views\\Pasien\\index.php')
 3 SYSTEMPATH\View\View.php(216): CodeIgniter\View\View->CodeIgniter\View\{closure}()
 4 SYSTEMPATH\Common.php(1134): CodeIgniter\View\View->render('pasien/index', [], true)
 5 APPPATH\Controllers\Pasien.php(26): view('pasien/index', [...])
 6 SYSTEMPATH\CodeIgniter.php(927): App\Controllers\Pasien->index()
 7 SYSTEMPATH\CodeIgniter.php(482): CodeIgniter\CodeIgniter->runController(Object(App\Controllers\Pasien))
 8 SYSTEMPATH\CodeIgniter.php(351): CodeIgniter\CodeIgniter->handleRequest(null, Object(Config\Cache), false)
 9 FCPATH\index.php(67): CodeIgniter\CodeIgniter->run()
10 SYSTEMPATH\Commands\Server\rewrite.php(46): require_once('FCPATH\\index.php')
CRITICAL - 2023-02-02 22:49:29 --> foreach() argument must be of type array|object, string given
in APPPATH\Views\Pasien\index.php on line 52.
 1 APPPATH\Views\Pasien\index.php(52): CodeIgniter\Debug\Exceptions->errorHandler(2, 'foreach() argument must be of type array|object, string given', 'APPPATH\\Views\\Pasien\\index.php', 52)
 2 SYSTEMPATH\View\View.php(213): include('APPPATH\\Views\\Pasien\\index.php')
 3 SYSTEMPATH\View\View.php(216): CodeIgniter\View\View->CodeIgniter\View\{closure}()
 4 SYSTEMPATH\Common.php(1134): CodeIgniter\View\View->render('pasien/index', [], true)
 5 APPPATH\Controllers\Pasien.php(26): view('pasien/index', [...])
 6 SYSTEMPATH\CodeIgniter.php(927): App\Controllers\Pasien->index()
 7 SYSTEMPATH\CodeIgniter.php(482): CodeIgniter\CodeIgniter->runController(Object(App\Controllers\Pasien))
 8 SYSTEMPATH\CodeIgniter.php(351): CodeIgniter\CodeIgniter->handleRequest(null, Object(Config\Cache), false)
 9 FCPATH\index.php(67): CodeIgniter\CodeIgniter->run()
10 SYSTEMPATH\Commands\Server\rewrite.php(46): require_once('FCPATH\\index.php')
