ERROR - 2023-05-26 07:58:14 --> mysqli_sql_exception: Table 'demensia.penggguna' doesn't exist in C:\xampp\htdocs\demensia\system\Database\MySQLi\Connection.php:292
Stack trace:
#0 C:\xampp\htdocs\demensia\system\Database\MySQLi\Connection.php(292): mysqli->query('INSERT INTO `pe...', 0)
#1 C:\xampp\htdocs\demensia\system\Database\BaseConnection.php(666): CodeIgniter\Database\MySQLi\Connection->execute('INSERT INTO `pe...')
#2 C:\xampp\htdocs\demensia\system\Database\BaseConnection.php(593): CodeIgniter\Database\BaseConnection->simpleQuery('INSERT INTO `pe...')
#3 C:\xampp\htdocs\demensia\system\Database\BaseBuilder.php(1916): CodeIgniter\Database\BaseConnection->query('INSERT INTO `pe...', Array, false)
#4 C:\xampp\htdocs\demensia\app\Models\M_Auth.php(11): CodeIgniter\Database\BaseBuilder->insert(Array)
#5 C:\xampp\htdocs\demensia\app\Controllers\Auth.php(60): App\Models\M_Auth->simpan_register(Array)
#6 C:\xampp\htdocs\demensia\system\CodeIgniter.php(927): App\Controllers\Auth->simpan_register()
#7 C:\xampp\htdocs\demensia\system\CodeIgniter.php(482): CodeIgniter\CodeIgniter->runController(Object(App\Controllers\Auth))
#8 C:\xampp\htdocs\demensia\system\CodeIgniter.php(351): CodeIgniter\CodeIgniter->handleRequest(NULL, Object(Config\Cache), false)
#9 C:\xampp\htdocs\demensia\public\index.php(67): CodeIgniter\CodeIgniter->run()
#10 C:\xampp\htdocs\demensia\system\Commands\Server\rewrite.php(46): require_once('C:\\xampp\\htdocs...')
#11 {main}
CRITICAL - 2023-05-26 07:58:14 --> Table 'demensia.penggguna' doesn't exist
in SYSTEMPATH\Database\MySQLi\Connection.php on line 292.
 1 SYSTEMPATH\Database\MySQLi\Connection.php(292): mysqli->query('INSERT INTO `penggguna` (`nama`, `email`, `no_hp`, `password`, `level`) VALUES (\'Juang\', \'juang@gmail.com\', \'08953929289777\', \'juang1\', 2)', 0)
 2 SYSTEMPATH\Database\BaseConnection.php(666): CodeIgniter\Database\MySQLi\Connection->execute('INSERT INTO `penggguna` (`nama`, `email`, `no_hp`, `password`, `level`) VALUES (\'Juang\', \'juang@gmail.com\', \'08953929289777\', \'juang1\', 2)')
 3 SYSTEMPATH\Database\BaseConnection.php(593): CodeIgniter\Database\BaseConnection->simpleQuery('INSERT INTO `penggguna` (`nama`, `email`, `no_hp`, `password`, `level`) VALUES (\'Juang\', \'juang@gmail.com\', \'08953929289777\', \'juang1\', 2)')
 4 SYSTEMPATH\Database\BaseBuilder.php(1916): CodeIgniter\Database\BaseConnection->query('INSERT INTO `penggguna` (`nama`, `email`, `no_hp`, `password`, `level`) VALUES (:nama:, :email:, :no_hp:, :password:, :level:)', [...], false)
 5 APPPATH\Models\M_Auth.php(11): CodeIgniter\Database\BaseBuilder->insert([...])
 6 APPPATH\Controllers\Auth.php(60): App\Models\M_Auth->simpan_register([...])
 7 SYSTEMPATH\CodeIgniter.php(927): App\Controllers\Auth->simpan_register()
 8 SYSTEMPATH\CodeIgniter.php(482): CodeIgniter\CodeIgniter->runController(Object(App\Controllers\Auth))
 9 SYSTEMPATH\CodeIgniter.php(351): CodeIgniter\CodeIgniter->handleRequest(null, Object(Config\Cache), false)
10 FCPATH\index.php(67): CodeIgniter\CodeIgniter->run()
11 SYSTEMPATH\Commands\Server\rewrite.php(46): require_once('FCPATH\\index.php')
CRITICAL - 2023-05-26 08:07:45 --> unlink(img/IMG_20210601_100538_479.jpg): No such file or directory
in APPPATH\Controllers\Pengguna.php on line 180.
 1 [internal function]: CodeIgniter\Debug\Exceptions->errorHandler(2, 'unlink(img/IMG_20210601_100538_479.jpg): No such file or directory', 'APPPATH\\Controllers\\Pengguna.php', 180)
 2 APPPATH\Controllers\Pengguna.php(180): unlink('img/IMG_20210601_100538_479.jpg')
 3 SYSTEMPATH\CodeIgniter.php(927): App\Controllers\Pengguna->perbarui('7')
 4 SYSTEMPATH\CodeIgniter.php(482): CodeIgniter\CodeIgniter->runController(Object(App\Controllers\Pengguna))
 5 SYSTEMPATH\CodeIgniter.php(351): CodeIgniter\CodeIgniter->handleRequest(null, Object(Config\Cache), false)
 6 FCPATH\index.php(67): CodeIgniter\CodeIgniter->run()
 7 SYSTEMPATH\Commands\Server\rewrite.php(46): require_once('FCPATH\\index.php')
CRITICAL - 2023-05-26 08:25:38 --> unlink(img/IMG_20210601_100538_479.jpg): No such file or directory
in APPPATH\Controllers\Pengguna.php on line 181.
 1 [internal function]: CodeIgniter\Debug\Exceptions->errorHandler(2, 'unlink(img/IMG_20210601_100538_479.jpg): No such file or directory', 'APPPATH\\Controllers\\Pengguna.php', 181)
 2 APPPATH\Controllers\Pengguna.php(181): unlink('img/IMG_20210601_100538_479.jpg')
 3 SYSTEMPATH\CodeIgniter.php(927): App\Controllers\Pengguna->perbarui('7')
 4 SYSTEMPATH\CodeIgniter.php(482): CodeIgniter\CodeIgniter->runController(Object(App\Controllers\Pengguna))
 5 SYSTEMPATH\CodeIgniter.php(351): CodeIgniter\CodeIgniter->handleRequest(null, Object(Config\Cache), false)
 6 FCPATH\index.php(67): CodeIgniter\CodeIgniter->run()
 7 SYSTEMPATH\Commands\Server\rewrite.php(46): require_once('FCPATH\\index.php')
CRITICAL - 2023-05-26 08:25:46 --> unlink(img/IMG_20210601_100538_479.jpg): No such file or directory
in APPPATH\Controllers\Pengguna.php on line 181.
 1 [internal function]: CodeIgniter\Debug\Exceptions->errorHandler(2, 'unlink(img/IMG_20210601_100538_479.jpg): No such file or directory', 'APPPATH\\Controllers\\Pengguna.php', 181)
 2 APPPATH\Controllers\Pengguna.php(181): unlink('img/IMG_20210601_100538_479.jpg')
 3 SYSTEMPATH\CodeIgniter.php(927): App\Controllers\Pengguna->perbarui('7')
 4 SYSTEMPATH\CodeIgniter.php(482): CodeIgniter\CodeIgniter->runController(Object(App\Controllers\Pengguna))
 5 SYSTEMPATH\CodeIgniter.php(351): CodeIgniter\CodeIgniter->handleRequest(null, Object(Config\Cache), false)
 6 FCPATH\index.php(67): CodeIgniter\CodeIgniter->run()
 7 SYSTEMPATH\Commands\Server\rewrite.php(46): require_once('FCPATH\\index.php')
CRITICAL - 2023-05-26 08:28:41 --> unlink(img/IMG_20210601_100538_479.jpg): No such file or directory
in APPPATH\Controllers\Pengguna.php on line 181.
 1 [internal function]: CodeIgniter\Debug\Exceptions->errorHandler(2, 'unlink(img/IMG_20210601_100538_479.jpg): No such file or directory', 'APPPATH\\Controllers\\Pengguna.php', 181)
 2 APPPATH\Controllers\Pengguna.php(181): unlink('img/IMG_20210601_100538_479.jpg')
 3 SYSTEMPATH\CodeIgniter.php(927): App\Controllers\Pengguna->perbarui('7')
 4 SYSTEMPATH\CodeIgniter.php(482): CodeIgniter\CodeIgniter->runController(Object(App\Controllers\Pengguna))
 5 SYSTEMPATH\CodeIgniter.php(351): CodeIgniter\CodeIgniter->handleRequest(null, Object(Config\Cache), false)
 6 FCPATH\index.php(67): CodeIgniter\CodeIgniter->run()
 7 SYSTEMPATH\Commands\Server\rewrite.php(46): require_once('FCPATH\\index.php')
CRITICAL - 2023-05-26 08:29:37 --> chmod(): No such file or directory
in APPPATH\Controllers\Pengguna.php on line 181.
 1 [internal function]: CodeIgniter\Debug\Exceptions->errorHandler(2, 'chmod(): No such file or directory', 'APPPATH\\Controllers\\Pengguna.php', 181)
 2 APPPATH\Controllers\Pengguna.php(181): chmod('img/IMG_20210601_100538_479.jpg', 511)
 3 SYSTEMPATH\CodeIgniter.php(927): App\Controllers\Pengguna->perbarui('7')
 4 SYSTEMPATH\CodeIgniter.php(482): CodeIgniter\CodeIgniter->runController(Object(App\Controllers\Pengguna))
 5 SYSTEMPATH\CodeIgniter.php(351): CodeIgniter\CodeIgniter->handleRequest(null, Object(Config\Cache), false)
 6 FCPATH\index.php(67): CodeIgniter\CodeIgniter->run()
 7 SYSTEMPATH\Commands\Server\rewrite.php(46): require_once('FCPATH\\index.php')
CRITICAL - 2023-05-26 08:32:35 --> unlink(img/IMG_20210601_100538_479.jpg): No such file or directory
in APPPATH\Controllers\Pengguna.php on line 180.
 1 [internal function]: CodeIgniter\Debug\Exceptions->errorHandler(2, 'unlink(img/IMG_20210601_100538_479.jpg): No such file or directory', 'APPPATH\\Controllers\\Pengguna.php', 180)
 2 APPPATH\Controllers\Pengguna.php(180): unlink('img/IMG_20210601_100538_479.jpg')
 3 SYSTEMPATH\CodeIgniter.php(927): App\Controllers\Pengguna->perbarui('7')
 4 SYSTEMPATH\CodeIgniter.php(482): CodeIgniter\CodeIgniter->runController(Object(App\Controllers\Pengguna))
 5 SYSTEMPATH\CodeIgniter.php(351): CodeIgniter\CodeIgniter->handleRequest(null, Object(Config\Cache), false)
 6 FCPATH\index.php(67): CodeIgniter\CodeIgniter->run()
 7 SYSTEMPATH\Commands\Server\rewrite.php(46): require_once('FCPATH\\index.php')
CRITICAL - 2023-05-26 08:33:51 --> unlink(img/IMG_20210601_100538_479.jpg): No such file or directory
in APPPATH\Controllers\Pengguna.php on line 205.
 1 [internal function]: CodeIgniter\Debug\Exceptions->errorHandler(2, 'unlink(img/IMG_20210601_100538_479.jpg): No such file or directory', 'APPPATH\\Controllers\\Pengguna.php', 205)
 2 APPPATH\Controllers\Pengguna.php(205): unlink('img/IMG_20210601_100538_479.jpg')
 3 SYSTEMPATH\CodeIgniter.php(927): App\Controllers\Pengguna->hapus('7')
 4 SYSTEMPATH\CodeIgniter.php(482): CodeIgniter\CodeIgniter->runController(Object(App\Controllers\Pengguna))
 5 SYSTEMPATH\CodeIgniter.php(351): CodeIgniter\CodeIgniter->handleRequest(null, Object(Config\Cache), false)
 6 FCPATH\index.php(67): CodeIgniter\CodeIgniter->run()
 7 SYSTEMPATH\Commands\Server\rewrite.php(46): require_once('FCPATH\\index.php')
CRITICAL - 2023-05-26 08:50:57 --> syntax error, unexpected token "}"
in APPPATH\Controllers\Pengguna.php on line 182.
 1 SYSTEMPATH\Autoloader\Autoloader.php(259): CodeIgniter\Autoloader\Autoloader->includeFile('APPPATH\\Controllers\\Pengguna.php')
 2 SYSTEMPATH\Autoloader\Autoloader.php(237): CodeIgniter\Autoloader\Autoloader->loadInNamespace('App\\Controllers\\Pengguna')
 3 [internal function]: CodeIgniter\Autoloader\Autoloader->loadClass('App\\Controllers\\Pengguna')
 4 SYSTEMPATH\CodeIgniter.php(877): class_exists('\\App\\Controllers\\Pengguna', true)
 5 SYSTEMPATH\CodeIgniter.php(469): CodeIgniter\CodeIgniter->startController()
 6 SYSTEMPATH\CodeIgniter.php(351): CodeIgniter\CodeIgniter->handleRequest(null, Object(Config\Cache), false)
 7 FCPATH\index.php(67): CodeIgniter\CodeIgniter->run()
 8 SYSTEMPATH\Commands\Server\rewrite.php(46): require_once('FCPATH\\index.php')
CRITICAL - 2023-05-26 08:52:25 --> unlink(img/1665980380471.png): No such file or directory
in APPPATH\Controllers\Pengguna.php on line 185.
 1 [internal function]: CodeIgniter\Debug\Exceptions->errorHandler(2, 'unlink(img/1665980380471.png): No such file or directory', 'APPPATH\\Controllers\\Pengguna.php', 185)
 2 APPPATH\Controllers\Pengguna.php(185): unlink('img/1665980380471.png')
 3 SYSTEMPATH\CodeIgniter.php(927): App\Controllers\Pengguna->perbarui('12')
 4 SYSTEMPATH\CodeIgniter.php(482): CodeIgniter\CodeIgniter->runController(Object(App\Controllers\Pengguna))
 5 SYSTEMPATH\CodeIgniter.php(351): CodeIgniter\CodeIgniter->handleRequest(null, Object(Config\Cache), false)
 6 FCPATH\index.php(67): CodeIgniter\CodeIgniter->run()
 7 SYSTEMPATH\Commands\Server\rewrite.php(46): require_once('FCPATH\\index.php')
CRITICAL - 2023-05-26 08:54:00 --> unlink(img/1665980380471.png): No such file or directory
in APPPATH\Controllers\Pengguna.php on line 181.
 1 [internal function]: CodeIgniter\Debug\Exceptions->errorHandler(2, 'unlink(img/1665980380471.png): No such file or directory', 'APPPATH\\Controllers\\Pengguna.php', 181)
 2 APPPATH\Controllers\Pengguna.php(181): unlink('img/1665980380471.png')
 3 SYSTEMPATH\CodeIgniter.php(927): App\Controllers\Pengguna->perbarui('12')
 4 SYSTEMPATH\CodeIgniter.php(482): CodeIgniter\CodeIgniter->runController(Object(App\Controllers\Pengguna))
 5 SYSTEMPATH\CodeIgniter.php(351): CodeIgniter\CodeIgniter->handleRequest(null, Object(Config\Cache), false)
 6 FCPATH\index.php(67): CodeIgniter\CodeIgniter->run()
 7 SYSTEMPATH\Commands\Server\rewrite.php(46): require_once('FCPATH\\index.php')
CRITICAL - 2023-05-26 08:56:49 --> unlink(img/1665980380471.png): No such file or directory
in APPPATH\Controllers\Pengguna.php on line 181.
 1 [internal function]: CodeIgniter\Debug\Exceptions->errorHandler(2, 'unlink(img/1665980380471.png): No such file or directory', 'APPPATH\\Controllers\\Pengguna.php', 181)
 2 APPPATH\Controllers\Pengguna.php(181): unlink('img/1665980380471.png')
 3 SYSTEMPATH\CodeIgniter.php(927): App\Controllers\Pengguna->perbarui('12')
 4 SYSTEMPATH\CodeIgniter.php(482): CodeIgniter\CodeIgniter->runController(Object(App\Controllers\Pengguna))
 5 SYSTEMPATH\CodeIgniter.php(351): CodeIgniter\CodeIgniter->handleRequest(null, Object(Config\Cache), false)
 6 FCPATH\index.php(67): CodeIgniter\CodeIgniter->run()
 7 SYSTEMPATH\Commands\Server\rewrite.php(46): require_once('FCPATH\\index.php')
CRITICAL - 2023-05-26 09:03:17 --> unlink(img/1665980380471.png): No such file or directory
in APPPATH\Controllers\Pengguna.php on line 181.
 1 [internal function]: CodeIgniter\Debug\Exceptions->errorHandler(2, 'unlink(img/1665980380471.png): No such file or directory', 'APPPATH\\Controllers\\Pengguna.php', 181)
 2 APPPATH\Controllers\Pengguna.php(181): unlink('img/1665980380471.png')
 3 SYSTEMPATH\CodeIgniter.php(927): App\Controllers\Pengguna->perbarui('12')
 4 SYSTEMPATH\CodeIgniter.php(482): CodeIgniter\CodeIgniter->runController(Object(App\Controllers\Pengguna))
 5 SYSTEMPATH\CodeIgniter.php(351): CodeIgniter\CodeIgniter->handleRequest(null, Object(Config\Cache), false)
 6 FCPATH\index.php(67): CodeIgniter\CodeIgniter->run()
 7 SYSTEMPATH\Commands\Server\rewrite.php(46): require_once('FCPATH\\index.php')
CRITICAL - 2023-05-26 09:03:52 --> unlink(img/1665980380471.png): No such file or directory
in APPPATH\Controllers\Pengguna.php on line 181.
 1 [internal function]: CodeIgniter\Debug\Exceptions->errorHandler(2, 'unlink(img/1665980380471.png): No such file or directory', 'APPPATH\\Controllers\\Pengguna.php', 181)
 2 APPPATH\Controllers\Pengguna.php(181): unlink('img/1665980380471.png')
 3 SYSTEMPATH\CodeIgniter.php(927): App\Controllers\Pengguna->perbarui('12')
 4 SYSTEMPATH\CodeIgniter.php(482): CodeIgniter\CodeIgniter->runController(Object(App\Controllers\Pengguna))
 5 SYSTEMPATH\CodeIgniter.php(351): CodeIgniter\CodeIgniter->handleRequest(null, Object(Config\Cache), false)
 6 FCPATH\index.php(67): CodeIgniter\CodeIgniter->run()
 7 SYSTEMPATH\Commands\Server\rewrite.php(46): require_once('FCPATH\\index.php')
ERROR - 2023-05-26 23:08:28 --> Error connecting to the database: mysqli_sql_exception: No connection could be made because the target machine actively refused it in C:\xampp\htdocs\demensia\system\Database\MySQLi\Connection.php:170
Stack trace:
#0 C:\xampp\htdocs\demensia\system\Database\MySQLi\Connection.php(170): mysqli->real_connect('localhost', 'root', Object(SensitiveParameterValue), 'demensia', 3306, '', 0)
#1 C:\xampp\htdocs\demensia\system\Database\BaseConnection.php(382): CodeIgniter\Database\MySQLi\Connection->connect(false)
#2 C:\xampp\htdocs\demensia\system\Database\BaseConnection.php(561): CodeIgniter\Database\BaseConnection->initialize()
#3 C:\xampp\htdocs\demensia\system\Database\BaseBuilder.php(1585): CodeIgniter\Database\BaseConnection->query('SELECT *\nFROM `...', Array, false)
#4 C:\xampp\htdocs\demensia\app\Models\M_Auth.php(19): CodeIgniter\Database\BaseBuilder->get()
#5 C:\xampp\htdocs\demensia\app\Controllers\Auth.php(94): App\Models\M_Auth->login('ayuagstna@gmail...', 'Sukses1')
#6 C:\xampp\htdocs\demensia\system\CodeIgniter.php(927): App\Controllers\Auth->cek_login()
#7 C:\xampp\htdocs\demensia\system\CodeIgniter.php(482): CodeIgniter\CodeIgniter->runController(Object(App\Controllers\Auth))
#8 C:\xampp\htdocs\demensia\system\CodeIgniter.php(351): CodeIgniter\CodeIgniter->handleRequest(NULL, Object(Config\Cache), false)
#9 C:\xampp\htdocs\demensia\public\index.php(67): CodeIgniter\CodeIgniter->run()
#10 C:\xampp\htdocs\demensia\system\Commands\Server\rewrite.php(46): require_once('C:\\xampp\\htdocs...')
#11 {main}

Next CodeIgniter\Database\Exceptions\DatabaseException: No connection could be made because the target machine actively refused it in C:\xampp\htdocs\demensia\system\Database\MySQLi\Connection.php:215
Stack trace:
#0 C:\xampp\htdocs\demensia\system\Database\BaseConnection.php(382): CodeIgniter\Database\MySQLi\Connection->connect(false)
#1 C:\xampp\htdocs\demensia\system\Database\BaseConnection.php(561): CodeIgniter\Database\BaseConnection->initialize()
#2 C:\xampp\htdocs\demensia\system\Database\BaseBuilder.php(1585): CodeIgniter\Database\BaseConnection->query('SELECT *\nFROM `...', Array, false)
#3 C:\xampp\htdocs\demensia\app\Models\M_Auth.php(19): CodeIgniter\Database\BaseBuilder->get()
#4 C:\xampp\htdocs\demensia\app\Controllers\Auth.php(94): App\Models\M_Auth->login('ayuagstna@gmail...', 'Sukses1')
#5 C:\xampp\htdocs\demensia\system\CodeIgniter.php(927): App\Controllers\Auth->cek_login()
#6 C:\xampp\htdocs\demensia\system\CodeIgniter.php(482): CodeIgniter\CodeIgniter->runController(Object(App\Controllers\Auth))
#7 C:\xampp\htdocs\demensia\system\CodeIgniter.php(351): CodeIgniter\CodeIgniter->handleRequest(NULL, Object(Config\Cache), false)
#8 C:\xampp\htdocs\demensia\public\index.php(67): CodeIgniter\CodeIgniter->run()
#9 C:\xampp\htdocs\demensia\system\Commands\Server\rewrite.php(46): require_once('C:\\xampp\\htdocs...')
#10 {main}
CRITICAL - 2023-05-26 23:08:28 --> Unable to connect to the database.
Main connection [MySQLi]: No connection could be made because the target machine actively refused it
in SYSTEMPATH\Database\BaseConnection.php on line 418.
 1 SYSTEMPATH\Database\BaseConnection.php(561): CodeIgniter\Database\BaseConnection->initialize()
 2 SYSTEMPATH\Database\BaseBuilder.php(1585): CodeIgniter\Database\BaseConnection->query('SELECT *
FROM `pengguna`
WHERE `email` = :email:
AND `password` = :password:', [...], false)
 3 APPPATH\Models\M_Auth.php(19): CodeIgniter\Database\BaseBuilder->get()
 4 APPPATH\Controllers\Auth.php(94): App\Models\M_Auth->login('ayuagstna@gmail.com', 'Sukses1')
 5 SYSTEMPATH\CodeIgniter.php(927): App\Controllers\Auth->cek_login()
 6 SYSTEMPATH\CodeIgniter.php(482): CodeIgniter\CodeIgniter->runController(Object(App\Controllers\Auth))
 7 SYSTEMPATH\CodeIgniter.php(351): CodeIgniter\CodeIgniter->handleRequest(null, Object(Config\Cache), false)
 8 FCPATH\index.php(67): CodeIgniter\CodeIgniter->run()
 9 SYSTEMPATH\Commands\Server\rewrite.php(46): require_once('FCPATH\\index.php')
