CRITICAL - 2023-02-27 00:26:59 --> Cannot access offset of type string on string
in APPPATH\Views\Penilaian\dokumentasi.php on line 23.
 1 SYSTEMPATH\View\View.php(213): include()
 2 SYSTEMPATH\View\View.php(216): CodeIgniter\View\View->CodeIgniter\View\{closure}()
 3 SYSTEMPATH\Common.php(1134): CodeIgniter\View\View->render('penilaian/dokumentasi', [], true)
 4 APPPATH\Controllers\Penilaian.php(49): view('penilaian/dokumentasi', [...])
 5 SYSTEMPATH\CodeIgniter.php(927): App\Controllers\Penilaian->dokumentasi()
 6 SYSTEMPATH\CodeIgniter.php(482): CodeIgniter\CodeIgniter->runController(Object(App\Controllers\Penilaian))
 7 SYSTEMPATH\CodeIgniter.php(351): CodeIgniter\CodeIgniter->handleRequest(null, Object(Config\Cache), false)
 8 FCPATH\index.php(67): CodeIgniter\CodeIgniter->run()
 9 SYSTEMPATH\Commands\Server\rewrite.php(46): require_once('FCPATH\\index.php')
CRITICAL - 2023-02-27 01:00:19 --> Undefined array key "nama_pasien"
in APPPATH\Views\Penilaian\dokumentasi.php on line 23.
 1 APPPATH\Views\Penilaian\dokumentasi.php(23): CodeIgniter\Debug\Exceptions->errorHandler(2, 'Undefined array key "nama_pasien"', 'APPPATH\\Views\\Penilaian\\dokumentasi.php', 23)
 2 SYSTEMPATH\View\View.php(213): include('APPPATH\\Views\\Penilaian\\dokumentasi.php')
 3 SYSTEMPATH\View\View.php(216): CodeIgniter\View\View->CodeIgniter\View\{closure}()
 4 SYSTEMPATH\Common.php(1134): CodeIgniter\View\View->render('penilaian/dokumentasi', [], true)
 5 APPPATH\Controllers\Penilaian.php(49): view('penilaian/dokumentasi', [...])
 6 SYSTEMPATH\CodeIgniter.php(927): App\Controllers\Penilaian->dokumentasi()
 7 SYSTEMPATH\CodeIgniter.php(482): CodeIgniter\CodeIgniter->runController(Object(App\Controllers\Penilaian))
 8 SYSTEMPATH\CodeIgniter.php(351): CodeIgniter\CodeIgniter->handleRequest(null, Object(Config\Cache), false)
 9 FCPATH\index.php(67): CodeIgniter\CodeIgniter->run()
10 SYSTEMPATH\Commands\Server\rewrite.php(46): require_once('FCPATH\\index.php')
CRITICAL - 2023-02-27 01:01:27 --> Undefined array key "nama_pasien"
in APPPATH\Views\Penilaian\dokumentasi.php on line 23.
 1 APPPATH\Views\Penilaian\dokumentasi.php(23): CodeIgniter\Debug\Exceptions->errorHandler(2, 'Undefined array key "nama_pasien"', 'APPPATH\\Views\\Penilaian\\dokumentasi.php', 23)
 2 SYSTEMPATH\View\View.php(213): include('APPPATH\\Views\\Penilaian\\dokumentasi.php')
 3 SYSTEMPATH\View\View.php(216): CodeIgniter\View\View->CodeIgniter\View\{closure}()
 4 SYSTEMPATH\Common.php(1134): CodeIgniter\View\View->render('penilaian/dokumentasi', [], true)
 5 APPPATH\Controllers\Penilaian.php(49): view('penilaian/dokumentasi', [...])
 6 SYSTEMPATH\CodeIgniter.php(927): App\Controllers\Penilaian->dokumentasi()
 7 SYSTEMPATH\CodeIgniter.php(482): CodeIgniter\CodeIgniter->runController(Object(App\Controllers\Penilaian))
 8 SYSTEMPATH\CodeIgniter.php(351): CodeIgniter\CodeIgniter->handleRequest(null, Object(Config\Cache), false)
 9 FCPATH\index.php(67): CodeIgniter\CodeIgniter->run()
10 SYSTEMPATH\Commands\Server\rewrite.php(46): require_once('FCPATH\\index.php')
CRITICAL - 2023-02-27 01:03:10 --> Undefined array key "nama_pasien"
in APPPATH\Views\Penilaian\dokumentasi.php on line 23.
 1 APPPATH\Views\Penilaian\dokumentasi.php(23): CodeIgniter\Debug\Exceptions->errorHandler(2, 'Undefined array key "nama_pasien"', 'APPPATH\\Views\\Penilaian\\dokumentasi.php', 23)
 2 SYSTEMPATH\View\View.php(213): include('APPPATH\\Views\\Penilaian\\dokumentasi.php')
 3 SYSTEMPATH\View\View.php(216): CodeIgniter\View\View->CodeIgniter\View\{closure}()
 4 SYSTEMPATH\Common.php(1134): CodeIgniter\View\View->render('penilaian/dokumentasi', [], true)
 5 APPPATH\Controllers\Penilaian.php(50): view('penilaian/dokumentasi', [...])
 6 SYSTEMPATH\CodeIgniter.php(927): App\Controllers\Penilaian->dokumentasi()
 7 SYSTEMPATH\CodeIgniter.php(482): CodeIgniter\CodeIgniter->runController(Object(App\Controllers\Penilaian))
 8 SYSTEMPATH\CodeIgniter.php(351): CodeIgniter\CodeIgniter->handleRequest(null, Object(Config\Cache), false)
 9 FCPATH\index.php(67): CodeIgniter\CodeIgniter->run()
10 SYSTEMPATH\Commands\Server\rewrite.php(46): require_once('FCPATH\\index.php')
CRITICAL - 2023-02-27 01:03:11 --> Undefined array key "nama_pasien"
in APPPATH\Views\Penilaian\dokumentasi.php on line 23.
 1 APPPATH\Views\Penilaian\dokumentasi.php(23): CodeIgniter\Debug\Exceptions->errorHandler(2, 'Undefined array key "nama_pasien"', 'APPPATH\\Views\\Penilaian\\dokumentasi.php', 23)
 2 SYSTEMPATH\View\View.php(213): include('APPPATH\\Views\\Penilaian\\dokumentasi.php')
 3 SYSTEMPATH\View\View.php(216): CodeIgniter\View\View->CodeIgniter\View\{closure}()
 4 SYSTEMPATH\Common.php(1134): CodeIgniter\View\View->render('penilaian/dokumentasi', [], true)
 5 APPPATH\Controllers\Penilaian.php(50): view('penilaian/dokumentasi', [...])
 6 SYSTEMPATH\CodeIgniter.php(927): App\Controllers\Penilaian->dokumentasi()
 7 SYSTEMPATH\CodeIgniter.php(482): CodeIgniter\CodeIgniter->runController(Object(App\Controllers\Penilaian))
 8 SYSTEMPATH\CodeIgniter.php(351): CodeIgniter\CodeIgniter->handleRequest(null, Object(Config\Cache), false)
 9 FCPATH\index.php(67): CodeIgniter\CodeIgniter->run()
10 SYSTEMPATH\Commands\Server\rewrite.php(46): require_once('FCPATH\\index.php')
CRITICAL - 2023-02-27 01:04:39 --> Undefined array key "nama_pasien"
in APPPATH\Views\Penilaian\dokumentasi.php on line 23.
 1 APPPATH\Views\Penilaian\dokumentasi.php(23): CodeIgniter\Debug\Exceptions->errorHandler(2, 'Undefined array key "nama_pasien"', 'APPPATH\\Views\\Penilaian\\dokumentasi.php', 23)
 2 SYSTEMPATH\View\View.php(213): include('APPPATH\\Views\\Penilaian\\dokumentasi.php')
 3 SYSTEMPATH\View\View.php(216): CodeIgniter\View\View->CodeIgniter\View\{closure}()
 4 SYSTEMPATH\Common.php(1134): CodeIgniter\View\View->render('penilaian/dokumentasi', [], true)
 5 APPPATH\Controllers\Penilaian.php(49): view('penilaian/dokumentasi', [...])
 6 SYSTEMPATH\CodeIgniter.php(927): App\Controllers\Penilaian->dokumentasi()
 7 SYSTEMPATH\CodeIgniter.php(482): CodeIgniter\CodeIgniter->runController(Object(App\Controllers\Penilaian))
 8 SYSTEMPATH\CodeIgniter.php(351): CodeIgniter\CodeIgniter->handleRequest(null, Object(Config\Cache), false)
 9 FCPATH\index.php(67): CodeIgniter\CodeIgniter->run()
10 SYSTEMPATH\Commands\Server\rewrite.php(46): require_once('FCPATH\\index.php')
CRITICAL - 2023-02-27 01:04:41 --> Undefined array key "nama_pasien"
in APPPATH\Views\Penilaian\dokumentasi.php on line 23.
 1 APPPATH\Views\Penilaian\dokumentasi.php(23): CodeIgniter\Debug\Exceptions->errorHandler(2, 'Undefined array key "nama_pasien"', 'APPPATH\\Views\\Penilaian\\dokumentasi.php', 23)
 2 SYSTEMPATH\View\View.php(213): include('APPPATH\\Views\\Penilaian\\dokumentasi.php')
 3 SYSTEMPATH\View\View.php(216): CodeIgniter\View\View->CodeIgniter\View\{closure}()
 4 SYSTEMPATH\Common.php(1134): CodeIgniter\View\View->render('penilaian/dokumentasi', [], true)
 5 APPPATH\Controllers\Penilaian.php(49): view('penilaian/dokumentasi', [...])
 6 SYSTEMPATH\CodeIgniter.php(927): App\Controllers\Penilaian->dokumentasi()
 7 SYSTEMPATH\CodeIgniter.php(482): CodeIgniter\CodeIgniter->runController(Object(App\Controllers\Penilaian))
 8 SYSTEMPATH\CodeIgniter.php(351): CodeIgniter\CodeIgniter->handleRequest(null, Object(Config\Cache), false)
 9 FCPATH\index.php(67): CodeIgniter\CodeIgniter->run()
10 SYSTEMPATH\Commands\Server\rewrite.php(46): require_once('FCPATH\\index.php')
CRITICAL - 2023-02-27 01:05:39 --> Call to undefined method App\Models\M_Penilaian::getPasien
in SYSTEMPATH\Model.php on line 789.
 1 APPPATH\Controllers\Penilaian.php(44): CodeIgniter\Model->__call('getPasien', [])
 2 SYSTEMPATH\CodeIgniter.php(927): App\Controllers\Penilaian->dokumentasi()
 3 SYSTEMPATH\CodeIgniter.php(482): CodeIgniter\CodeIgniter->runController(Object(App\Controllers\Penilaian))
 4 SYSTEMPATH\CodeIgniter.php(351): CodeIgniter\CodeIgniter->handleRequest(null, Object(Config\Cache), false)
 5 FCPATH\index.php(67): CodeIgniter\CodeIgniter->run()
 6 SYSTEMPATH\Commands\Server\rewrite.php(46): require_once('FCPATH\\index.php')
CRITICAL - 2023-02-27 01:06:33 --> Undefined array key "nama_pasien"
in APPPATH\Views\Penilaian\dokumentasi.php on line 23.
 1 APPPATH\Views\Penilaian\dokumentasi.php(23): CodeIgniter\Debug\Exceptions->errorHandler(2, 'Undefined array key "nama_pasien"', 'APPPATH\\Views\\Penilaian\\dokumentasi.php', 23)
 2 SYSTEMPATH\View\View.php(213): include('APPPATH\\Views\\Penilaian\\dokumentasi.php')
 3 SYSTEMPATH\View\View.php(216): CodeIgniter\View\View->CodeIgniter\View\{closure}()
 4 SYSTEMPATH\Common.php(1134): CodeIgniter\View\View->render('penilaian/dokumentasi', [], true)
 5 APPPATH\Controllers\Penilaian.php(49): view('penilaian/dokumentasi', [...])
 6 SYSTEMPATH\CodeIgniter.php(927): App\Controllers\Penilaian->dokumentasi()
 7 SYSTEMPATH\CodeIgniter.php(482): CodeIgniter\CodeIgniter->runController(Object(App\Controllers\Penilaian))
 8 SYSTEMPATH\CodeIgniter.php(351): CodeIgniter\CodeIgniter->handleRequest(null, Object(Config\Cache), false)
 9 FCPATH\index.php(67): CodeIgniter\CodeIgniter->run()
10 SYSTEMPATH\Commands\Server\rewrite.php(46): require_once('FCPATH\\index.php')
CRITICAL - 2023-02-27 01:06:34 --> Undefined array key "nama_pasien"
in APPPATH\Views\Penilaian\dokumentasi.php on line 23.
 1 APPPATH\Views\Penilaian\dokumentasi.php(23): CodeIgniter\Debug\Exceptions->errorHandler(2, 'Undefined array key "nama_pasien"', 'APPPATH\\Views\\Penilaian\\dokumentasi.php', 23)
 2 SYSTEMPATH\View\View.php(213): include('APPPATH\\Views\\Penilaian\\dokumentasi.php')
 3 SYSTEMPATH\View\View.php(216): CodeIgniter\View\View->CodeIgniter\View\{closure}()
 4 SYSTEMPATH\Common.php(1134): CodeIgniter\View\View->render('penilaian/dokumentasi', [], true)
 5 APPPATH\Controllers\Penilaian.php(49): view('penilaian/dokumentasi', [...])
 6 SYSTEMPATH\CodeIgniter.php(927): App\Controllers\Penilaian->dokumentasi()
 7 SYSTEMPATH\CodeIgniter.php(482): CodeIgniter\CodeIgniter->runController(Object(App\Controllers\Penilaian))
 8 SYSTEMPATH\CodeIgniter.php(351): CodeIgniter\CodeIgniter->handleRequest(null, Object(Config\Cache), false)
 9 FCPATH\index.php(67): CodeIgniter\CodeIgniter->run()
10 SYSTEMPATH\Commands\Server\rewrite.php(46): require_once('FCPATH\\index.php')
CRITICAL - 2023-02-27 01:07:54 --> Undefined array key "nama_pasien"
in APPPATH\Views\Penilaian\dokumentasi.php on line 23.
 1 APPPATH\Views\Penilaian\dokumentasi.php(23): CodeIgniter\Debug\Exceptions->errorHandler(2, 'Undefined array key "nama_pasien"', 'APPPATH\\Views\\Penilaian\\dokumentasi.php', 23)
 2 SYSTEMPATH\View\View.php(213): include('APPPATH\\Views\\Penilaian\\dokumentasi.php')
 3 SYSTEMPATH\View\View.php(216): CodeIgniter\View\View->CodeIgniter\View\{closure}()
 4 SYSTEMPATH\Common.php(1134): CodeIgniter\View\View->render('penilaian/dokumentasi', [], true)
 5 APPPATH\Controllers\Penilaian.php(49): view('penilaian/dokumentasi', [...])
 6 SYSTEMPATH\CodeIgniter.php(927): App\Controllers\Penilaian->dokumentasi()
 7 SYSTEMPATH\CodeIgniter.php(482): CodeIgniter\CodeIgniter->runController(Object(App\Controllers\Penilaian))
 8 SYSTEMPATH\CodeIgniter.php(351): CodeIgniter\CodeIgniter->handleRequest(null, Object(Config\Cache), false)
 9 FCPATH\index.php(67): CodeIgniter\CodeIgniter->run()
10 SYSTEMPATH\Commands\Server\rewrite.php(46): require_once('FCPATH\\index.php')
CRITICAL - 2023-02-27 01:09:19 --> Call to a member function getPasien() on array
in APPPATH\Controllers\Penilaian.php on line 150.
 1 SYSTEMPATH\CodeIgniter.php(927): App\Controllers\Penilaian->detail('19')
 2 SYSTEMPATH\CodeIgniter.php(482): CodeIgniter\CodeIgniter->runController(Object(App\Controllers\Penilaian))
 3 SYSTEMPATH\CodeIgniter.php(351): CodeIgniter\CodeIgniter->handleRequest(null, Object(Config\Cache), false)
 4 FCPATH\index.php(67): CodeIgniter\CodeIgniter->run()
 5 SYSTEMPATH\Commands\Server\rewrite.php(46): require_once('FCPATH\\index.php')
CRITICAL - 2023-02-27 01:09:42 --> Call to a member function getDokumen() on array
in APPPATH\Controllers\Penilaian.php on line 150.
 1 SYSTEMPATH\CodeIgniter.php(927): App\Controllers\Penilaian->detail('19')
 2 SYSTEMPATH\CodeIgniter.php(482): CodeIgniter\CodeIgniter->runController(Object(App\Controllers\Penilaian))
 3 SYSTEMPATH\CodeIgniter.php(351): CodeIgniter\CodeIgniter->handleRequest(null, Object(Config\Cache), false)
 4 FCPATH\index.php(67): CodeIgniter\CodeIgniter->run()
 5 SYSTEMPATH\Commands\Server\rewrite.php(46): require_once('FCPATH\\index.php')
CRITICAL - 2023-02-27 01:09:44 --> Call to a member function getDokumen() on array
in APPPATH\Controllers\Penilaian.php on line 150.
 1 SYSTEMPATH\CodeIgniter.php(927): App\Controllers\Penilaian->detail('19')
 2 SYSTEMPATH\CodeIgniter.php(482): CodeIgniter\CodeIgniter->runController(Object(App\Controllers\Penilaian))
 3 SYSTEMPATH\CodeIgniter.php(351): CodeIgniter\CodeIgniter->handleRequest(null, Object(Config\Cache), false)
 4 FCPATH\index.php(67): CodeIgniter\CodeIgniter->run()
 5 SYSTEMPATH\Commands\Server\rewrite.php(46): require_once('FCPATH\\index.php')
CRITICAL - 2023-02-27 01:11:04 --> Call to undefined method CodeIgniter\Database\MySQLi\Builder::first()
in APPPATH\Models\M_Penilaian.php on line 30.
 1 APPPATH\Controllers\Penilaian.php(150): App\Models\M_Penilaian->getDokumen('19')
 2 SYSTEMPATH\CodeIgniter.php(927): App\Controllers\Penilaian->detail('19')
 3 SYSTEMPATH\CodeIgniter.php(482): CodeIgniter\CodeIgniter->runController(Object(App\Controllers\Penilaian))
 4 SYSTEMPATH\CodeIgniter.php(351): CodeIgniter\CodeIgniter->handleRequest(null, Object(Config\Cache), false)
 5 FCPATH\index.php(67): CodeIgniter\CodeIgniter->run()
 6 SYSTEMPATH\Commands\Server\rewrite.php(46): require_once('FCPATH\\index.php')
CRITICAL - 2023-02-27 01:12:20 --> Undefined array key "nama"
in APPPATH\Views\Penilaian\detail.php on line 24.
 1 APPPATH\Views\Penilaian\detail.php(24): CodeIgniter\Debug\Exceptions->errorHandler(2, 'Undefined array key "nama"', 'APPPATH\\Views\\Penilaian\\detail.php', 24)
 2 SYSTEMPATH\View\View.php(213): include('APPPATH\\Views\\Penilaian\\detail.php')
 3 SYSTEMPATH\View\View.php(216): CodeIgniter\View\View->CodeIgniter\View\{closure}()
 4 SYSTEMPATH\Common.php(1134): CodeIgniter\View\View->render('penilaian/detail', [], true)
 5 APPPATH\Controllers\Penilaian.php(153): view('penilaian/detail', [...])
 6 SYSTEMPATH\CodeIgniter.php(927): App\Controllers\Penilaian->detail('19')
 7 SYSTEMPATH\CodeIgniter.php(482): CodeIgniter\CodeIgniter->runController(Object(App\Controllers\Penilaian))
 8 SYSTEMPATH\CodeIgniter.php(351): CodeIgniter\CodeIgniter->handleRequest(null, Object(Config\Cache), false)
 9 FCPATH\index.php(67): CodeIgniter\CodeIgniter->run()
10 SYSTEMPATH\Commands\Server\rewrite.php(46): require_once('FCPATH\\index.php')
CRITICAL - 2023-02-27 01:13:44 --> Undefined array key "nama"
in APPPATH\Views\Penilaian\detail.php on line 24.
 1 APPPATH\Views\Penilaian\detail.php(24): CodeIgniter\Debug\Exceptions->errorHandler(2, 'Undefined array key "nama"', 'APPPATH\\Views\\Penilaian\\detail.php', 24)
 2 SYSTEMPATH\View\View.php(213): include('APPPATH\\Views\\Penilaian\\detail.php')
 3 SYSTEMPATH\View\View.php(216): CodeIgniter\View\View->CodeIgniter\View\{closure}()
 4 SYSTEMPATH\Common.php(1134): CodeIgniter\View\View->render('penilaian/detail', [], true)
 5 APPPATH\Controllers\Penilaian.php(153): view('penilaian/detail', [...])
 6 SYSTEMPATH\CodeIgniter.php(927): App\Controllers\Penilaian->detail('19')
 7 SYSTEMPATH\CodeIgniter.php(482): CodeIgniter\CodeIgniter->runController(Object(App\Controllers\Penilaian))
 8 SYSTEMPATH\CodeIgniter.php(351): CodeIgniter\CodeIgniter->handleRequest(null, Object(Config\Cache), false)
 9 FCPATH\index.php(67): CodeIgniter\CodeIgniter->run()
10 SYSTEMPATH\Commands\Server\rewrite.php(46): require_once('FCPATH\\index.php')
CRITICAL - 2023-02-27 01:13:54 --> Undefined array key "nama"
in APPPATH\Views\Penilaian\detail.php on line 24.
 1 APPPATH\Views\Penilaian\detail.php(24): CodeIgniter\Debug\Exceptions->errorHandler(2, 'Undefined array key "nama"', 'APPPATH\\Views\\Penilaian\\detail.php', 24)
 2 SYSTEMPATH\View\View.php(213): include('APPPATH\\Views\\Penilaian\\detail.php')
 3 SYSTEMPATH\View\View.php(216): CodeIgniter\View\View->CodeIgniter\View\{closure}()
 4 SYSTEMPATH\Common.php(1134): CodeIgniter\View\View->render('penilaian/detail', [], true)
 5 APPPATH\Controllers\Penilaian.php(153): view('penilaian/detail', [...])
 6 SYSTEMPATH\CodeIgniter.php(927): App\Controllers\Penilaian->detail('19')
 7 SYSTEMPATH\CodeIgniter.php(482): CodeIgniter\CodeIgniter->runController(Object(App\Controllers\Penilaian))
 8 SYSTEMPATH\CodeIgniter.php(351): CodeIgniter\CodeIgniter->handleRequest(null, Object(Config\Cache), false)
 9 FCPATH\index.php(67): CodeIgniter\CodeIgniter->run()
10 SYSTEMPATH\Commands\Server\rewrite.php(46): require_once('FCPATH\\index.php')
CRITICAL - 2023-02-27 01:13:57 --> Undefined array key "nama"
in APPPATH\Views\Penilaian\detail.php on line 24.
 1 APPPATH\Views\Penilaian\detail.php(24): CodeIgniter\Debug\Exceptions->errorHandler(2, 'Undefined array key "nama"', 'APPPATH\\Views\\Penilaian\\detail.php', 24)
 2 SYSTEMPATH\View\View.php(213): include('APPPATH\\Views\\Penilaian\\detail.php')
 3 SYSTEMPATH\View\View.php(216): CodeIgniter\View\View->CodeIgniter\View\{closure}()
 4 SYSTEMPATH\Common.php(1134): CodeIgniter\View\View->render('penilaian/detail', [], true)
 5 APPPATH\Controllers\Penilaian.php(153): view('penilaian/detail', [...])
 6 SYSTEMPATH\CodeIgniter.php(927): App\Controllers\Penilaian->detail('19')
 7 SYSTEMPATH\CodeIgniter.php(482): CodeIgniter\CodeIgniter->runController(Object(App\Controllers\Penilaian))
 8 SYSTEMPATH\CodeIgniter.php(351): CodeIgniter\CodeIgniter->handleRequest(null, Object(Config\Cache), false)
 9 FCPATH\index.php(67): CodeIgniter\CodeIgniter->run()
10 SYSTEMPATH\Commands\Server\rewrite.php(46): require_once('FCPATH\\index.php')
CRITICAL - 2023-02-27 01:17:26 --> Undefined array key "nama"
in APPPATH\Views\Penilaian\detail.php on line 24.
 1 APPPATH\Views\Penilaian\detail.php(24): CodeIgniter\Debug\Exceptions->errorHandler(2, 'Undefined array key "nama"', 'APPPATH\\Views\\Penilaian\\detail.php', 24)
 2 SYSTEMPATH\View\View.php(213): include('APPPATH\\Views\\Penilaian\\detail.php')
 3 SYSTEMPATH\View\View.php(216): CodeIgniter\View\View->CodeIgniter\View\{closure}()
 4 SYSTEMPATH\Common.php(1134): CodeIgniter\View\View->render('penilaian/detail', [], true)
 5 APPPATH\Controllers\Penilaian.php(153): view('penilaian/detail', [...])
 6 SYSTEMPATH\CodeIgniter.php(927): App\Controllers\Penilaian->detail('19')
 7 SYSTEMPATH\CodeIgniter.php(482): CodeIgniter\CodeIgniter->runController(Object(App\Controllers\Penilaian))
 8 SYSTEMPATH\CodeIgniter.php(351): CodeIgniter\CodeIgniter->handleRequest(null, Object(Config\Cache), false)
 9 FCPATH\index.php(67): CodeIgniter\CodeIgniter->run()
10 SYSTEMPATH\Commands\Server\rewrite.php(46): require_once('FCPATH\\index.php')
CRITICAL - 2023-02-27 01:28:29 --> Undefined array key "nama"
in APPPATH\Views\Penilaian\detail.php on line 24.
 1 APPPATH\Views\Penilaian\detail.php(24): CodeIgniter\Debug\Exceptions->errorHandler(2, 'Undefined array key "nama"', 'APPPATH\\Views\\Penilaian\\detail.php', 24)
 2 SYSTEMPATH\View\View.php(213): include('APPPATH\\Views\\Penilaian\\detail.php')
 3 SYSTEMPATH\View\View.php(216): CodeIgniter\View\View->CodeIgniter\View\{closure}()
 4 SYSTEMPATH\Common.php(1134): CodeIgniter\View\View->render('penilaian/detail', [], true)
 5 APPPATH\Controllers\Penilaian.php(153): view('penilaian/detail', [...])
 6 SYSTEMPATH\CodeIgniter.php(927): App\Controllers\Penilaian->detail('19')
 7 SYSTEMPATH\CodeIgniter.php(482): CodeIgniter\CodeIgniter->runController(Object(App\Controllers\Penilaian))
 8 SYSTEMPATH\CodeIgniter.php(351): CodeIgniter\CodeIgniter->handleRequest(null, Object(Config\Cache), false)
 9 FCPATH\index.php(67): CodeIgniter\CodeIgniter->run()
10 SYSTEMPATH\Commands\Server\rewrite.php(46): require_once('FCPATH\\index.php')
CRITICAL - 2023-02-27 01:28:31 --> Undefined array key "nama"
in APPPATH\Views\Penilaian\detail.php on line 24.
 1 APPPATH\Views\Penilaian\detail.php(24): CodeIgniter\Debug\Exceptions->errorHandler(2, 'Undefined array key "nama"', 'APPPATH\\Views\\Penilaian\\detail.php', 24)
 2 SYSTEMPATH\View\View.php(213): include('APPPATH\\Views\\Penilaian\\detail.php')
 3 SYSTEMPATH\View\View.php(216): CodeIgniter\View\View->CodeIgniter\View\{closure}()
 4 SYSTEMPATH\Common.php(1134): CodeIgniter\View\View->render('penilaian/detail', [], true)
 5 APPPATH\Controllers\Penilaian.php(153): view('penilaian/detail', [...])
 6 SYSTEMPATH\CodeIgniter.php(927): App\Controllers\Penilaian->detail('19')
 7 SYSTEMPATH\CodeIgniter.php(482): CodeIgniter\CodeIgniter->runController(Object(App\Controllers\Penilaian))
 8 SYSTEMPATH\CodeIgniter.php(351): CodeIgniter\CodeIgniter->handleRequest(null, Object(Config\Cache), false)
 9 FCPATH\index.php(67): CodeIgniter\CodeIgniter->run()
10 SYSTEMPATH\Commands\Server\rewrite.php(46): require_once('FCPATH\\index.php')
CRITICAL - 2023-02-27 01:28:39 --> Undefined array key "nama"
in APPPATH\Views\Penilaian\detail.php on line 24.
 1 APPPATH\Views\Penilaian\detail.php(24): CodeIgniter\Debug\Exceptions->errorHandler(2, 'Undefined array key "nama"', 'APPPATH\\Views\\Penilaian\\detail.php', 24)
 2 SYSTEMPATH\View\View.php(213): include('APPPATH\\Views\\Penilaian\\detail.php')
 3 SYSTEMPATH\View\View.php(216): CodeIgniter\View\View->CodeIgniter\View\{closure}()
 4 SYSTEMPATH\Common.php(1134): CodeIgniter\View\View->render('penilaian/detail', [], true)
 5 APPPATH\Controllers\Penilaian.php(153): view('penilaian/detail', [...])
 6 SYSTEMPATH\CodeIgniter.php(927): App\Controllers\Penilaian->detail('19')
 7 SYSTEMPATH\CodeIgniter.php(482): CodeIgniter\CodeIgniter->runController(Object(App\Controllers\Penilaian))
 8 SYSTEMPATH\CodeIgniter.php(351): CodeIgniter\CodeIgniter->handleRequest(null, Object(Config\Cache), false)
 9 FCPATH\index.php(67): CodeIgniter\CodeIgniter->run()
10 SYSTEMPATH\Commands\Server\rewrite.php(46): require_once('FCPATH\\index.php')
CRITICAL - 2023-02-27 19:00:36 --> Undefined array key "nama"
in APPPATH\Views\Penilaian\detail.php on line 24.
 1 APPPATH\Views\Penilaian\detail.php(24): CodeIgniter\Debug\Exceptions->errorHandler(2, 'Undefined array key "nama"', 'APPPATH\\Views\\Penilaian\\detail.php', 24)
 2 SYSTEMPATH\View\View.php(213): include('APPPATH\\Views\\Penilaian\\detail.php')
 3 SYSTEMPATH\View\View.php(216): CodeIgniter\View\View->CodeIgniter\View\{closure}()
 4 SYSTEMPATH\Common.php(1134): CodeIgniter\View\View->render('penilaian/detail', [], true)
 5 APPPATH\Controllers\Penilaian.php(153): view('penilaian/detail', [...])
 6 SYSTEMPATH\CodeIgniter.php(927): App\Controllers\Penilaian->detail('19')
 7 SYSTEMPATH\CodeIgniter.php(482): CodeIgniter\CodeIgniter->runController(Object(App\Controllers\Penilaian))
 8 SYSTEMPATH\CodeIgniter.php(351): CodeIgniter\CodeIgniter->handleRequest(null, Object(Config\Cache), false)
 9 FCPATH\index.php(67): CodeIgniter\CodeIgniter->run()
10 SYSTEMPATH\Commands\Server\rewrite.php(46): require_once('FCPATH\\index.php')
CRITICAL - 2023-02-27 19:42:14 --> Call to a member function getPasien() on array
in APPPATH\Controllers\Penilaian.php on line 152.
 1 SYSTEMPATH\CodeIgniter.php(927): App\Controllers\Penilaian->detail('19')
 2 SYSTEMPATH\CodeIgniter.php(482): CodeIgniter\CodeIgniter->runController(Object(App\Controllers\Penilaian))
 3 SYSTEMPATH\CodeIgniter.php(351): CodeIgniter\CodeIgniter->handleRequest(null, Object(Config\Cache), false)
 4 FCPATH\index.php(67): CodeIgniter\CodeIgniter->run()
 5 SYSTEMPATH\Commands\Server\rewrite.php(46): require_once('FCPATH\\index.php')
CRITICAL - 2023-02-27 19:43:33 --> Undefined array key "nama"
in APPPATH\Views\Penilaian\detail.php on line 24.
 1 APPPATH\Views\Penilaian\detail.php(24): CodeIgniter\Debug\Exceptions->errorHandler(2, 'Undefined array key "nama"', 'APPPATH\\Views\\Penilaian\\detail.php', 24)
 2 SYSTEMPATH\View\View.php(213): include('APPPATH\\Views\\Penilaian\\detail.php')
 3 SYSTEMPATH\View\View.php(216): CodeIgniter\View\View->CodeIgniter\View\{closure}()
 4 SYSTEMPATH\Common.php(1134): CodeIgniter\View\View->render('penilaian/detail', [], true)
 5 APPPATH\Controllers\Penilaian.php(153): view('penilaian/detail', [...])
 6 SYSTEMPATH\CodeIgniter.php(927): App\Controllers\Penilaian->detail('19')
 7 SYSTEMPATH\CodeIgniter.php(482): CodeIgniter\CodeIgniter->runController(Object(App\Controllers\Penilaian))
 8 SYSTEMPATH\CodeIgniter.php(351): CodeIgniter\CodeIgniter->handleRequest(null, Object(Config\Cache), false)
 9 FCPATH\index.php(67): CodeIgniter\CodeIgniter->run()
10 SYSTEMPATH\Commands\Server\rewrite.php(46): require_once('FCPATH\\index.php')
CRITICAL - 2023-02-27 19:44:43 --> Undefined array key "nama"
in APPPATH\Views\Penilaian\detail.php on line 24.
 1 APPPATH\Views\Penilaian\detail.php(24): CodeIgniter\Debug\Exceptions->errorHandler(2, 'Undefined array key "nama"', 'APPPATH\\Views\\Penilaian\\detail.php', 24)
 2 SYSTEMPATH\View\View.php(213): include('APPPATH\\Views\\Penilaian\\detail.php')
 3 SYSTEMPATH\View\View.php(216): CodeIgniter\View\View->CodeIgniter\View\{closure}()
 4 SYSTEMPATH\Common.php(1134): CodeIgniter\View\View->render('penilaian/detail', [], true)
 5 APPPATH\Controllers\Penilaian.php(153): view('penilaian/detail', [...])
 6 SYSTEMPATH\CodeIgniter.php(927): App\Controllers\Penilaian->detail('19')
 7 SYSTEMPATH\CodeIgniter.php(482): CodeIgniter\CodeIgniter->runController(Object(App\Controllers\Penilaian))
 8 SYSTEMPATH\CodeIgniter.php(351): CodeIgniter\CodeIgniter->handleRequest(null, Object(Config\Cache), false)
 9 FCPATH\index.php(67): CodeIgniter\CodeIgniter->run()
10 SYSTEMPATH\Commands\Server\rewrite.php(46): require_once('FCPATH\\index.php')
CRITICAL - 2023-02-27 19:45:19 --> Undefined array key "nama"
in APPPATH\Views\Penilaian\detail.php on line 24.
 1 APPPATH\Views\Penilaian\detail.php(24): CodeIgniter\Debug\Exceptions->errorHandler(2, 'Undefined array key "nama"', 'APPPATH\\Views\\Penilaian\\detail.php', 24)
 2 SYSTEMPATH\View\View.php(213): include('APPPATH\\Views\\Penilaian\\detail.php')
 3 SYSTEMPATH\View\View.php(216): CodeIgniter\View\View->CodeIgniter\View\{closure}()
 4 SYSTEMPATH\Common.php(1134): CodeIgniter\View\View->render('penilaian/detail', [], true)
 5 APPPATH\Controllers\Penilaian.php(153): view('penilaian/detail', [...])
 6 SYSTEMPATH\CodeIgniter.php(927): App\Controllers\Penilaian->detail('19')
 7 SYSTEMPATH\CodeIgniter.php(482): CodeIgniter\CodeIgniter->runController(Object(App\Controllers\Penilaian))
 8 SYSTEMPATH\CodeIgniter.php(351): CodeIgniter\CodeIgniter->handleRequest(null, Object(Config\Cache), false)
 9 FCPATH\index.php(67): CodeIgniter\CodeIgniter->run()
10 SYSTEMPATH\Commands\Server\rewrite.php(46): require_once('FCPATH\\index.php')
CRITICAL - 2023-02-27 19:45:37 --> Undefined array key "nama"
in APPPATH\Views\Penilaian\detail.php on line 24.
 1 APPPATH\Views\Penilaian\detail.php(24): CodeIgniter\Debug\Exceptions->errorHandler(2, 'Undefined array key "nama"', 'APPPATH\\Views\\Penilaian\\detail.php', 24)
 2 SYSTEMPATH\View\View.php(213): include('APPPATH\\Views\\Penilaian\\detail.php')
 3 SYSTEMPATH\View\View.php(216): CodeIgniter\View\View->CodeIgniter\View\{closure}()
 4 SYSTEMPATH\Common.php(1134): CodeIgniter\View\View->render('penilaian/detail', [], true)
 5 APPPATH\Controllers\Penilaian.php(153): view('penilaian/detail', [...])
 6 SYSTEMPATH\CodeIgniter.php(927): App\Controllers\Penilaian->detail('19')
 7 SYSTEMPATH\CodeIgniter.php(482): CodeIgniter\CodeIgniter->runController(Object(App\Controllers\Penilaian))
 8 SYSTEMPATH\CodeIgniter.php(351): CodeIgniter\CodeIgniter->handleRequest(null, Object(Config\Cache), false)
 9 FCPATH\index.php(67): CodeIgniter\CodeIgniter->run()
10 SYSTEMPATH\Commands\Server\rewrite.php(46): require_once('FCPATH\\index.php')
CRITICAL - 2023-02-27 20:30:20 --> Undefined array key "nama"
in APPPATH\Views\Penilaian\detail.php on line 24.
 1 APPPATH\Views\Penilaian\detail.php(24): CodeIgniter\Debug\Exceptions->errorHandler(2, 'Undefined array key "nama"', 'APPPATH\\Views\\Penilaian\\detail.php', 24)
 2 SYSTEMPATH\View\View.php(213): include('APPPATH\\Views\\Penilaian\\detail.php')
 3 SYSTEMPATH\View\View.php(216): CodeIgniter\View\View->CodeIgniter\View\{closure}()
 4 SYSTEMPATH\Common.php(1134): CodeIgniter\View\View->render('penilaian/detail', [], true)
 5 APPPATH\Controllers\Penilaian.php(153): view('penilaian/detail', [...])
 6 SYSTEMPATH\CodeIgniter.php(927): App\Controllers\Penilaian->detail('19')
 7 SYSTEMPATH\CodeIgniter.php(482): CodeIgniter\CodeIgniter->runController(Object(App\Controllers\Penilaian))
 8 SYSTEMPATH\CodeIgniter.php(351): CodeIgniter\CodeIgniter->handleRequest(null, Object(Config\Cache), false)
 9 FCPATH\index.php(67): CodeIgniter\CodeIgniter->run()
10 SYSTEMPATH\Commands\Server\rewrite.php(46): require_once('FCPATH\\index.php')
CRITICAL - 2023-02-27 20:31:23 --> Undefined array key "nama"
in APPPATH\Views\Penilaian\detail.php on line 24.
 1 APPPATH\Views\Penilaian\detail.php(24): CodeIgniter\Debug\Exceptions->errorHandler(2, 'Undefined array key "nama"', 'APPPATH\\Views\\Penilaian\\detail.php', 24)
 2 SYSTEMPATH\View\View.php(213): include('APPPATH\\Views\\Penilaian\\detail.php')
 3 SYSTEMPATH\View\View.php(216): CodeIgniter\View\View->CodeIgniter\View\{closure}()
 4 SYSTEMPATH\Common.php(1134): CodeIgniter\View\View->render('penilaian/detail', [], true)
 5 APPPATH\Controllers\Penilaian.php(153): view('penilaian/detail', [...])
 6 SYSTEMPATH\CodeIgniter.php(927): App\Controllers\Penilaian->detail('19')
 7 SYSTEMPATH\CodeIgniter.php(482): CodeIgniter\CodeIgniter->runController(Object(App\Controllers\Penilaian))
 8 SYSTEMPATH\CodeIgniter.php(351): CodeIgniter\CodeIgniter->handleRequest(null, Object(Config\Cache), false)
 9 FCPATH\index.php(67): CodeIgniter\CodeIgniter->run()
10 SYSTEMPATH\Commands\Server\rewrite.php(46): require_once('FCPATH\\index.php')
CRITICAL - 2023-02-27 20:31:39 --> Undefined array key "nama"
in APPPATH\Views\Penilaian\detail.php on line 24.
 1 APPPATH\Views\Penilaian\detail.php(24): CodeIgniter\Debug\Exceptions->errorHandler(2, 'Undefined array key "nama"', 'APPPATH\\Views\\Penilaian\\detail.php', 24)
 2 SYSTEMPATH\View\View.php(213): include('APPPATH\\Views\\Penilaian\\detail.php')
 3 SYSTEMPATH\View\View.php(216): CodeIgniter\View\View->CodeIgniter\View\{closure}()
 4 SYSTEMPATH\Common.php(1134): CodeIgniter\View\View->render('penilaian/detail', [], true)
 5 APPPATH\Controllers\Penilaian.php(153): view('penilaian/detail', [...])
 6 SYSTEMPATH\CodeIgniter.php(927): App\Controllers\Penilaian->detail('19')
 7 SYSTEMPATH\CodeIgniter.php(482): CodeIgniter\CodeIgniter->runController(Object(App\Controllers\Penilaian))
 8 SYSTEMPATH\CodeIgniter.php(351): CodeIgniter\CodeIgniter->handleRequest(null, Object(Config\Cache), false)
 9 FCPATH\index.php(67): CodeIgniter\CodeIgniter->run()
10 SYSTEMPATH\Commands\Server\rewrite.php(46): require_once('FCPATH\\index.php')
CRITICAL - 2023-02-27 20:31:41 --> Undefined array key "nama"
in APPPATH\Views\Penilaian\detail.php on line 24.
 1 APPPATH\Views\Penilaian\detail.php(24): CodeIgniter\Debug\Exceptions->errorHandler(2, 'Undefined array key "nama"', 'APPPATH\\Views\\Penilaian\\detail.php', 24)
 2 SYSTEMPATH\View\View.php(213): include('APPPATH\\Views\\Penilaian\\detail.php')
 3 SYSTEMPATH\View\View.php(216): CodeIgniter\View\View->CodeIgniter\View\{closure}()
 4 SYSTEMPATH\Common.php(1134): CodeIgniter\View\View->render('penilaian/detail', [], true)
 5 APPPATH\Controllers\Penilaian.php(153): view('penilaian/detail', [...])
 6 SYSTEMPATH\CodeIgniter.php(927): App\Controllers\Penilaian->detail('19')
 7 SYSTEMPATH\CodeIgniter.php(482): CodeIgniter\CodeIgniter->runController(Object(App\Controllers\Penilaian))
 8 SYSTEMPATH\CodeIgniter.php(351): CodeIgniter\CodeIgniter->handleRequest(null, Object(Config\Cache), false)
 9 FCPATH\index.php(67): CodeIgniter\CodeIgniter->run()
10 SYSTEMPATH\Commands\Server\rewrite.php(46): require_once('FCPATH\\index.php')
CRITICAL - 2023-02-27 21:17:20 --> Undefined array key "nama"
in APPPATH\Views\Penilaian\detail.php on line 24.
 1 APPPATH\Views\Penilaian\detail.php(24): CodeIgniter\Debug\Exceptions->errorHandler(2, 'Undefined array key "nama"', 'APPPATH\\Views\\Penilaian\\detail.php', 24)
 2 SYSTEMPATH\View\View.php(213): include('APPPATH\\Views\\Penilaian\\detail.php')
 3 SYSTEMPATH\View\View.php(216): CodeIgniter\View\View->CodeIgniter\View\{closure}()
 4 SYSTEMPATH\Common.php(1134): CodeIgniter\View\View->render('penilaian/detail', [], true)
 5 APPPATH\Controllers\Penilaian.php(153): view('penilaian/detail', [...])
 6 SYSTEMPATH\CodeIgniter.php(927): App\Controllers\Penilaian->detail('20')
 7 SYSTEMPATH\CodeIgniter.php(482): CodeIgniter\CodeIgniter->runController(Object(App\Controllers\Penilaian))
 8 SYSTEMPATH\CodeIgniter.php(351): CodeIgniter\CodeIgniter->handleRequest(null, Object(Config\Cache), false)
 9 FCPATH\index.php(67): CodeIgniter\CodeIgniter->run()
10 SYSTEMPATH\Commands\Server\rewrite.php(46): require_once('FCPATH\\index.php')
CRITICAL - 2023-02-27 21:17:48 --> Call to undefined method CodeIgniter\Database\MySQLi\Result::result()
in APPPATH\Models\M_Penilaian.php on line 45.
 1 APPPATH\Controllers\Penilaian.php(151): App\Models\M_Penilaian->getNama('20')
 2 SYSTEMPATH\CodeIgniter.php(927): App\Controllers\Penilaian->detail('20')
 3 SYSTEMPATH\CodeIgniter.php(482): CodeIgniter\CodeIgniter->runController(Object(App\Controllers\Penilaian))
 4 SYSTEMPATH\CodeIgniter.php(351): CodeIgniter\CodeIgniter->handleRequest(null, Object(Config\Cache), false)
 5 FCPATH\index.php(67): CodeIgniter\CodeIgniter->run()
 6 SYSTEMPATH\Commands\Server\rewrite.php(46): require_once('FCPATH\\index.php')
CRITICAL - 2023-02-27 21:17:50 --> Call to undefined method CodeIgniter\Database\MySQLi\Result::result()
in APPPATH\Models\M_Penilaian.php on line 45.
 1 APPPATH\Controllers\Penilaian.php(151): App\Models\M_Penilaian->getNama('20')
 2 SYSTEMPATH\CodeIgniter.php(927): App\Controllers\Penilaian->detail('20')
 3 SYSTEMPATH\CodeIgniter.php(482): CodeIgniter\CodeIgniter->runController(Object(App\Controllers\Penilaian))
 4 SYSTEMPATH\CodeIgniter.php(351): CodeIgniter\CodeIgniter->handleRequest(null, Object(Config\Cache), false)
 5 FCPATH\index.php(67): CodeIgniter\CodeIgniter->run()
 6 SYSTEMPATH\Commands\Server\rewrite.php(46): require_once('FCPATH\\index.php')
CRITICAL - 2023-02-27 21:18:13 --> Undefined array key "tanggal"
in APPPATH\Views\Penilaian\detail.php on line 14.
 1 APPPATH\Views\Penilaian\detail.php(14): CodeIgniter\Debug\Exceptions->errorHandler(2, 'Undefined array key "tanggal"', 'APPPATH\\Views\\Penilaian\\detail.php', 14)
 2 SYSTEMPATH\View\View.php(213): include('APPPATH\\Views\\Penilaian\\detail.php')
 3 SYSTEMPATH\View\View.php(216): CodeIgniter\View\View->CodeIgniter\View\{closure}()
 4 SYSTEMPATH\Common.php(1134): CodeIgniter\View\View->render('penilaian/detail', [], true)
 5 APPPATH\Controllers\Penilaian.php(154): view('penilaian/detail', [...])
 6 SYSTEMPATH\CodeIgniter.php(927): App\Controllers\Penilaian->detail('20')
 7 SYSTEMPATH\CodeIgniter.php(482): CodeIgniter\CodeIgniter->runController(Object(App\Controllers\Penilaian))
 8 SYSTEMPATH\CodeIgniter.php(351): CodeIgniter\CodeIgniter->handleRequest(null, Object(Config\Cache), false)
 9 FCPATH\index.php(67): CodeIgniter\CodeIgniter->run()
10 SYSTEMPATH\Commands\Server\rewrite.php(46): require_once('FCPATH\\index.php')
CRITICAL - 2023-02-27 21:18:25 --> Undefined array key "tanggal"
in APPPATH\Views\Penilaian\detail.php on line 14.
 1 APPPATH\Views\Penilaian\detail.php(14): CodeIgniter\Debug\Exceptions->errorHandler(2, 'Undefined array key "tanggal"', 'APPPATH\\Views\\Penilaian\\detail.php', 14)
 2 SYSTEMPATH\View\View.php(213): include('APPPATH\\Views\\Penilaian\\detail.php')
 3 SYSTEMPATH\View\View.php(216): CodeIgniter\View\View->CodeIgniter\View\{closure}()
 4 SYSTEMPATH\Common.php(1134): CodeIgniter\View\View->render('penilaian/detail', [], true)
 5 APPPATH\Controllers\Penilaian.php(154): view('penilaian/detail', [...])
 6 SYSTEMPATH\CodeIgniter.php(927): App\Controllers\Penilaian->detail('20')
 7 SYSTEMPATH\CodeIgniter.php(482): CodeIgniter\CodeIgniter->runController(Object(App\Controllers\Penilaian))
 8 SYSTEMPATH\CodeIgniter.php(351): CodeIgniter\CodeIgniter->handleRequest(null, Object(Config\Cache), false)
 9 FCPATH\index.php(67): CodeIgniter\CodeIgniter->run()
10 SYSTEMPATH\Commands\Server\rewrite.php(46): require_once('FCPATH\\index.php')
CRITICAL - 2023-02-27 21:18:27 --> Undefined array key "tanggal"
in APPPATH\Views\Penilaian\detail.php on line 14.
 1 APPPATH\Views\Penilaian\detail.php(14): CodeIgniter\Debug\Exceptions->errorHandler(2, 'Undefined array key "tanggal"', 'APPPATH\\Views\\Penilaian\\detail.php', 14)
 2 SYSTEMPATH\View\View.php(213): include('APPPATH\\Views\\Penilaian\\detail.php')
 3 SYSTEMPATH\View\View.php(216): CodeIgniter\View\View->CodeIgniter\View\{closure}()
 4 SYSTEMPATH\Common.php(1134): CodeIgniter\View\View->render('penilaian/detail', [], true)
 5 APPPATH\Controllers\Penilaian.php(154): view('penilaian/detail', [...])
 6 SYSTEMPATH\CodeIgniter.php(927): App\Controllers\Penilaian->detail('20')
 7 SYSTEMPATH\CodeIgniter.php(482): CodeIgniter\CodeIgniter->runController(Object(App\Controllers\Penilaian))
 8 SYSTEMPATH\CodeIgniter.php(351): CodeIgniter\CodeIgniter->handleRequest(null, Object(Config\Cache), false)
 9 FCPATH\index.php(67): CodeIgniter\CodeIgniter->run()
10 SYSTEMPATH\Commands\Server\rewrite.php(46): require_once('FCPATH\\index.php')
CRITICAL - 2023-02-27 21:18:38 --> Cannot use object of type CodeIgniter\Database\MySQLi\Result as array
in APPPATH\Views\Penilaian\detail.php on line 14.
 1 SYSTEMPATH\View\View.php(213): include()
 2 SYSTEMPATH\View\View.php(216): CodeIgniter\View\View->CodeIgniter\View\{closure}()
 3 SYSTEMPATH\Common.php(1134): CodeIgniter\View\View->render('penilaian/detail', [], true)
 4 APPPATH\Controllers\Penilaian.php(154): view('penilaian/detail', [...])
 5 SYSTEMPATH\CodeIgniter.php(927): App\Controllers\Penilaian->detail('20')
 6 SYSTEMPATH\CodeIgniter.php(482): CodeIgniter\CodeIgniter->runController(Object(App\Controllers\Penilaian))
 7 SYSTEMPATH\CodeIgniter.php(351): CodeIgniter\CodeIgniter->handleRequest(null, Object(Config\Cache), false)
 8 FCPATH\index.php(67): CodeIgniter\CodeIgniter->run()
 9 SYSTEMPATH\Commands\Server\rewrite.php(46): require_once('FCPATH\\index.php')
CRITICAL - 2023-02-27 21:18:40 --> Cannot use object of type CodeIgniter\Database\MySQLi\Result as array
in APPPATH\Views\Penilaian\detail.php on line 14.
 1 SYSTEMPATH\View\View.php(213): include()
 2 SYSTEMPATH\View\View.php(216): CodeIgniter\View\View->CodeIgniter\View\{closure}()
 3 SYSTEMPATH\Common.php(1134): CodeIgniter\View\View->render('penilaian/detail', [], true)
 4 APPPATH\Controllers\Penilaian.php(154): view('penilaian/detail', [...])
 5 SYSTEMPATH\CodeIgniter.php(927): App\Controllers\Penilaian->detail('20')
 6 SYSTEMPATH\CodeIgniter.php(482): CodeIgniter\CodeIgniter->runController(Object(App\Controllers\Penilaian))
 7 SYSTEMPATH\CodeIgniter.php(351): CodeIgniter\CodeIgniter->handleRequest(null, Object(Config\Cache), false)
 8 FCPATH\index.php(67): CodeIgniter\CodeIgniter->run()
 9 SYSTEMPATH\Commands\Server\rewrite.php(46): require_once('FCPATH\\index.php')
CRITICAL - 2023-02-27 21:18:53 --> Cannot use object of type CodeIgniter\Database\MySQLi\Result as array
in APPPATH\Views\Penilaian\detail.php on line 14.
 1 SYSTEMPATH\View\View.php(213): include()
 2 SYSTEMPATH\View\View.php(216): CodeIgniter\View\View->CodeIgniter\View\{closure}()
 3 SYSTEMPATH\Common.php(1134): CodeIgniter\View\View->render('penilaian/detail', [], true)
 4 APPPATH\Controllers\Penilaian.php(154): view('penilaian/detail', [...])
 5 SYSTEMPATH\CodeIgniter.php(927): App\Controllers\Penilaian->detail('20')
 6 SYSTEMPATH\CodeIgniter.php(482): CodeIgniter\CodeIgniter->runController(Object(App\Controllers\Penilaian))
 7 SYSTEMPATH\CodeIgniter.php(351): CodeIgniter\CodeIgniter->handleRequest(null, Object(Config\Cache), false)
 8 FCPATH\index.php(67): CodeIgniter\CodeIgniter->run()
 9 SYSTEMPATH\Commands\Server\rewrite.php(46): require_once('FCPATH\\index.php')
CRITICAL - 2023-02-27 21:19:17 --> Call to undefined method App\Models\M_Penilaian::getNama
in SYSTEMPATH\Model.php on line 789.
 1 APPPATH\Controllers\Penilaian.php(151): CodeIgniter\Model->__call('getNama', [...])
 2 SYSTEMPATH\CodeIgniter.php(927): App\Controllers\Penilaian->detail('20')
 3 SYSTEMPATH\CodeIgniter.php(482): CodeIgniter\CodeIgniter->runController(Object(App\Controllers\Penilaian))
 4 SYSTEMPATH\CodeIgniter.php(351): CodeIgniter\CodeIgniter->handleRequest(null, Object(Config\Cache), false)
 5 FCPATH\index.php(67): CodeIgniter\CodeIgniter->run()
 6 SYSTEMPATH\Commands\Server\rewrite.php(46): require_once('FCPATH\\index.php')
CRITICAL - 2023-02-27 21:19:35 --> Undefined array key "nama"
in APPPATH\Views\Penilaian\detail.php on line 24.
 1 APPPATH\Views\Penilaian\detail.php(24): CodeIgniter\Debug\Exceptions->errorHandler(2, 'Undefined array key "nama"', 'APPPATH\\Views\\Penilaian\\detail.php', 24)
 2 SYSTEMPATH\View\View.php(213): include('APPPATH\\Views\\Penilaian\\detail.php')
 3 SYSTEMPATH\View\View.php(216): CodeIgniter\View\View->CodeIgniter\View\{closure}()
 4 SYSTEMPATH\Common.php(1134): CodeIgniter\View\View->render('penilaian/detail', [], true)
 5 APPPATH\Controllers\Penilaian.php(153): view('penilaian/detail', [...])
 6 SYSTEMPATH\CodeIgniter.php(927): App\Controllers\Penilaian->detail('20')
 7 SYSTEMPATH\CodeIgniter.php(482): CodeIgniter\CodeIgniter->runController(Object(App\Controllers\Penilaian))
 8 SYSTEMPATH\CodeIgniter.php(351): CodeIgniter\CodeIgniter->handleRequest(null, Object(Config\Cache), false)
 9 FCPATH\index.php(67): CodeIgniter\CodeIgniter->run()
10 SYSTEMPATH\Commands\Server\rewrite.php(46): require_once('FCPATH\\index.php')
CRITICAL - 2023-02-27 21:20:39 --> Call to undefined method App\Models\M_Pasien::getDokumen
in SYSTEMPATH\Model.php on line 789.
 1 APPPATH\Controllers\Penilaian.php(151): CodeIgniter\Model->__call('getDokumen', [])
 2 SYSTEMPATH\CodeIgniter.php(927): App\Controllers\Penilaian->detail('20')
 3 SYSTEMPATH\CodeIgniter.php(482): CodeIgniter\CodeIgniter->runController(Object(App\Controllers\Penilaian))
 4 SYSTEMPATH\CodeIgniter.php(351): CodeIgniter\CodeIgniter->handleRequest(null, Object(Config\Cache), false)
 5 FCPATH\index.php(67): CodeIgniter\CodeIgniter->run()
 6 SYSTEMPATH\Commands\Server\rewrite.php(46): require_once('FCPATH\\index.php')
CRITICAL - 2023-02-27 21:21:06 --> Undefined array key "nama"
in APPPATH\Views\Penilaian\detail.php on line 24.
 1 APPPATH\Views\Penilaian\detail.php(24): CodeIgniter\Debug\Exceptions->errorHandler(2, 'Undefined array key "nama"', 'APPPATH\\Views\\Penilaian\\detail.php', 24)
 2 SYSTEMPATH\View\View.php(213): include('APPPATH\\Views\\Penilaian\\detail.php')
 3 SYSTEMPATH\View\View.php(216): CodeIgniter\View\View->CodeIgniter\View\{closure}()
 4 SYSTEMPATH\Common.php(1134): CodeIgniter\View\View->render('penilaian/detail', [], true)
 5 APPPATH\Controllers\Penilaian.php(154): view('penilaian/detail', [...])
 6 SYSTEMPATH\CodeIgniter.php(927): App\Controllers\Penilaian->detail('20')
 7 SYSTEMPATH\CodeIgniter.php(482): CodeIgniter\CodeIgniter->runController(Object(App\Controllers\Penilaian))
 8 SYSTEMPATH\CodeIgniter.php(351): CodeIgniter\CodeIgniter->handleRequest(null, Object(Config\Cache), false)
 9 FCPATH\index.php(67): CodeIgniter\CodeIgniter->run()
10 SYSTEMPATH\Commands\Server\rewrite.php(46): require_once('FCPATH\\index.php')
CRITICAL - 2023-02-27 21:21:22 --> Undefined array key "nama"
in APPPATH\Views\Penilaian\detail.php on line 24.
 1 APPPATH\Views\Penilaian\detail.php(24): CodeIgniter\Debug\Exceptions->errorHandler(2, 'Undefined array key "nama"', 'APPPATH\\Views\\Penilaian\\detail.php', 24)
 2 SYSTEMPATH\View\View.php(213): include('APPPATH\\Views\\Penilaian\\detail.php')
 3 SYSTEMPATH\View\View.php(216): CodeIgniter\View\View->CodeIgniter\View\{closure}()
 4 SYSTEMPATH\Common.php(1134): CodeIgniter\View\View->render('penilaian/detail', [], true)
 5 APPPATH\Controllers\Penilaian.php(154): view('penilaian/detail', [...])
 6 SYSTEMPATH\CodeIgniter.php(927): App\Controllers\Penilaian->detail('20')
 7 SYSTEMPATH\CodeIgniter.php(482): CodeIgniter\CodeIgniter->runController(Object(App\Controllers\Penilaian))
 8 SYSTEMPATH\CodeIgniter.php(351): CodeIgniter\CodeIgniter->handleRequest(null, Object(Config\Cache), false)
 9 FCPATH\index.php(67): CodeIgniter\CodeIgniter->run()
10 SYSTEMPATH\Commands\Server\rewrite.php(46): require_once('FCPATH\\index.php')
CRITICAL - 2023-02-27 21:21:23 --> Undefined array key "nama"
in APPPATH\Views\Penilaian\detail.php on line 24.
 1 APPPATH\Views\Penilaian\detail.php(24): CodeIgniter\Debug\Exceptions->errorHandler(2, 'Undefined array key "nama"', 'APPPATH\\Views\\Penilaian\\detail.php', 24)
 2 SYSTEMPATH\View\View.php(213): include('APPPATH\\Views\\Penilaian\\detail.php')
 3 SYSTEMPATH\View\View.php(216): CodeIgniter\View\View->CodeIgniter\View\{closure}()
 4 SYSTEMPATH\Common.php(1134): CodeIgniter\View\View->render('penilaian/detail', [], true)
 5 APPPATH\Controllers\Penilaian.php(154): view('penilaian/detail', [...])
 6 SYSTEMPATH\CodeIgniter.php(927): App\Controllers\Penilaian->detail('20')
 7 SYSTEMPATH\CodeIgniter.php(482): CodeIgniter\CodeIgniter->runController(Object(App\Controllers\Penilaian))
 8 SYSTEMPATH\CodeIgniter.php(351): CodeIgniter\CodeIgniter->handleRequest(null, Object(Config\Cache), false)
 9 FCPATH\index.php(67): CodeIgniter\CodeIgniter->run()
10 SYSTEMPATH\Commands\Server\rewrite.php(46): require_once('FCPATH\\index.php')
CRITICAL - 2023-02-27 21:22:09 --> Undefined variable $pasien
in APPPATH\Views\Penilaian\detail.php on line 24.
 1 APPPATH\Views\Penilaian\detail.php(24): CodeIgniter\Debug\Exceptions->errorHandler(2, 'Undefined variable $pasien', 'APPPATH\\Views\\Penilaian\\detail.php', 24)
 2 SYSTEMPATH\View\View.php(213): include('APPPATH\\Views\\Penilaian\\detail.php')
 3 SYSTEMPATH\View\View.php(216): CodeIgniter\View\View->CodeIgniter\View\{closure}()
 4 SYSTEMPATH\Common.php(1134): CodeIgniter\View\View->render('penilaian/detail', [], true)
 5 APPPATH\Controllers\Penilaian.php(153): view('penilaian/detail', [...])
 6 SYSTEMPATH\CodeIgniter.php(927): App\Controllers\Penilaian->detail('20')
 7 SYSTEMPATH\CodeIgniter.php(482): CodeIgniter\CodeIgniter->runController(Object(App\Controllers\Penilaian))
 8 SYSTEMPATH\CodeIgniter.php(351): CodeIgniter\CodeIgniter->handleRequest(null, Object(Config\Cache), false)
 9 FCPATH\index.php(67): CodeIgniter\CodeIgniter->run()
10 SYSTEMPATH\Commands\Server\rewrite.php(46): require_once('FCPATH\\index.php')
CRITICAL - 2023-02-27 21:50:49 --> syntax error, unexpected token "\"
in APPPATH\Controllers\Penilaian.php on line 54.
 1 SYSTEMPATH\Router\Router.php(499): CodeIgniter\Router\AutoRouter->getRoute('penilaian/dokumentasi')
 2 SYSTEMPATH\Router\Router.php(205): CodeIgniter\Router\Router->autoRoute('penilaian/dokumentasi')
 3 SYSTEMPATH\CodeIgniter.php(802): CodeIgniter\Router\Router->handle('penilaian/dokumentasi')
 4 SYSTEMPATH\CodeIgniter.php(430): CodeIgniter\CodeIgniter->tryToRouteIt(Object(CodeIgniter\Router\RouteCollection))
 5 SYSTEMPATH\CodeIgniter.php(351): CodeIgniter\CodeIgniter->handleRequest(null, Object(Config\Cache), false)
 6 FCPATH\index.php(67): CodeIgniter\CodeIgniter->run()
 7 SYSTEMPATH\Commands\Server\rewrite.php(46): require_once('FCPATH\\index.php')
CRITICAL - 2023-02-27 23:13:57 --> Undefined variable $detai
in APPPATH\Views\Penilaian\detail.php on line 124.
 1 APPPATH\Views\Penilaian\detail.php(124): CodeIgniter\Debug\Exceptions->errorHandler(2, 'Undefined variable $detai', 'APPPATH\\Views\\Penilaian\\detail.php', 124)
 2 SYSTEMPATH\View\View.php(213): include('APPPATH\\Views\\Penilaian\\detail.php')
 3 SYSTEMPATH\View\View.php(216): CodeIgniter\View\View->CodeIgniter\View\{closure}()
 4 SYSTEMPATH\Common.php(1134): CodeIgniter\View\View->render('penilaian/detail', [], true)
 5 APPPATH\Controllers\Penilaian.php(152): view('penilaian/detail', [...])
 6 SYSTEMPATH\CodeIgniter.php(927): App\Controllers\Penilaian->detail('22')
 7 SYSTEMPATH\CodeIgniter.php(482): CodeIgniter\CodeIgniter->runController(Object(App\Controllers\Penilaian))
 8 SYSTEMPATH\CodeIgniter.php(351): CodeIgniter\CodeIgniter->handleRequest(null, Object(Config\Cache), false)
 9 FCPATH\index.php(67): CodeIgniter\CodeIgniter->run()
10 SYSTEMPATH\Commands\Server\rewrite.php(46): require_once('FCPATH\\index.php')
CRITICAL - 2023-02-27 23:21:40 --> syntax error, unexpected token "<="
in APPPATH\Views\Penilaian\detail.php on line 124.
 1 SYSTEMPATH\View\View.php(216): CodeIgniter\View\View->CodeIgniter\View\{closure}()
 2 SYSTEMPATH\Common.php(1134): CodeIgniter\View\View->render('penilaian/detail', [], true)
 3 APPPATH\Controllers\Penilaian.php(152): view('penilaian/detail', [...])
 4 SYSTEMPATH\CodeIgniter.php(927): App\Controllers\Penilaian->detail('22')
 5 SYSTEMPATH\CodeIgniter.php(482): CodeIgniter\CodeIgniter->runController(Object(App\Controllers\Penilaian))
 6 SYSTEMPATH\CodeIgniter.php(351): CodeIgniter\CodeIgniter->handleRequest(null, Object(Config\Cache), false)
 7 FCPATH\index.php(67): CodeIgniter\CodeIgniter->run()
 8 SYSTEMPATH\Commands\Server\rewrite.php(46): require_once('FCPATH\\index.php')
CRITICAL - 2023-02-27 23:21:55 --> syntax error, unexpected token "=>"
in APPPATH\Views\Penilaian\detail.php on line 124.
 1 SYSTEMPATH\View\View.php(216): CodeIgniter\View\View->CodeIgniter\View\{closure}()
 2 SYSTEMPATH\Common.php(1134): CodeIgniter\View\View->render('penilaian/detail', [], true)
 3 APPPATH\Controllers\Penilaian.php(152): view('penilaian/detail', [...])
 4 SYSTEMPATH\CodeIgniter.php(927): App\Controllers\Penilaian->detail('22')
 5 SYSTEMPATH\CodeIgniter.php(482): CodeIgniter\CodeIgniter->runController(Object(App\Controllers\Penilaian))
 6 SYSTEMPATH\CodeIgniter.php(351): CodeIgniter\CodeIgniter->handleRequest(null, Object(Config\Cache), false)
 7 FCPATH\index.php(67): CodeIgniter\CodeIgniter->run()
 8 SYSTEMPATH\Commands\Server\rewrite.php(46): require_once('FCPATH\\index.php')
CRITICAL - 2023-02-27 23:27:45 --> Trying to access array offset on value of type null
in APPPATH\Views\Penilaian\detail.php on line 14.
 1 APPPATH\Views\Penilaian\detail.php(14): CodeIgniter\Debug\Exceptions->errorHandler(2, 'Trying to access array offset on value of type null', 'APPPATH\\Views\\Penilaian\\detail.php', 14)
 2 SYSTEMPATH\View\View.php(213): include('APPPATH\\Views\\Penilaian\\detail.php')
 3 SYSTEMPATH\View\View.php(216): CodeIgniter\View\View->CodeIgniter\View\{closure}()
 4 SYSTEMPATH\Common.php(1134): CodeIgniter\View\View->render('penilaian/detail', [], true)
 5 APPPATH\Controllers\Penilaian.php(152): view('penilaian/detail', [...])
 6 SYSTEMPATH\CodeIgniter.php(927): App\Controllers\Penilaian->detail('19')
 7 SYSTEMPATH\CodeIgniter.php(482): CodeIgniter\CodeIgniter->runController(Object(App\Controllers\Penilaian))
 8 SYSTEMPATH\CodeIgniter.php(351): CodeIgniter\CodeIgniter->handleRequest(null, Object(Config\Cache), false)
 9 FCPATH\index.php(67): CodeIgniter\CodeIgniter->run()
10 SYSTEMPATH\Commands\Server\rewrite.php(46): require_once('FCPATH\\index.php')
