ERROR - 2023-02-07 05:48:34 --> Error connecting to the database: mysqli_sql_exception: No connection could be made because the target machine actively refused it in C:\xampp\htdocs\demensia\system\Database\MySQLi\Connection.php:170
Stack trace:
#0 C:\xampp\htdocs\demensia\system\Database\MySQLi\Connection.php(170): mysqli->real_connect('localhost', 'root', Object(SensitiveParameterValue), 'demensia', 3306, '', 0)
#1 C:\xampp\htdocs\demensia\system\Database\BaseConnection.php(382): CodeIgniter\Database\MySQLi\Connection->connect(false)
#2 C:\xampp\htdocs\demensia\system\Database\BaseConnection.php(561): CodeIgniter\Database\BaseConnection->initialize()
#3 C:\xampp\htdocs\demensia\system\Database\BaseBuilder.php(1585): CodeIgniter\Database\BaseConnection->query('SELECT *\nFROM `...', Array, false)
#4 C:\xampp\htdocs\demensia\system\Model.php(238): CodeIgniter\Database\BaseBuilder->get()
#5 C:\xampp\htdocs\demensia\system\BaseModel.php(585): CodeIgniter\Model->doFindAll(0, 0)
#6 C:\xampp\htdocs\demensia\app\Controllers\Pengguna.php(18): CodeIgniter\BaseModel->findAll()
#7 C:\xampp\htdocs\demensia\system\CodeIgniter.php(927): App\Controllers\Pengguna->index('hapus', '1')
#8 C:\xampp\htdocs\demensia\system\CodeIgniter.php(482): CodeIgniter\CodeIgniter->runController(Object(App\Controllers\Pengguna))
#9 C:\xampp\htdocs\demensia\system\CodeIgniter.php(351): CodeIgniter\CodeIgniter->handleRequest(NULL, Object(Config\Cache), false)
#10 C:\xampp\htdocs\demensia\public\index.php(67): CodeIgniter\CodeIgniter->run()
#11 C:\xampp\htdocs\demensia\system\Commands\Server\rewrite.php(46): require_once('C:\\xampp\\htdocs...')
#12 {main}

Next CodeIgniter\Database\Exceptions\DatabaseException: No connection could be made because the target machine actively refused it in C:\xampp\htdocs\demensia\system\Database\MySQLi\Connection.php:215
Stack trace:
#0 C:\xampp\htdocs\demensia\system\Database\BaseConnection.php(382): CodeIgniter\Database\MySQLi\Connection->connect(false)
#1 C:\xampp\htdocs\demensia\system\Database\BaseConnection.php(561): CodeIgniter\Database\BaseConnection->initialize()
#2 C:\xampp\htdocs\demensia\system\Database\BaseBuilder.php(1585): CodeIgniter\Database\BaseConnection->query('SELECT *\nFROM `...', Array, false)
#3 C:\xampp\htdocs\demensia\system\Model.php(238): CodeIgniter\Database\BaseBuilder->get()
#4 C:\xampp\htdocs\demensia\system\BaseModel.php(585): CodeIgniter\Model->doFindAll(0, 0)
#5 C:\xampp\htdocs\demensia\app\Controllers\Pengguna.php(18): CodeIgniter\BaseModel->findAll()
#6 C:\xampp\htdocs\demensia\system\CodeIgniter.php(927): App\Controllers\Pengguna->index('hapus', '1')
#7 C:\xampp\htdocs\demensia\system\CodeIgniter.php(482): CodeIgniter\CodeIgniter->runController(Object(App\Controllers\Pengguna))
#8 C:\xampp\htdocs\demensia\system\CodeIgniter.php(351): CodeIgniter\CodeIgniter->handleRequest(NULL, Object(Config\Cache), false)
#9 C:\xampp\htdocs\demensia\public\index.php(67): CodeIgniter\CodeIgniter->run()
#10 C:\xampp\htdocs\demensia\system\Commands\Server\rewrite.php(46): require_once('C:\\xampp\\htdocs...')
#11 {main}
CRITICAL - 2023-02-07 05:48:34 --> Unable to connect to the database.
Main connection [MySQLi]: No connection could be made because the target machine actively refused it
in SYSTEMPATH\Database\BaseConnection.php on line 418.
 1 SYSTEMPATH\Database\BaseConnection.php(561): CodeIgniter\Database\BaseConnection->initialize()
 2 SYSTEMPATH\Database\BaseBuilder.php(1585): CodeIgniter\Database\BaseConnection->query('SELECT *
FROM `pengguna`', [], false)
 3 SYSTEMPATH\Model.php(238): CodeIgniter\Database\BaseBuilder->get()
 4 SYSTEMPATH\BaseModel.php(585): CodeIgniter\Model->doFindAll(0, 0)
 5 APPPATH\Controllers\Pengguna.php(18): CodeIgniter\BaseModel->findAll()
 6 SYSTEMPATH\CodeIgniter.php(927): App\Controllers\Pengguna->index('hapus', '1')
 7 SYSTEMPATH\CodeIgniter.php(482): CodeIgniter\CodeIgniter->runController(Object(App\Controllers\Pengguna))
 8 SYSTEMPATH\CodeIgniter.php(351): CodeIgniter\CodeIgniter->handleRequest(null, Object(Config\Cache), false)
 9 FCPATH\index.php(67): CodeIgniter\CodeIgniter->run()
10 SYSTEMPATH\Commands\Server\rewrite.php(46): require_once('FCPATH\\index.php')
CRITICAL - 2023-02-07 20:08:00 --> Call to a member function paginate() on null
in APPPATH\Controllers\Pasien.php on line 29.
 1 SYSTEMPATH\CodeIgniter.php(927): App\Controllers\Pasien->index()
 2 SYSTEMPATH\CodeIgniter.php(482): CodeIgniter\CodeIgniter->runController(Object(App\Controllers\Pasien))
 3 SYSTEMPATH\CodeIgniter.php(351): CodeIgniter\CodeIgniter->handleRequest(null, Object(Config\Cache), false)
 4 FCPATH\index.php(67): CodeIgniter\CodeIgniter->run()
 5 SYSTEMPATH\Commands\Server\rewrite.php(46): require_once('FCPATH\\index.php')
CRITICAL - 2023-02-07 20:29:34 --> Undefined property: App\Controllers\Pemeriksa::$M_Pengguna
in APPPATH\Controllers\Pemeriksa.php on line 22.
 1 APPPATH\Controllers\Pemeriksa.php(22): CodeIgniter\Debug\Exceptions->errorHandler(2, 'Undefined property: App\\Controllers\\Pemeriksa::$M_Pengguna', 'APPPATH\\Controllers\\Pemeriksa.php', 22)
 2 SYSTEMPATH\CodeIgniter.php(927): App\Controllers\Pemeriksa->index()
 3 SYSTEMPATH\CodeIgniter.php(482): CodeIgniter\CodeIgniter->runController(Object(App\Controllers\Pemeriksa))
 4 SYSTEMPATH\CodeIgniter.php(351): CodeIgniter\CodeIgniter->handleRequest(null, Object(Config\Cache), false)
 5 FCPATH\index.php(67): CodeIgniter\CodeIgniter->run()
 6 SYSTEMPATH\Commands\Server\rewrite.php(46): require_once('FCPATH\\index.php')
CRITICAL - 2023-02-07 20:53:36 --> Namespace declaration statement has to be the very first statement or after any declare call in the script
in APPPATH\Controllers\Penilaian.php on line 3.
 1 [internal function]: CodeIgniter\Debug\Exceptions->shutdownHandler()
CRITICAL - 2023-02-07 21:07:46 --> Undefined variable $pageIni
in APPPATH\Views\Penilaian\index.php on line 28.
 1 APPPATH\Views\Penilaian\index.php(28): CodeIgniter\Debug\Exceptions->errorHandler(2, 'Undefined variable $pageIni', 'APPPATH\\Views\\Penilaian\\index.php', 28)
 2 SYSTEMPATH\View\View.php(213): include('APPPATH\\Views\\Penilaian\\index.php')
 3 SYSTEMPATH\View\View.php(216): CodeIgniter\View\View->CodeIgniter\View\{closure}()
 4 SYSTEMPATH\Common.php(1134): CodeIgniter\View\View->render('penilaian/index', [], true)
 5 APPPATH\Controllers\Penilaian.php(25): view('penilaian/index', [...])
 6 SYSTEMPATH\CodeIgniter.php(927): App\Controllers\Penilaian->index()
 7 SYSTEMPATH\CodeIgniter.php(482): CodeIgniter\CodeIgniter->runController(Object(App\Controllers\Penilaian))
 8 SYSTEMPATH\CodeIgniter.php(351): CodeIgniter\CodeIgniter->handleRequest(null, Object(Config\Cache), false)
 9 FCPATH\index.php(67): CodeIgniter\CodeIgniter->run()
10 SYSTEMPATH\Commands\Server\rewrite.php(46): require_once('FCPATH\\index.php')
CRITICAL - 2023-02-07 21:08:18 --> Undefined variable $pageIni
in APPPATH\Views\Penilaian\index.php on line 28.
 1 APPPATH\Views\Penilaian\index.php(28): CodeIgniter\Debug\Exceptions->errorHandler(2, 'Undefined variable $pageIni', 'APPPATH\\Views\\Penilaian\\index.php', 28)
 2 SYSTEMPATH\View\View.php(213): include('APPPATH\\Views\\Penilaian\\index.php')
 3 SYSTEMPATH\View\View.php(216): CodeIgniter\View\View->CodeIgniter\View\{closure}()
 4 SYSTEMPATH\Common.php(1134): CodeIgniter\View\View->render('penilaian/index', [], true)
 5 APPPATH\Controllers\Penilaian.php(25): view('penilaian/index', [...])
 6 SYSTEMPATH\CodeIgniter.php(927): App\Controllers\Penilaian->index()
 7 SYSTEMPATH\CodeIgniter.php(482): CodeIgniter\CodeIgniter->runController(Object(App\Controllers\Penilaian))
 8 SYSTEMPATH\CodeIgniter.php(351): CodeIgniter\CodeIgniter->handleRequest(null, Object(Config\Cache), false)
 9 FCPATH\index.php(67): CodeIgniter\CodeIgniter->run()
10 SYSTEMPATH\Commands\Server\rewrite.php(46): require_once('FCPATH\\index.php')
CRITICAL - 2023-02-07 21:08:19 --> Undefined variable $pageIni
in APPPATH\Views\Penilaian\index.php on line 28.
 1 APPPATH\Views\Penilaian\index.php(28): CodeIgniter\Debug\Exceptions->errorHandler(2, 'Undefined variable $pageIni', 'APPPATH\\Views\\Penilaian\\index.php', 28)
 2 SYSTEMPATH\View\View.php(213): include('APPPATH\\Views\\Penilaian\\index.php')
 3 SYSTEMPATH\View\View.php(216): CodeIgniter\View\View->CodeIgniter\View\{closure}()
 4 SYSTEMPATH\Common.php(1134): CodeIgniter\View\View->render('penilaian/index', [], true)
 5 APPPATH\Controllers\Penilaian.php(25): view('penilaian/index', [...])
 6 SYSTEMPATH\CodeIgniter.php(927): App\Controllers\Penilaian->index()
 7 SYSTEMPATH\CodeIgniter.php(482): CodeIgniter\CodeIgniter->runController(Object(App\Controllers\Penilaian))
 8 SYSTEMPATH\CodeIgniter.php(351): CodeIgniter\CodeIgniter->handleRequest(null, Object(Config\Cache), false)
 9 FCPATH\index.php(67): CodeIgniter\CodeIgniter->run()
10 SYSTEMPATH\Commands\Server\rewrite.php(46): require_once('FCPATH\\index.php')
CRITICAL - 2023-02-07 21:08:39 --> Undefined variable $pasien
in APPPATH\Views\Penilaian\index.php on line 29.
 1 APPPATH\Views\Penilaian\index.php(29): CodeIgniter\Debug\Exceptions->errorHandler(2, 'Undefined variable $pasien', 'APPPATH\\Views\\Penilaian\\index.php', 29)
 2 SYSTEMPATH\View\View.php(213): include('APPPATH\\Views\\Penilaian\\index.php')
 3 SYSTEMPATH\View\View.php(216): CodeIgniter\View\View->CodeIgniter\View\{closure}()
 4 SYSTEMPATH\Common.php(1134): CodeIgniter\View\View->render('penilaian/index', [], true)
 5 APPPATH\Controllers\Penilaian.php(25): view('penilaian/index', [...])
 6 SYSTEMPATH\CodeIgniter.php(927): App\Controllers\Penilaian->index()
 7 SYSTEMPATH\CodeIgniter.php(482): CodeIgniter\CodeIgniter->runController(Object(App\Controllers\Penilaian))
 8 SYSTEMPATH\CodeIgniter.php(351): CodeIgniter\CodeIgniter->handleRequest(null, Object(Config\Cache), false)
 9 FCPATH\index.php(67): CodeIgniter\CodeIgniter->run()
10 SYSTEMPATH\Commands\Server\rewrite.php(46): require_once('FCPATH\\index.php')
CRITICAL - 2023-02-07 21:20:40 --> Undefined variable $csrf_field
in APPPATH\Views\Penilaian\index.php on line 14.
 1 APPPATH\Views\Penilaian\index.php(14): CodeIgniter\Debug\Exceptions->errorHandler(2, 'Undefined variable $csrf_field', 'APPPATH\\Views\\Penilaian\\index.php', 14)
 2 SYSTEMPATH\View\View.php(213): include('APPPATH\\Views\\Penilaian\\index.php')
 3 SYSTEMPATH\View\View.php(216): CodeIgniter\View\View->CodeIgniter\View\{closure}()
 4 SYSTEMPATH\Common.php(1134): CodeIgniter\View\View->render('penilaian/index', [], true)
 5 APPPATH\Controllers\Penilaian.php(25): view('penilaian/index', [...])
 6 SYSTEMPATH\CodeIgniter.php(927): App\Controllers\Penilaian->index()
 7 SYSTEMPATH\CodeIgniter.php(482): CodeIgniter\CodeIgniter->runController(Object(App\Controllers\Penilaian))
 8 SYSTEMPATH\CodeIgniter.php(351): CodeIgniter\CodeIgniter->handleRequest(null, Object(Config\Cache), false)
 9 FCPATH\index.php(67): CodeIgniter\CodeIgniter->run()
10 SYSTEMPATH\Commands\Server\rewrite.php(46): require_once('FCPATH\\index.php')
CRITICAL - 2023-02-07 21:20:41 --> Undefined variable $csrf_field
in APPPATH\Views\Penilaian\index.php on line 14.
 1 APPPATH\Views\Penilaian\index.php(14): CodeIgniter\Debug\Exceptions->errorHandler(2, 'Undefined variable $csrf_field', 'APPPATH\\Views\\Penilaian\\index.php', 14)
 2 SYSTEMPATH\View\View.php(213): include('APPPATH\\Views\\Penilaian\\index.php')
 3 SYSTEMPATH\View\View.php(216): CodeIgniter\View\View->CodeIgniter\View\{closure}()
 4 SYSTEMPATH\Common.php(1134): CodeIgniter\View\View->render('penilaian/index', [], true)
 5 APPPATH\Controllers\Penilaian.php(25): view('penilaian/index', [...])
 6 SYSTEMPATH\CodeIgniter.php(927): App\Controllers\Penilaian->index()
 7 SYSTEMPATH\CodeIgniter.php(482): CodeIgniter\CodeIgniter->runController(Object(App\Controllers\Penilaian))
 8 SYSTEMPATH\CodeIgniter.php(351): CodeIgniter\CodeIgniter->handleRequest(null, Object(Config\Cache), false)
 9 FCPATH\index.php(67): CodeIgniter\CodeIgniter->run()
10 SYSTEMPATH\Commands\Server\rewrite.php(46): require_once('FCPATH\\index.php')
CRITICAL - 2023-02-07 21:27:48 --> Undefined variable $pemeriksa
in APPPATH\Views\Penilaian\index.php on line 19.
 1 APPPATH\Views\Penilaian\index.php(19): CodeIgniter\Debug\Exceptions->errorHandler(2, 'Undefined variable $pemeriksa', 'APPPATH\\Views\\Penilaian\\index.php', 19)
 2 SYSTEMPATH\View\View.php(213): include('APPPATH\\Views\\Penilaian\\index.php')
 3 SYSTEMPATH\View\View.php(216): CodeIgniter\View\View->CodeIgniter\View\{closure}()
 4 SYSTEMPATH\Common.php(1134): CodeIgniter\View\View->render('penilaian/index', [], true)
 5 APPPATH\Controllers\Penilaian.php(25): view('penilaian/index', [...])
 6 SYSTEMPATH\CodeIgniter.php(927): App\Controllers\Penilaian->index()
 7 SYSTEMPATH\CodeIgniter.php(482): CodeIgniter\CodeIgniter->runController(Object(App\Controllers\Penilaian))
 8 SYSTEMPATH\CodeIgniter.php(351): CodeIgniter\CodeIgniter->handleRequest(null, Object(Config\Cache), false)
 9 FCPATH\index.php(67): CodeIgniter\CodeIgniter->run()
10 SYSTEMPATH\Commands\Server\rewrite.php(46): require_once('FCPATH\\index.php')
CRITICAL - 2023-02-07 21:29:33 --> Undefined variable $pemeriksa
in APPPATH\Views\Penilaian\index.php on line 19.
 1 APPPATH\Views\Penilaian\index.php(19): CodeIgniter\Debug\Exceptions->errorHandler(2, 'Undefined variable $pemeriksa', 'APPPATH\\Views\\Penilaian\\index.php', 19)
 2 SYSTEMPATH\View\View.php(213): include('APPPATH\\Views\\Penilaian\\index.php')
 3 SYSTEMPATH\View\View.php(216): CodeIgniter\View\View->CodeIgniter\View\{closure}()
 4 SYSTEMPATH\Common.php(1134): CodeIgniter\View\View->render('penilaian/index', [], true)
 5 APPPATH\Controllers\Penilaian.php(25): view('penilaian/index', [...])
 6 SYSTEMPATH\CodeIgniter.php(927): App\Controllers\Penilaian->index()
 7 SYSTEMPATH\CodeIgniter.php(482): CodeIgniter\CodeIgniter->runController(Object(App\Controllers\Penilaian))
 8 SYSTEMPATH\CodeIgniter.php(351): CodeIgniter\CodeIgniter->handleRequest(null, Object(Config\Cache), false)
 9 FCPATH\index.php(67): CodeIgniter\CodeIgniter->run()
10 SYSTEMPATH\Commands\Server\rewrite.php(46): require_once('FCPATH\\index.php')
CRITICAL - 2023-02-07 21:29:34 --> Undefined variable $pemeriksa
in APPPATH\Views\Penilaian\index.php on line 19.
 1 APPPATH\Views\Penilaian\index.php(19): CodeIgniter\Debug\Exceptions->errorHandler(2, 'Undefined variable $pemeriksa', 'APPPATH\\Views\\Penilaian\\index.php', 19)
 2 SYSTEMPATH\View\View.php(213): include('APPPATH\\Views\\Penilaian\\index.php')
 3 SYSTEMPATH\View\View.php(216): CodeIgniter\View\View->CodeIgniter\View\{closure}()
 4 SYSTEMPATH\Common.php(1134): CodeIgniter\View\View->render('penilaian/index', [], true)
 5 APPPATH\Controllers\Penilaian.php(25): view('penilaian/index', [...])
 6 SYSTEMPATH\CodeIgniter.php(927): App\Controllers\Penilaian->index()
 7 SYSTEMPATH\CodeIgniter.php(482): CodeIgniter\CodeIgniter->runController(Object(App\Controllers\Penilaian))
 8 SYSTEMPATH\CodeIgniter.php(351): CodeIgniter\CodeIgniter->handleRequest(null, Object(Config\Cache), false)
 9 FCPATH\index.php(67): CodeIgniter\CodeIgniter->run()
10 SYSTEMPATH\Commands\Server\rewrite.php(46): require_once('FCPATH\\index.php')
CRITICAL - 2023-02-07 21:29:44 --> Undefined variable $pemeriksa
in APPPATH\Views\Penilaian\index.php on line 19.
 1 APPPATH\Views\Penilaian\index.php(19): CodeIgniter\Debug\Exceptions->errorHandler(2, 'Undefined variable $pemeriksa', 'APPPATH\\Views\\Penilaian\\index.php', 19)
 2 SYSTEMPATH\View\View.php(213): include('APPPATH\\Views\\Penilaian\\index.php')
 3 SYSTEMPATH\View\View.php(216): CodeIgniter\View\View->CodeIgniter\View\{closure}()
 4 SYSTEMPATH\Common.php(1134): CodeIgniter\View\View->render('penilaian/index', [], true)
 5 APPPATH\Controllers\Penilaian.php(25): view('penilaian/index', [...])
 6 SYSTEMPATH\CodeIgniter.php(927): App\Controllers\Penilaian->index()
 7 SYSTEMPATH\CodeIgniter.php(482): CodeIgniter\CodeIgniter->runController(Object(App\Controllers\Penilaian))
 8 SYSTEMPATH\CodeIgniter.php(351): CodeIgniter\CodeIgniter->handleRequest(null, Object(Config\Cache), false)
 9 FCPATH\index.php(67): CodeIgniter\CodeIgniter->run()
10 SYSTEMPATH\Commands\Server\rewrite.php(46): require_once('FCPATH\\index.php')
CRITICAL - 2023-02-07 21:29:46 --> Undefined variable $pemeriksa
in APPPATH\Views\Penilaian\index.php on line 19.
 1 APPPATH\Views\Penilaian\index.php(19): CodeIgniter\Debug\Exceptions->errorHandler(2, 'Undefined variable $pemeriksa', 'APPPATH\\Views\\Penilaian\\index.php', 19)
 2 SYSTEMPATH\View\View.php(213): include('APPPATH\\Views\\Penilaian\\index.php')
 3 SYSTEMPATH\View\View.php(216): CodeIgniter\View\View->CodeIgniter\View\{closure}()
 4 SYSTEMPATH\Common.php(1134): CodeIgniter\View\View->render('penilaian/index', [], true)
 5 APPPATH\Controllers\Penilaian.php(25): view('penilaian/index', [...])
 6 SYSTEMPATH\CodeIgniter.php(927): App\Controllers\Penilaian->index()
 7 SYSTEMPATH\CodeIgniter.php(482): CodeIgniter\CodeIgniter->runController(Object(App\Controllers\Penilaian))
 8 SYSTEMPATH\CodeIgniter.php(351): CodeIgniter\CodeIgniter->handleRequest(null, Object(Config\Cache), false)
 9 FCPATH\index.php(67): CodeIgniter\CodeIgniter->run()
10 SYSTEMPATH\Commands\Server\rewrite.php(46): require_once('FCPATH\\index.php')
CRITICAL - 2023-02-07 22:26:04 --> syntax error, unexpected token "(", expecting ";"
in APPPATH\Views\Penilaian\index.php on line 22.
 1 SYSTEMPATH\View\View.php(216): CodeIgniter\View\View->CodeIgniter\View\{closure}()
 2 SYSTEMPATH\Common.php(1134): CodeIgniter\View\View->render('penilaian/index', [], true)
 3 APPPATH\Controllers\Penilaian.php(28): view('penilaian/index', [...])
 4 SYSTEMPATH\CodeIgniter.php(927): App\Controllers\Penilaian->index()
 5 SYSTEMPATH\CodeIgniter.php(482): CodeIgniter\CodeIgniter->runController(Object(App\Controllers\Penilaian))
 6 SYSTEMPATH\CodeIgniter.php(351): CodeIgniter\CodeIgniter->handleRequest(null, Object(Config\Cache), false)
 7 FCPATH\index.php(67): CodeIgniter\CodeIgniter->run()
 8 SYSTEMPATH\Commands\Server\rewrite.php(46): require_once('FCPATH\\index.php')
CRITICAL - 2023-02-07 22:26:33 --> Undefined variable $pemeriksa
in APPPATH\Views\Penilaian\index.php on line 20.
 1 APPPATH\Views\Penilaian\index.php(20): CodeIgniter\Debug\Exceptions->errorHandler(2, 'Undefined variable $pemeriksa', 'APPPATH\\Views\\Penilaian\\index.php', 20)
 2 SYSTEMPATH\View\View.php(213): include('APPPATH\\Views\\Penilaian\\index.php')
 3 SYSTEMPATH\View\View.php(216): CodeIgniter\View\View->CodeIgniter\View\{closure}()
 4 SYSTEMPATH\Common.php(1134): CodeIgniter\View\View->render('penilaian/index', [], true)
 5 APPPATH\Controllers\Penilaian.php(28): view('penilaian/index', [...])
 6 SYSTEMPATH\CodeIgniter.php(927): App\Controllers\Penilaian->index()
 7 SYSTEMPATH\CodeIgniter.php(482): CodeIgniter\CodeIgniter->runController(Object(App\Controllers\Penilaian))
 8 SYSTEMPATH\CodeIgniter.php(351): CodeIgniter\CodeIgniter->handleRequest(null, Object(Config\Cache), false)
 9 FCPATH\index.php(67): CodeIgniter\CodeIgniter->run()
10 SYSTEMPATH\Commands\Server\rewrite.php(46): require_once('FCPATH\\index.php')
CRITICAL - 2023-02-07 22:33:22 --> Undefined variable $pemeriksa
in APPPATH\Views\Penilaian\index.php on line 20.
 1 APPPATH\Views\Penilaian\index.php(20): CodeIgniter\Debug\Exceptions->errorHandler(2, 'Undefined variable $pemeriksa', 'APPPATH\\Views\\Penilaian\\index.php', 20)
 2 SYSTEMPATH\View\View.php(213): include('APPPATH\\Views\\Penilaian\\index.php')
 3 SYSTEMPATH\View\View.php(216): CodeIgniter\View\View->CodeIgniter\View\{closure}()
 4 SYSTEMPATH\Common.php(1134): CodeIgniter\View\View->render('penilaian/index', [], true)
 5 APPPATH\Controllers\Penilaian.php(28): view('penilaian/index', [...])
 6 SYSTEMPATH\CodeIgniter.php(927): App\Controllers\Penilaian->index()
 7 SYSTEMPATH\CodeIgniter.php(482): CodeIgniter\CodeIgniter->runController(Object(App\Controllers\Penilaian))
 8 SYSTEMPATH\CodeIgniter.php(351): CodeIgniter\CodeIgniter->handleRequest(null, Object(Config\Cache), false)
 9 FCPATH\index.php(67): CodeIgniter\CodeIgniter->run()
10 SYSTEMPATH\Commands\Server\rewrite.php(46): require_once('FCPATH\\index.php')
