CRITICAL - 2022-12-13 20:49:21 --> Cannot use isset() on the result of an expression (you can use "null !== expression" instead)
in APPPATH\Controllers\Pasien.php on line 32.
 1 [internal function]: CodeIgniter\Debug\Exceptions->shutdownHandler()
CRITICAL - 2022-12-13 21:22:24 --> Nama is not a valid rule.
in SYSTEMPATH\Validation\Validation.php on line 323.
 1 SYSTEMPATH\Validation\Validation.php(323): CodeIgniter\Validation\Exceptions\ValidationException::forRuleNotFound('Nama')
 2 SYSTEMPATH\Validation\Validation.php(175): CodeIgniter\Validation\Validation->processRules('nama', 'nama', 'ROOTPATH\\public', [...], [...])
 3 SYSTEMPATH\Controller.php(140): CodeIgniter\Validation\Validation->run()
 4 APPPATH\Controllers\Pasien.php(35): CodeIgniter\Controller->validate([...])
 5 SYSTEMPATH\CodeIgniter.php(927): App\Controllers\Pasien->tambah()
 6 SYSTEMPATH\CodeIgniter.php(482): CodeIgniter\CodeIgniter->runController(Object(App\Controllers\Pasien))
 7 SYSTEMPATH\CodeIgniter.php(351): CodeIgniter\CodeIgniter->handleRequest(null, Object(Config\Cache), false)
 8 FCPATH\index.php(67): CodeIgniter\CodeIgniter->run()
 9 SYSTEMPATH\Commands\Server\rewrite.php(46): require_once('FCPATH\\index.php')
CRITICAL - 2022-12-13 23:51:59 --> Undefined array key "id"
in APPPATH\Views\Pasien\index.php on line 62.
 1 APPPATH\Views\Pasien\index.php(62): CodeIgniter\Debug\Exceptions->errorHandler(2, 'Undefined array key "id"', 'APPPATH\\Views\\Pasien\\index.php', 62)
 2 SYSTEMPATH\View\View.php(213): include('APPPATH\\Views\\Pasien\\index.php')
 3 SYSTEMPATH\View\View.php(216): CodeIgniter\View\View->CodeIgniter\View\{closure}()
 4 SYSTEMPATH\Common.php(1134): CodeIgniter\View\View->render('pasien/index', [], true)
 5 APPPATH\Controllers\Pasien.php(25): view('pasien/index', [...])
 6 SYSTEMPATH\CodeIgniter.php(927): App\Controllers\Pasien->index()
 7 SYSTEMPATH\CodeIgniter.php(482): CodeIgniter\CodeIgniter->runController(Object(App\Controllers\Pasien))
 8 SYSTEMPATH\CodeIgniter.php(351): CodeIgniter\CodeIgniter->handleRequest(null, Object(Config\Cache), false)
 9 FCPATH\index.php(67): CodeIgniter\CodeIgniter->run()
10 SYSTEMPATH\Commands\Server\rewrite.php(46): require_once('FCPATH\\index.php')
