ERROR - 2023-07-30 03:38:55 --> mysqli_sql_exception: Column 'bahasa_kata' cannot be null in C:\xampp\htdocs\demensia\system\Database\MySQLi\Connection.php:292
Stack trace:
#0 C:\xampp\htdocs\demensia\system\Database\MySQLi\Connection.php(292): mysqli->query('INSERT INTO `do...', 0)
#1 C:\xampp\htdocs\demensia\system\Database\BaseConnection.php(666): CodeIgniter\Database\MySQLi\Connection->execute('INSERT INTO `do...')
#2 C:\xampp\htdocs\demensia\system\Database\BaseConnection.php(593): CodeIgniter\Database\BaseConnection->simpleQuery('INSERT INTO `do...')
#3 C:\xampp\htdocs\demensia\system\Database\BaseBuilder.php(1916): CodeIgniter\Database\BaseConnection->query('INSERT INTO `do...', Array, false)
#4 C:\xampp\htdocs\demensia\system\Model.php(294): CodeIgniter\Database\BaseBuilder->insert()
#5 C:\xampp\htdocs\demensia\system\BaseModel.php(749): CodeIgniter\Model->doInsert(Array)
#6 C:\xampp\htdocs\demensia\system\Model.php(682): CodeIgniter\BaseModel->insert(Array, false)
#7 C:\xampp\htdocs\demensia\system\BaseModel.php(659): CodeIgniter\Model->insert(Array, false)
#8 C:\xampp\htdocs\demensia\app\Controllers\Penilaian.php(74): CodeIgniter\BaseModel->save(Array)
#9 C:\xampp\htdocs\demensia\system\CodeIgniter.php(927): App\Controllers\Penilaian->simpan()
#10 C:\xampp\htdocs\demensia\system\CodeIgniter.php(482): CodeIgniter\CodeIgniter->runController(Object(App\Controllers\Penilaian))
#11 C:\xampp\htdocs\demensia\system\CodeIgniter.php(351): CodeIgniter\CodeIgniter->handleRequest(NULL, Object(Config\Cache), false)
#12 C:\xampp\htdocs\demensia\public\index.php(67): CodeIgniter\CodeIgniter->run()
#13 C:\xampp\htdocs\demensia\system\Commands\Server\rewrite.php(46): require_once('C:\\xampp\\htdocs...')
#14 {main}
CRITICAL - 2023-07-30 03:38:55 --> Column 'bahasa_kata' cannot be null
in SYSTEMPATH\Database\MySQLi\Connection.php on line 292.
 1 SYSTEMPATH\Database\MySQLi\Connection.php(292): mysqli->query('INSERT INTO `dokumentasi` (`nama_pemeriksa`, `id_pasien`, `tanggal`, `orientasi_waktu`, `orientasi_tempat`, `registrasi`, `atensi_kalkulus`, `recall`, `bahasa_benda`, `bahasa_kata`, `bahasa_perintah`, `bahasa_perintah2`, `bahasa_tulis`, `bahasa_gambar`, `total`) VALUES (\'Wahyu Agustina\', \'29\', \'2023-07-30\', \'on\', \'on\', \'on\', \'on\', \'on\', \'on\', NULL, \'on\', \'on\', \'on\', \'on\', NULL)', 0)
 2 SYSTEMPATH\Database\BaseConnection.php(666): CodeIgniter\Database\MySQLi\Connection->execute('INSERT INTO `dokumentasi` (`nama_pemeriksa`, `id_pasien`, `tanggal`, `orientasi_waktu`, `orientasi_tempat`, `registrasi`, `atensi_kalkulus`, `recall`, `bahasa_benda`, `bahasa_kata`, `bahasa_perintah`, `bahasa_perintah2`, `bahasa_tulis`, `bahasa_gambar`, `total`) VALUES (\'Wahyu Agustina\', \'29\', \'2023-07-30\', \'on\', \'on\', \'on\', \'on\', \'on\', \'on\', NULL, \'on\', \'on\', \'on\', \'on\', NULL)')
 3 SYSTEMPATH\Database\BaseConnection.php(593): CodeIgniter\Database\BaseConnection->simpleQuery('INSERT INTO `dokumentasi` (`nama_pemeriksa`, `id_pasien`, `tanggal`, `orientasi_waktu`, `orientasi_tempat`, `registrasi`, `atensi_kalkulus`, `recall`, `bahasa_benda`, `bahasa_kata`, `bahasa_perintah`, `bahasa_perintah2`, `bahasa_tulis`, `bahasa_gambar`, `total`) VALUES (\'Wahyu Agustina\', \'29\', \'2023-07-30\', \'on\', \'on\', \'on\', \'on\', \'on\', \'on\', NULL, \'on\', \'on\', \'on\', \'on\', NULL)')
 4 SYSTEMPATH\Database\BaseBuilder.php(1916): CodeIgniter\Database\BaseConnection->query('INSERT INTO `dokumentasi` (`nama_pemeriksa`, `id_pasien`, `tanggal`, `orientasi_waktu`, `orientasi_tempat`, `registrasi`, `atensi_kalkulus`, `recall`, `bahasa_benda`, `bahasa_kata`, `bahasa_perintah`, `bahasa_perintah2`, `bahasa_tulis`, `bahasa_gambar`, `total`) VALUES (:nama_pemeriksa:, :id_pasien:, :tanggal:, :orientasi_waktu:, :orientasi_tempat:, :registrasi:, :atensi_kalkulus:, :recall:, :bahasa_benda:, :bahasa_kata:, :bahasa_perintah:, :bahasa_perintah2:, :bahasa_tulis:, :bahasa_gambar:, :total:)', [...], false)
 5 SYSTEMPATH\Model.php(294): CodeIgniter\Database\BaseBuilder->insert()
 6 SYSTEMPATH\BaseModel.php(749): CodeIgniter\Model->doInsert([...])
 7 SYSTEMPATH\Model.php(682): CodeIgniter\BaseModel->insert([...], false)
 8 SYSTEMPATH\BaseModel.php(659): CodeIgniter\Model->insert([...], false)
 9 APPPATH\Controllers\Penilaian.php(74): CodeIgniter\BaseModel->save([...])
10 SYSTEMPATH\CodeIgniter.php(927): App\Controllers\Penilaian->simpan()
11 SYSTEMPATH\CodeIgniter.php(482): CodeIgniter\CodeIgniter->runController(Object(App\Controllers\Penilaian))
12 SYSTEMPATH\CodeIgniter.php(351): CodeIgniter\CodeIgniter->handleRequest(null, Object(Config\Cache), false)
13 FCPATH\index.php(67): CodeIgniter\CodeIgniter->run()
14 SYSTEMPATH\Commands\Server\rewrite.php(46): require_once('FCPATH\\index.php')
ERROR - 2023-07-30 03:40:26 --> mysqli_sql_exception: Column 'bahasa_kata' cannot be null in C:\xampp\htdocs\demensia\system\Database\MySQLi\Connection.php:292
Stack trace:
#0 C:\xampp\htdocs\demensia\system\Database\MySQLi\Connection.php(292): mysqli->query('INSERT INTO `do...', 0)
#1 C:\xampp\htdocs\demensia\system\Database\BaseConnection.php(666): CodeIgniter\Database\MySQLi\Connection->execute('INSERT INTO `do...')
#2 C:\xampp\htdocs\demensia\system\Database\BaseConnection.php(593): CodeIgniter\Database\BaseConnection->simpleQuery('INSERT INTO `do...')
#3 C:\xampp\htdocs\demensia\system\Database\BaseBuilder.php(1916): CodeIgniter\Database\BaseConnection->query('INSERT INTO `do...', Array, false)
#4 C:\xampp\htdocs\demensia\system\Model.php(294): CodeIgniter\Database\BaseBuilder->insert()
#5 C:\xampp\htdocs\demensia\system\BaseModel.php(749): CodeIgniter\Model->doInsert(Array)
#6 C:\xampp\htdocs\demensia\system\Model.php(682): CodeIgniter\BaseModel->insert(Array, false)
#7 C:\xampp\htdocs\demensia\system\BaseModel.php(659): CodeIgniter\Model->insert(Array, false)
#8 C:\xampp\htdocs\demensia\app\Controllers\Penilaian.php(74): CodeIgniter\BaseModel->save(Array)
#9 C:\xampp\htdocs\demensia\system\CodeIgniter.php(927): App\Controllers\Penilaian->simpan()
#10 C:\xampp\htdocs\demensia\system\CodeIgniter.php(482): CodeIgniter\CodeIgniter->runController(Object(App\Controllers\Penilaian))
#11 C:\xampp\htdocs\demensia\system\CodeIgniter.php(351): CodeIgniter\CodeIgniter->handleRequest(NULL, Object(Config\Cache), false)
#12 C:\xampp\htdocs\demensia\public\index.php(67): CodeIgniter\CodeIgniter->run()
#13 C:\xampp\htdocs\demensia\system\Commands\Server\rewrite.php(46): require_once('C:\\xampp\\htdocs...')
#14 {main}
CRITICAL - 2023-07-30 03:40:26 --> Column 'bahasa_kata' cannot be null
in SYSTEMPATH\Database\MySQLi\Connection.php on line 292.
 1 SYSTEMPATH\Database\MySQLi\Connection.php(292): mysqli->query('INSERT INTO `dokumentasi` (`nama_pemeriksa`, `id_pasien`, `tanggal`, `orientasi_waktu`, `orientasi_tempat`, `registrasi`, `atensi_kalkulus`, `recall`, `bahasa_benda`, `bahasa_kata`, `bahasa_perintah`, `bahasa_perintah2`, `bahasa_tulis`, `bahasa_gambar`, `total`) VALUES (\'Wahyu Agustina\', \'29\', \'2023-07-30\', \'on\', \'on\', \'on\', \'on\', \'on\', \'on\', NULL, \'on\', NULL, \'on\', \'on\', NULL)', 0)
 2 SYSTEMPATH\Database\BaseConnection.php(666): CodeIgniter\Database\MySQLi\Connection->execute('INSERT INTO `dokumentasi` (`nama_pemeriksa`, `id_pasien`, `tanggal`, `orientasi_waktu`, `orientasi_tempat`, `registrasi`, `atensi_kalkulus`, `recall`, `bahasa_benda`, `bahasa_kata`, `bahasa_perintah`, `bahasa_perintah2`, `bahasa_tulis`, `bahasa_gambar`, `total`) VALUES (\'Wahyu Agustina\', \'29\', \'2023-07-30\', \'on\', \'on\', \'on\', \'on\', \'on\', \'on\', NULL, \'on\', NULL, \'on\', \'on\', NULL)')
 3 SYSTEMPATH\Database\BaseConnection.php(593): CodeIgniter\Database\BaseConnection->simpleQuery('INSERT INTO `dokumentasi` (`nama_pemeriksa`, `id_pasien`, `tanggal`, `orientasi_waktu`, `orientasi_tempat`, `registrasi`, `atensi_kalkulus`, `recall`, `bahasa_benda`, `bahasa_kata`, `bahasa_perintah`, `bahasa_perintah2`, `bahasa_tulis`, `bahasa_gambar`, `total`) VALUES (\'Wahyu Agustina\', \'29\', \'2023-07-30\', \'on\', \'on\', \'on\', \'on\', \'on\', \'on\', NULL, \'on\', NULL, \'on\', \'on\', NULL)')
 4 SYSTEMPATH\Database\BaseBuilder.php(1916): CodeIgniter\Database\BaseConnection->query('INSERT INTO `dokumentasi` (`nama_pemeriksa`, `id_pasien`, `tanggal`, `orientasi_waktu`, `orientasi_tempat`, `registrasi`, `atensi_kalkulus`, `recall`, `bahasa_benda`, `bahasa_kata`, `bahasa_perintah`, `bahasa_perintah2`, `bahasa_tulis`, `bahasa_gambar`, `total`) VALUES (:nama_pemeriksa:, :id_pasien:, :tanggal:, :orientasi_waktu:, :orientasi_tempat:, :registrasi:, :atensi_kalkulus:, :recall:, :bahasa_benda:, :bahasa_kata:, :bahasa_perintah:, :bahasa_perintah2:, :bahasa_tulis:, :bahasa_gambar:, :total:)', [...], false)
 5 SYSTEMPATH\Model.php(294): CodeIgniter\Database\BaseBuilder->insert()
 6 SYSTEMPATH\BaseModel.php(749): CodeIgniter\Model->doInsert([...])
 7 SYSTEMPATH\Model.php(682): CodeIgniter\BaseModel->insert([...], false)
 8 SYSTEMPATH\BaseModel.php(659): CodeIgniter\Model->insert([...], false)
 9 APPPATH\Controllers\Penilaian.php(74): CodeIgniter\BaseModel->save([...])
10 SYSTEMPATH\CodeIgniter.php(927): App\Controllers\Penilaian->simpan()
11 SYSTEMPATH\CodeIgniter.php(482): CodeIgniter\CodeIgniter->runController(Object(App\Controllers\Penilaian))
12 SYSTEMPATH\CodeIgniter.php(351): CodeIgniter\CodeIgniter->handleRequest(null, Object(Config\Cache), false)
13 FCPATH\index.php(67): CodeIgniter\CodeIgniter->run()
14 SYSTEMPATH\Commands\Server\rewrite.php(46): require_once('FCPATH\\index.php')
ERROR - 2023-07-30 03:42:59 --> mysqli_sql_exception: Column 'orientasi_waktu' cannot be null in C:\xampp\htdocs\demensia\system\Database\MySQLi\Connection.php:292
Stack trace:
#0 C:\xampp\htdocs\demensia\system\Database\MySQLi\Connection.php(292): mysqli->query('INSERT INTO `do...', 0)
#1 C:\xampp\htdocs\demensia\system\Database\BaseConnection.php(666): CodeIgniter\Database\MySQLi\Connection->execute('INSERT INTO `do...')
#2 C:\xampp\htdocs\demensia\system\Database\BaseConnection.php(593): CodeIgniter\Database\BaseConnection->simpleQuery('INSERT INTO `do...')
#3 C:\xampp\htdocs\demensia\system\Database\BaseBuilder.php(1916): CodeIgniter\Database\BaseConnection->query('INSERT INTO `do...', Array, false)
#4 C:\xampp\htdocs\demensia\system\Model.php(294): CodeIgniter\Database\BaseBuilder->insert()
#5 C:\xampp\htdocs\demensia\system\BaseModel.php(749): CodeIgniter\Model->doInsert(Array)
#6 C:\xampp\htdocs\demensia\system\Model.php(682): CodeIgniter\BaseModel->insert(Array, false)
#7 C:\xampp\htdocs\demensia\system\BaseModel.php(659): CodeIgniter\Model->insert(Array, false)
#8 C:\xampp\htdocs\demensia\app\Controllers\Penilaian.php(74): CodeIgniter\BaseModel->save(Array)
#9 C:\xampp\htdocs\demensia\system\CodeIgniter.php(927): App\Controllers\Penilaian->simpan()
#10 C:\xampp\htdocs\demensia\system\CodeIgniter.php(482): CodeIgniter\CodeIgniter->runController(Object(App\Controllers\Penilaian))
#11 C:\xampp\htdocs\demensia\system\CodeIgniter.php(351): CodeIgniter\CodeIgniter->handleRequest(NULL, Object(Config\Cache), false)
#12 C:\xampp\htdocs\demensia\public\index.php(67): CodeIgniter\CodeIgniter->run()
#13 C:\xampp\htdocs\demensia\system\Commands\Server\rewrite.php(46): require_once('C:\\xampp\\htdocs...')
#14 {main}
CRITICAL - 2023-07-30 03:42:59 --> Column 'orientasi_waktu' cannot be null
in SYSTEMPATH\Database\MySQLi\Connection.php on line 292.
 1 SYSTEMPATH\Database\MySQLi\Connection.php(292): mysqli->query('INSERT INTO `dokumentasi` (`nama_pemeriksa`, `id_pasien`, `tanggal`, `orientasi_waktu`, `orientasi_tempat`, `registrasi`, `atensi_kalkulus`, `recall`, `bahasa_benda`, `bahasa_kata`, `bahasa_perintah`, `bahasa_perintah2`, `bahasa_tulis`, `bahasa_gambar`, `total`) VALUES (\'Wahyu Agustina\', \'29\', \'2023-07-30\', NULL, NULL, NULL, NULL, NULL, NULL, NULL, NULL, NULL, NULL, NULL, NULL)', 0)
 2 SYSTEMPATH\Database\BaseConnection.php(666): CodeIgniter\Database\MySQLi\Connection->execute('INSERT INTO `dokumentasi` (`nama_pemeriksa`, `id_pasien`, `tanggal`, `orientasi_waktu`, `orientasi_tempat`, `registrasi`, `atensi_kalkulus`, `recall`, `bahasa_benda`, `bahasa_kata`, `bahasa_perintah`, `bahasa_perintah2`, `bahasa_tulis`, `bahasa_gambar`, `total`) VALUES (\'Wahyu Agustina\', \'29\', \'2023-07-30\', NULL, NULL, NULL, NULL, NULL, NULL, NULL, NULL, NULL, NULL, NULL, NULL)')
 3 SYSTEMPATH\Database\BaseConnection.php(593): CodeIgniter\Database\BaseConnection->simpleQuery('INSERT INTO `dokumentasi` (`nama_pemeriksa`, `id_pasien`, `tanggal`, `orientasi_waktu`, `orientasi_tempat`, `registrasi`, `atensi_kalkulus`, `recall`, `bahasa_benda`, `bahasa_kata`, `bahasa_perintah`, `bahasa_perintah2`, `bahasa_tulis`, `bahasa_gambar`, `total`) VALUES (\'Wahyu Agustina\', \'29\', \'2023-07-30\', NULL, NULL, NULL, NULL, NULL, NULL, NULL, NULL, NULL, NULL, NULL, NULL)')
 4 SYSTEMPATH\Database\BaseBuilder.php(1916): CodeIgniter\Database\BaseConnection->query('INSERT INTO `dokumentasi` (`nama_pemeriksa`, `id_pasien`, `tanggal`, `orientasi_waktu`, `orientasi_tempat`, `registrasi`, `atensi_kalkulus`, `recall`, `bahasa_benda`, `bahasa_kata`, `bahasa_perintah`, `bahasa_perintah2`, `bahasa_tulis`, `bahasa_gambar`, `total`) VALUES (:nama_pemeriksa:, :id_pasien:, :tanggal:, :orientasi_waktu:, :orientasi_tempat:, :registrasi:, :atensi_kalkulus:, :recall:, :bahasa_benda:, :bahasa_kata:, :bahasa_perintah:, :bahasa_perintah2:, :bahasa_tulis:, :bahasa_gambar:, :total:)', [...], false)
 5 SYSTEMPATH\Model.php(294): CodeIgniter\Database\BaseBuilder->insert()
 6 SYSTEMPATH\BaseModel.php(749): CodeIgniter\Model->doInsert([...])
 7 SYSTEMPATH\Model.php(682): CodeIgniter\BaseModel->insert([...], false)
 8 SYSTEMPATH\BaseModel.php(659): CodeIgniter\Model->insert([...], false)
 9 APPPATH\Controllers\Penilaian.php(74): CodeIgniter\BaseModel->save([...])
10 SYSTEMPATH\CodeIgniter.php(927): App\Controllers\Penilaian->simpan()
11 SYSTEMPATH\CodeIgniter.php(482): CodeIgniter\CodeIgniter->runController(Object(App\Controllers\Penilaian))
12 SYSTEMPATH\CodeIgniter.php(351): CodeIgniter\CodeIgniter->handleRequest(null, Object(Config\Cache), false)
13 FCPATH\index.php(67): CodeIgniter\CodeIgniter->run()
14 SYSTEMPATH\Commands\Server\rewrite.php(46): require_once('FCPATH\\index.php')
CRITICAL - 2023-07-30 03:49:33 --> in_array(): Argument #2 ($haystack) must be of type array, int given
in SYSTEMPATH\Validation\Validation.php on line 219.
 1 SYSTEMPATH\Validation\Validation.php(219): in_array('if_exist', 0, true)
 2 SYSTEMPATH\Validation\Validation.php(175): CodeIgniter\Validation\Validation->processRules('orientasi_waktu', 'orientasi_waktu', null, 0, [...])
 3 SYSTEMPATH\Controller.php(140): CodeIgniter\Validation\Validation->run()
 4 APPPATH\Controllers\Penilaian.php(64): CodeIgniter\Controller->validate([...])
 5 SYSTEMPATH\CodeIgniter.php(927): App\Controllers\Penilaian->simpan()
 6 SYSTEMPATH\CodeIgniter.php(482): CodeIgniter\CodeIgniter->runController(Object(App\Controllers\Penilaian))
 7 SYSTEMPATH\CodeIgniter.php(351): CodeIgniter\CodeIgniter->handleRequest(null, Object(Config\Cache), false)
 8 FCPATH\index.php(67): CodeIgniter\CodeIgniter->run()
 9 SYSTEMPATH\Commands\Server\rewrite.php(46): require_once('FCPATH\\index.php')
CRITICAL - 2023-07-30 03:50:53 --> 0 is not a valid rule.
in SYSTEMPATH\Validation\Validation.php on line 323.
 1 SYSTEMPATH\Validation\Validation.php(323): CodeIgniter\Validation\Exceptions\ValidationException::forRuleNotFound('0')
 2 SYSTEMPATH\Validation\Validation.php(175): CodeIgniter\Validation\Validation->processRules('orientasi_waktu', 'orientasi_waktu', null, [...], [...])
 3 SYSTEMPATH\Controller.php(140): CodeIgniter\Validation\Validation->run()
 4 APPPATH\Controllers\Penilaian.php(64): CodeIgniter\Controller->validate([...])
 5 SYSTEMPATH\CodeIgniter.php(927): App\Controllers\Penilaian->simpan()
 6 SYSTEMPATH\CodeIgniter.php(482): CodeIgniter\CodeIgniter->runController(Object(App\Controllers\Penilaian))
 7 SYSTEMPATH\CodeIgniter.php(351): CodeIgniter\CodeIgniter->handleRequest(null, Object(Config\Cache), false)
 8 FCPATH\index.php(67): CodeIgniter\CodeIgniter->run()
 9 SYSTEMPATH\Commands\Server\rewrite.php(46): require_once('FCPATH\\index.php')
ERROR - 2023-07-30 03:56:09 --> mysqli_sql_exception: Column 'orientasi_waktu' cannot be null in C:\xampp\htdocs\demensia\system\Database\MySQLi\Connection.php:292
Stack trace:
#0 C:\xampp\htdocs\demensia\system\Database\MySQLi\Connection.php(292): mysqli->query('INSERT INTO `do...', 0)
#1 C:\xampp\htdocs\demensia\system\Database\BaseConnection.php(666): CodeIgniter\Database\MySQLi\Connection->execute('INSERT INTO `do...')
#2 C:\xampp\htdocs\demensia\system\Database\BaseConnection.php(593): CodeIgniter\Database\BaseConnection->simpleQuery('INSERT INTO `do...')
#3 C:\xampp\htdocs\demensia\system\Database\BaseBuilder.php(1916): CodeIgniter\Database\BaseConnection->query('INSERT INTO `do...', Array, false)
#4 C:\xampp\htdocs\demensia\system\Model.php(294): CodeIgniter\Database\BaseBuilder->insert()
#5 C:\xampp\htdocs\demensia\system\BaseModel.php(749): CodeIgniter\Model->doInsert(Array)
#6 C:\xampp\htdocs\demensia\system\Model.php(682): CodeIgniter\BaseModel->insert(Array, false)
#7 C:\xampp\htdocs\demensia\system\BaseModel.php(659): CodeIgniter\Model->insert(Array, false)
#8 C:\xampp\htdocs\demensia\app\Controllers\Penilaian.php(85): CodeIgniter\BaseModel->save(Array)
#9 C:\xampp\htdocs\demensia\system\CodeIgniter.php(927): App\Controllers\Penilaian->simpan()
#10 C:\xampp\htdocs\demensia\system\CodeIgniter.php(482): CodeIgniter\CodeIgniter->runController(Object(App\Controllers\Penilaian))
#11 C:\xampp\htdocs\demensia\system\CodeIgniter.php(351): CodeIgniter\CodeIgniter->handleRequest(NULL, Object(Config\Cache), false)
#12 C:\xampp\htdocs\demensia\public\index.php(67): CodeIgniter\CodeIgniter->run()
#13 C:\xampp\htdocs\demensia\system\Commands\Server\rewrite.php(46): require_once('C:\\xampp\\htdocs...')
#14 {main}
CRITICAL - 2023-07-30 03:56:09 --> Column 'orientasi_waktu' cannot be null
in SYSTEMPATH\Database\MySQLi\Connection.php on line 292.
 1 SYSTEMPATH\Database\MySQLi\Connection.php(292): mysqli->query('INSERT INTO `dokumentasi` (`nama_pemeriksa`, `id_pasien`, `tanggal`, `orientasi_waktu`, `orientasi_tempat`, `registrasi`, `atensi_kalkulus`, `recall`, `bahasa_benda`, `bahasa_kata`, `bahasa_perintah`, `bahasa_perintah2`, `bahasa_tulis`, `bahasa_gambar`, `total`) VALUES (\'Wahyu Agustina\', \'29\', \'2023-07-30\', NULL, NULL, NULL, NULL, NULL, NULL, NULL, NULL, NULL, NULL, NULL, NULL)', 0)
 2 SYSTEMPATH\Database\BaseConnection.php(666): CodeIgniter\Database\MySQLi\Connection->execute('INSERT INTO `dokumentasi` (`nama_pemeriksa`, `id_pasien`, `tanggal`, `orientasi_waktu`, `orientasi_tempat`, `registrasi`, `atensi_kalkulus`, `recall`, `bahasa_benda`, `bahasa_kata`, `bahasa_perintah`, `bahasa_perintah2`, `bahasa_tulis`, `bahasa_gambar`, `total`) VALUES (\'Wahyu Agustina\', \'29\', \'2023-07-30\', NULL, NULL, NULL, NULL, NULL, NULL, NULL, NULL, NULL, NULL, NULL, NULL)')
 3 SYSTEMPATH\Database\BaseConnection.php(593): CodeIgniter\Database\BaseConnection->simpleQuery('INSERT INTO `dokumentasi` (`nama_pemeriksa`, `id_pasien`, `tanggal`, `orientasi_waktu`, `orientasi_tempat`, `registrasi`, `atensi_kalkulus`, `recall`, `bahasa_benda`, `bahasa_kata`, `bahasa_perintah`, `bahasa_perintah2`, `bahasa_tulis`, `bahasa_gambar`, `total`) VALUES (\'Wahyu Agustina\', \'29\', \'2023-07-30\', NULL, NULL, NULL, NULL, NULL, NULL, NULL, NULL, NULL, NULL, NULL, NULL)')
 4 SYSTEMPATH\Database\BaseBuilder.php(1916): CodeIgniter\Database\BaseConnection->query('INSERT INTO `dokumentasi` (`nama_pemeriksa`, `id_pasien`, `tanggal`, `orientasi_waktu`, `orientasi_tempat`, `registrasi`, `atensi_kalkulus`, `recall`, `bahasa_benda`, `bahasa_kata`, `bahasa_perintah`, `bahasa_perintah2`, `bahasa_tulis`, `bahasa_gambar`, `total`) VALUES (:nama_pemeriksa:, :id_pasien:, :tanggal:, :orientasi_waktu:, :orientasi_tempat:, :registrasi:, :atensi_kalkulus:, :recall:, :bahasa_benda:, :bahasa_kata:, :bahasa_perintah:, :bahasa_perintah2:, :bahasa_tulis:, :bahasa_gambar:, :total:)', [...], false)
 5 SYSTEMPATH\Model.php(294): CodeIgniter\Database\BaseBuilder->insert()
 6 SYSTEMPATH\BaseModel.php(749): CodeIgniter\Model->doInsert([...])
 7 SYSTEMPATH\Model.php(682): CodeIgniter\BaseModel->insert([...], false)
 8 SYSTEMPATH\BaseModel.php(659): CodeIgniter\Model->insert([...], false)
 9 APPPATH\Controllers\Penilaian.php(85): CodeIgniter\BaseModel->save([...])
10 SYSTEMPATH\CodeIgniter.php(927): App\Controllers\Penilaian->simpan()
11 SYSTEMPATH\CodeIgniter.php(482): CodeIgniter\CodeIgniter->runController(Object(App\Controllers\Penilaian))
12 SYSTEMPATH\CodeIgniter.php(351): CodeIgniter\CodeIgniter->handleRequest(null, Object(Config\Cache), false)
13 FCPATH\index.php(67): CodeIgniter\CodeIgniter->run()
14 SYSTEMPATH\Commands\Server\rewrite.php(46): require_once('FCPATH\\index.php')
CRITICAL - 2023-07-30 03:56:12 --> Undefined array key "orientasi_waktu"
in APPPATH\Views\Penilaian\tambah.php on line 87.
 1 APPPATH\Views\Penilaian\tambah.php(87): CodeIgniter\Debug\Exceptions->errorHandler(2, 'Undefined array key "orientasi_waktu"', 'APPPATH\\Views\\Penilaian\\tambah.php', 87)
 2 SYSTEMPATH\View\View.php(213): include('APPPATH\\Views\\Penilaian\\tambah.php')
 3 SYSTEMPATH\View\View.php(216): CodeIgniter\View\View->CodeIgniter\View\{closure}()
 4 SYSTEMPATH\Common.php(1134): CodeIgniter\View\View->render('Penilaian/tambah', [], true)
 5 APPPATH\Controllers\Penilaian.php(58): view('Penilaian/tambah', [...])
 6 SYSTEMPATH\CodeIgniter.php(927): App\Controllers\Penilaian->tambah()
 7 SYSTEMPATH\CodeIgniter.php(482): CodeIgniter\CodeIgniter->runController(Object(App\Controllers\Penilaian))
 8 SYSTEMPATH\CodeIgniter.php(351): CodeIgniter\CodeIgniter->handleRequest(null, Object(Config\Cache), false)
 9 FCPATH\index.php(67): CodeIgniter\CodeIgniter->run()
10 SYSTEMPATH\Commands\Server\rewrite.php(46): require_once('FCPATH\\index.php')
CRITICAL - 2023-07-30 03:56:14 --> Undefined array key "orientasi_waktu"
in APPPATH\Views\Penilaian\tambah.php on line 87.
 1 APPPATH\Views\Penilaian\tambah.php(87): CodeIgniter\Debug\Exceptions->errorHandler(2, 'Undefined array key "orientasi_waktu"', 'APPPATH\\Views\\Penilaian\\tambah.php', 87)
 2 SYSTEMPATH\View\View.php(213): include('APPPATH\\Views\\Penilaian\\tambah.php')
 3 SYSTEMPATH\View\View.php(216): CodeIgniter\View\View->CodeIgniter\View\{closure}()
 4 SYSTEMPATH\Common.php(1134): CodeIgniter\View\View->render('Penilaian/tambah', [], true)
 5 APPPATH\Controllers\Penilaian.php(58): view('Penilaian/tambah', [...])
 6 SYSTEMPATH\CodeIgniter.php(927): App\Controllers\Penilaian->tambah()
 7 SYSTEMPATH\CodeIgniter.php(482): CodeIgniter\CodeIgniter->runController(Object(App\Controllers\Penilaian))
 8 SYSTEMPATH\CodeIgniter.php(351): CodeIgniter\CodeIgniter->handleRequest(null, Object(Config\Cache), false)
 9 FCPATH\index.php(67): CodeIgniter\CodeIgniter->run()
10 SYSTEMPATH\Commands\Server\rewrite.php(46): require_once('FCPATH\\index.php')
CRITICAL - 2023-07-30 03:56:17 --> Undefined array key "orientasi_waktu"
in APPPATH\Views\Penilaian\tambah.php on line 87.
 1 APPPATH\Views\Penilaian\tambah.php(87): CodeIgniter\Debug\Exceptions->errorHandler(2, 'Undefined array key "orientasi_waktu"', 'APPPATH\\Views\\Penilaian\\tambah.php', 87)
 2 SYSTEMPATH\View\View.php(213): include('APPPATH\\Views\\Penilaian\\tambah.php')
 3 SYSTEMPATH\View\View.php(216): CodeIgniter\View\View->CodeIgniter\View\{closure}()
 4 SYSTEMPATH\Common.php(1134): CodeIgniter\View\View->render('Penilaian/tambah', [], true)
 5 APPPATH\Controllers\Penilaian.php(58): view('Penilaian/tambah', [...])
 6 SYSTEMPATH\CodeIgniter.php(927): App\Controllers\Penilaian->tambah()
 7 SYSTEMPATH\CodeIgniter.php(482): CodeIgniter\CodeIgniter->runController(Object(App\Controllers\Penilaian))
 8 SYSTEMPATH\CodeIgniter.php(351): CodeIgniter\CodeIgniter->handleRequest(null, Object(Config\Cache), false)
 9 FCPATH\index.php(67): CodeIgniter\CodeIgniter->run()
10 SYSTEMPATH\Commands\Server\rewrite.php(46): require_once('FCPATH\\index.php')
CRITICAL - 2023-07-30 03:56:21 --> Undefined array key "orientasi_waktu"
in APPPATH\Views\Penilaian\tambah.php on line 87.
 1 APPPATH\Views\Penilaian\tambah.php(87): CodeIgniter\Debug\Exceptions->errorHandler(2, 'Undefined array key "orientasi_waktu"', 'APPPATH\\Views\\Penilaian\\tambah.php', 87)
 2 SYSTEMPATH\View\View.php(213): include('APPPATH\\Views\\Penilaian\\tambah.php')
 3 SYSTEMPATH\View\View.php(216): CodeIgniter\View\View->CodeIgniter\View\{closure}()
 4 SYSTEMPATH\Common.php(1134): CodeIgniter\View\View->render('Penilaian/tambah', [], true)
 5 APPPATH\Controllers\Penilaian.php(58): view('Penilaian/tambah', [...])
 6 SYSTEMPATH\CodeIgniter.php(927): App\Controllers\Penilaian->tambah()
 7 SYSTEMPATH\CodeIgniter.php(482): CodeIgniter\CodeIgniter->runController(Object(App\Controllers\Penilaian))
 8 SYSTEMPATH\CodeIgniter.php(351): CodeIgniter\CodeIgniter->handleRequest(null, Object(Config\Cache), false)
 9 FCPATH\index.php(67): CodeIgniter\CodeIgniter->run()
10 SYSTEMPATH\Commands\Server\rewrite.php(46): require_once('FCPATH\\index.php')
CRITICAL - 2023-07-30 03:57:41 --> Undefined array key "orientasi_waktu"
in APPPATH\Views\Penilaian\tambah.php on line 87.
 1 APPPATH\Views\Penilaian\tambah.php(87): CodeIgniter\Debug\Exceptions->errorHandler(2, 'Undefined array key "orientasi_waktu"', 'APPPATH\\Views\\Penilaian\\tambah.php', 87)
 2 SYSTEMPATH\View\View.php(213): include('APPPATH\\Views\\Penilaian\\tambah.php')
 3 SYSTEMPATH\View\View.php(216): CodeIgniter\View\View->CodeIgniter\View\{closure}()
 4 SYSTEMPATH\Common.php(1134): CodeIgniter\View\View->render('Penilaian/tambah', [], true)
 5 APPPATH\Controllers\Penilaian.php(58): view('Penilaian/tambah', [...])
 6 SYSTEMPATH\CodeIgniter.php(927): App\Controllers\Penilaian->tambah()
 7 SYSTEMPATH\CodeIgniter.php(482): CodeIgniter\CodeIgniter->runController(Object(App\Controllers\Penilaian))
 8 SYSTEMPATH\CodeIgniter.php(351): CodeIgniter\CodeIgniter->handleRequest(null, Object(Config\Cache), false)
 9 FCPATH\index.php(67): CodeIgniter\CodeIgniter->run()
10 SYSTEMPATH\Commands\Server\rewrite.php(46): require_once('FCPATH\\index.php')
CRITICAL - 2023-07-30 03:59:08 --> Undefined array key "orientasi_waktu"
in APPPATH\Views\Penilaian\tambah.php on line 87.
 1 APPPATH\Views\Penilaian\tambah.php(87): CodeIgniter\Debug\Exceptions->errorHandler(2, 'Undefined array key "orientasi_waktu"', 'APPPATH\\Views\\Penilaian\\tambah.php', 87)
 2 SYSTEMPATH\View\View.php(213): include('APPPATH\\Views\\Penilaian\\tambah.php')
 3 SYSTEMPATH\View\View.php(216): CodeIgniter\View\View->CodeIgniter\View\{closure}()
 4 SYSTEMPATH\Common.php(1134): CodeIgniter\View\View->render('Penilaian/tambah', [], true)
 5 APPPATH\Controllers\Penilaian.php(58): view('Penilaian/tambah', [...])
 6 SYSTEMPATH\CodeIgniter.php(927): App\Controllers\Penilaian->tambah()
 7 SYSTEMPATH\CodeIgniter.php(482): CodeIgniter\CodeIgniter->runController(Object(App\Controllers\Penilaian))
 8 SYSTEMPATH\CodeIgniter.php(351): CodeIgniter\CodeIgniter->handleRequest(null, Object(Config\Cache), false)
 9 FCPATH\index.php(67): CodeIgniter\CodeIgniter->run()
10 SYSTEMPATH\Commands\Server\rewrite.php(46): require_once('FCPATH\\index.php')
CRITICAL - 2023-07-30 04:03:12 --> Undefined array key "orientasi_waktu"
in APPPATH\Views\Penilaian\tambah.php on line 87.
 1 APPPATH\Views\Penilaian\tambah.php(87): CodeIgniter\Debug\Exceptions->errorHandler(2, 'Undefined array key "orientasi_waktu"', 'APPPATH\\Views\\Penilaian\\tambah.php', 87)
 2 SYSTEMPATH\View\View.php(213): include('APPPATH\\Views\\Penilaian\\tambah.php')
 3 SYSTEMPATH\View\View.php(216): CodeIgniter\View\View->CodeIgniter\View\{closure}()
 4 SYSTEMPATH\Common.php(1134): CodeIgniter\View\View->render('Penilaian/tambah', [], true)
 5 APPPATH\Controllers\Penilaian.php(58): view('Penilaian/tambah', [...])
 6 SYSTEMPATH\CodeIgniter.php(927): App\Controllers\Penilaian->tambah()
 7 SYSTEMPATH\CodeIgniter.php(482): CodeIgniter\CodeIgniter->runController(Object(App\Controllers\Penilaian))
 8 SYSTEMPATH\CodeIgniter.php(351): CodeIgniter\CodeIgniter->handleRequest(null, Object(Config\Cache), false)
 9 FCPATH\index.php(67): CodeIgniter\CodeIgniter->run()
10 SYSTEMPATH\Commands\Server\rewrite.php(46): require_once('FCPATH\\index.php')
ERROR - 2023-07-30 08:28:11 --> mysqli_sql_exception: Column 'orientasi_waktu' cannot be null in C:\xampp\htdocs\demensia\system\Database\MySQLi\Connection.php:292
Stack trace:
#0 C:\xampp\htdocs\demensia\system\Database\MySQLi\Connection.php(292): mysqli->query('INSERT INTO `do...', 0)
#1 C:\xampp\htdocs\demensia\system\Database\BaseConnection.php(666): CodeIgniter\Database\MySQLi\Connection->execute('INSERT INTO `do...')
#2 C:\xampp\htdocs\demensia\system\Database\BaseConnection.php(593): CodeIgniter\Database\BaseConnection->simpleQuery('INSERT INTO `do...')
#3 C:\xampp\htdocs\demensia\system\Database\BaseBuilder.php(1916): CodeIgniter\Database\BaseConnection->query('INSERT INTO `do...', Array, false)
#4 C:\xampp\htdocs\demensia\system\Model.php(294): CodeIgniter\Database\BaseBuilder->insert()
#5 C:\xampp\htdocs\demensia\system\BaseModel.php(749): CodeIgniter\Model->doInsert(Array)
#6 C:\xampp\htdocs\demensia\system\Model.php(682): CodeIgniter\BaseModel->insert(Array, false)
#7 C:\xampp\htdocs\demensia\system\BaseModel.php(659): CodeIgniter\Model->insert(Array, false)
#8 C:\xampp\htdocs\demensia\app\Controllers\Penilaian.php(85): CodeIgniter\BaseModel->save(Array)
#9 C:\xampp\htdocs\demensia\system\CodeIgniter.php(927): App\Controllers\Penilaian->simpan()
#10 C:\xampp\htdocs\demensia\system\CodeIgniter.php(482): CodeIgniter\CodeIgniter->runController(Object(App\Controllers\Penilaian))
#11 C:\xampp\htdocs\demensia\system\CodeIgniter.php(351): CodeIgniter\CodeIgniter->handleRequest(NULL, Object(Config\Cache), false)
#12 C:\xampp\htdocs\demensia\public\index.php(67): CodeIgniter\CodeIgniter->run()
#13 C:\xampp\htdocs\demensia\system\Commands\Server\rewrite.php(46): require_once('C:\\xampp\\htdocs...')
#14 {main}
CRITICAL - 2023-07-30 08:28:11 --> Column 'orientasi_waktu' cannot be null
in SYSTEMPATH\Database\MySQLi\Connection.php on line 292.
 1 SYSTEMPATH\Database\MySQLi\Connection.php(292): mysqli->query('INSERT INTO `dokumentasi` (`nama_pemeriksa`, `id_pasien`, `tanggal`, `orientasi_waktu`, `orientasi_tempat`, `registrasi`, `atensi_kalkulus`, `recall`, `bahasa_benda`, `bahasa_kata`, `bahasa_perintah`, `bahasa_perintah2`, `bahasa_tulis`, `bahasa_gambar`, `total`) VALUES (\'Wahyu Agustina\', \'29\', \'2023-07-30\', NULL, NULL, NULL, NULL, NULL, NULL, \'on\', \'on\', \'on\', \'on\', \'on\', NULL)', 0)
 2 SYSTEMPATH\Database\BaseConnection.php(666): CodeIgniter\Database\MySQLi\Connection->execute('INSERT INTO `dokumentasi` (`nama_pemeriksa`, `id_pasien`, `tanggal`, `orientasi_waktu`, `orientasi_tempat`, `registrasi`, `atensi_kalkulus`, `recall`, `bahasa_benda`, `bahasa_kata`, `bahasa_perintah`, `bahasa_perintah2`, `bahasa_tulis`, `bahasa_gambar`, `total`) VALUES (\'Wahyu Agustina\', \'29\', \'2023-07-30\', NULL, NULL, NULL, NULL, NULL, NULL, \'on\', \'on\', \'on\', \'on\', \'on\', NULL)')
 3 SYSTEMPATH\Database\BaseConnection.php(593): CodeIgniter\Database\BaseConnection->simpleQuery('INSERT INTO `dokumentasi` (`nama_pemeriksa`, `id_pasien`, `tanggal`, `orientasi_waktu`, `orientasi_tempat`, `registrasi`, `atensi_kalkulus`, `recall`, `bahasa_benda`, `bahasa_kata`, `bahasa_perintah`, `bahasa_perintah2`, `bahasa_tulis`, `bahasa_gambar`, `total`) VALUES (\'Wahyu Agustina\', \'29\', \'2023-07-30\', NULL, NULL, NULL, NULL, NULL, NULL, \'on\', \'on\', \'on\', \'on\', \'on\', NULL)')
 4 SYSTEMPATH\Database\BaseBuilder.php(1916): CodeIgniter\Database\BaseConnection->query('INSERT INTO `dokumentasi` (`nama_pemeriksa`, `id_pasien`, `tanggal`, `orientasi_waktu`, `orientasi_tempat`, `registrasi`, `atensi_kalkulus`, `recall`, `bahasa_benda`, `bahasa_kata`, `bahasa_perintah`, `bahasa_perintah2`, `bahasa_tulis`, `bahasa_gambar`, `total`) VALUES (:nama_pemeriksa:, :id_pasien:, :tanggal:, :orientasi_waktu:, :orientasi_tempat:, :registrasi:, :atensi_kalkulus:, :recall:, :bahasa_benda:, :bahasa_kata:, :bahasa_perintah:, :bahasa_perintah2:, :bahasa_tulis:, :bahasa_gambar:, :total:)', [...], false)
 5 SYSTEMPATH\Model.php(294): CodeIgniter\Database\BaseBuilder->insert()
 6 SYSTEMPATH\BaseModel.php(749): CodeIgniter\Model->doInsert([...])
 7 SYSTEMPATH\Model.php(682): CodeIgniter\BaseModel->insert([...], false)
 8 SYSTEMPATH\BaseModel.php(659): CodeIgniter\Model->insert([...], false)
 9 APPPATH\Controllers\Penilaian.php(85): CodeIgniter\BaseModel->save([...])
10 SYSTEMPATH\CodeIgniter.php(927): App\Controllers\Penilaian->simpan()
11 SYSTEMPATH\CodeIgniter.php(482): CodeIgniter\CodeIgniter->runController(Object(App\Controllers\Penilaian))
12 SYSTEMPATH\CodeIgniter.php(351): CodeIgniter\CodeIgniter->handleRequest(null, Object(Config\Cache), false)
13 FCPATH\index.php(67): CodeIgniter\CodeIgniter->run()
14 SYSTEMPATH\Commands\Server\rewrite.php(46): require_once('FCPATH\\index.php')
ERROR - 2023-07-30 08:51:31 --> mysqli_sql_exception: Column 'orientasi_waktu' cannot be null in C:\xampp\htdocs\demensia\system\Database\MySQLi\Connection.php:292
Stack trace:
#0 C:\xampp\htdocs\demensia\system\Database\MySQLi\Connection.php(292): mysqli->query('INSERT INTO `do...', 0)
#1 C:\xampp\htdocs\demensia\system\Database\BaseConnection.php(666): CodeIgniter\Database\MySQLi\Connection->execute('INSERT INTO `do...')
#2 C:\xampp\htdocs\demensia\system\Database\BaseConnection.php(593): CodeIgniter\Database\BaseConnection->simpleQuery('INSERT INTO `do...')
#3 C:\xampp\htdocs\demensia\system\Database\BaseBuilder.php(1916): CodeIgniter\Database\BaseConnection->query('INSERT INTO `do...', Array, false)
#4 C:\xampp\htdocs\demensia\system\Model.php(294): CodeIgniter\Database\BaseBuilder->insert()
#5 C:\xampp\htdocs\demensia\system\BaseModel.php(749): CodeIgniter\Model->doInsert(Array)
#6 C:\xampp\htdocs\demensia\system\Model.php(682): CodeIgniter\BaseModel->insert(Array, false)
#7 C:\xampp\htdocs\demensia\system\BaseModel.php(659): CodeIgniter\Model->insert(Array, false)
#8 C:\xampp\htdocs\demensia\app\Controllers\Penilaian.php(85): CodeIgniter\BaseModel->save(Array)
#9 C:\xampp\htdocs\demensia\system\CodeIgniter.php(927): App\Controllers\Penilaian->simpan()
#10 C:\xampp\htdocs\demensia\system\CodeIgniter.php(482): CodeIgniter\CodeIgniter->runController(Object(App\Controllers\Penilaian))
#11 C:\xampp\htdocs\demensia\system\CodeIgniter.php(351): CodeIgniter\CodeIgniter->handleRequest(NULL, Object(Config\Cache), false)
#12 C:\xampp\htdocs\demensia\public\index.php(67): CodeIgniter\CodeIgniter->run()
#13 C:\xampp\htdocs\demensia\system\Commands\Server\rewrite.php(46): require_once('C:\\xampp\\htdocs...')
#14 {main}
CRITICAL - 2023-07-30 08:51:31 --> Column 'orientasi_waktu' cannot be null
in SYSTEMPATH\Database\MySQLi\Connection.php on line 292.
 1 SYSTEMPATH\Database\MySQLi\Connection.php(292): mysqli->query('INSERT INTO `dokumentasi` (`nama_pemeriksa`, `id_pasien`, `tanggal`, `orientasi_waktu`, `orientasi_tempat`, `registrasi`, `atensi_kalkulus`, `recall`, `bahasa_benda`, `bahasa_kata`, `bahasa_perintah`, `bahasa_perintah2`, `bahasa_tulis`, `bahasa_gambar`, `total`) VALUES (\'Wahyu Agustina\', \'29\', \'2023-07-30\', NULL, NULL, NULL, NULL, NULL, NULL, \'on\', \'on\', \'on\', \'on\', \'on\', NULL)', 0)
 2 SYSTEMPATH\Database\BaseConnection.php(666): CodeIgniter\Database\MySQLi\Connection->execute('INSERT INTO `dokumentasi` (`nama_pemeriksa`, `id_pasien`, `tanggal`, `orientasi_waktu`, `orientasi_tempat`, `registrasi`, `atensi_kalkulus`, `recall`, `bahasa_benda`, `bahasa_kata`, `bahasa_perintah`, `bahasa_perintah2`, `bahasa_tulis`, `bahasa_gambar`, `total`) VALUES (\'Wahyu Agustina\', \'29\', \'2023-07-30\', NULL, NULL, NULL, NULL, NULL, NULL, \'on\', \'on\', \'on\', \'on\', \'on\', NULL)')
 3 SYSTEMPATH\Database\BaseConnection.php(593): CodeIgniter\Database\BaseConnection->simpleQuery('INSERT INTO `dokumentasi` (`nama_pemeriksa`, `id_pasien`, `tanggal`, `orientasi_waktu`, `orientasi_tempat`, `registrasi`, `atensi_kalkulus`, `recall`, `bahasa_benda`, `bahasa_kata`, `bahasa_perintah`, `bahasa_perintah2`, `bahasa_tulis`, `bahasa_gambar`, `total`) VALUES (\'Wahyu Agustina\', \'29\', \'2023-07-30\', NULL, NULL, NULL, NULL, NULL, NULL, \'on\', \'on\', \'on\', \'on\', \'on\', NULL)')
 4 SYSTEMPATH\Database\BaseBuilder.php(1916): CodeIgniter\Database\BaseConnection->query('INSERT INTO `dokumentasi` (`nama_pemeriksa`, `id_pasien`, `tanggal`, `orientasi_waktu`, `orientasi_tempat`, `registrasi`, `atensi_kalkulus`, `recall`, `bahasa_benda`, `bahasa_kata`, `bahasa_perintah`, `bahasa_perintah2`, `bahasa_tulis`, `bahasa_gambar`, `total`) VALUES (:nama_pemeriksa:, :id_pasien:, :tanggal:, :orientasi_waktu:, :orientasi_tempat:, :registrasi:, :atensi_kalkulus:, :recall:, :bahasa_benda:, :bahasa_kata:, :bahasa_perintah:, :bahasa_perintah2:, :bahasa_tulis:, :bahasa_gambar:, :total:)', [...], false)
 5 SYSTEMPATH\Model.php(294): CodeIgniter\Database\BaseBuilder->insert()
 6 SYSTEMPATH\BaseModel.php(749): CodeIgniter\Model->doInsert([...])
 7 SYSTEMPATH\Model.php(682): CodeIgniter\BaseModel->insert([...], false)
 8 SYSTEMPATH\BaseModel.php(659): CodeIgniter\Model->insert([...], false)
 9 APPPATH\Controllers\Penilaian.php(85): CodeIgniter\BaseModel->save([...])
10 SYSTEMPATH\CodeIgniter.php(927): App\Controllers\Penilaian->simpan()
11 SYSTEMPATH\CodeIgniter.php(482): CodeIgniter\CodeIgniter->runController(Object(App\Controllers\Penilaian))
12 SYSTEMPATH\CodeIgniter.php(351): CodeIgniter\CodeIgniter->handleRequest(null, Object(Config\Cache), false)
13 FCPATH\index.php(67): CodeIgniter\CodeIgniter->run()
14 SYSTEMPATH\Commands\Server\rewrite.php(46): require_once('FCPATH\\index.php')
ERROR - 2023-07-30 08:51:58 --> mysqli_sql_exception: Column 'orientasi_tempat' cannot be null in C:\xampp\htdocs\demensia\system\Database\MySQLi\Connection.php:292
Stack trace:
#0 C:\xampp\htdocs\demensia\system\Database\MySQLi\Connection.php(292): mysqli->query('INSERT INTO `do...', 0)
#1 C:\xampp\htdocs\demensia\system\Database\BaseConnection.php(666): CodeIgniter\Database\MySQLi\Connection->execute('INSERT INTO `do...')
#2 C:\xampp\htdocs\demensia\system\Database\BaseConnection.php(593): CodeIgniter\Database\BaseConnection->simpleQuery('INSERT INTO `do...')
#3 C:\xampp\htdocs\demensia\system\Database\BaseBuilder.php(1916): CodeIgniter\Database\BaseConnection->query('INSERT INTO `do...', Array, false)
#4 C:\xampp\htdocs\demensia\system\Model.php(294): CodeIgniter\Database\BaseBuilder->insert()
#5 C:\xampp\htdocs\demensia\system\BaseModel.php(749): CodeIgniter\Model->doInsert(Array)
#6 C:\xampp\htdocs\demensia\system\Model.php(682): CodeIgniter\BaseModel->insert(Array, false)
#7 C:\xampp\htdocs\demensia\system\BaseModel.php(659): CodeIgniter\Model->insert(Array, false)
#8 C:\xampp\htdocs\demensia\app\Controllers\Penilaian.php(85): CodeIgniter\BaseModel->save(Array)
#9 C:\xampp\htdocs\demensia\system\CodeIgniter.php(927): App\Controllers\Penilaian->simpan()
#10 C:\xampp\htdocs\demensia\system\CodeIgniter.php(482): CodeIgniter\CodeIgniter->runController(Object(App\Controllers\Penilaian))
#11 C:\xampp\htdocs\demensia\system\CodeIgniter.php(351): CodeIgniter\CodeIgniter->handleRequest(NULL, Object(Config\Cache), false)
#12 C:\xampp\htdocs\demensia\public\index.php(67): CodeIgniter\CodeIgniter->run()
#13 C:\xampp\htdocs\demensia\system\Commands\Server\rewrite.php(46): require_once('C:\\xampp\\htdocs...')
#14 {main}
CRITICAL - 2023-07-30 08:51:58 --> Column 'orientasi_tempat' cannot be null
in SYSTEMPATH\Database\MySQLi\Connection.php on line 292.
 1 SYSTEMPATH\Database\MySQLi\Connection.php(292): mysqli->query('INSERT INTO `dokumentasi` (`nama_pemeriksa`, `id_pasien`, `tanggal`, `orientasi_waktu`, `orientasi_tempat`, `registrasi`, `atensi_kalkulus`, `recall`, `bahasa_benda`, `bahasa_kata`, `bahasa_perintah`, `bahasa_perintah2`, `bahasa_tulis`, `bahasa_gambar`, `total`) VALUES (\'Wahyu Agustina\', \'29\', \'2023-07-30\', \'on\', NULL, NULL, NULL, NULL, NULL, NULL, \'on\', \'on\', \'on\', NULL, NULL)', 0)
 2 SYSTEMPATH\Database\BaseConnection.php(666): CodeIgniter\Database\MySQLi\Connection->execute('INSERT INTO `dokumentasi` (`nama_pemeriksa`, `id_pasien`, `tanggal`, `orientasi_waktu`, `orientasi_tempat`, `registrasi`, `atensi_kalkulus`, `recall`, `bahasa_benda`, `bahasa_kata`, `bahasa_perintah`, `bahasa_perintah2`, `bahasa_tulis`, `bahasa_gambar`, `total`) VALUES (\'Wahyu Agustina\', \'29\', \'2023-07-30\', \'on\', NULL, NULL, NULL, NULL, NULL, NULL, \'on\', \'on\', \'on\', NULL, NULL)')
 3 SYSTEMPATH\Database\BaseConnection.php(593): CodeIgniter\Database\BaseConnection->simpleQuery('INSERT INTO `dokumentasi` (`nama_pemeriksa`, `id_pasien`, `tanggal`, `orientasi_waktu`, `orientasi_tempat`, `registrasi`, `atensi_kalkulus`, `recall`, `bahasa_benda`, `bahasa_kata`, `bahasa_perintah`, `bahasa_perintah2`, `bahasa_tulis`, `bahasa_gambar`, `total`) VALUES (\'Wahyu Agustina\', \'29\', \'2023-07-30\', \'on\', NULL, NULL, NULL, NULL, NULL, NULL, \'on\', \'on\', \'on\', NULL, NULL)')
 4 SYSTEMPATH\Database\BaseBuilder.php(1916): CodeIgniter\Database\BaseConnection->query('INSERT INTO `dokumentasi` (`nama_pemeriksa`, `id_pasien`, `tanggal`, `orientasi_waktu`, `orientasi_tempat`, `registrasi`, `atensi_kalkulus`, `recall`, `bahasa_benda`, `bahasa_kata`, `bahasa_perintah`, `bahasa_perintah2`, `bahasa_tulis`, `bahasa_gambar`, `total`) VALUES (:nama_pemeriksa:, :id_pasien:, :tanggal:, :orientasi_waktu:, :orientasi_tempat:, :registrasi:, :atensi_kalkulus:, :recall:, :bahasa_benda:, :bahasa_kata:, :bahasa_perintah:, :bahasa_perintah2:, :bahasa_tulis:, :bahasa_gambar:, :total:)', [...], false)
 5 SYSTEMPATH\Model.php(294): CodeIgniter\Database\BaseBuilder->insert()
 6 SYSTEMPATH\BaseModel.php(749): CodeIgniter\Model->doInsert([...])
 7 SYSTEMPATH\Model.php(682): CodeIgniter\BaseModel->insert([...], false)
 8 SYSTEMPATH\BaseModel.php(659): CodeIgniter\Model->insert([...], false)
 9 APPPATH\Controllers\Penilaian.php(85): CodeIgniter\BaseModel->save([...])
10 SYSTEMPATH\CodeIgniter.php(927): App\Controllers\Penilaian->simpan()
11 SYSTEMPATH\CodeIgniter.php(482): CodeIgniter\CodeIgniter->runController(Object(App\Controllers\Penilaian))
12 SYSTEMPATH\CodeIgniter.php(351): CodeIgniter\CodeIgniter->handleRequest(null, Object(Config\Cache), false)
13 FCPATH\index.php(67): CodeIgniter\CodeIgniter->run()
14 SYSTEMPATH\Commands\Server\rewrite.php(46): require_once('FCPATH\\index.php')
ERROR - 2023-07-30 21:59:38 --> mysqli_sql_exception: Column 'orientasi_waktu' cannot be null in C:\xampp\htdocs\demensia\system\Database\MySQLi\Connection.php:292
Stack trace:
#0 C:\xampp\htdocs\demensia\system\Database\MySQLi\Connection.php(292): mysqli->query('INSERT INTO `do...', 0)
#1 C:\xampp\htdocs\demensia\system\Database\BaseConnection.php(666): CodeIgniter\Database\MySQLi\Connection->execute('INSERT INTO `do...')
#2 C:\xampp\htdocs\demensia\system\Database\BaseConnection.php(593): CodeIgniter\Database\BaseConnection->simpleQuery('INSERT INTO `do...')
#3 C:\xampp\htdocs\demensia\system\Database\BaseBuilder.php(1916): CodeIgniter\Database\BaseConnection->query('INSERT INTO `do...', Array, false)
#4 C:\xampp\htdocs\demensia\system\Model.php(294): CodeIgniter\Database\BaseBuilder->insert()
#5 C:\xampp\htdocs\demensia\system\BaseModel.php(749): CodeIgniter\Model->doInsert(Array)
#6 C:\xampp\htdocs\demensia\system\Model.php(682): CodeIgniter\BaseModel->insert(Array, false)
#7 C:\xampp\htdocs\demensia\system\BaseModel.php(659): CodeIgniter\Model->insert(Array, false)
#8 C:\xampp\htdocs\demensia\app\Controllers\Penilaian.php(85): CodeIgniter\BaseModel->save(Array)
#9 C:\xampp\htdocs\demensia\system\CodeIgniter.php(927): App\Controllers\Penilaian->simpan()
#10 C:\xampp\htdocs\demensia\system\CodeIgniter.php(482): CodeIgniter\CodeIgniter->runController(Object(App\Controllers\Penilaian))
#11 C:\xampp\htdocs\demensia\system\CodeIgniter.php(351): CodeIgniter\CodeIgniter->handleRequest(NULL, Object(Config\Cache), false)
#12 C:\xampp\htdocs\demensia\public\index.php(67): CodeIgniter\CodeIgniter->run()
#13 C:\xampp\htdocs\demensia\system\Commands\Server\rewrite.php(46): require_once('C:\\xampp\\htdocs...')
#14 {main}
CRITICAL - 2023-07-30 21:59:38 --> Column 'orientasi_waktu' cannot be null
in SYSTEMPATH\Database\MySQLi\Connection.php on line 292.
 1 SYSTEMPATH\Database\MySQLi\Connection.php(292): mysqli->query('INSERT INTO `dokumentasi` (`nama_pemeriksa`, `id_pasien`, `tanggal`, `orientasi_waktu`, `orientasi_tempat`, `registrasi`, `atensi_kalkulus`, `recall`, `bahasa_benda`, `bahasa_kata`, `bahasa_perintah`, `bahasa_perintah2`, `bahasa_tulis`, `bahasa_gambar`, `total`) VALUES (\'Wahyu Agustina\', \'29\', \'2023-07-31\', NULL, NULL, NULL, NULL, \'on\', NULL, NULL, \'on\', \'on\', \'on\', NULL, NULL)', 0)
 2 SYSTEMPATH\Database\BaseConnection.php(666): CodeIgniter\Database\MySQLi\Connection->execute('INSERT INTO `dokumentasi` (`nama_pemeriksa`, `id_pasien`, `tanggal`, `orientasi_waktu`, `orientasi_tempat`, `registrasi`, `atensi_kalkulus`, `recall`, `bahasa_benda`, `bahasa_kata`, `bahasa_perintah`, `bahasa_perintah2`, `bahasa_tulis`, `bahasa_gambar`, `total`) VALUES (\'Wahyu Agustina\', \'29\', \'2023-07-31\', NULL, NULL, NULL, NULL, \'on\', NULL, NULL, \'on\', \'on\', \'on\', NULL, NULL)')
 3 SYSTEMPATH\Database\BaseConnection.php(593): CodeIgniter\Database\BaseConnection->simpleQuery('INSERT INTO `dokumentasi` (`nama_pemeriksa`, `id_pasien`, `tanggal`, `orientasi_waktu`, `orientasi_tempat`, `registrasi`, `atensi_kalkulus`, `recall`, `bahasa_benda`, `bahasa_kata`, `bahasa_perintah`, `bahasa_perintah2`, `bahasa_tulis`, `bahasa_gambar`, `total`) VALUES (\'Wahyu Agustina\', \'29\', \'2023-07-31\', NULL, NULL, NULL, NULL, \'on\', NULL, NULL, \'on\', \'on\', \'on\', NULL, NULL)')
 4 SYSTEMPATH\Database\BaseBuilder.php(1916): CodeIgniter\Database\BaseConnection->query('INSERT INTO `dokumentasi` (`nama_pemeriksa`, `id_pasien`, `tanggal`, `orientasi_waktu`, `orientasi_tempat`, `registrasi`, `atensi_kalkulus`, `recall`, `bahasa_benda`, `bahasa_kata`, `bahasa_perintah`, `bahasa_perintah2`, `bahasa_tulis`, `bahasa_gambar`, `total`) VALUES (:nama_pemeriksa:, :id_pasien:, :tanggal:, :orientasi_waktu:, :orientasi_tempat:, :registrasi:, :atensi_kalkulus:, :recall:, :bahasa_benda:, :bahasa_kata:, :bahasa_perintah:, :bahasa_perintah2:, :bahasa_tulis:, :bahasa_gambar:, :total:)', [...], false)
 5 SYSTEMPATH\Model.php(294): CodeIgniter\Database\BaseBuilder->insert()
 6 SYSTEMPATH\BaseModel.php(749): CodeIgniter\Model->doInsert([...])
 7 SYSTEMPATH\Model.php(682): CodeIgniter\BaseModel->insert([...], false)
 8 SYSTEMPATH\BaseModel.php(659): CodeIgniter\Model->insert([...], false)
 9 APPPATH\Controllers\Penilaian.php(85): CodeIgniter\BaseModel->save([...])
10 SYSTEMPATH\CodeIgniter.php(927): App\Controllers\Penilaian->simpan()
11 SYSTEMPATH\CodeIgniter.php(482): CodeIgniter\CodeIgniter->runController(Object(App\Controllers\Penilaian))
12 SYSTEMPATH\CodeIgniter.php(351): CodeIgniter\CodeIgniter->handleRequest(null, Object(Config\Cache), false)
13 FCPATH\index.php(67): CodeIgniter\CodeIgniter->run()
14 SYSTEMPATH\Commands\Server\rewrite.php(46): require_once('FCPATH\\index.php')
ERROR - 2023-07-30 22:58:01 --> mysqli_sql_exception: Column 'bahasa_kata' cannot be null in C:\xampp\htdocs\demensia\system\Database\MySQLi\Connection.php:292
Stack trace:
#0 C:\xampp\htdocs\demensia\system\Database\MySQLi\Connection.php(292): mysqli->query('INSERT INTO `do...', 0)
#1 C:\xampp\htdocs\demensia\system\Database\BaseConnection.php(666): CodeIgniter\Database\MySQLi\Connection->execute('INSERT INTO `do...')
#2 C:\xampp\htdocs\demensia\system\Database\BaseConnection.php(593): CodeIgniter\Database\BaseConnection->simpleQuery('INSERT INTO `do...')
#3 C:\xampp\htdocs\demensia\system\Database\BaseBuilder.php(1916): CodeIgniter\Database\BaseConnection->query('INSERT INTO `do...', Array, false)
#4 C:\xampp\htdocs\demensia\system\Model.php(294): CodeIgniter\Database\BaseBuilder->insert()
#5 C:\xampp\htdocs\demensia\system\BaseModel.php(749): CodeIgniter\Model->doInsert(Array)
#6 C:\xampp\htdocs\demensia\system\Model.php(682): CodeIgniter\BaseModel->insert(Array, false)
#7 C:\xampp\htdocs\demensia\system\BaseModel.php(659): CodeIgniter\Model->insert(Array, false)
#8 C:\xampp\htdocs\demensia\app\Controllers\Penilaian.php(85): CodeIgniter\BaseModel->save(Array)
#9 C:\xampp\htdocs\demensia\system\CodeIgniter.php(927): App\Controllers\Penilaian->simpan()
#10 C:\xampp\htdocs\demensia\system\CodeIgniter.php(482): CodeIgniter\CodeIgniter->runController(Object(App\Controllers\Penilaian))
#11 C:\xampp\htdocs\demensia\system\CodeIgniter.php(351): CodeIgniter\CodeIgniter->handleRequest(NULL, Object(Config\Cache), false)
#12 C:\xampp\htdocs\demensia\public\index.php(67): CodeIgniter\CodeIgniter->run()
#13 C:\xampp\htdocs\demensia\system\Commands\Server\rewrite.php(46): require_once('C:\\xampp\\htdocs...')
#14 {main}
CRITICAL - 2023-07-30 22:58:01 --> Column 'bahasa_kata' cannot be null
in SYSTEMPATH\Database\MySQLi\Connection.php on line 292.
 1 SYSTEMPATH\Database\MySQLi\Connection.php(292): mysqli->query('INSERT INTO `dokumentasi` (`nama_pemeriksa`, `id_pasien`, `tanggal`, `orientasi_waktu`, `orientasi_tempat`, `registrasi`, `atensi_kalkulus`, `recall`, `bahasa_benda`, `bahasa_kata`, `bahasa_perintah`, `bahasa_perintah2`, `bahasa_tulis`, `bahasa_gambar`, `total`) VALUES (\'Wahyu Agustina\', \'29\', \'2023-07-31\', \'on\', \'on\', \'on\', \'on\', \'on\', \'on\', NULL, \'on\', \'on\', \'on\', \'on\', NULL)', 0)
 2 SYSTEMPATH\Database\BaseConnection.php(666): CodeIgniter\Database\MySQLi\Connection->execute('INSERT INTO `dokumentasi` (`nama_pemeriksa`, `id_pasien`, `tanggal`, `orientasi_waktu`, `orientasi_tempat`, `registrasi`, `atensi_kalkulus`, `recall`, `bahasa_benda`, `bahasa_kata`, `bahasa_perintah`, `bahasa_perintah2`, `bahasa_tulis`, `bahasa_gambar`, `total`) VALUES (\'Wahyu Agustina\', \'29\', \'2023-07-31\', \'on\', \'on\', \'on\', \'on\', \'on\', \'on\', NULL, \'on\', \'on\', \'on\', \'on\', NULL)')
 3 SYSTEMPATH\Database\BaseConnection.php(593): CodeIgniter\Database\BaseConnection->simpleQuery('INSERT INTO `dokumentasi` (`nama_pemeriksa`, `id_pasien`, `tanggal`, `orientasi_waktu`, `orientasi_tempat`, `registrasi`, `atensi_kalkulus`, `recall`, `bahasa_benda`, `bahasa_kata`, `bahasa_perintah`, `bahasa_perintah2`, `bahasa_tulis`, `bahasa_gambar`, `total`) VALUES (\'Wahyu Agustina\', \'29\', \'2023-07-31\', \'on\', \'on\', \'on\', \'on\', \'on\', \'on\', NULL, \'on\', \'on\', \'on\', \'on\', NULL)')
 4 SYSTEMPATH\Database\BaseBuilder.php(1916): CodeIgniter\Database\BaseConnection->query('INSERT INTO `dokumentasi` (`nama_pemeriksa`, `id_pasien`, `tanggal`, `orientasi_waktu`, `orientasi_tempat`, `registrasi`, `atensi_kalkulus`, `recall`, `bahasa_benda`, `bahasa_kata`, `bahasa_perintah`, `bahasa_perintah2`, `bahasa_tulis`, `bahasa_gambar`, `total`) VALUES (:nama_pemeriksa:, :id_pasien:, :tanggal:, :orientasi_waktu:, :orientasi_tempat:, :registrasi:, :atensi_kalkulus:, :recall:, :bahasa_benda:, :bahasa_kata:, :bahasa_perintah:, :bahasa_perintah2:, :bahasa_tulis:, :bahasa_gambar:, :total:)', [...], false)
 5 SYSTEMPATH\Model.php(294): CodeIgniter\Database\BaseBuilder->insert()
 6 SYSTEMPATH\BaseModel.php(749): CodeIgniter\Model->doInsert([...])
 7 SYSTEMPATH\Model.php(682): CodeIgniter\BaseModel->insert([...], false)
 8 SYSTEMPATH\BaseModel.php(659): CodeIgniter\Model->insert([...], false)
 9 APPPATH\Controllers\Penilaian.php(85): CodeIgniter\BaseModel->save([...])
10 SYSTEMPATH\CodeIgniter.php(927): App\Controllers\Penilaian->simpan()
11 SYSTEMPATH\CodeIgniter.php(482): CodeIgniter\CodeIgniter->runController(Object(App\Controllers\Penilaian))
12 SYSTEMPATH\CodeIgniter.php(351): CodeIgniter\CodeIgniter->handleRequest(null, Object(Config\Cache), false)
13 FCPATH\index.php(67): CodeIgniter\CodeIgniter->run()
14 SYSTEMPATH\Commands\Server\rewrite.php(46): require_once('FCPATH\\index.php')
ERROR - 2023-07-30 22:59:49 --> mysqli_sql_exception: Column 'total' cannot be null in C:\xampp\htdocs\demensia\system\Database\MySQLi\Connection.php:292
Stack trace:
#0 C:\xampp\htdocs\demensia\system\Database\MySQLi\Connection.php(292): mysqli->query('INSERT INTO `do...', 0)
#1 C:\xampp\htdocs\demensia\system\Database\BaseConnection.php(666): CodeIgniter\Database\MySQLi\Connection->execute('INSERT INTO `do...')
#2 C:\xampp\htdocs\demensia\system\Database\BaseConnection.php(593): CodeIgniter\Database\BaseConnection->simpleQuery('INSERT INTO `do...')
#3 C:\xampp\htdocs\demensia\system\Database\BaseBuilder.php(1916): CodeIgniter\Database\BaseConnection->query('INSERT INTO `do...', Array, false)
#4 C:\xampp\htdocs\demensia\system\Model.php(294): CodeIgniter\Database\BaseBuilder->insert()
#5 C:\xampp\htdocs\demensia\system\BaseModel.php(749): CodeIgniter\Model->doInsert(Array)
#6 C:\xampp\htdocs\demensia\system\Model.php(682): CodeIgniter\BaseModel->insert(Array, false)
#7 C:\xampp\htdocs\demensia\system\BaseModel.php(659): CodeIgniter\Model->insert(Array, false)
#8 C:\xampp\htdocs\demensia\app\Controllers\Penilaian.php(85): CodeIgniter\BaseModel->save(Array)
#9 C:\xampp\htdocs\demensia\system\CodeIgniter.php(927): App\Controllers\Penilaian->simpan()
#10 C:\xampp\htdocs\demensia\system\CodeIgniter.php(482): CodeIgniter\CodeIgniter->runController(Object(App\Controllers\Penilaian))
#11 C:\xampp\htdocs\demensia\system\CodeIgniter.php(351): CodeIgniter\CodeIgniter->handleRequest(NULL, Object(Config\Cache), false)
#12 C:\xampp\htdocs\demensia\public\index.php(67): CodeIgniter\CodeIgniter->run()
#13 C:\xampp\htdocs\demensia\system\Commands\Server\rewrite.php(46): require_once('C:\\xampp\\htdocs...')
#14 {main}
CRITICAL - 2023-07-30 22:59:49 --> Column 'total' cannot be null
in SYSTEMPATH\Database\MySQLi\Connection.php on line 292.
 1 SYSTEMPATH\Database\MySQLi\Connection.php(292): mysqli->query('INSERT INTO `dokumentasi` (`nama_pemeriksa`, `id_pasien`, `tanggal`, `orientasi_waktu`, `orientasi_tempat`, `registrasi`, `atensi_kalkulus`, `recall`, `bahasa_benda`, `bahasa_kata`, `bahasa_perintah`, `bahasa_perintah2`, `bahasa_tulis`, `bahasa_gambar`, `total`) VALUES (\'Wahyu Agustina\', \'29\', \'2023-07-31\', \'on\', \'on\', \'on\', \'on\', \'on\', \'on\', \'on\', \'on\', \'on\', \'on\', \'on\', NULL)', 0)
 2 SYSTEMPATH\Database\BaseConnection.php(666): CodeIgniter\Database\MySQLi\Connection->execute('INSERT INTO `dokumentasi` (`nama_pemeriksa`, `id_pasien`, `tanggal`, `orientasi_waktu`, `orientasi_tempat`, `registrasi`, `atensi_kalkulus`, `recall`, `bahasa_benda`, `bahasa_kata`, `bahasa_perintah`, `bahasa_perintah2`, `bahasa_tulis`, `bahasa_gambar`, `total`) VALUES (\'Wahyu Agustina\', \'29\', \'2023-07-31\', \'on\', \'on\', \'on\', \'on\', \'on\', \'on\', \'on\', \'on\', \'on\', \'on\', \'on\', NULL)')
 3 SYSTEMPATH\Database\BaseConnection.php(593): CodeIgniter\Database\BaseConnection->simpleQuery('INSERT INTO `dokumentasi` (`nama_pemeriksa`, `id_pasien`, `tanggal`, `orientasi_waktu`, `orientasi_tempat`, `registrasi`, `atensi_kalkulus`, `recall`, `bahasa_benda`, `bahasa_kata`, `bahasa_perintah`, `bahasa_perintah2`, `bahasa_tulis`, `bahasa_gambar`, `total`) VALUES (\'Wahyu Agustina\', \'29\', \'2023-07-31\', \'on\', \'on\', \'on\', \'on\', \'on\', \'on\', \'on\', \'on\', \'on\', \'on\', \'on\', NULL)')
 4 SYSTEMPATH\Database\BaseBuilder.php(1916): CodeIgniter\Database\BaseConnection->query('INSERT INTO `dokumentasi` (`nama_pemeriksa`, `id_pasien`, `tanggal`, `orientasi_waktu`, `orientasi_tempat`, `registrasi`, `atensi_kalkulus`, `recall`, `bahasa_benda`, `bahasa_kata`, `bahasa_perintah`, `bahasa_perintah2`, `bahasa_tulis`, `bahasa_gambar`, `total`) VALUES (:nama_pemeriksa:, :id_pasien:, :tanggal:, :orientasi_waktu:, :orientasi_tempat:, :registrasi:, :atensi_kalkulus:, :recall:, :bahasa_benda:, :bahasa_kata:, :bahasa_perintah:, :bahasa_perintah2:, :bahasa_tulis:, :bahasa_gambar:, :total:)', [...], false)
 5 SYSTEMPATH\Model.php(294): CodeIgniter\Database\BaseBuilder->insert()
 6 SYSTEMPATH\BaseModel.php(749): CodeIgniter\Model->doInsert([...])
 7 SYSTEMPATH\Model.php(682): CodeIgniter\BaseModel->insert([...], false)
 8 SYSTEMPATH\BaseModel.php(659): CodeIgniter\Model->insert([...], false)
 9 APPPATH\Controllers\Penilaian.php(85): CodeIgniter\BaseModel->save([...])
10 SYSTEMPATH\CodeIgniter.php(927): App\Controllers\Penilaian->simpan()
11 SYSTEMPATH\CodeIgniter.php(482): CodeIgniter\CodeIgniter->runController(Object(App\Controllers\Penilaian))
12 SYSTEMPATH\CodeIgniter.php(351): CodeIgniter\CodeIgniter->handleRequest(null, Object(Config\Cache), false)
13 FCPATH\index.php(67): CodeIgniter\CodeIgniter->run()
14 SYSTEMPATH\Commands\Server\rewrite.php(46): require_once('FCPATH\\index.php')
ERROR - 2023-07-30 23:02:24 --> mysqli_sql_exception: Column 'total' cannot be null in C:\xampp\htdocs\demensia\system\Database\MySQLi\Connection.php:292
Stack trace:
#0 C:\xampp\htdocs\demensia\system\Database\MySQLi\Connection.php(292): mysqli->query('INSERT INTO `do...', 0)
#1 C:\xampp\htdocs\demensia\system\Database\BaseConnection.php(666): CodeIgniter\Database\MySQLi\Connection->execute('INSERT INTO `do...')
#2 C:\xampp\htdocs\demensia\system\Database\BaseConnection.php(593): CodeIgniter\Database\BaseConnection->simpleQuery('INSERT INTO `do...')
#3 C:\xampp\htdocs\demensia\system\Database\BaseBuilder.php(1916): CodeIgniter\Database\BaseConnection->query('INSERT INTO `do...', Array, false)
#4 C:\xampp\htdocs\demensia\system\Model.php(294): CodeIgniter\Database\BaseBuilder->insert()
#5 C:\xampp\htdocs\demensia\system\BaseModel.php(749): CodeIgniter\Model->doInsert(Array)
#6 C:\xampp\htdocs\demensia\system\Model.php(682): CodeIgniter\BaseModel->insert(Array, false)
#7 C:\xampp\htdocs\demensia\system\BaseModel.php(659): CodeIgniter\Model->insert(Array, false)
#8 C:\xampp\htdocs\demensia\app\Controllers\Penilaian.php(85): CodeIgniter\BaseModel->save(Array)
#9 C:\xampp\htdocs\demensia\system\CodeIgniter.php(927): App\Controllers\Penilaian->simpan()
#10 C:\xampp\htdocs\demensia\system\CodeIgniter.php(482): CodeIgniter\CodeIgniter->runController(Object(App\Controllers\Penilaian))
#11 C:\xampp\htdocs\demensia\system\CodeIgniter.php(351): CodeIgniter\CodeIgniter->handleRequest(NULL, Object(Config\Cache), false)
#12 C:\xampp\htdocs\demensia\public\index.php(67): CodeIgniter\CodeIgniter->run()
#13 C:\xampp\htdocs\demensia\system\Commands\Server\rewrite.php(46): require_once('C:\\xampp\\htdocs...')
#14 {main}
CRITICAL - 2023-07-30 23:02:24 --> Column 'total' cannot be null
in SYSTEMPATH\Database\MySQLi\Connection.php on line 292.
 1 SYSTEMPATH\Database\MySQLi\Connection.php(292): mysqli->query('INSERT INTO `dokumentasi` (`nama_pemeriksa`, `id_pasien`, `tanggal`, `orientasi_waktu`, `orientasi_tempat`, `registrasi`, `atensi_kalkulus`, `recall`, `bahasa_benda`, `bahasa_kata`, `bahasa_perintah`, `bahasa_perintah2`, `bahasa_tulis`, `bahasa_gambar`, `total`) VALUES (\'Wahyu Agustina\', \'29\', \'2023-07-31\', \'on\', \'on\', \'on\', \'on\', \'on\', \'on\', \'on\', \'on\', \'on\', \'on\', \'on\', NULL)', 0)
 2 SYSTEMPATH\Database\BaseConnection.php(666): CodeIgniter\Database\MySQLi\Connection->execute('INSERT INTO `dokumentasi` (`nama_pemeriksa`, `id_pasien`, `tanggal`, `orientasi_waktu`, `orientasi_tempat`, `registrasi`, `atensi_kalkulus`, `recall`, `bahasa_benda`, `bahasa_kata`, `bahasa_perintah`, `bahasa_perintah2`, `bahasa_tulis`, `bahasa_gambar`, `total`) VALUES (\'Wahyu Agustina\', \'29\', \'2023-07-31\', \'on\', \'on\', \'on\', \'on\', \'on\', \'on\', \'on\', \'on\', \'on\', \'on\', \'on\', NULL)')
 3 SYSTEMPATH\Database\BaseConnection.php(593): CodeIgniter\Database\BaseConnection->simpleQuery('INSERT INTO `dokumentasi` (`nama_pemeriksa`, `id_pasien`, `tanggal`, `orientasi_waktu`, `orientasi_tempat`, `registrasi`, `atensi_kalkulus`, `recall`, `bahasa_benda`, `bahasa_kata`, `bahasa_perintah`, `bahasa_perintah2`, `bahasa_tulis`, `bahasa_gambar`, `total`) VALUES (\'Wahyu Agustina\', \'29\', \'2023-07-31\', \'on\', \'on\', \'on\', \'on\', \'on\', \'on\', \'on\', \'on\', \'on\', \'on\', \'on\', NULL)')
 4 SYSTEMPATH\Database\BaseBuilder.php(1916): CodeIgniter\Database\BaseConnection->query('INSERT INTO `dokumentasi` (`nama_pemeriksa`, `id_pasien`, `tanggal`, `orientasi_waktu`, `orientasi_tempat`, `registrasi`, `atensi_kalkulus`, `recall`, `bahasa_benda`, `bahasa_kata`, `bahasa_perintah`, `bahasa_perintah2`, `bahasa_tulis`, `bahasa_gambar`, `total`) VALUES (:nama_pemeriksa:, :id_pasien:, :tanggal:, :orientasi_waktu:, :orientasi_tempat:, :registrasi:, :atensi_kalkulus:, :recall:, :bahasa_benda:, :bahasa_kata:, :bahasa_perintah:, :bahasa_perintah2:, :bahasa_tulis:, :bahasa_gambar:, :total:)', [...], false)
 5 SYSTEMPATH\Model.php(294): CodeIgniter\Database\BaseBuilder->insert()
 6 SYSTEMPATH\BaseModel.php(749): CodeIgniter\Model->doInsert([...])
 7 SYSTEMPATH\Model.php(682): CodeIgniter\BaseModel->insert([...], false)
 8 SYSTEMPATH\BaseModel.php(659): CodeIgniter\Model->insert([...], false)
 9 APPPATH\Controllers\Penilaian.php(85): CodeIgniter\BaseModel->save([...])
10 SYSTEMPATH\CodeIgniter.php(927): App\Controllers\Penilaian->simpan()
11 SYSTEMPATH\CodeIgniter.php(482): CodeIgniter\CodeIgniter->runController(Object(App\Controllers\Penilaian))
12 SYSTEMPATH\CodeIgniter.php(351): CodeIgniter\CodeIgniter->handleRequest(null, Object(Config\Cache), false)
13 FCPATH\index.php(67): CodeIgniter\CodeIgniter->run()
14 SYSTEMPATH\Commands\Server\rewrite.php(46): require_once('FCPATH\\index.php')
ERROR - 2023-07-30 23:03:05 --> mysqli_sql_exception: Column 'total' cannot be null in C:\xampp\htdocs\demensia\system\Database\MySQLi\Connection.php:292
Stack trace:
#0 C:\xampp\htdocs\demensia\system\Database\MySQLi\Connection.php(292): mysqli->query('INSERT INTO `do...', 0)
#1 C:\xampp\htdocs\demensia\system\Database\BaseConnection.php(666): CodeIgniter\Database\MySQLi\Connection->execute('INSERT INTO `do...')
#2 C:\xampp\htdocs\demensia\system\Database\BaseConnection.php(593): CodeIgniter\Database\BaseConnection->simpleQuery('INSERT INTO `do...')
#3 C:\xampp\htdocs\demensia\system\Database\BaseBuilder.php(1916): CodeIgniter\Database\BaseConnection->query('INSERT INTO `do...', Array, false)
#4 C:\xampp\htdocs\demensia\system\Model.php(294): CodeIgniter\Database\BaseBuilder->insert()
#5 C:\xampp\htdocs\demensia\system\BaseModel.php(749): CodeIgniter\Model->doInsert(Array)
#6 C:\xampp\htdocs\demensia\system\Model.php(682): CodeIgniter\BaseModel->insert(Array, false)
#7 C:\xampp\htdocs\demensia\system\BaseModel.php(659): CodeIgniter\Model->insert(Array, false)
#8 C:\xampp\htdocs\demensia\app\Controllers\Penilaian.php(85): CodeIgniter\BaseModel->save(Array)
#9 C:\xampp\htdocs\demensia\system\CodeIgniter.php(927): App\Controllers\Penilaian->simpan()
#10 C:\xampp\htdocs\demensia\system\CodeIgniter.php(482): CodeIgniter\CodeIgniter->runController(Object(App\Controllers\Penilaian))
#11 C:\xampp\htdocs\demensia\system\CodeIgniter.php(351): CodeIgniter\CodeIgniter->handleRequest(NULL, Object(Config\Cache), false)
#12 C:\xampp\htdocs\demensia\public\index.php(67): CodeIgniter\CodeIgniter->run()
#13 C:\xampp\htdocs\demensia\system\Commands\Server\rewrite.php(46): require_once('C:\\xampp\\htdocs...')
#14 {main}
CRITICAL - 2023-07-30 23:03:05 --> Column 'total' cannot be null
in SYSTEMPATH\Database\MySQLi\Connection.php on line 292.
 1 SYSTEMPATH\Database\MySQLi\Connection.php(292): mysqli->query('INSERT INTO `dokumentasi` (`nama_pemeriksa`, `id_pasien`, `tanggal`, `orientasi_waktu`, `orientasi_tempat`, `registrasi`, `atensi_kalkulus`, `recall`, `bahasa_benda`, `bahasa_kata`, `bahasa_perintah`, `bahasa_perintah2`, `bahasa_tulis`, `bahasa_gambar`, `total`) VALUES (\'Wahyu Agustina\', \'29\', \'2023-07-31\', \'on\', \'on\', \'on\', \'on\', \'on\', \'on\', \'on\', \'on\', \'on\', \'on\', \'on\', NULL)', 0)
 2 SYSTEMPATH\Database\BaseConnection.php(666): CodeIgniter\Database\MySQLi\Connection->execute('INSERT INTO `dokumentasi` (`nama_pemeriksa`, `id_pasien`, `tanggal`, `orientasi_waktu`, `orientasi_tempat`, `registrasi`, `atensi_kalkulus`, `recall`, `bahasa_benda`, `bahasa_kata`, `bahasa_perintah`, `bahasa_perintah2`, `bahasa_tulis`, `bahasa_gambar`, `total`) VALUES (\'Wahyu Agustina\', \'29\', \'2023-07-31\', \'on\', \'on\', \'on\', \'on\', \'on\', \'on\', \'on\', \'on\', \'on\', \'on\', \'on\', NULL)')
 3 SYSTEMPATH\Database\BaseConnection.php(593): CodeIgniter\Database\BaseConnection->simpleQuery('INSERT INTO `dokumentasi` (`nama_pemeriksa`, `id_pasien`, `tanggal`, `orientasi_waktu`, `orientasi_tempat`, `registrasi`, `atensi_kalkulus`, `recall`, `bahasa_benda`, `bahasa_kata`, `bahasa_perintah`, `bahasa_perintah2`, `bahasa_tulis`, `bahasa_gambar`, `total`) VALUES (\'Wahyu Agustina\', \'29\', \'2023-07-31\', \'on\', \'on\', \'on\', \'on\', \'on\', \'on\', \'on\', \'on\', \'on\', \'on\', \'on\', NULL)')
 4 SYSTEMPATH\Database\BaseBuilder.php(1916): CodeIgniter\Database\BaseConnection->query('INSERT INTO `dokumentasi` (`nama_pemeriksa`, `id_pasien`, `tanggal`, `orientasi_waktu`, `orientasi_tempat`, `registrasi`, `atensi_kalkulus`, `recall`, `bahasa_benda`, `bahasa_kata`, `bahasa_perintah`, `bahasa_perintah2`, `bahasa_tulis`, `bahasa_gambar`, `total`) VALUES (:nama_pemeriksa:, :id_pasien:, :tanggal:, :orientasi_waktu:, :orientasi_tempat:, :registrasi:, :atensi_kalkulus:, :recall:, :bahasa_benda:, :bahasa_kata:, :bahasa_perintah:, :bahasa_perintah2:, :bahasa_tulis:, :bahasa_gambar:, :total:)', [...], false)
 5 SYSTEMPATH\Model.php(294): CodeIgniter\Database\BaseBuilder->insert()
 6 SYSTEMPATH\BaseModel.php(749): CodeIgniter\Model->doInsert([...])
 7 SYSTEMPATH\Model.php(682): CodeIgniter\BaseModel->insert([...], false)
 8 SYSTEMPATH\BaseModel.php(659): CodeIgniter\Model->insert([...], false)
 9 APPPATH\Controllers\Penilaian.php(85): CodeIgniter\BaseModel->save([...])
10 SYSTEMPATH\CodeIgniter.php(927): App\Controllers\Penilaian->simpan()
11 SYSTEMPATH\CodeIgniter.php(482): CodeIgniter\CodeIgniter->runController(Object(App\Controllers\Penilaian))
12 SYSTEMPATH\CodeIgniter.php(351): CodeIgniter\CodeIgniter->handleRequest(null, Object(Config\Cache), false)
13 FCPATH\index.php(67): CodeIgniter\CodeIgniter->run()
14 SYSTEMPATH\Commands\Server\rewrite.php(46): require_once('FCPATH\\index.php')
