ERROR - 2023-05-21 20:57:46 --> Error connecting to the database: mysqli_sql_exception: No connection could be made because the target machine actively refused it in C:\xampp\htdocs\demensia\system\Database\MySQLi\Connection.php:170
Stack trace:
#0 C:\xampp\htdocs\demensia\system\Database\MySQLi\Connection.php(170): mysqli->real_connect('localhost', 'root', Object(SensitiveParameterValue), 'demensia', 3306, '', 0)
#1 C:\xampp\htdocs\demensia\system\Database\BaseConnection.php(382): CodeIgniter\Database\MySQLi\Connection->connect(false)
#2 C:\xampp\htdocs\demensia\system\Database\BaseConnection.php(561): CodeIgniter\Database\BaseConnection->initialize()
#3 C:\xampp\htdocs\demensia\system\Database\BaseBuilder.php(1585): CodeIgniter\Database\BaseConnection->query('SELECT *\nFROM `...', Array, false)
#4 C:\xampp\htdocs\demensia\app\Models\M_Auth.php(19): CodeIgniter\Database\BaseBuilder->get()
#5 C:\xampp\htdocs\demensia\app\Controllers\Auth.php(94): App\Models\M_Auth->login('ayuagstna@gmail...', 'Sukses1')
#6 C:\xampp\htdocs\demensia\system\CodeIgniter.php(927): App\Controllers\Auth->cek_login()
#7 C:\xampp\htdocs\demensia\system\CodeIgniter.php(482): CodeIgniter\CodeIgniter->runController(Object(App\Controllers\Auth))
#8 C:\xampp\htdocs\demensia\system\CodeIgniter.php(351): CodeIgniter\CodeIgniter->handleRequest(NULL, Object(Config\Cache), false)
#9 C:\xampp\htdocs\demensia\public\index.php(67): CodeIgniter\CodeIgniter->run()
#10 C:\xampp\htdocs\demensia\system\Commands\Server\rewrite.php(46): require_once('C:\\xampp\\htdocs...')
#11 {main}

Next CodeIgniter\Database\Exceptions\DatabaseException: No connection could be made because the target machine actively refused it in C:\xampp\htdocs\demensia\system\Database\MySQLi\Connection.php:215
Stack trace:
#0 C:\xampp\htdocs\demensia\system\Database\BaseConnection.php(382): CodeIgniter\Database\MySQLi\Connection->connect(false)
#1 C:\xampp\htdocs\demensia\system\Database\BaseConnection.php(561): CodeIgniter\Database\BaseConnection->initialize()
#2 C:\xampp\htdocs\demensia\system\Database\BaseBuilder.php(1585): CodeIgniter\Database\BaseConnection->query('SELECT *\nFROM `...', Array, false)
#3 C:\xampp\htdocs\demensia\app\Models\M_Auth.php(19): CodeIgniter\Database\BaseBuilder->get()
#4 C:\xampp\htdocs\demensia\app\Controllers\Auth.php(94): App\Models\M_Auth->login('ayuagstna@gmail...', 'Sukses1')
#5 C:\xampp\htdocs\demensia\system\CodeIgniter.php(927): App\Controllers\Auth->cek_login()
#6 C:\xampp\htdocs\demensia\system\CodeIgniter.php(482): CodeIgniter\CodeIgniter->runController(Object(App\Controllers\Auth))
#7 C:\xampp\htdocs\demensia\system\CodeIgniter.php(351): CodeIgniter\CodeIgniter->handleRequest(NULL, Object(Config\Cache), false)
#8 C:\xampp\htdocs\demensia\public\index.php(67): CodeIgniter\CodeIgniter->run()
#9 C:\xampp\htdocs\demensia\system\Commands\Server\rewrite.php(46): require_once('C:\\xampp\\htdocs...')
#10 {main}
CRITICAL - 2023-05-21 20:57:46 --> Unable to connect to the database.
Main connection [MySQLi]: No connection could be made because the target machine actively refused it
in SYSTEMPATH\Database\BaseConnection.php on line 418.
 1 SYSTEMPATH\Database\BaseConnection.php(561): CodeIgniter\Database\BaseConnection->initialize()
 2 SYSTEMPATH\Database\BaseBuilder.php(1585): CodeIgniter\Database\BaseConnection->query('SELECT *
FROM `pengguna`
WHERE `email` = :email:
AND `password` = :password:', [...], false)
 3 APPPATH\Models\M_Auth.php(19): CodeIgniter\Database\BaseBuilder->get()
 4 APPPATH\Controllers\Auth.php(94): App\Models\M_Auth->login('ayuagstna@gmail.com', 'Sukses1')
 5 SYSTEMPATH\CodeIgniter.php(927): App\Controllers\Auth->cek_login()
 6 SYSTEMPATH\CodeIgniter.php(482): CodeIgniter\CodeIgniter->runController(Object(App\Controllers\Auth))
 7 SYSTEMPATH\CodeIgniter.php(351): CodeIgniter\CodeIgniter->handleRequest(null, Object(Config\Cache), false)
 8 FCPATH\index.php(67): CodeIgniter\CodeIgniter->run()
 9 SYSTEMPATH\Commands\Server\rewrite.php(46): require_once('FCPATH\\index.php')
ERROR - 2023-05-21 22:30:30 --> mysqli_sql_exception: Column 'kondisi' cannot be null in C:\xampp\htdocs\demensia\system\Database\MySQLi\Connection.php:292
Stack trace:
#0 C:\xampp\htdocs\demensia\system\Database\MySQLi\Connection.php(292): mysqli->query('INSERT INTO `do...', 0)
#1 C:\xampp\htdocs\demensia\system\Database\BaseConnection.php(666): CodeIgniter\Database\MySQLi\Connection->execute('INSERT INTO `do...')
#2 C:\xampp\htdocs\demensia\system\Database\BaseConnection.php(593): CodeIgniter\Database\BaseConnection->simpleQuery('INSERT INTO `do...')
#3 C:\xampp\htdocs\demensia\system\Database\BaseBuilder.php(1916): CodeIgniter\Database\BaseConnection->query('INSERT INTO `do...', Array, false)
#4 C:\xampp\htdocs\demensia\system\Model.php(294): CodeIgniter\Database\BaseBuilder->insert()
#5 C:\xampp\htdocs\demensia\system\BaseModel.php(749): CodeIgniter\Model->doInsert(Array)
#6 C:\xampp\htdocs\demensia\system\Model.php(682): CodeIgniter\BaseModel->insert(Array, false)
#7 C:\xampp\htdocs\demensia\system\BaseModel.php(659): CodeIgniter\Model->insert(Array, false)
#8 C:\xampp\htdocs\demensia\app\Controllers\Penilaian.php(120): CodeIgniter\BaseModel->save(Array)
#9 C:\xampp\htdocs\demensia\system\CodeIgniter.php(927): App\Controllers\Penilaian->simpan()
#10 C:\xampp\htdocs\demensia\system\CodeIgniter.php(482): CodeIgniter\CodeIgniter->runController(Object(App\Controllers\Penilaian))
#11 C:\xampp\htdocs\demensia\system\CodeIgniter.php(351): CodeIgniter\CodeIgniter->handleRequest(NULL, Object(Config\Cache), false)
#12 C:\xampp\htdocs\demensia\public\index.php(67): CodeIgniter\CodeIgniter->run()
#13 C:\xampp\htdocs\demensia\system\Commands\Server\rewrite.php(46): require_once('C:\\xampp\\htdocs...')
#14 {main}
CRITICAL - 2023-05-21 22:30:30 --> Column 'kondisi' cannot be null
in SYSTEMPATH\Database\MySQLi\Connection.php on line 292.
 1 SYSTEMPATH\Database\MySQLi\Connection.php(292): mysqli->query('INSERT INTO `dokumentasi` (`nama_pemeriksa`, `id_pasien`, `tanggal`, `orientasi_waktu`, `orientasi_tempat`, `registrasi`, `atensi_kalkulus`, `recall`, `bahasa_benda`, `bahasa_kata`, `bahasa_perintah`, `bahasa_perintah2`, `bahasa_tulis`, `bahasa_gambar`, `total`, `kondisi`) VALUES (\'Wahyu Agustina\', \'16\', \'2023-05-21\', \'5\', \'5\', \'3\', \'5\', \'2\', \'1\', \'1\', \'1\', \'1\', \'0\', \'0\', \'24\', NULL)', 0)
 2 SYSTEMPATH\Database\BaseConnection.php(666): CodeIgniter\Database\MySQLi\Connection->execute('INSERT INTO `dokumentasi` (`nama_pemeriksa`, `id_pasien`, `tanggal`, `orientasi_waktu`, `orientasi_tempat`, `registrasi`, `atensi_kalkulus`, `recall`, `bahasa_benda`, `bahasa_kata`, `bahasa_perintah`, `bahasa_perintah2`, `bahasa_tulis`, `bahasa_gambar`, `total`, `kondisi`) VALUES (\'Wahyu Agustina\', \'16\', \'2023-05-21\', \'5\', \'5\', \'3\', \'5\', \'2\', \'1\', \'1\', \'1\', \'1\', \'0\', \'0\', \'24\', NULL)')
 3 SYSTEMPATH\Database\BaseConnection.php(593): CodeIgniter\Database\BaseConnection->simpleQuery('INSERT INTO `dokumentasi` (`nama_pemeriksa`, `id_pasien`, `tanggal`, `orientasi_waktu`, `orientasi_tempat`, `registrasi`, `atensi_kalkulus`, `recall`, `bahasa_benda`, `bahasa_kata`, `bahasa_perintah`, `bahasa_perintah2`, `bahasa_tulis`, `bahasa_gambar`, `total`, `kondisi`) VALUES (\'Wahyu Agustina\', \'16\', \'2023-05-21\', \'5\', \'5\', \'3\', \'5\', \'2\', \'1\', \'1\', \'1\', \'1\', \'0\', \'0\', \'24\', NULL)')
 4 SYSTEMPATH\Database\BaseBuilder.php(1916): CodeIgniter\Database\BaseConnection->query('INSERT INTO `dokumentasi` (`nama_pemeriksa`, `id_pasien`, `tanggal`, `orientasi_waktu`, `orientasi_tempat`, `registrasi`, `atensi_kalkulus`, `recall`, `bahasa_benda`, `bahasa_kata`, `bahasa_perintah`, `bahasa_perintah2`, `bahasa_tulis`, `bahasa_gambar`, `total`, `kondisi`) VALUES (:nama_pemeriksa:, :id_pasien:, :tanggal:, :orientasi_waktu:, :orientasi_tempat:, :registrasi:, :atensi_kalkulus:, :recall:, :bahasa_benda:, :bahasa_kata:, :bahasa_perintah:, :bahasa_perintah2:, :bahasa_tulis:, :bahasa_gambar:, :total:, :kondisi:)', [...], false)
 5 SYSTEMPATH\Model.php(294): CodeIgniter\Database\BaseBuilder->insert()
 6 SYSTEMPATH\BaseModel.php(749): CodeIgniter\Model->doInsert([...])
 7 SYSTEMPATH\Model.php(682): CodeIgniter\BaseModel->insert([...], false)
 8 SYSTEMPATH\BaseModel.php(659): CodeIgniter\Model->insert([...], false)
 9 APPPATH\Controllers\Penilaian.php(120): CodeIgniter\BaseModel->save([...])
10 SYSTEMPATH\CodeIgniter.php(927): App\Controllers\Penilaian->simpan()
11 SYSTEMPATH\CodeIgniter.php(482): CodeIgniter\CodeIgniter->runController(Object(App\Controllers\Penilaian))
12 SYSTEMPATH\CodeIgniter.php(351): CodeIgniter\CodeIgniter->handleRequest(null, Object(Config\Cache), false)
13 FCPATH\index.php(67): CodeIgniter\CodeIgniter->run()
14 SYSTEMPATH\Commands\Server\rewrite.php(46): require_once('FCPATH\\index.php')
ERROR - 2023-05-21 22:31:37 --> mysqli_sql_exception: Column 'kondisi' cannot be null in C:\xampp\htdocs\demensia\system\Database\MySQLi\Connection.php:292
Stack trace:
#0 C:\xampp\htdocs\demensia\system\Database\MySQLi\Connection.php(292): mysqli->query('INSERT INTO `do...', 0)
#1 C:\xampp\htdocs\demensia\system\Database\BaseConnection.php(666): CodeIgniter\Database\MySQLi\Connection->execute('INSERT INTO `do...')
#2 C:\xampp\htdocs\demensia\system\Database\BaseConnection.php(593): CodeIgniter\Database\BaseConnection->simpleQuery('INSERT INTO `do...')
#3 C:\xampp\htdocs\demensia\system\Database\BaseBuilder.php(1916): CodeIgniter\Database\BaseConnection->query('INSERT INTO `do...', Array, false)
#4 C:\xampp\htdocs\demensia\system\Model.php(294): CodeIgniter\Database\BaseBuilder->insert()
#5 C:\xampp\htdocs\demensia\system\BaseModel.php(749): CodeIgniter\Model->doInsert(Array)
#6 C:\xampp\htdocs\demensia\system\Model.php(682): CodeIgniter\BaseModel->insert(Array, false)
#7 C:\xampp\htdocs\demensia\system\BaseModel.php(659): CodeIgniter\Model->insert(Array, false)
#8 C:\xampp\htdocs\demensia\app\Controllers\Penilaian.php(120): CodeIgniter\BaseModel->save(Array)
#9 C:\xampp\htdocs\demensia\system\CodeIgniter.php(927): App\Controllers\Penilaian->simpan()
#10 C:\xampp\htdocs\demensia\system\CodeIgniter.php(482): CodeIgniter\CodeIgniter->runController(Object(App\Controllers\Penilaian))
#11 C:\xampp\htdocs\demensia\system\CodeIgniter.php(351): CodeIgniter\CodeIgniter->handleRequest(NULL, Object(Config\Cache), false)
#12 C:\xampp\htdocs\demensia\public\index.php(67): CodeIgniter\CodeIgniter->run()
#13 C:\xampp\htdocs\demensia\system\Commands\Server\rewrite.php(46): require_once('C:\\xampp\\htdocs...')
#14 {main}
CRITICAL - 2023-05-21 22:31:37 --> Column 'kondisi' cannot be null
in SYSTEMPATH\Database\MySQLi\Connection.php on line 292.
 1 SYSTEMPATH\Database\MySQLi\Connection.php(292): mysqli->query('INSERT INTO `dokumentasi` (`nama_pemeriksa`, `id_pasien`, `tanggal`, `orientasi_waktu`, `orientasi_tempat`, `registrasi`, `atensi_kalkulus`, `recall`, `bahasa_benda`, `bahasa_kata`, `bahasa_perintah`, `bahasa_perintah2`, `bahasa_tulis`, `bahasa_gambar`, `total`, `kondisi`) VALUES (\'Wahyu Agustina\', \'16\', \'2023-05-21\', \'5\', \'5\', \'3\', \'5\', \'2\', \'1\', \'1\', \'1\', \'1\', \'0\', \'0\', \'24\', NULL)', 0)
 2 SYSTEMPATH\Database\BaseConnection.php(666): CodeIgniter\Database\MySQLi\Connection->execute('INSERT INTO `dokumentasi` (`nama_pemeriksa`, `id_pasien`, `tanggal`, `orientasi_waktu`, `orientasi_tempat`, `registrasi`, `atensi_kalkulus`, `recall`, `bahasa_benda`, `bahasa_kata`, `bahasa_perintah`, `bahasa_perintah2`, `bahasa_tulis`, `bahasa_gambar`, `total`, `kondisi`) VALUES (\'Wahyu Agustina\', \'16\', \'2023-05-21\', \'5\', \'5\', \'3\', \'5\', \'2\', \'1\', \'1\', \'1\', \'1\', \'0\', \'0\', \'24\', NULL)')
 3 SYSTEMPATH\Database\BaseConnection.php(593): CodeIgniter\Database\BaseConnection->simpleQuery('INSERT INTO `dokumentasi` (`nama_pemeriksa`, `id_pasien`, `tanggal`, `orientasi_waktu`, `orientasi_tempat`, `registrasi`, `atensi_kalkulus`, `recall`, `bahasa_benda`, `bahasa_kata`, `bahasa_perintah`, `bahasa_perintah2`, `bahasa_tulis`, `bahasa_gambar`, `total`, `kondisi`) VALUES (\'Wahyu Agustina\', \'16\', \'2023-05-21\', \'5\', \'5\', \'3\', \'5\', \'2\', \'1\', \'1\', \'1\', \'1\', \'0\', \'0\', \'24\', NULL)')
 4 SYSTEMPATH\Database\BaseBuilder.php(1916): CodeIgniter\Database\BaseConnection->query('INSERT INTO `dokumentasi` (`nama_pemeriksa`, `id_pasien`, `tanggal`, `orientasi_waktu`, `orientasi_tempat`, `registrasi`, `atensi_kalkulus`, `recall`, `bahasa_benda`, `bahasa_kata`, `bahasa_perintah`, `bahasa_perintah2`, `bahasa_tulis`, `bahasa_gambar`, `total`, `kondisi`) VALUES (:nama_pemeriksa:, :id_pasien:, :tanggal:, :orientasi_waktu:, :orientasi_tempat:, :registrasi:, :atensi_kalkulus:, :recall:, :bahasa_benda:, :bahasa_kata:, :bahasa_perintah:, :bahasa_perintah2:, :bahasa_tulis:, :bahasa_gambar:, :total:, :kondisi:)', [...], false)
 5 SYSTEMPATH\Model.php(294): CodeIgniter\Database\BaseBuilder->insert()
 6 SYSTEMPATH\BaseModel.php(749): CodeIgniter\Model->doInsert([...])
 7 SYSTEMPATH\Model.php(682): CodeIgniter\BaseModel->insert([...], false)
 8 SYSTEMPATH\BaseModel.php(659): CodeIgniter\Model->insert([...], false)
 9 APPPATH\Controllers\Penilaian.php(120): CodeIgniter\BaseModel->save([...])
10 SYSTEMPATH\CodeIgniter.php(927): App\Controllers\Penilaian->simpan()
11 SYSTEMPATH\CodeIgniter.php(482): CodeIgniter\CodeIgniter->runController(Object(App\Controllers\Penilaian))
12 SYSTEMPATH\CodeIgniter.php(351): CodeIgniter\CodeIgniter->handleRequest(null, Object(Config\Cache), false)
13 FCPATH\index.php(67): CodeIgniter\CodeIgniter->run()
14 SYSTEMPATH\Commands\Server\rewrite.php(46): require_once('FCPATH\\index.php')
CRITICAL - 2023-05-21 22:50:49 --> Undefined variable $detail
in APPPATH\Views\Penilaian\tambah.php on line 163.
 1 APPPATH\Views\Penilaian\tambah.php(163): CodeIgniter\Debug\Exceptions->errorHandler(2, 'Undefined variable $detail', 'APPPATH\\Views\\Penilaian\\tambah.php', 163)
 2 SYSTEMPATH\View\View.php(213): include('APPPATH\\Views\\Penilaian\\tambah.php')
 3 SYSTEMPATH\View\View.php(216): CodeIgniter\View\View->CodeIgniter\View\{closure}()
 4 SYSTEMPATH\Common.php(1134): CodeIgniter\View\View->render('penilaian/tambah', [], true)
 5 APPPATH\Controllers\Penilaian.php(60): view('penilaian/tambah', [...])
 6 SYSTEMPATH\CodeIgniter.php(927): App\Controllers\Penilaian->tambah()
 7 SYSTEMPATH\CodeIgniter.php(482): CodeIgniter\CodeIgniter->runController(Object(App\Controllers\Penilaian))
 8 SYSTEMPATH\CodeIgniter.php(351): CodeIgniter\CodeIgniter->handleRequest(null, Object(Config\Cache), false)
 9 FCPATH\index.php(67): CodeIgniter\CodeIgniter->run()
10 SYSTEMPATH\Commands\Server\rewrite.php(46): require_once('FCPATH\\index.php')
CRITICAL - 2023-05-21 23:20:49 --> Undefined variable $pen
in APPPATH\Views\Home\index.php on line 185.
 1 APPPATH\Views\Home\index.php(185): CodeIgniter\Debug\Exceptions->errorHandler(2, 'Undefined variable $pen', 'APPPATH\\Views\\Home\\index.php', 185)
 2 SYSTEMPATH\View\View.php(213): include('APPPATH\\Views\\Home\\index.php')
 3 SYSTEMPATH\View\View.php(216): CodeIgniter\View\View->CodeIgniter\View\{closure}()
 4 SYSTEMPATH\Common.php(1134): CodeIgniter\View\View->render('home/index', [], true)
 5 APPPATH\Controllers\Home.php(41): view('home/index', [...])
 6 SYSTEMPATH\CodeIgniter.php(927): App\Controllers\Home->index()
 7 SYSTEMPATH\CodeIgniter.php(482): CodeIgniter\CodeIgniter->runController(Object(App\Controllers\Home))
 8 SYSTEMPATH\CodeIgniter.php(351): CodeIgniter\CodeIgniter->handleRequest(null, Object(Config\Cache), false)
 9 FCPATH\index.php(67): CodeIgniter\CodeIgniter->run()
10 SYSTEMPATH\Commands\Server\rewrite.php(46): require_once('FCPATH\\index.php')
ERROR - 2023-05-21 23:21:45 --> mysqli_sql_exception: Table 'demensia.penilaian' doesn't exist in C:\xampp\htdocs\demensia\system\Database\MySQLi\Connection.php:292
Stack trace:
#0 C:\xampp\htdocs\demensia\system\Database\MySQLi\Connection.php(292): mysqli->query('SELECT COUNT(*)...', 0)
#1 C:\xampp\htdocs\demensia\system\Database\BaseConnection.php(666): CodeIgniter\Database\MySQLi\Connection->execute('SELECT COUNT(*)...')
#2 C:\xampp\htdocs\demensia\system\Database\BaseConnection.php(593): CodeIgniter\Database\BaseConnection->simpleQuery('SELECT COUNT(*)...')
#3 C:\xampp\htdocs\demensia\system\Database\BaseBuilder.php(1669): CodeIgniter\Database\BaseConnection->query('SELECT COUNT(*)...', Array, false)
#4 C:\xampp\htdocs\demensia\app\Views\Home\index.php(189): CodeIgniter\Database\BaseBuilder->countAllResults()
#5 C:\xampp\htdocs\demensia\system\View\View.php(213): include('C:\\xampp\\htdocs...')
#6 C:\xampp\htdocs\demensia\system\View\View.php(216): CodeIgniter\View\View->CodeIgniter\View\{closure}()
#7 C:\xampp\htdocs\demensia\system\Common.php(1134): CodeIgniter\View\View->render('home/index', Array, true)
#8 C:\xampp\htdocs\demensia\app\Controllers\Home.php(42): view('home/index', Array)
#9 C:\xampp\htdocs\demensia\system\CodeIgniter.php(927): App\Controllers\Home->index()
#10 C:\xampp\htdocs\demensia\system\CodeIgniter.php(482): CodeIgniter\CodeIgniter->runController(Object(App\Controllers\Home))
#11 C:\xampp\htdocs\demensia\system\CodeIgniter.php(351): CodeIgniter\CodeIgniter->handleRequest(NULL, Object(Config\Cache), false)
#12 C:\xampp\htdocs\demensia\public\index.php(67): CodeIgniter\CodeIgniter->run()
#13 C:\xampp\htdocs\demensia\system\Commands\Server\rewrite.php(46): require_once('C:\\xampp\\htdocs...')
#14 {main}
CRITICAL - 2023-05-21 23:21:45 --> Table 'demensia.penilaian' doesn't exist
in SYSTEMPATH\Database\MySQLi\Connection.php on line 292.
 1 SYSTEMPATH\Database\MySQLi\Connection.php(292): mysqli->query('SELECT COUNT(*) AS `numrows`
FROM `penilaian`
WHERE `kondisi` = \'NORMAL\'', 0)
 2 SYSTEMPATH\Database\BaseConnection.php(666): CodeIgniter\Database\MySQLi\Connection->execute('SELECT COUNT(*) AS `numrows`
FROM `penilaian`
WHERE `kondisi` = \'NORMAL\'')
 3 SYSTEMPATH\Database\BaseConnection.php(593): CodeIgniter\Database\BaseConnection->simpleQuery('SELECT COUNT(*) AS `numrows`
FROM `penilaian`
WHERE `kondisi` = \'NORMAL\'')
 4 SYSTEMPATH\Database\BaseBuilder.php(1669): CodeIgniter\Database\BaseConnection->query('SELECT COUNT(*) AS `numrows`
FROM `penilaian`
WHERE `kondisi` = :kondisi:', [...], false)
 5 APPPATH\Views\Home\index.php(189): CodeIgniter\Database\BaseBuilder->countAllResults()
 6 SYSTEMPATH\View\View.php(213): include('APPPATH\\Views\\Home\\index.php')
 7 SYSTEMPATH\View\View.php(216): CodeIgniter\View\View->CodeIgniter\View\{closure}()
 8 SYSTEMPATH\Common.php(1134): CodeIgniter\View\View->render('home/index', [], true)
 9 APPPATH\Controllers\Home.php(42): view('home/index', [...])
10 SYSTEMPATH\CodeIgniter.php(927): App\Controllers\Home->index()
11 SYSTEMPATH\CodeIgniter.php(482): CodeIgniter\CodeIgniter->runController(Object(App\Controllers\Home))
12 SYSTEMPATH\CodeIgniter.php(351): CodeIgniter\CodeIgniter->handleRequest(null, Object(Config\Cache), false)
13 FCPATH\index.php(67): CodeIgniter\CodeIgniter->run()
14 SYSTEMPATH\Commands\Server\rewrite.php(46): require_once('FCPATH\\index.php')
ERROR - 2023-05-21 23:21:47 --> mysqli_sql_exception: Table 'demensia.penilaian' doesn't exist in C:\xampp\htdocs\demensia\system\Database\MySQLi\Connection.php:292
Stack trace:
#0 C:\xampp\htdocs\demensia\system\Database\MySQLi\Connection.php(292): mysqli->query('SELECT COUNT(*)...', 0)
#1 C:\xampp\htdocs\demensia\system\Database\BaseConnection.php(666): CodeIgniter\Database\MySQLi\Connection->execute('SELECT COUNT(*)...')
#2 C:\xampp\htdocs\demensia\system\Database\BaseConnection.php(593): CodeIgniter\Database\BaseConnection->simpleQuery('SELECT COUNT(*)...')
#3 C:\xampp\htdocs\demensia\system\Database\BaseBuilder.php(1669): CodeIgniter\Database\BaseConnection->query('SELECT COUNT(*)...', Array, false)
#4 C:\xampp\htdocs\demensia\app\Views\Home\index.php(189): CodeIgniter\Database\BaseBuilder->countAllResults()
#5 C:\xampp\htdocs\demensia\system\View\View.php(213): include('C:\\xampp\\htdocs...')
#6 C:\xampp\htdocs\demensia\system\View\View.php(216): CodeIgniter\View\View->CodeIgniter\View\{closure}()
#7 C:\xampp\htdocs\demensia\system\Common.php(1134): CodeIgniter\View\View->render('home/index', Array, true)
#8 C:\xampp\htdocs\demensia\app\Controllers\Home.php(42): view('home/index', Array)
#9 C:\xampp\htdocs\demensia\system\CodeIgniter.php(927): App\Controllers\Home->index()
#10 C:\xampp\htdocs\demensia\system\CodeIgniter.php(482): CodeIgniter\CodeIgniter->runController(Object(App\Controllers\Home))
#11 C:\xampp\htdocs\demensia\system\CodeIgniter.php(351): CodeIgniter\CodeIgniter->handleRequest(NULL, Object(Config\Cache), false)
#12 C:\xampp\htdocs\demensia\public\index.php(67): CodeIgniter\CodeIgniter->run()
#13 C:\xampp\htdocs\demensia\system\Commands\Server\rewrite.php(46): require_once('C:\\xampp\\htdocs...')
#14 {main}
CRITICAL - 2023-05-21 23:21:47 --> Table 'demensia.penilaian' doesn't exist
in SYSTEMPATH\Database\MySQLi\Connection.php on line 292.
 1 SYSTEMPATH\Database\MySQLi\Connection.php(292): mysqli->query('SELECT COUNT(*) AS `numrows`
FROM `penilaian`
WHERE `kondisi` = \'NORMAL\'', 0)
 2 SYSTEMPATH\Database\BaseConnection.php(666): CodeIgniter\Database\MySQLi\Connection->execute('SELECT COUNT(*) AS `numrows`
FROM `penilaian`
WHERE `kondisi` = \'NORMAL\'')
 3 SYSTEMPATH\Database\BaseConnection.php(593): CodeIgniter\Database\BaseConnection->simpleQuery('SELECT COUNT(*) AS `numrows`
FROM `penilaian`
WHERE `kondisi` = \'NORMAL\'')
 4 SYSTEMPATH\Database\BaseBuilder.php(1669): CodeIgniter\Database\BaseConnection->query('SELECT COUNT(*) AS `numrows`
FROM `penilaian`
WHERE `kondisi` = :kondisi:', [...], false)
 5 APPPATH\Views\Home\index.php(189): CodeIgniter\Database\BaseBuilder->countAllResults()
 6 SYSTEMPATH\View\View.php(213): include('APPPATH\\Views\\Home\\index.php')
 7 SYSTEMPATH\View\View.php(216): CodeIgniter\View\View->CodeIgniter\View\{closure}()
 8 SYSTEMPATH\Common.php(1134): CodeIgniter\View\View->render('home/index', [], true)
 9 APPPATH\Controllers\Home.php(42): view('home/index', [...])
10 SYSTEMPATH\CodeIgniter.php(927): App\Controllers\Home->index()
11 SYSTEMPATH\CodeIgniter.php(482): CodeIgniter\CodeIgniter->runController(Object(App\Controllers\Home))
12 SYSTEMPATH\CodeIgniter.php(351): CodeIgniter\CodeIgniter->handleRequest(null, Object(Config\Cache), false)
13 FCPATH\index.php(67): CodeIgniter\CodeIgniter->run()
14 SYSTEMPATH\Commands\Server\rewrite.php(46): require_once('FCPATH\\index.php')
CRITICAL - 2023-05-21 23:34:25 --> Invalid file: dokumentasi/ubah.php
in SYSTEMPATH\Exceptions\FrameworkException.php on line 33.
 1 SYSTEMPATH\View\View.php(201): CodeIgniter\Exceptions\FrameworkException::forInvalidFile('dokumentasi/ubah.php')
 2 SYSTEMPATH\Common.php(1134): CodeIgniter\View\View->render('dokumentasi/ubah', [], true)
 3 APPPATH\Controllers\Penilaian.php(180): view('dokumentasi/ubah', [...])
 4 SYSTEMPATH\CodeIgniter.php(927): App\Controllers\Penilaian->ubah('27')
 5 SYSTEMPATH\CodeIgniter.php(482): CodeIgniter\CodeIgniter->runController(Object(App\Controllers\Penilaian))
 6 SYSTEMPATH\CodeIgniter.php(351): CodeIgniter\CodeIgniter->handleRequest(null, Object(Config\Cache), false)
 7 FCPATH\index.php(67): CodeIgniter\CodeIgniter->run()
 8 SYSTEMPATH\Commands\Server\rewrite.php(46): require_once('FCPATH\\index.php')
