CRITICAL - 2023-03-22 00:51:56 --> Undefined variable $pas
in APPPATH\Views\templates\template.php on line 309.
 1 APPPATH\Views\templates\template.php(309): CodeIgniter\Debug\Exceptions->errorHandler(2, 'Undefined variable $pas', 'APPPATH\\Views\\templates\\template.php', 309)
 2 SYSTEMPATH\View\View.php(213): include('APPPATH\\Views\\templates\\template.php')
 3 SYSTEMPATH\View\View.php(216): CodeIgniter\View\View->CodeIgniter\View\{closure}()
 4 SYSTEMPATH\View\View.php(229): CodeIgniter\View\View->render('templates/template', [], true)
 5 SYSTEMPATH\Common.php(1134): CodeIgniter\View\View->render('pasien/index', [], true)
 6 APPPATH\Controllers\Pasien.php(27): view('pasien/index', [...])
 7 SYSTEMPATH\CodeIgniter.php(927): App\Controllers\Pasien->index()
 8 SYSTEMPATH\CodeIgniter.php(482): CodeIgniter\CodeIgniter->runController(Object(App\Controllers\Pasien))
 9 SYSTEMPATH\CodeIgniter.php(351): CodeIgniter\CodeIgniter->handleRequest(null, Object(Config\Cache), false)
10 FCPATH\index.php(67): CodeIgniter\CodeIgniter->run()
11 SYSTEMPATH\Commands\Server\rewrite.php(46): require_once('FCPATH\\index.php')
CRITICAL - 2023-03-22 00:52:47 --> Undefined variable $jk_l
in APPPATH\Views\templates\template.php on line 316.
 1 APPPATH\Views\templates\template.php(316): CodeIgniter\Debug\Exceptions->errorHandler(2, 'Undefined variable $jk_l', 'APPPATH\\Views\\templates\\template.php', 316)
 2 SYSTEMPATH\View\View.php(213): include('APPPATH\\Views\\templates\\template.php')
 3 SYSTEMPATH\View\View.php(216): CodeIgniter\View\View->CodeIgniter\View\{closure}()
 4 SYSTEMPATH\View\View.php(229): CodeIgniter\View\View->render('templates/template', [], true)
 5 SYSTEMPATH\Common.php(1134): CodeIgniter\View\View->render('pasien/index', [], true)
 6 APPPATH\Controllers\Pasien.php(27): view('pasien/index', [...])
 7 SYSTEMPATH\CodeIgniter.php(927): App\Controllers\Pasien->index()
 8 SYSTEMPATH\CodeIgniter.php(482): CodeIgniter\CodeIgniter->runController(Object(App\Controllers\Pasien))
 9 SYSTEMPATH\CodeIgniter.php(351): CodeIgniter\CodeIgniter->handleRequest(null, Object(Config\Cache), false)
10 FCPATH\index.php(67): CodeIgniter\CodeIgniter->run()
11 SYSTEMPATH\Commands\Server\rewrite.php(46): require_once('FCPATH\\index.php')
CRITICAL - 2023-03-22 00:52:49 --> Undefined variable $jk_l
in APPPATH\Views\templates\template.php on line 316.
 1 APPPATH\Views\templates\template.php(316): CodeIgniter\Debug\Exceptions->errorHandler(2, 'Undefined variable $jk_l', 'APPPATH\\Views\\templates\\template.php', 316)
 2 SYSTEMPATH\View\View.php(213): include('APPPATH\\Views\\templates\\template.php')
 3 SYSTEMPATH\View\View.php(216): CodeIgniter\View\View->CodeIgniter\View\{closure}()
 4 SYSTEMPATH\View\View.php(229): CodeIgniter\View\View->render('templates/template', [], true)
 5 SYSTEMPATH\Common.php(1134): CodeIgniter\View\View->render('home/index', [], true)
 6 APPPATH\Controllers\Home.php(42): view('home/index', [...])
 7 SYSTEMPATH\CodeIgniter.php(927): App\Controllers\Home->index()
 8 SYSTEMPATH\CodeIgniter.php(482): CodeIgniter\CodeIgniter->runController(Object(App\Controllers\Home))
 9 SYSTEMPATH\CodeIgniter.php(351): CodeIgniter\CodeIgniter->handleRequest(null, Object(Config\Cache), false)
10 FCPATH\index.php(67): CodeIgniter\CodeIgniter->run()
11 SYSTEMPATH\Commands\Server\rewrite.php(46): require_once('FCPATH\\index.php')
CRITICAL - 2023-03-22 00:52:53 --> Undefined variable $jk_l
in APPPATH\Views\templates\template.php on line 316.
 1 APPPATH\Views\templates\template.php(316): CodeIgniter\Debug\Exceptions->errorHandler(2, 'Undefined variable $jk_l', 'APPPATH\\Views\\templates\\template.php', 316)
 2 SYSTEMPATH\View\View.php(213): include('APPPATH\\Views\\templates\\template.php')
 3 SYSTEMPATH\View\View.php(216): CodeIgniter\View\View->CodeIgniter\View\{closure}()
 4 SYSTEMPATH\View\View.php(229): CodeIgniter\View\View->render('templates/template', [], true)
 5 SYSTEMPATH\Common.php(1134): CodeIgniter\View\View->render('home/index', [], true)
 6 APPPATH\Controllers\Home.php(42): view('home/index', [...])
 7 SYSTEMPATH\CodeIgniter.php(927): App\Controllers\Home->index()
 8 SYSTEMPATH\CodeIgniter.php(482): CodeIgniter\CodeIgniter->runController(Object(App\Controllers\Home))
 9 SYSTEMPATH\CodeIgniter.php(351): CodeIgniter\CodeIgniter->handleRequest(null, Object(Config\Cache), false)
10 FCPATH\index.php(67): CodeIgniter\CodeIgniter->run()
11 SYSTEMPATH\Commands\Server\rewrite.php(46): require_once('FCPATH\\index.php')
CRITICAL - 2023-03-22 00:53:43 --> Undefined variable $pas
in APPPATH\Views\templates\template.php on line 310.
 1 APPPATH\Views\templates\template.php(310): CodeIgniter\Debug\Exceptions->errorHandler(2, 'Undefined variable $pas', 'APPPATH\\Views\\templates\\template.php', 310)
 2 SYSTEMPATH\View\View.php(213): include('APPPATH\\Views\\templates\\template.php')
 3 SYSTEMPATH\View\View.php(216): CodeIgniter\View\View->CodeIgniter\View\{closure}()
 4 SYSTEMPATH\View\View.php(229): CodeIgniter\View\View->render('templates/template', [], true)
 5 SYSTEMPATH\Common.php(1134): CodeIgniter\View\View->render('penilaian/index', [], true)
 6 APPPATH\Controllers\Penilaian.php(31): view('penilaian/index', [...])
 7 SYSTEMPATH\CodeIgniter.php(927): App\Controllers\Penilaian->index()
 8 SYSTEMPATH\CodeIgniter.php(482): CodeIgniter\CodeIgniter->runController(Object(App\Controllers\Penilaian))
 9 SYSTEMPATH\CodeIgniter.php(351): CodeIgniter\CodeIgniter->handleRequest(null, Object(Config\Cache), false)
10 FCPATH\index.php(67): CodeIgniter\CodeIgniter->run()
11 SYSTEMPATH\Commands\Server\rewrite.php(46): require_once('FCPATH\\index.php')
CRITICAL - 2023-03-22 01:00:06 --> Undefined variable $jk_l
in APPPATH\Views\templates\template.php on line 315.
 1 APPPATH\Views\templates\template.php(315): CodeIgniter\Debug\Exceptions->errorHandler(2, 'Undefined variable $jk_l', 'APPPATH\\Views\\templates\\template.php', 315)
 2 SYSTEMPATH\View\View.php(213): include('APPPATH\\Views\\templates\\template.php')
 3 SYSTEMPATH\View\View.php(216): CodeIgniter\View\View->CodeIgniter\View\{closure}()
 4 SYSTEMPATH\View\View.php(229): CodeIgniter\View\View->render('templates/template', [], true)
 5 SYSTEMPATH\Common.php(1134): CodeIgniter\View\View->render('home/index', [], true)
 6 APPPATH\Controllers\Home.php(42): view('home/index', [...])
 7 SYSTEMPATH\CodeIgniter.php(927): App\Controllers\Home->index()
 8 SYSTEMPATH\CodeIgniter.php(482): CodeIgniter\CodeIgniter->runController(Object(App\Controllers\Home))
 9 SYSTEMPATH\CodeIgniter.php(351): CodeIgniter\CodeIgniter->handleRequest(null, Object(Config\Cache), false)
10 FCPATH\index.php(67): CodeIgniter\CodeIgniter->run()
11 SYSTEMPATH\Commands\Server\rewrite.php(46): require_once('FCPATH\\index.php')
CRITICAL - 2023-03-22 01:05:34 --> Undefined variable $jk_l
in APPPATH\Views\templates\template.php on line 315.
 1 APPPATH\Views\templates\template.php(315): CodeIgniter\Debug\Exceptions->errorHandler(2, 'Undefined variable $jk_l', 'APPPATH\\Views\\templates\\template.php', 315)
 2 SYSTEMPATH\View\View.php(213): include('APPPATH\\Views\\templates\\template.php')
 3 SYSTEMPATH\View\View.php(216): CodeIgniter\View\View->CodeIgniter\View\{closure}()
 4 SYSTEMPATH\View\View.php(229): CodeIgniter\View\View->render('templates/template', [], true)
 5 SYSTEMPATH\Common.php(1134): CodeIgniter\View\View->render('home/index', [], true)
 6 APPPATH\Controllers\Home.php(42): view('home/index', [...])
 7 SYSTEMPATH\CodeIgniter.php(927): App\Controllers\Home->index()
 8 SYSTEMPATH\CodeIgniter.php(482): CodeIgniter\CodeIgniter->runController(Object(App\Controllers\Home))
 9 SYSTEMPATH\CodeIgniter.php(351): CodeIgniter\CodeIgniter->handleRequest(null, Object(Config\Cache), false)
10 FCPATH\index.php(67): CodeIgniter\CodeIgniter->run()
11 SYSTEMPATH\Commands\Server\rewrite.php(46): require_once('FCPATH\\index.php')
CRITICAL - 2023-03-22 01:06:07 --> Undefined variable $pas
in APPPATH\Views\templates\template.php on line 309.
 1 APPPATH\Views\templates\template.php(309): CodeIgniter\Debug\Exceptions->errorHandler(2, 'Undefined variable $pas', 'APPPATH\\Views\\templates\\template.php', 309)
 2 SYSTEMPATH\View\View.php(213): include('APPPATH\\Views\\templates\\template.php')
 3 SYSTEMPATH\View\View.php(216): CodeIgniter\View\View->CodeIgniter\View\{closure}()
 4 SYSTEMPATH\View\View.php(229): CodeIgniter\View\View->render('templates/template', [], true)
 5 SYSTEMPATH\Common.php(1134): CodeIgniter\View\View->render('penilaian/index', [], true)
 6 APPPATH\Controllers\Penilaian.php(31): view('penilaian/index', [...])
 7 SYSTEMPATH\CodeIgniter.php(927): App\Controllers\Penilaian->index()
 8 SYSTEMPATH\CodeIgniter.php(482): CodeIgniter\CodeIgniter->runController(Object(App\Controllers\Penilaian))
 9 SYSTEMPATH\CodeIgniter.php(351): CodeIgniter\CodeIgniter->handleRequest(null, Object(Config\Cache), false)
10 FCPATH\index.php(67): CodeIgniter\CodeIgniter->run()
11 SYSTEMPATH\Commands\Server\rewrite.php(46): require_once('FCPATH\\index.php')
CRITICAL - 2023-03-22 01:13:33 --> Undefined variable $pas
in APPPATH\Views\templates\template.php on line 309.
 1 APPPATH\Views\templates\template.php(309): CodeIgniter\Debug\Exceptions->errorHandler(2, 'Undefined variable $pas', 'APPPATH\\Views\\templates\\template.php', 309)
 2 SYSTEMPATH\View\View.php(213): include('APPPATH\\Views\\templates\\template.php')
 3 SYSTEMPATH\View\View.php(216): CodeIgniter\View\View->CodeIgniter\View\{closure}()
 4 SYSTEMPATH\View\View.php(229): CodeIgniter\View\View->render('templates/template', [], true)
 5 SYSTEMPATH\Common.php(1134): CodeIgniter\View\View->render('penilaian/index', [], true)
 6 APPPATH\Controllers\Penilaian.php(31): view('penilaian/index', [...])
 7 SYSTEMPATH\CodeIgniter.php(927): App\Controllers\Penilaian->index()
 8 SYSTEMPATH\CodeIgniter.php(482): CodeIgniter\CodeIgniter->runController(Object(App\Controllers\Penilaian))
 9 SYSTEMPATH\CodeIgniter.php(351): CodeIgniter\CodeIgniter->handleRequest(null, Object(Config\Cache), false)
10 FCPATH\index.php(67): CodeIgniter\CodeIgniter->run()
11 SYSTEMPATH\Commands\Server\rewrite.php(46): require_once('FCPATH\\index.php')
CRITICAL - 2023-03-22 01:13:52 --> Undefined variable $pas
in APPPATH\Views\templates\template.php on line 309.
 1 APPPATH\Views\templates\template.php(309): CodeIgniter\Debug\Exceptions->errorHandler(2, 'Undefined variable $pas', 'APPPATH\\Views\\templates\\template.php', 309)
 2 SYSTEMPATH\View\View.php(213): include('APPPATH\\Views\\templates\\template.php')
 3 SYSTEMPATH\View\View.php(216): CodeIgniter\View\View->CodeIgniter\View\{closure}()
 4 SYSTEMPATH\View\View.php(229): CodeIgniter\View\View->render('templates/template', [], true)
 5 SYSTEMPATH\Common.php(1134): CodeIgniter\View\View->render('penilaian/index', [], true)
 6 APPPATH\Controllers\Penilaian.php(31): view('penilaian/index', [...])
 7 SYSTEMPATH\CodeIgniter.php(927): App\Controllers\Penilaian->index()
 8 SYSTEMPATH\CodeIgniter.php(482): CodeIgniter\CodeIgniter->runController(Object(App\Controllers\Penilaian))
 9 SYSTEMPATH\CodeIgniter.php(351): CodeIgniter\CodeIgniter->handleRequest(null, Object(Config\Cache), false)
10 FCPATH\index.php(67): CodeIgniter\CodeIgniter->run()
11 SYSTEMPATH\Commands\Server\rewrite.php(46): require_once('FCPATH\\index.php')
CRITICAL - 2023-03-22 01:13:55 --> Undefined variable $pas
in APPPATH\Views\templates\template.php on line 309.
 1 APPPATH\Views\templates\template.php(309): CodeIgniter\Debug\Exceptions->errorHandler(2, 'Undefined variable $pas', 'APPPATH\\Views\\templates\\template.php', 309)
 2 SYSTEMPATH\View\View.php(213): include('APPPATH\\Views\\templates\\template.php')
 3 SYSTEMPATH\View\View.php(216): CodeIgniter\View\View->CodeIgniter\View\{closure}()
 4 SYSTEMPATH\View\View.php(229): CodeIgniter\View\View->render('templates/template', [], true)
 5 SYSTEMPATH\Common.php(1134): CodeIgniter\View\View->render('penilaian/index', [], true)
 6 APPPATH\Controllers\Penilaian.php(31): view('penilaian/index', [...])
 7 SYSTEMPATH\CodeIgniter.php(927): App\Controllers\Penilaian->index()
 8 SYSTEMPATH\CodeIgniter.php(482): CodeIgniter\CodeIgniter->runController(Object(App\Controllers\Penilaian))
 9 SYSTEMPATH\CodeIgniter.php(351): CodeIgniter\CodeIgniter->handleRequest(null, Object(Config\Cache), false)
10 FCPATH\index.php(67): CodeIgniter\CodeIgniter->run()
11 SYSTEMPATH\Commands\Server\rewrite.php(46): require_once('FCPATH\\index.php')
